TN:
SF:/home/travis/build/jThreeJS/jThree/lib/Math/Color3.js
FN:5,(anonymous_8)
FN:6,Color3
FNF:2
FNH:2
FNDA:1,(anonymous_8)
FNDA:12,Color3
DA:6,1
DA:8,12
DA:11,2
DA:14,13
DA:17,9
DA:18,13
DA:19,2
DA:20,2
DA:22,11
DA:23,11
DA:24,11
DA:27,2
DA:28,2
DA:33,9
DA:34,2
DA:35,2
DA:37,7
DA:38,7
DA:39,0
DA:41,7
DA:44,6
DA:47,0
DA:50,0
DA:51,0
DA:53,0
DA:56,0
DA:59,0
DA:62,0
DA:65,36
DA:68,6
DA:71,0
DA:74,0
DA:75,0
DA:76,0
DA:77,0
DA:78,0
DA:81,1
LF:37
LH:23
BRDA:50,1,0,0
BRDA:50,1,1,0
BRDA:18,2,0,2
BRDA:18,2,1,11
BRDA:18,3,0,13
BRDA:18,3,1,13
BRDA:23,4,0,11
BRDA:23,4,1,0
BRDA:23,5,0,2
BRDA:23,5,1,9
BRDA:33,6,0,2
BRDA:33,6,1,7
BRDA:38,7,0,0
BRDA:38,7,1,7
BRDA:38,8,0,7
BRDA:38,8,1,0
BRF:16
BRH:11
end_of_record
TN:
SF:/home/travis/build/jThreeJS/jThree/lib/Math/VectorBase.js
FN:2,(anonymous_5)
FN:3,VectorBase
FNF:2
FNH:2
FNDA:7,(anonymous_5)
FNDA:388,VectorBase
DA:3,7
DA:4,388
DA:5,388
DA:8,9
DA:9,9
DA:11,9
DA:14,0
DA:17,12
DA:18,12
DA:19,12
DA:20,12
DA:21,36
DA:23,12
DA:25,12
DA:28,103
DA:29,0
DA:31,103
DA:32,323
DA:33,3
DA:36,100
DA:39,12
DA:40,0
DA:42,12
DA:43,12
DA:44,36
DA:45,0
DA:48,12
DA:51,6
DA:52,6
DA:53,18
DA:55,6
DA:58,16
DA:59,16
DA:60,16
DA:61,12
DA:62,0
DA:64,12
DA:73,4
DA:82,16
DA:83,16
DA:84,16
DA:85,51
DA:86,51
DA:87,1
DA:90,15
LF:45
LH:40
BRDA:8,1,0,9
BRDA:8,1,1,0
BRDA:17,2,0,12
BRDA:17,2,1,0
BRDA:28,3,0,0
BRDA:28,3,1,103
BRDA:32,4,0,3
BRDA:32,4,1,320
BRDA:39,5,0,0
BRDA:39,5,1,12
BRDA:44,6,0,0
BRDA:44,6,1,36
BRDA:60,7,0,12
BRDA:60,7,1,4
BRDA:61,8,0,0
BRDA:61,8,1,12
BRDA:86,9,0,1
BRDA:86,9,1,50
BRF:18
BRH:12
end_of_record
TN:
SF:/home/travis/build/jThreeJS/jThree/lib/Exceptions.js
FN:5,(anonymous_9)
FN:6,JThreeException
FN:15,(anonymous_12)
FN:16,InvalidArgumentException
FN:20,(anonymous_14)
FN:21,InvalidStringException
FN:25,(anonymous_16)
FN:26,SingularMatrixException
FN:30,(anonymous_18)
FN:31,AbstractClassMethodCalledException
FN:35,(anonymous_20)
FN:36,WebGLNotSupportedException
FNF:12
FNH:6
FNDA:7,(anonymous_9)
FNDA:0,JThreeException
FNDA:7,(anonymous_12)
FNDA:0,InvalidArgumentException
FNDA:7,(anonymous_14)
FNDA:0,InvalidStringException
FNDA:7,(anonymous_16)
FNDA:0,SingularMatrixException
FNDA:7,(anonymous_18)
FNDA:0,AbstractClassMethodCalledException
FNDA:7,(anonymous_20)
FNDA:0,WebGLNotSupportedException
DA:6,7
DA:8,0
DA:9,0
DA:12,0
DA:16,7
DA:21,7
DA:26,7
DA:31,7
DA:36,7
LF:9
LH:6
BRF:0
BRH:0
end_of_record
TN:
SF:/home/travis/build/jThreeJS/jThree/lib/Base/JThreeObject.js
FN:6,(anonymous_6)
FNF:1
FNH:1
FNDA:8,(anonymous_6)
DA:13,0
DA:20,0
LF:2
LH:0
BRF:0
BRH:0
end_of_record
TN:
SF:/home/travis/build/jThreeJS/jThree/lib/Base/JsHack.js
FN:4,(anonymous_5)
FNF:1
FNH:1
FNDA:8,(anonymous_5)
DA:11,0
DA:12,0
DA:13,0
LF:3
LH:0
BRDA:13,1,0,0
BRDA:13,1,1,0
BRDA:13,2,0,0
BRDA:13,2,1,0
BRF:4
BRH:0
end_of_record
TN:
SF:/home/travis/build/jThreeJS/jThree/lib/Math/Vector3.js
FN:3,(anonymous_8)
FN:4,Vector3
FN:63,(anonymous_41)
FN:66,(anonymous_43)
FNF:4
FNH:4
FNDA:5,(anonymous_8)
FNDA:161,Vector3
FNDA:3,(anonymous_41)
FNDA:3,(anonymous_43)
DA:4,5
DA:6,161
DA:7,42
DA:8,42
DA:10,119
DA:13,6
DA:16,6
DA:19,6
DA:22,1
DA:25,1
DA:28,1
DA:31,3
DA:34,2
DA:35,2
DA:38,2
DA:39,2
DA:42,10
DA:43,10
DA:46,6
DA:49,39
DA:52,4
DA:55,7
DA:56,7
DA:59,2
DA:60,2
DA:63,1
DA:66,1
DA:69,1
DA:72,11
DA:73,11
DA:74,11
DA:75,1
DA:77,10
DA:78,10
DA:79,0
DA:82,10
DA:84,10
DA:85,4
DA:87,10
DA:88,0
DA:90,10
DA:91,4
DA:93,10
DA:96,1
DA:99,2
DA:102,21
DA:105,21
DA:108,21
DA:111,1
DA:114,1
DA:117,1
DA:120,5
DA:123,1
DA:126,1
DA:129,1
DA:132,3
DA:135,5
DA:138,34
DA:141,3
DA:144,1
DA:147,2
DA:150,1
DA:152,269
LF:63
LH:61
BRDA:6,1,0,42
BRDA:6,1,1,119
BRDA:74,2,0,1
BRDA:74,2,1,10
BRDA:74,3,0,11
BRDA:74,3,1,10
BRDA:74,3,2,10
BRDA:78,4,0,0
BRDA:78,4,1,10
BRDA:84,5,0,4
BRDA:84,5,1,6
BRDA:87,6,0,0
BRDA:87,6,1,10
BRDA:90,7,0,4
BRDA:90,7,1,6
BRF:15
BRH:13
end_of_record
TN:
SF:/home/travis/build/jThreeJS/jThree/lib/Math/Color4.js
FN:3,(anonymous_8)
FN:4,Color4
FNF:2
FNH:2
FNDA:1,(anonymous_8)
FNDA:12,Color4
DA:4,1
DA:6,12
DA:9,6
DA:10,9
DA:11,1
DA:13,8
DA:14,8
DA:15,5
DA:18,1
DA:19,1
DA:22,7
DA:23,4
DA:26,1
DA:27,1
DA:32,6
DA:33,4
DA:34,4
DA:38,2
DA:39,2
DA:40,1
DA:41,1
DA:44,1
DA:45,1
DA:46,0
DA:48,1
DA:49,1
DA:50,0
DA:51,0
DA:52,0
DA:54,1
DA:57,6
DA:60,5
DA:63,2
DA:66,2
DA:69,2
DA:72,0
DA:75,0
DA:78,35
DA:81,5
DA:84,0
DA:87,0
DA:88,0
DA:89,0
DA:90,0
DA:91,0
DA:92,0
DA:95,1
LF:47
LH:34
BRDA:10,1,0,1
BRDA:10,1,1,8
BRDA:10,2,0,9
BRDA:10,2,1,6
BRDA:14,3,0,5
BRDA:14,3,1,3
BRDA:14,4,0,1
BRDA:14,4,1,4
BRDA:22,5,0,4
BRDA:22,5,1,3
BRDA:22,6,0,1
BRDA:22,6,1,3
BRDA:32,7,0,4
BRDA:32,7,1,2
BRDA:9,8,0,2
BRDA:9,8,1,0
BRDA:39,9,0,1
BRDA:39,9,1,1
BRDA:45,10,0,0
BRDA:45,10,1,1
BRDA:45,11,0,1
BRDA:45,11,1,0
BRDA:49,12,0,0
BRDA:49,12,1,1
BRDA:49,13,0,1
BRDA:49,13,1,0
BRDA:51,14,0,0
BRDA:51,14,1,0
BRF:28
BRH:21
end_of_record
TN:
SF:/home/travis/build/jThreeJS/jThree/lib/Math/Vector4.js
FN:3,(anonymous_8)
FN:4,Vector4
FN:89,(anonymous_41)
FN:92,(anonymous_43)
FNF:4
FNH:4
FNDA:5,(anonymous_8)
FNDA:117,Vector4
FNDA:4,(anonymous_41)
FNDA:4,(anonymous_43)
DA:4,5
DA:6,117
DA:7,23
DA:8,23
DA:10,94
DA:13,2
DA:16,6
DA:19,6
DA:22,6
DA:25,6
DA:28,1
DA:31,1
DA:34,1
DA:37,1
DA:40,1
DA:43,1
DA:46,1
DA:49,1
DA:52,1
DA:55,1
DA:58,1
DA:61,3
DA:64,2
DA:65,2
DA:68,2
DA:69,2
DA:72,8
DA:73,8
DA:76,4
DA:79,32
DA:82,4
DA:85,5
DA:86,5
DA:89,1
DA:92,1
DA:95,1
DA:98,5
DA:99,5
DA:100,5
DA:101,0
DA:103,5
DA:104,5
DA:105,0
DA:108,5
DA:110,5
DA:111,2
DA:113,5
DA:114,0
DA:116,5
DA:117,2
DA:119,5
DA:122,3
DA:125,1
DA:128,1
DA:131,1
DA:134,3
DA:137,3
DA:140,31
DA:143,3
DA:145,280
DA:147,2
DA:150,1
DA:153,1
LF:63
LH:60
BRDA:6,1,0,23
BRDA:6,1,1,94
BRDA:100,2,0,0
BRDA:100,2,1,5
BRDA:100,3,0,5
BRDA:100,3,1,5
BRDA:100,3,2,5
BRDA:104,4,0,0
BRDA:104,4,1,5
BRDA:110,5,0,2
BRDA:110,5,1,3
BRDA:113,6,0,0
BRDA:113,6,1,5
BRDA:116,7,0,2
BRDA:116,7,1,3
BRF:15
BRH:12
end_of_record
TN:
SF:/home/travis/build/jThreeJS/jThree/lib/Goml/VectorColorCombinedParser.js
FN:5,(anonymous_6)
FNF:1
FNH:1
FNDA:1,(anonymous_6)
DA:7,9
DA:8,9
DA:9,3
DA:11,6
DA:14,0
DA:15,0
DA:16,0
DA:18,0
LF:8
LH:4
BRDA:8,1,0,3
BRDA:8,1,1,6
BRDA:15,2,0,0
BRDA:15,2,1,0
BRF:4
BRH:2
end_of_record
TN:
SF:/home/travis/build/jThreeJS/jThree/lib/Goml/GomlNodeDictionary.js
FN:5,(anonymous_8)
FN:6,GomlNodeDictionary
FN:45,(anonymous_11)
FN:54,(anonymous_12)
FN:57,(anonymous_13)
FN:59,(anonymous_14)
FN:62,(anonymous_15)
FN:64,(anonymous_16)
FNF:8
FNH:5
FNDA:1,(anonymous_8)
FNDA:5,GomlNodeDictionary
FNDA:1,(anonymous_11)
FNDA:0,(anonymous_12)
FNDA:3,(anonymous_13)
FNDA:2,(anonymous_14)
FNDA:0,(anonymous_15)
FNDA:0,(anonymous_16)
DA:6,5
DA:12,5
DA:25,6
DA:26,6
DA:27,0
DA:32,4
DA:34,6
DA:35,5
DA:37,6
DA:38,6
DA:39,6
DA:42,1
DA:43,1
DA:45,1
DA:51,6
DA:52,6
DA:54,3
DA:57,3
DA:59,3
DA:62,6
DA:64,0
DA:73,5
DA:74,5
DA:75,0
DA:80,1
DA:82,5
DA:83,1
DA:87,5
DA:88,0
DA:91,5
LF:30
LH:26
BRDA:26,1,0,0
BRDA:26,1,1,6
BRDA:26,2,0,6
BRDA:26,2,1,6
BRDA:25,3,0,4
BRDA:25,3,1,2
BRDA:34,4,0,5
BRDA:34,4,1,1
BRDA:25,5,0,1
BRDA:25,5,1,5
BRDA:42,6,0,1
BRDA:42,6,1,0
BRDA:42,7,0,1
BRDA:42,7,1,1
BRDA:43,8,0,1
BRDA:43,8,1,0
BRDA:52,9,0,3
BRDA:52,9,1,3
BRDA:74,10,0,0
BRDA:74,10,1,5
BRDA:74,11,0,5
BRDA:74,11,1,5
BRDA:73,12,0,1
BRDA:73,12,1,4
BRDA:82,13,0,1
BRDA:82,13,1,4
BRDA:87,14,0,0
BRDA:87,14,1,5
BRDA:95,15,0,4
BRDA:95,15,1,1
BRDA:95,16,0,3
BRDA:95,16,1,1
BRF:32
BRH:27
end_of_record
TN:
SF:/home/travis/build/jThreeJS/jThree/lib/Goml/TreeNodeBase.js
FN:16,(anonymous_8)
FN:17,TreeNodeBase
FN:28,(anonymous_10)
FN:34,(anonymous_11)
FN:40,(anonymous_12)
FN:46,(anonymous_13)
FN:59,(anonymous_15)
FN:69,(anonymous_17)
FN:91,(anonymous_27)
FN:98,(anonymous_28)
FNF:10
FNH:3
FNDA:1,(anonymous_8)
FNDA:5,TreeNodeBase
FNDA:0,(anonymous_10)
FNDA:0,(anonymous_11)
FNDA:5,(anonymous_12)
FNDA:0,(anonymous_13)
FNDA:0,(anonymous_15)
FNDA:0,(anonymous_17)
FNDA:0,(anonymous_27)
FNDA:0,(anonymous_28)
DA:17,5
DA:22,5
DA:28,5
DA:29,0
DA:30,0
DA:31,0
DA:34,5
DA:35,0
DA:36,0
DA:37,0
DA:40,5
DA:41,5
DA:42,5
DA:43,5
DA:46,5
DA:47,0
DA:48,0
DA:49,0
DA:58,0
DA:59,0
DA:60,0
DA:67,0
DA:68,0
DA:69,0
DA:70,0
DA:72,0
DA:79,11
DA:86,5
DA:87,5
DA:88,5
DA:89,5
DA:90,5
DA:92,0
DA:95,0
DA:96,0
DA:97,0
DA:99,0
DA:108,0
DA:109,0
DA:110,0
DA:111,0
DA:112,0
DA:120,0
DA:121,0
DA:122,0
DA:123,0
DA:124,0
DA:125,0
DA:126,0
DA:127,0
DA:131,0
DA:139,0
DA:146,0
DA:154,0
DA:163,5
DA:172,0
LF:56
LH:16
BRDA:30,1,0,0
BRDA:30,1,1,0
BRDA:36,2,0,0
BRDA:36,2,1,0
BRDA:42,3,0,5
BRDA:42,3,1,0
BRDA:48,4,0,0
BRDA:48,4,1,0
BRDA:110,5,0,0
BRDA:110,5,1,0
BRDA:122,6,0,0
BRDA:122,6,1,0
BRDA:125,7,0,0
BRDA:125,7,1,0
BRDA:86,8,0,5
BRDA:86,8,1,0
BRDA:86,9,0,5
BRDA:86,9,1,5
BRDA:88,10,0,5
BRDA:88,10,1,0
BRF:20
BRH:5
end_of_record
TN:
SF:/home/travis/build/jThreeJS/jThree/lib/Base/JThreeObjectEEWithID.js
FN:6,(anonymous_5)
FN:7,JThreeObjectEEWithID
FN:11,applyMixins
FN:12,(anonymous_8)
FN:13,(anonymous_9)
FNF:5
FNH:5
FNDA:1,(anonymous_5)
FNDA:5,JThreeObjectEEWithID
FNDA:1,applyMixins
FNDA:1,(anonymous_8)
FNDA:14,(anonymous_9)
DA:7,1
DA:11,1
DA:12,1
DA:13,1
DA:14,14
DA:18,1
LF:6
LH:6
BRF:0
BRH:0
end_of_record
TN:
SF:/home/travis/build/jThreeJS/jThree/lib/Base/JThreeObjectWithID.js
FN:7,(anonymous_8)
FN:8,JThreeObjectWithID
FNF:2
FNH:2
FNDA:1,(anonymous_8)
FNDA:5,JThreeObjectWithID
DA:8,1
DA:10,5
DA:16,12
DA:19,0
LF:4
LH:3
BRDA:10,1,0,5
BRDA:10,1,1,5
BRF:2
BRH:2
end_of_record
TN:
SF:/home/travis/build/jThreeJS/jThree/lib/Base/JThreeID.js
FN:6,(anonymous_8)
FNF:1
FNH:1
FNDA:1,(anonymous_8)
DA:13,5
DA:14,5
DA:15,50
DA:17,5
DA:24,1
LF:5
LH:5
BRF:0
BRH:0
end_of_record
TN:
SF:/home/travis/build/jThreeJS/jThree/lib/Math/Matrix.js
FN:5,(anonymous_8)
FN:6,Matrix
FNF:2
FNH:2
FNDA:2,(anonymous_8)
FNDA:76,Matrix
DA:6,2
DA:8,76
DA:9,76
DA:12,0
DA:16,3
DA:19,3
DA:22,1
DA:25,1
DA:28,24
DA:31,2
DA:32,2
DA:33,32
DA:35,2
DA:38,1
DA:41,4
DA:42,4
DA:43,4
DA:46,2
DA:47,2
DA:50,1
DA:51,1
DA:52,1
DA:53,1
DA:54,1
DA:57,2
DA:60,1
DA:61,1
DA:64,1
DA:65,1
DA:66,1
DA:69,1
DA:70,1
DA:71,1
DA:72,1
DA:73,1
DA:74,1
DA:75,1
DA:76,1
DA:79,1
DA:80,1
DA:81,1
DA:82,1
DA:83,1
DA:84,1
DA:85,1
DA:86,1
DA:92,1
DA:98,1
DA:99,1
DA:105,4
DA:106,4
DA:107,4
DA:113,2
DA:114,2
DA:115,2
DA:118,1
DA:119,1
DA:120,1
DA:123,1
DA:124,1
DA:125,1
DA:128,1
DA:129,1
DA:130,1
DA:133,2
DA:134,2
DA:135,2
DA:136,2
DA:137,2
DA:140,1
DA:141,1
DA:142,1
DA:145,1
DA:146,1
DA:147,1
DA:150,1
DA:151,1
DA:152,1
DA:155,1
DA:156,1
DA:157,1
DA:160,2
DA:163,1
DA:166,801
DA:169,1
DA:176,1
DA:179,1
DA:182,0
DA:188,0
DA:193,1
DA:194,73
DA:195,73
LF:92
LH:89
BRDA:8,1,0,76
BRDA:8,1,1,0
BRF:2
BRH:1
end_of_record
TN:
SF:/home/travis/build/jThreeJS/jThree/lib/Math/MatrixBase.js
FN:1,(anonymous_5)
FNF:1
FNH:1
FNDA:2,(anonymous_5)
DA:3,24
DA:4,0
DA:6,24
DA:7,24
DA:8,384
DA:9,0
DA:12,24
DA:15,0
DA:18,0
DA:21,0
DA:24,0
LF:11
LH:5
BRDA:3,1,0,0
BRDA:3,1,1,24
BRDA:3,2,0,24
BRDA:3,2,1,24
BRDA:8,3,0,0
BRDA:8,3,1,384
BRF:6
BRH:4
end_of_record
TN:
SF:/home/travis/build/jThreeJS/jThree/lib/Math/Quaternion.js
FN:14,(anonymous_8)
FN:18,Quaternion
FNF:2
FNH:2
FNDA:2,(anonymous_8)
FNDA:50,Quaternion
DA:18,2
DA:20,50
DA:23,7
DA:24,28
DA:25,0
DA:28,7
DA:34,1
DA:35,1
DA:41,11
DA:42,11
DA:48,15
DA:49,15
DA:50,15
DA:51,15
DA:52,15
DA:53,15
DA:56,5
DA:59,0
DA:62,0
DA:63,0
DA:72,0
DA:73,0
DA:74,0
DA:77,0
DA:78,0
DA:79,0
DA:82,0
DA:83,0
DA:84,0
DA:85,0
DA:86,0
DA:87,0
DA:88,0
DA:89,0
DA:90,0
DA:91,0
DA:92,0
DA:93,0
DA:94,0
DA:95,0
DA:96,0
DA:97,0
DA:98,0
DA:100,0
DA:101,0
DA:102,0
DA:104,0
DA:105,0
DA:106,0
DA:108,0
DA:109,0
DA:112,1
DA:115,0
DA:116,0
DA:119,0
DA:125,2
DA:131,2
DA:137,2
DA:143,1
DA:150,1
DA:156,1
DA:157,1
DA:163,1
DA:169,1
DA:170,1
DA:173,1
DA:174,1
DA:177,0
DA:178,0
DA:179,0
DA:180,0
DA:182,0
DA:183,0
DA:186,0
DA:190,0
DA:193,0
DA:194,0
DA:195,0
DA:196,0
DA:197,0
DA:198,0
DA:199,0
DA:202,0
DA:203,0
DA:204,0
DA:206,0
DA:209,0
DA:210,0
DA:211,0
DA:212,0
DA:213,0
DA:214,0
DA:215,0
DA:218,0
DA:219,0
DA:220,0
DA:222,0
LF:97
LH:29
BRDA:179,1,0,0
BRDA:179,1,1,0
BRDA:179,2,0,0
BRDA:179,2,1,0
BRDA:182,3,0,0
BRDA:182,3,1,0
BRDA:196,4,0,0
BRDA:196,4,1,0
BRDA:212,5,0,0
BRDA:212,5,1,0
BRDA:24,6,0,0
BRDA:24,6,1,28
BRDA:82,7,0,0
BRDA:82,7,1,0
BRDA:96,8,0,0
BRDA:96,8,1,0
BRDA:100,9,0,0
BRDA:100,9,1,0
BRDA:100,10,0,0
BRDA:100,10,1,0
BRDA:104,11,0,0
BRDA:104,11,1,0
BRF:22
BRH:1
end_of_record
TN:
SF:/home/travis/build/jThreeJS/jThree/lib/Math/Vector2.js
FN:3,(anonymous_8)
FN:4,Vector2
FN:95,(anonymous_38)
FN:98,(anonymous_40)
FNF:4
FNH:4
FNDA:2,(anonymous_8)
FNDA:86,Vector2
FNDA:2,(anonymous_38)
FNDA:2,(anonymous_40)
DA:4,2
DA:6,86
DA:7,15
DA:8,15
DA:10,71
DA:13,1
DA:16,1
DA:19,1
DA:22,1
DA:25,1
DA:28,0
DA:29,0
DA:30,0
DA:31,0
DA:33,0
DA:34,0
DA:35,0
DA:38,0
DA:40,0
DA:41,0
DA:43,0
DA:44,0
DA:46,0
DA:47,0
DA:49,0
DA:52,2
DA:55,5
DA:58,5
DA:61,1
DA:64,1
DA:67,3
DA:70,2
DA:71,2
DA:74,2
DA:75,2
DA:78,6
DA:79,6
DA:82,2
DA:85,21
DA:88,4
DA:91,3
DA:92,3
DA:95,1
DA:98,1
DA:101,1
DA:104,1
DA:107,1
DA:110,1
DA:113,3
DA:116,1
DA:119,20
DA:122,3
DA:125,1
DA:128,2
DA:131,1
DA:133,138
DA:135,1
LF:57
LH:42
BRDA:6,1,0,15
BRDA:6,1,1,71
BRDA:30,2,0,0
BRDA:30,2,1,0
BRDA:30,3,0,0
BRDA:30,3,1,0
BRDA:34,4,0,0
BRDA:34,4,1,0
BRDA:40,5,0,0
BRDA:40,5,1,0
BRDA:43,6,0,0
BRDA:43,6,1,0
BRDA:46,7,0,0
BRDA:46,7,1,0
BRF:14
BRH:2
end_of_record
