TN:
SF:/home/travis/build/jThreeJS/jThree/lib/ContextComponents.js
FN:7,(anonymous_1)
FN:7,defineProperties
FN:7,(anonymous_3)
FN:9,_classCallCheck
FN:11,(anonymous_5)
FN:12,ContextComponents
FN:18,get
FN:23,get
FN:28,get
FN:33,get
FN:38,get
FN:43,get
FN:48,get
FN:53,get
FN:58,get
FN:63,get
FN:68,get
FNF:17
FNH:4
FNDA:1,(anonymous_1)
FNDA:1,defineProperties
FNDA:1,(anonymous_3)
FNDA:0,_classCallCheck
FNDA:1,(anonymous_5)
FNDA:0,ContextComponents
FNDA:0,get
FNDA:0,get
FNDA:0,get
FNDA:0,get
FNDA:0,get
FNDA:0,get
FNDA:0,get
FNDA:0,get
FNDA:0,get
FNDA:0,get
FNDA:0,get
DA:3,1
DA:7,11
DA:9,1
DA:11,1
DA:12,1
DA:13,0
DA:16,1
DA:19,0
DA:24,0
DA:29,0
DA:34,0
DA:39,0
DA:44,0
DA:49,0
DA:54,0
DA:59,0
DA:64,0
DA:69,0
DA:73,1
DA:76,1
LF:20
LH:8
BRDA:7,1,0,11
BRDA:7,1,1,11
BRDA:7,2,0,0
BRDA:7,2,1,11
BRDA:7,3,0,0
BRDA:7,3,1,1
BRDA:7,4,0,1
BRDA:7,4,1,0
BRDA:9,5,0,0
BRDA:9,5,1,0
BRF:10
BRH:5
end_of_record
TN:
SF:/home/travis/build/jThreeJS/jThree/lib/Exceptions.js
FN:8,(anonymous_1)
FN:8,defineProperties
FN:8,(anonymous_3)
FN:10,get
FN:16,_interopRequireDefault
FN:18,_classCallCheck
FN:20,_possibleConstructorReturn
FN:22,_inherits
FN:28,(anonymous_9)
FN:31,JThreeException
FN:43,toString
FN:51,(anonymous_12)
FN:54,InvalidArgumentException
FN:63,(anonymous_14)
FN:66,InvalidStringException
FN:75,(anonymous_16)
FN:78,SingularMatrixException
FN:87,(anonymous_18)
FN:90,AbstractClassMethodCalledException
FN:99,(anonymous_20)
FN:102,WebGLNotSupportedException
FNF:21
FNH:11
FNDA:1,(anonymous_1)
FNDA:1,defineProperties
FNDA:1,(anonymous_3)
FNDA:0,get
FNDA:1,_interopRequireDefault
FNDA:0,_classCallCheck
FNDA:0,_possibleConstructorReturn
FNDA:6,_inherits
FNDA:1,(anonymous_9)
FNDA:0,JThreeException
FNDA:0,toString
FNDA:1,(anonymous_12)
FNDA:0,InvalidArgumentException
FNDA:1,(anonymous_14)
FNDA:0,InvalidStringException
FNDA:1,(anonymous_16)
FNDA:0,SingularMatrixException
FNDA:1,(anonymous_18)
FNDA:0,AbstractClassMethodCalledException
FNDA:1,(anonymous_20)
FNDA:0,WebGLNotSupportedException
DA:3,1
DA:6,1
DA:8,1
DA:10,1
DA:12,1
DA:14,1
DA:16,1
DA:18,1
DA:20,1
DA:22,6
DA:28,1
DA:29,1
DA:31,1
DA:32,0
DA:34,0
DA:36,0
DA:37,0
DA:38,0
DA:41,1
DA:44,0
DA:48,1
DA:51,1
DA:52,1
DA:54,1
DA:55,0
DA:57,0
DA:60,1
DA:63,1
DA:64,1
DA:66,1
DA:67,0
DA:69,0
DA:72,1
DA:75,1
DA:76,1
DA:78,1
DA:79,0
DA:81,0
DA:84,1
DA:87,1
DA:88,1
DA:90,1
DA:91,0
DA:93,0
DA:96,1
DA:99,1
DA:100,1
DA:102,1
DA:103,0
DA:105,0
DA:108,1
LF:51
LH:35
BRDA:8,1,0,1
BRDA:8,1,1,1
BRDA:8,2,0,1
BRDA:8,2,1,0
BRDA:8,3,0,1
BRDA:8,3,1,0
BRDA:8,4,0,0
BRDA:8,4,1,1
BRDA:10,5,0,0
BRDA:10,5,1,0
BRDA:10,6,0,0
BRDA:10,6,1,0
BRDA:10,7,0,0
BRDA:10,7,1,0
BRDA:10,8,0,0
BRDA:10,8,1,0
BRDA:10,9,0,0
BRDA:10,9,1,0
BRDA:16,10,0,1
BRDA:16,10,1,0
BRDA:16,11,0,1
BRDA:16,11,1,1
BRDA:18,12,0,0
BRDA:18,12,1,0
BRDA:20,13,0,0
BRDA:20,13,1,0
BRDA:20,14,0,0
BRDA:20,14,1,0
BRDA:20,15,0,0
BRDA:20,15,1,0
BRDA:20,15,2,0
BRDA:22,16,0,0
BRDA:22,16,1,6
BRDA:22,17,0,6
BRDA:22,17,1,0
BRDA:22,18,0,6
BRDA:22,18,1,6
BRDA:22,19,0,6
BRDA:22,19,1,0
BRDA:22,20,0,6
BRDA:22,20,1,0
BRF:41
BRH:14
end_of_record
TN:
SF:/home/travis/build/jThreeJS/jThree/lib/IContextComponent.js
FNF:0
FNH:0
LF:0
LH:0
BRF:0
BRH:0
end_of_record
TN:
SF:/home/travis/build/jThreeJS/jThree/lib/Init.js
FN:7,(anonymous_1)
FN:7,defineProperties
FN:7,(anonymous_3)
FN:89,_interopRequireDefault
FN:91,_classCallCheck
FN:100,(anonymous_6)
FN:101,JThreeStatic
FN:107,get
FN:125,(anonymous_9)
FN:126,JThreeInit
FN:132,j3
FN:137,(anonymous_12)
FN:151,init
FN:158,(anonymous_14)
FN:184,(anonymous_15)
FN:191,_copyGLConstants
FN:204,_startInitialize
FN:211,(anonymous_18)
FNF:18
FNH:0
FNDA:0,(anonymous_1)
FNDA:0,defineProperties
FNDA:0,(anonymous_3)
FNDA:0,_interopRequireDefault
FNDA:0,_classCallCheck
FNDA:0,(anonymous_6)
FNDA:0,JThreeStatic
FNDA:0,get
FNDA:0,(anonymous_9)
FNDA:0,JThreeInit
FNDA:0,j3
FNDA:0,(anonymous_12)
FNDA:0,init
FNDA:0,(anonymous_14)
FNDA:0,(anonymous_15)
FNDA:0,_copyGLConstants
FNDA:0,_startInitialize
FNDA:0,(anonymous_18)
DA:3,0
DA:7,1
DA:9,0
DA:11,0
DA:13,0
DA:15,0
DA:17,0
DA:19,0
DA:21,0
DA:23,0
DA:25,0
DA:27,0
DA:29,0
DA:31,0
DA:33,0
DA:35,0
DA:37,0
DA:39,0
DA:41,0
DA:43,0
DA:45,0
DA:47,0
DA:49,0
DA:51,0
DA:53,0
DA:55,0
DA:57,0
DA:59,0
DA:61,0
DA:63,0
DA:65,0
DA:67,0
DA:69,0
DA:71,0
DA:73,0
DA:75,0
DA:77,0
DA:79,0
DA:81,0
DA:83,0
DA:85,0
DA:87,0
DA:89,1
DA:91,1
DA:93,0
DA:100,0
DA:101,1
DA:102,0
DA:105,0
DA:108,0
DA:117,0
DA:125,0
DA:126,1
DA:127,0
DA:130,0
DA:133,0
DA:134,0
DA:135,0
DA:136,0
DA:137,0
DA:138,0
DA:140,0
DA:142,0
DA:152,0
DA:153,0
DA:154,0
DA:156,0
DA:157,0
DA:158,0
DA:159,0
DA:160,0
DA:161,0
DA:167,0
DA:170,0
DA:171,0
DA:172,0
DA:173,0
DA:174,0
DA:175,0
DA:176,0
DA:177,0
DA:178,0
DA:179,0
DA:180,0
DA:181,0
DA:182,0
DA:183,0
DA:184,0
DA:185,0
DA:192,0
DA:193,0
DA:195,0
DA:196,0
DA:197,0
DA:198,0
DA:205,0
DA:206,0
DA:207,0
DA:208,0
DA:209,0
DA:210,0
DA:211,0
DA:212,0
DA:217,0
DA:220,0
LF:105
LH:5
BRDA:7,1,0,0
BRDA:7,1,1,0
BRDA:7,2,0,0
BRDA:7,2,1,0
BRDA:7,3,0,0
BRDA:7,3,1,0
BRDA:7,4,0,0
BRDA:7,4,1,0
BRDA:89,5,0,0
BRDA:89,5,1,0
BRDA:89,6,0,0
BRDA:89,6,1,0
BRDA:91,7,0,0
BRDA:91,7,1,0
BRDA:133,8,0,0
BRDA:133,8,1,0
BRDA:135,9,0,0
BRDA:135,9,1,0
BRDA:159,10,0,0
BRDA:159,10,1,0
BRDA:167,11,0,0
BRDA:167,11,1,0
BRDA:183,12,0,0
BRDA:183,12,1,0
BRDA:192,13,0,0
BRDA:192,13,1,0
BRDA:196,14,0,0
BRDA:196,14,1,0
BRF:28
BRH:0
end_of_record
TN:
SF:/home/travis/build/jThreeJS/jThree/lib/JThreeContext.js
FN:7,(anonymous_1)
FN:7,defineProperties
FN:7,(anonymous_3)
FN:9,_classCallCheck
FN:16,(anonymous_5)
FN:17,JThreeContext
FN:32,init
FN:46,registerContextComponent
FN:60,getContextComponent
FN:65,get
FNF:10
FNH:4
FNDA:1,(anonymous_1)
FNDA:1,defineProperties
FNDA:1,(anonymous_3)
FNDA:0,_classCallCheck
FNDA:1,(anonymous_5)
FNDA:0,JThreeContext
FNDA:0,init
FNDA:0,registerContextComponent
FNDA:0,getContextComponent
FNDA:0,get
DA:3,1
DA:7,4
DA:9,1
DA:16,1
DA:17,1
DA:18,0
DA:23,0
DA:30,1
DA:33,0
DA:34,0
DA:35,0
DA:47,0
DA:48,0
DA:50,0
DA:61,0
DA:66,0
DA:67,0
DA:69,0
DA:74,1
DA:77,1
LF:20
LH:8
BRDA:7,1,0,4
BRDA:7,1,1,4
BRDA:7,2,0,3
BRDA:7,2,1,1
BRDA:7,3,0,0
BRDA:7,3,1,1
BRDA:7,4,0,1
BRDA:7,4,1,0
BRDA:9,5,0,0
BRDA:9,5,1,0
BRDA:33,6,0,0
BRDA:33,6,1,0
BRDA:34,7,0,0
BRDA:34,7,1,0
BRDA:47,8,0,0
BRDA:47,8,1,0
BRDA:66,9,0,0
BRDA:66,9,1,0
BRF:18
BRH:6
end_of_record
TN:
SF:/home/travis/build/jThreeJS/jThree/lib/bundle-notdoc.js
FNF:0
FNH:0
LF:0
LH:0
BRF:0
BRH:0
end_of_record
TN:
SF:/home/travis/build/jThreeJS/jThree/lib/jThree.js
FN:9,_interopRequireDefault
FNF:1
FNH:0
FNDA:0,_interopRequireDefault
DA:3,0
DA:5,0
DA:7,0
DA:9,1
DA:11,0
LF:5
LH:1
BRDA:9,1,0,0
BRDA:9,1,1,0
BRDA:9,2,0,0
BRDA:9,2,1,0
BRF:4
BRH:0
end_of_record
TN:
SF:/home/travis/build/jThreeJS/jThree/lib/Base/Delegates.js
FNF:0
FNH:0
LF:0
LH:0
BRF:0
BRH:0
end_of_record
TN:
SF:/home/travis/build/jThreeJS/jThree/lib/Base/IDisposable.js
FNF:0
FNH:0
LF:0
LH:0
BRF:0
BRH:0
end_of_record
TN:
SF:/home/travis/build/jThreeJS/jThree/lib/Base/JThreeCollection.js
FN:7,(anonymous_1)
FN:7,defineProperties
FN:7,(anonymous_3)
FN:9,_classCallCheck
FN:15,(anonymous_5)
FN:16,JThreeCollection
FN:35,getById
FN:46,isContained
FN:58,insert
FN:75,del
FN:91,each
FN:102,asArray
FN:117,get
FNF:13
FNH:0
FNDA:0,(anonymous_1)
FNDA:0,defineProperties
FNDA:0,(anonymous_3)
FNDA:0,_classCallCheck
FNDA:0,(anonymous_5)
FNDA:0,JThreeCollection
FNDA:0,getById
FNDA:0,isContained
FNDA:0,insert
FNDA:0,del
FNDA:0,each
FNDA:0,asArray
FNDA:0,get
DA:3,0
DA:7,1
DA:9,1
DA:15,0
DA:16,1
DA:17,0
DA:23,0
DA:24,0
DA:33,0
DA:36,0
DA:47,0
DA:59,0
DA:60,0
DA:62,0
DA:63,0
DA:64,0
DA:76,0
DA:77,0
DA:78,0
DA:79,0
DA:81,0
DA:92,0
DA:93,0
DA:103,0
DA:104,0
DA:105,0
DA:106,0
DA:107,0
DA:109,0
DA:118,0
DA:122,0
DA:125,0
LF:32
LH:3
BRDA:7,1,0,0
BRDA:7,1,1,0
BRDA:7,2,0,0
BRDA:7,2,1,0
BRDA:7,3,0,0
BRDA:7,3,1,0
BRDA:7,4,0,0
BRDA:7,4,1,0
BRDA:9,5,0,0
BRDA:9,5,1,0
BRDA:59,6,0,0
BRDA:59,6,1,0
BRDA:76,7,0,0
BRDA:76,7,1,0
BRF:14
BRH:0
end_of_record
TN:
SF:/home/travis/build/jThreeJS/jThree/lib/Base/JThreeEvent.js
FN:7,(anonymous_1)
FN:7,defineProperties
FN:7,(anonymous_3)
FN:15,_interopRequireDefault
FN:17,_classCallCheck
FN:19,_possibleConstructorReturn
FN:21,_inherits
FN:27,(anonymous_8)
FN:30,JThreeEvent
FN:55,fire
FN:56,(anonymous_11)
FN:67,addListener
FN:80,removeListener
FNF:13
FNH:6
FNDA:1,(anonymous_1)
FNDA:1,defineProperties
FNDA:1,(anonymous_3)
FNDA:1,_interopRequireDefault
FNDA:0,_classCallCheck
FNDA:0,_possibleConstructorReturn
FNDA:1,_inherits
FNDA:1,(anonymous_8)
FNDA:0,JThreeEvent
FNDA:0,fire
FNDA:0,(anonymous_11)
FNDA:0,addListener
FNDA:0,removeListener
DA:3,1
DA:7,3
DA:9,1
DA:11,1
DA:13,1
DA:15,1
DA:17,1
DA:19,1
DA:21,1
DA:27,1
DA:28,1
DA:30,1
DA:31,0
DA:33,0
DA:35,0
DA:36,0
DA:43,0
DA:45,0
DA:46,0
DA:53,1
DA:56,0
DA:57,0
DA:68,0
DA:69,0
DA:71,0
DA:81,0
DA:82,0
DA:83,0
DA:84,0
DA:85,0
DA:91,1
DA:94,1
LF:32
LH:15
BRDA:7,1,0,3
BRDA:7,1,1,3
BRDA:7,2,0,3
BRDA:7,2,1,0
BRDA:7,3,0,1
BRDA:7,3,1,0
BRDA:7,4,0,0
BRDA:7,4,1,1
BRDA:15,5,0,1
BRDA:15,5,1,0
BRDA:15,6,0,1
BRDA:15,6,1,1
BRDA:17,7,0,0
BRDA:17,7,1,0
BRDA:19,8,0,0
BRDA:19,8,1,0
BRDA:19,9,0,0
BRDA:19,9,1,0
BRDA:19,10,0,0
BRDA:19,10,1,0
BRDA:19,10,2,0
BRDA:21,11,0,0
BRDA:21,11,1,1
BRDA:21,12,0,1
BRDA:21,12,1,0
BRDA:21,13,0,1
BRDA:21,13,1,1
BRDA:21,14,0,1
BRDA:21,14,1,0
BRDA:21,15,0,1
BRDA:21,15,1,0
BRDA:68,16,0,0
BRDA:68,16,1,0
BRDA:83,17,0,0
BRDA:83,17,1,0
BRF:35
BRH:14
end_of_record
TN:
SF:/home/travis/build/jThreeJS/jThree/lib/Base/JThreeID.js
FN:7,(anonymous_1)
FN:7,defineProperties
FN:7,(anonymous_3)
FN:13,_interopRequireDefault
FN:15,_classCallCheck
FN:17,_possibleConstructorReturn
FN:19,_inherits
FN:26,(anonymous_8)
FN:29,JThreeID
FN:43,getUniqueRandom
FNF:10
FNH:7
FNDA:1,(anonymous_1)
FNDA:1,defineProperties
FNDA:1,(anonymous_3)
FNDA:1,_interopRequireDefault
FNDA:0,_classCallCheck
FNDA:0,_possibleConstructorReturn
FNDA:1,_inherits
FNDA:1,(anonymous_8)
FNDA:0,JThreeID
FNDA:5,getUniqueRandom
DA:3,1
DA:7,1
DA:9,1
DA:11,1
DA:13,1
DA:15,1
DA:17,1
DA:19,1
DA:26,1
DA:27,1
DA:29,1
DA:30,0
DA:32,0
DA:35,1
DA:44,5
DA:45,5
DA:46,50
DA:48,5
DA:52,1
DA:60,1
DA:61,1
LF:21
LH:19
BRDA:7,1,0,1
BRDA:7,1,1,1
BRDA:7,2,0,1
BRDA:7,2,1,0
BRDA:7,3,0,0
BRDA:7,3,1,1
BRDA:7,4,0,1
BRDA:7,4,1,0
BRDA:13,5,0,1
BRDA:13,5,1,0
BRDA:13,6,0,1
BRDA:13,6,1,1
BRDA:15,7,0,0
BRDA:15,7,1,0
BRDA:17,8,0,0
BRDA:17,8,1,0
BRDA:17,9,0,0
BRDA:17,9,1,0
BRDA:17,10,0,0
BRDA:17,10,1,0
BRDA:17,10,2,0
BRDA:19,11,0,0
BRDA:19,11,1,1
BRDA:19,12,0,1
BRDA:19,12,1,0
BRDA:19,13,0,1
BRDA:19,13,1,1
BRDA:19,14,0,1
BRDA:19,14,1,0
BRDA:19,15,0,1
BRDA:19,15,1,0
BRF:31
BRH:14
end_of_record
TN:
SF:/home/travis/build/jThreeJS/jThree/lib/Base/JThreeLogger.js
FN:7,(anonymous_1)
FN:7,defineProperties
FN:7,(anonymous_3)
FN:9,_classCallCheck
FN:11,(anonymous_5)
FN:12,JThreeLogger
FN:18,sectionLog
FN:23,sectionWarn
FN:28,sectionError
FN:33,sectionInfo
FN:38,sectionLongLog
FN:52,_sectionLogParams
FNF:12
FNH:0
FNDA:0,(anonymous_1)
FNDA:0,defineProperties
FNDA:0,(anonymous_3)
FNDA:0,_classCallCheck
FNDA:0,(anonymous_5)
FNDA:0,JThreeLogger
FNDA:0,sectionLog
FNDA:0,sectionWarn
FNDA:0,sectionError
FNDA:0,sectionInfo
FNDA:0,sectionLongLog
FNDA:0,_sectionLogParams
DA:3,0
DA:7,1
DA:9,1
DA:11,0
DA:12,1
DA:13,0
DA:16,0
DA:19,0
DA:24,0
DA:29,0
DA:34,0
DA:53,0
DA:57,0
DA:60,0
LF:14
LH:3
BRDA:7,1,0,0
BRDA:7,1,1,0
BRDA:7,2,0,0
BRDA:7,2,1,0
BRDA:7,3,0,0
BRDA:7,3,1,0
BRDA:7,4,0,0
BRDA:7,4,1,0
BRDA:9,5,0,0
BRDA:9,5,1,0
BRF:10
BRH:0
end_of_record
TN:
SF:/home/travis/build/jThreeJS/jThree/lib/Base/JThreeObject.js
FN:7,(anonymous_1)
FN:7,defineProperties
FN:7,(anonymous_3)
FN:13,_interopRequireDefault
FN:15,_classCallCheck
FN:22,(anonymous_6)
FN:23,JThreeObject
FN:35,toString
FN:45,getTypeName
FNF:9
FNH:7
FNDA:1,(anonymous_1)
FNDA:1,defineProperties
FNDA:1,(anonymous_3)
FNDA:1,_interopRequireDefault
FNDA:60,_classCallCheck
FNDA:1,(anonymous_6)
FNDA:60,JThreeObject
FNDA:0,toString
FNDA:0,getTypeName
DA:3,1
DA:7,2
DA:9,1
DA:11,1
DA:13,1
DA:15,60
DA:22,1
DA:23,1
DA:24,60
DA:27,1
DA:36,0
DA:46,0
DA:50,1
DA:53,1
LF:14
LH:12
BRDA:7,1,0,2
BRDA:7,1,1,2
BRDA:7,2,0,2
BRDA:7,2,1,0
BRDA:7,3,0,1
BRDA:7,3,1,0
BRDA:7,4,0,0
BRDA:7,4,1,1
BRDA:13,5,0,1
BRDA:13,5,1,0
BRDA:13,6,0,1
BRDA:13,6,1,1
BRDA:15,7,0,0
BRDA:15,7,1,60
BRF:14
BRH:9
end_of_record
TN:
SF:/home/travis/build/jThreeJS/jThree/lib/Base/JThreeObjectEE.js
FN:13,_interopRequireDefault
FN:15,_classCallCheck
FN:17,_possibleConstructorReturn
FN:19,_inherits
FN:25,(anonymous_5)
FN:28,JThreeObjectEE
FN:37,applyMixins
FN:38,(anonymous_8)
FN:39,(anonymous_9)
FNF:9
FNH:0
FNDA:0,_interopRequireDefault
FNDA:0,_classCallCheck
FNDA:0,_possibleConstructorReturn
FNDA:0,_inherits
FNDA:0,(anonymous_5)
FNDA:0,JThreeObjectEE
FNDA:0,applyMixins
FNDA:0,(anonymous_8)
FNDA:0,(anonymous_9)
DA:3,0
DA:7,0
DA:9,0
DA:11,0
DA:13,1
DA:15,1
DA:17,1
DA:19,1
DA:25,0
DA:26,0
DA:28,1
DA:29,0
DA:31,0
DA:34,0
DA:37,1
DA:38,0
DA:39,0
DA:40,0
DA:44,0
DA:45,0
LF:20
LH:6
BRDA:13,1,0,0
BRDA:13,1,1,0
BRDA:13,2,0,0
BRDA:13,2,1,0
BRDA:15,3,0,0
BRDA:15,3,1,0
BRDA:17,4,0,0
BRDA:17,4,1,0
BRDA:17,5,0,0
BRDA:17,5,1,0
BRDA:17,6,0,0
BRDA:17,6,1,0
BRDA:17,6,2,0
BRDA:19,7,0,0
BRDA:19,7,1,0
BRDA:19,8,0,0
BRDA:19,8,1,0
BRDA:19,9,0,0
BRDA:19,9,1,0
BRDA:19,10,0,0
BRDA:19,10,1,0
BRDA:19,11,0,0
BRDA:19,11,1,0
BRF:23
BRH:0
end_of_record
TN:
SF:/home/travis/build/jThreeJS/jThree/lib/Base/JThreeObjectEEWithID.js
FN:13,_interopRequireDefault
FN:15,_classCallCheck
FN:17,_possibleConstructorReturn
FN:19,_inherits
FN:25,(anonymous_5)
FN:28,JThreeObjectEEWithID
FN:37,applyMixins
FN:38,(anonymous_8)
FN:39,(anonymous_9)
FNF:9
FNH:9
FNDA:1,_interopRequireDefault
FNDA:5,_classCallCheck
FNDA:5,_possibleConstructorReturn
FNDA:1,_inherits
FNDA:1,(anonymous_5)
FNDA:5,JThreeObjectEEWithID
FNDA:1,applyMixins
FNDA:1,(anonymous_8)
FNDA:14,(anonymous_9)
DA:3,1
DA:7,1
DA:9,1
DA:11,1
DA:13,1
DA:15,5
DA:17,5
DA:19,1
DA:25,1
DA:26,1
DA:28,1
DA:29,5
DA:31,5
DA:34,1
DA:37,1
DA:38,1
DA:39,1
DA:40,14
DA:44,1
DA:45,1
LF:20
LH:20
BRDA:13,1,0,1
BRDA:13,1,1,0
BRDA:13,2,0,1
BRDA:13,2,1,1
BRDA:15,3,0,0
BRDA:15,3,1,5
BRDA:17,4,0,0
BRDA:17,4,1,5
BRDA:17,5,0,5
BRDA:17,5,1,0
BRDA:17,6,0,5
BRDA:17,6,1,5
BRDA:17,6,2,0
BRDA:19,7,0,0
BRDA:19,7,1,1
BRDA:19,8,0,1
BRDA:19,8,1,0
BRDA:19,9,0,1
BRDA:19,9,1,1
BRDA:19,10,0,1
BRDA:19,10,1,0
BRDA:19,11,0,1
BRDA:19,11,1,0
BRF:23
BRH:14
end_of_record
TN:
SF:/home/travis/build/jThreeJS/jThree/lib/Base/JThreeObjectWithID.js
FN:7,(anonymous_1)
FN:7,defineProperties
FN:7,(anonymous_3)
FN:17,_interopRequireDefault
FN:19,_classCallCheck
FN:21,_possibleConstructorReturn
FN:23,_inherits
FN:30,(anonymous_8)
FN:33,JThreeObjectWithID
FN:48,get
FN:51,set
FNF:11
FNH:10
FNDA:1,(anonymous_1)
FNDA:1,defineProperties
FNDA:1,(anonymous_3)
FNDA:2,_interopRequireDefault
FNDA:5,_classCallCheck
FNDA:5,_possibleConstructorReturn
FNDA:1,_inherits
FNDA:1,(anonymous_8)
FNDA:5,JThreeObjectWithID
FNDA:12,get
FNDA:0,set
DA:3,1
DA:7,1
DA:9,1
DA:11,1
DA:13,1
DA:15,1
DA:17,2
DA:19,5
DA:21,5
DA:23,1
DA:30,1
DA:31,1
DA:33,1
DA:34,5
DA:36,5
DA:38,5
DA:39,5
DA:46,1
DA:49,12
DA:52,0
DA:56,1
DA:59,1
LF:22
LH:21
BRDA:7,1,0,1
BRDA:7,1,1,1
BRDA:7,2,0,0
BRDA:7,2,1,1
BRDA:7,3,0,1
BRDA:7,3,1,0
BRDA:7,4,0,0
BRDA:7,4,1,1
BRDA:17,5,0,2
BRDA:17,5,1,0
BRDA:17,6,0,2
BRDA:17,6,1,2
BRDA:19,7,0,0
BRDA:19,7,1,5
BRDA:21,8,0,0
BRDA:21,8,1,5
BRDA:21,9,0,0
BRDA:21,9,1,5
BRDA:21,10,0,5
BRDA:21,10,1,0
BRDA:21,10,2,0
BRDA:23,11,0,0
BRDA:23,11,1,1
BRDA:23,12,0,1
BRDA:23,12,1,0
BRDA:23,13,0,1
BRDA:23,13,1,1
BRDA:23,14,0,1
BRDA:23,14,1,0
BRDA:23,15,0,1
BRDA:23,15,1,0
BRDA:38,16,0,5
BRDA:38,16,1,5
BRF:33
BRH:20
end_of_record
TN:
SF:/home/travis/build/jThreeJS/jThree/lib/Base/JsHack.js
FN:7,(anonymous_1)
FN:7,defineProperties
FN:7,(anonymous_3)
FN:9,_classCallCheck
FN:15,(anonymous_5)
FN:16,JsHack
FN:28,getObjectName
FNF:7
FNH:4
FNDA:1,(anonymous_1)
FNDA:1,defineProperties
FNDA:1,(anonymous_3)
FNDA:0,_classCallCheck
FNDA:1,(anonymous_5)
FNDA:0,JsHack
FNDA:0,getObjectName
DA:3,1
DA:7,1
DA:9,1
DA:15,1
DA:16,1
DA:17,0
DA:20,1
DA:29,0
DA:30,0
DA:31,0
DA:35,1
DA:38,1
LF:12
LH:8
BRDA:7,1,0,1
BRDA:7,1,1,1
BRDA:7,2,0,1
BRDA:7,2,1,0
BRDA:7,3,0,0
BRDA:7,3,1,1
BRDA:7,4,0,1
BRDA:7,4,1,0
BRDA:9,5,0,0
BRDA:9,5,1,0
BRDA:31,6,0,0
BRDA:31,6,1,0
BRDA:31,7,0,0
BRDA:31,7,1,0
BRF:14
BRH:5
end_of_record
TN:
SF:/home/travis/build/jThreeJS/jThree/lib/Core/IConfigureEventArgs.js
FNF:0
FNH:0
LF:0
LH:0
BRF:0
BRH:0
end_of_record
TN:
SF:/home/travis/build/jThreeJS/jThree/lib/Core/IMouseEventArgs.js
FNF:0
FNH:0
LF:0
LH:0
BRF:0
BRH:0
end_of_record
TN:
SF:/home/travis/build/jThreeJS/jThree/lib/Core/IParentSceneChangedEventArgs.js
FNF:0
FNH:0
LF:0
LH:0
BRF:0
BRH:0
end_of_record
TN:
SF:/home/travis/build/jThreeJS/jThree/lib/Core/IResourceLoaderEventArgs.js
FNF:0
FNH:0
LF:0
LH:0
BRF:0
BRH:0
end_of_record
TN:
SF:/home/travis/build/jThreeJS/jThree/lib/Core/ISceneListChangedEventArgs.js
FNF:0
FNH:0
LF:0
LH:0
BRF:0
BRH:0
end_of_record
TN:
SF:/home/travis/build/jThreeJS/jThree/lib/Core/ISceneObjectChangedEventArgs.js
FNF:0
FNH:0
LF:0
LH:0
BRF:0
BRH:0
end_of_record
TN:
SF:/home/travis/build/jThreeJS/jThree/lib/Core/LoopManager.js
FN:7,(anonymous_1)
FN:7,defineProperties
FN:7,(anonymous_3)
FN:13,_interopRequireDefault
FN:15,_classCallCheck
FN:24,(anonymous_6)
FN:29,LoopManager
FN:42,(anonymous_8)
FN:44,(anonymous_9)
FN:55,begin
FN:68,addAction
FN:73,(anonymous_12)
FN:79,getContextComponentIndex
FN:90,_loop
FN:91,(anonymous_15)
FNF:15
FNH:0
FNDA:0,(anonymous_1)
FNDA:0,defineProperties
FNDA:0,(anonymous_3)
FNDA:0,_interopRequireDefault
FNDA:0,_classCallCheck
FNDA:0,(anonymous_6)
FNDA:0,LoopManager
FNDA:0,(anonymous_8)
FNDA:0,(anonymous_9)
FNDA:0,begin
FNDA:0,addAction
FNDA:0,(anonymous_12)
FNDA:0,getContextComponentIndex
FNDA:0,_loop
FNDA:0,(anonymous_15)
DA:3,0
DA:7,1
DA:9,0
DA:11,0
DA:13,1
DA:15,1
DA:24,0
DA:29,1
DA:30,0
DA:32,0
DA:40,0
DA:41,0
DA:43,0
DA:45,0
DA:53,0
DA:56,0
DA:69,0
DA:73,0
DA:74,0
DA:80,0
DA:91,0
DA:92,0
DA:94,0
DA:98,0
DA:101,0
LF:25
LH:4
BRDA:7,1,0,0
BRDA:7,1,1,0
BRDA:7,2,0,0
BRDA:7,2,1,0
BRDA:7,3,0,0
BRDA:7,3,1,0
BRDA:7,4,0,0
BRDA:7,4,1,0
BRDA:13,5,0,0
BRDA:13,5,1,0
BRDA:13,6,0,0
BRDA:13,6,1,0
BRDA:15,7,0,0
BRDA:15,7,1,0
BRDA:41,8,0,0
BRDA:41,8,1,0
BRF:16
BRH:0
end_of_record
TN:
SF:/home/travis/build/jThreeJS/jThree/lib/Core/RendererListChangedEventArgs.js
FNF:0
FNH:0
LF:0
LH:0
BRF:0
BRH:0
end_of_record
TN:
SF:/home/travis/build/jThreeJS/jThree/lib/Core/ResourceLoader.js
FN:7,(anonymous_1)
FN:7,defineProperties
FN:7,(anonymous_3)
FN:17,_interopRequireDefault
FN:19,_classCallCheck
FN:21,(anonymous_6)
FN:22,ResourceLoader
FN:35,getResourceLoadingDeffered
FN:43,getContextComponentIndex
FN:54,_registerForResourceLoaded
FN:57,(anonymous_11)
FN:61,(anonymous_12)
FN:65,(anonymous_13)
FN:75,_checkResourceLoaded
FN:99,get
FN:104,get
FNF:16
FNH:0
FNDA:0,(anonymous_1)
FNDA:0,defineProperties
FNDA:0,(anonymous_3)
FNDA:0,_interopRequireDefault
FNDA:0,_classCallCheck
FNDA:0,(anonymous_6)
FNDA:0,ResourceLoader
FNDA:0,getResourceLoadingDeffered
FNDA:0,getContextComponentIndex
FNDA:0,_registerForResourceLoaded
FNDA:0,(anonymous_11)
FNDA:0,(anonymous_12)
FNDA:0,(anonymous_13)
FNDA:0,_checkResourceLoaded
FNDA:0,get
FNDA:0,get
DA:3,0
DA:7,1
DA:9,0
DA:11,0
DA:13,0
DA:15,0
DA:17,1
DA:19,1
DA:21,0
DA:22,1
DA:23,0
DA:25,0
DA:26,0
DA:27,0
DA:28,0
DA:29,0
DA:30,0
DA:33,0
DA:36,0
DA:37,0
DA:38,0
DA:39,0
DA:44,0
DA:55,0
DA:57,0
DA:58,0
DA:59,0
DA:60,0
DA:62,0
DA:63,0
DA:64,0
DA:66,0
DA:76,0
DA:77,0
DA:85,0
DA:87,0
DA:100,0
DA:105,0
DA:109,0
DA:112,0
LF:40
LH:4
BRDA:7,1,0,0
BRDA:7,1,1,0
BRDA:7,2,0,0
BRDA:7,2,1,0
BRDA:7,3,0,0
BRDA:7,3,1,0
BRDA:7,4,0,0
BRDA:7,4,1,0
BRDA:17,5,0,0
BRDA:17,5,1,0
BRDA:17,6,0,0
BRDA:17,6,1,0
BRDA:19,7,0,0
BRDA:19,7,1,0
BRDA:76,8,0,0
BRDA:76,8,1,0
BRF:16
BRH:0
end_of_record
TN:
SF:/home/travis/build/jThreeJS/jThree/lib/Core/ResourceManager.js
FN:7,(anonymous_1)
FN:7,defineProperties
FN:7,(anonymous_3)
FN:65,_interopRequireDefault
FN:67,_classCallCheck
FN:69,_possibleConstructorReturn
FN:71,_inherits
FN:77,(anonymous_8)
FN:80,ResourceManager
FN:102,getContextComponentIndex
FN:107,loadTexture
FN:112,(anonymous_12)
FN:116,(anonymous_13)
FN:119,(anonymous_14)
FN:127,loadCubeTexture
FN:138,(anonymous_16)
FN:146,(anonymous_17)
FN:154,createBuffer
FN:155,(anonymous_19)
FN:161,getBuffer
FN:166,createShader
FN:167,(anonymous_22)
FN:173,getShader
FN:178,hasShader
FN:183,createProgram
FN:184,(anonymous_26)
FN:190,getProgram
FN:195,createTextureWithSource
FN:196,(anonymous_29)
FN:198,(anonymous_30)
FN:206,getTexture
FN:211,createCubeTextureWithSource
FN:214,(anonymous_33)
FN:216,(anonymous_34)
FN:224,createRBO
FN:225,(anonymous_36)
FN:227,(anonymous_37)
FN:235,getRBO
FN:240,createFBO
FN:241,(anonymous_40)
FN:243,(anonymous_41)
FN:251,getFBO
FN:256,createTexture
FN:260,(anonymous_44)
FN:262,(anonymous_45)
FNF:45
FNH:0
FNDA:0,(anonymous_1)
FNDA:0,defineProperties
FNDA:0,(anonymous_3)
FNDA:0,_interopRequireDefault
FNDA:0,_classCallCheck
FNDA:0,_possibleConstructorReturn
FNDA:0,_inherits
FNDA:0,(anonymous_8)
FNDA:0,ResourceManager
FNDA:0,getContextComponentIndex
FNDA:0,loadTexture
FNDA:0,(anonymous_12)
FNDA:0,(anonymous_13)
FNDA:0,(anonymous_14)
FNDA:0,loadCubeTexture
FNDA:0,(anonymous_16)
FNDA:0,(anonymous_17)
FNDA:0,createBuffer
FNDA:0,(anonymous_19)
FNDA:0,getBuffer
FNDA:0,createShader
FNDA:0,(anonymous_22)
FNDA:0,getShader
FNDA:0,hasShader
FNDA:0,createProgram
FNDA:0,(anonymous_26)
FNDA:0,getProgram
FNDA:0,createTextureWithSource
FNDA:0,(anonymous_29)
FNDA:0,(anonymous_30)
FNDA:0,getTexture
FNDA:0,createCubeTextureWithSource
FNDA:0,(anonymous_33)
FNDA:0,(anonymous_34)
FNDA:0,createRBO
FNDA:0,(anonymous_36)
FNDA:0,(anonymous_37)
FNDA:0,getRBO
FNDA:0,createFBO
FNDA:0,(anonymous_40)
FNDA:0,(anonymous_41)
FNDA:0,getFBO
FNDA:0,createTexture
FNDA:0,(anonymous_44)
FNDA:0,(anonymous_45)
DA:3,0
DA:7,1
DA:9,0
DA:11,0
DA:13,0
DA:15,0
DA:17,0
DA:19,0
DA:21,0
DA:23,0
DA:25,0
DA:27,0
DA:29,0
DA:31,0
DA:33,0
DA:35,0
DA:37,0
DA:39,0
DA:41,0
DA:43,0
DA:45,0
DA:47,0
DA:49,0
DA:51,0
DA:53,0
DA:55,0
DA:57,0
DA:59,0
DA:61,0
DA:63,0
DA:65,1
DA:67,1
DA:69,1
DA:71,1
DA:77,0
DA:78,0
DA:80,1
DA:81,0
DA:83,0
DA:85,0
DA:86,0
DA:89,0
DA:91,0
DA:92,0
DA:93,0
DA:94,0
DA:95,0
DA:96,0
DA:97,0
DA:100,0
DA:103,0
DA:108,0
DA:110,0
DA:111,0
DA:112,0
DA:113,0
DA:116,0
DA:117,0
DA:118,0
DA:120,0
DA:121,0
DA:123,0
DA:128,0
DA:130,0
DA:131,0
DA:132,0
DA:133,0
DA:134,0
DA:135,0
DA:137,0
DA:138,0
DA:139,0
DA:142,0
DA:143,0
DA:144,0
DA:146,0
DA:147,0
DA:150,0
DA:155,0
DA:156,0
DA:162,0
DA:167,0
DA:168,0
DA:174,0
DA:179,0
DA:184,0
DA:185,0
DA:191,0
DA:196,0
DA:197,0
DA:198,0
DA:199,0
DA:201,0
DA:207,0
DA:212,0
DA:214,0
DA:215,0
DA:216,0
DA:217,0
DA:219,0
DA:225,0
DA:226,0
DA:227,0
DA:228,0
DA:230,0
DA:236,0
DA:241,0
DA:242,0
DA:243,0
DA:244,0
DA:246,0
DA:252,0
DA:257,0
DA:258,0
DA:260,0
DA:261,0
DA:262,0
DA:263,0
DA:265,0
DA:270,0
DA:273,0
LF:121
LH:6
BRDA:7,1,0,0
BRDA:7,1,1,0
BRDA:7,2,0,0
BRDA:7,2,1,0
BRDA:7,3,0,0
BRDA:7,3,1,0
BRDA:7,4,0,0
BRDA:7,4,1,0
BRDA:65,5,0,0
BRDA:65,5,1,0
BRDA:65,6,0,0
BRDA:65,6,1,0
BRDA:67,7,0,0
BRDA:67,7,1,0
BRDA:69,8,0,0
BRDA:69,8,1,0
BRDA:69,9,0,0
BRDA:69,9,1,0
BRDA:69,10,0,0
BRDA:69,10,1,0
BRDA:69,10,2,0
BRDA:71,11,0,0
BRDA:71,11,1,0
BRDA:71,12,0,0
BRDA:71,12,1,0
BRDA:71,13,0,0
BRDA:71,13,1,0
BRDA:71,14,0,0
BRDA:71,14,1,0
BRDA:71,15,0,0
BRDA:71,15,1,0
BRDA:111,16,0,0
BRDA:111,16,1,0
BRDA:137,17,0,0
BRDA:137,17,1,0
BRDA:212,18,0,0
BRDA:212,18,1,0
BRDA:212,19,0,0
BRDA:212,19,1,0
BRDA:257,20,0,0
BRDA:257,20,1,0
BRDA:257,21,0,0
BRDA:257,21,1,0
BRDA:258,22,0,0
BRDA:258,22,1,0
BRDA:258,23,0,0
BRDA:258,23,1,0
BRF:47
BRH:0
end_of_record
TN:
SF:/home/travis/build/jThreeJS/jThree/lib/Core/Scene.js
FN:7,(anonymous_1)
FN:7,defineProperties
FN:7,(anonymous_3)
FN:21,_interopRequireDefault
FN:23,_classCallCheck
FN:25,_possibleConstructorReturn
FN:27,_inherits
FN:33,(anonymous_8)
FN:36,Scene
FN:61,update
FN:65,(anonymous_11)
FN:77,render
FN:80,(anonymous_13)
FN:88,addRenderer
FN:98,removeRenderer
FN:112,addObject
FN:125,removeObject
FN:145,addCamera
FN:154,getCamera
FN:159,notifySceneObjectChanged
FN:164,get
FNF:21
FNH:0
FNDA:0,(anonymous_1)
FNDA:0,defineProperties
FNDA:0,(anonymous_3)
FNDA:0,_interopRequireDefault
FNDA:0,_classCallCheck
FNDA:0,_possibleConstructorReturn
FNDA:0,_inherits
FNDA:0,(anonymous_8)
FNDA:0,Scene
FNDA:0,update
FNDA:0,(anonymous_11)
FNDA:0,render
FNDA:0,(anonymous_13)
FNDA:0,addRenderer
FNDA:0,removeRenderer
FNDA:0,addObject
FNDA:0,removeObject
FNDA:0,addCamera
FNDA:0,getCamera
FNDA:0,notifySceneObjectChanged
FNDA:0,get
DA:3,0
DA:7,1
DA:9,0
DA:11,0
DA:13,0
DA:15,0
DA:17,0
DA:19,0
DA:21,1
DA:23,1
DA:25,1
DA:27,1
DA:33,0
DA:34,0
DA:36,1
DA:37,0
DA:39,0
DA:41,0
DA:42,0
DA:46,0
DA:47,0
DA:48,0
DA:49,0
DA:50,0
DA:59,0
DA:62,0
DA:63,0
DA:65,0
DA:66,0
DA:78,0
DA:80,0
DA:81,0
DA:82,0
DA:83,0
DA:89,0
DA:90,0
DA:99,0
DA:100,0
DA:101,0
DA:103,0
DA:104,0
DA:113,0
DA:114,0
DA:115,0
DA:126,0
DA:127,0
DA:128,0
DA:129,0
DA:130,0
DA:146,0
DA:155,0
DA:160,0
DA:165,0
DA:169,0
DA:172,0
LF:55
LH:6
BRDA:7,1,0,0
BRDA:7,1,1,0
BRDA:7,2,0,0
BRDA:7,2,1,0
BRDA:7,3,0,0
BRDA:7,3,1,0
BRDA:7,4,0,0
BRDA:7,4,1,0
BRDA:21,5,0,0
BRDA:21,5,1,0
BRDA:21,6,0,0
BRDA:21,6,1,0
BRDA:23,7,0,0
BRDA:23,7,1,0
BRDA:25,8,0,0
BRDA:25,8,1,0
BRDA:25,9,0,0
BRDA:25,9,1,0
BRDA:25,10,0,0
BRDA:25,10,1,0
BRDA:25,10,2,0
BRDA:27,11,0,0
BRDA:27,11,1,0
BRDA:27,12,0,0
BRDA:27,12,1,0
BRDA:27,13,0,0
BRDA:27,13,1,0
BRDA:27,14,0,0
BRDA:27,14,1,0
BRDA:27,15,0,0
BRDA:27,15,1,0
BRDA:62,16,0,0
BRDA:62,16,1,0
BRDA:100,17,0,0
BRDA:100,17,1,0
BRDA:127,18,0,0
BRDA:127,18,1,0
BRF:37
BRH:0
end_of_record
TN:
SF:/home/travis/build/jThreeJS/jThree/lib/Core/SceneManager.js
FN:7,(anonymous_1)
FN:7,defineProperties
FN:7,(anonymous_3)
FN:21,_interopRequireDefault
FN:23,_classCallCheck
FN:25,_possibleConstructorReturn
FN:27,_inherits
FN:33,(anonymous_8)
FN:36,SceneManager
FN:47,(anonymous_10)
FN:55,getContextComponentIndex
FN:64,addScene
FN:84,removeScene
FN:102,renderAll
FN:111,get
FNF:15
FNH:0
FNDA:0,(anonymous_1)
FNDA:0,defineProperties
FNDA:0,(anonymous_3)
FNDA:0,_interopRequireDefault
FNDA:0,_classCallCheck
FNDA:0,_possibleConstructorReturn
FNDA:0,_inherits
FNDA:0,(anonymous_8)
FNDA:0,SceneManager
FNDA:0,(anonymous_10)
FNDA:0,getContextComponentIndex
FNDA:0,addScene
FNDA:0,removeScene
FNDA:0,renderAll
FNDA:0,get
DA:3,0
DA:7,1
DA:9,0
DA:11,0
DA:13,0
DA:15,0
DA:17,0
DA:19,0
DA:21,1
DA:23,1
DA:25,1
DA:27,1
DA:33,0
DA:34,0
DA:36,1
DA:37,0
DA:43,0
DA:45,0
DA:46,0
DA:47,0
DA:48,0
DA:50,0
DA:53,0
DA:56,0
DA:65,0
DA:66,0
DA:67,0
DA:85,0
DA:86,0
DA:87,0
DA:103,0
DA:104,0
DA:105,0
DA:106,0
DA:112,0
DA:113,0
DA:114,0
DA:116,0
DA:120,0
DA:123,0
LF:40
LH:6
BRDA:7,1,0,0
BRDA:7,1,1,0
BRDA:7,2,0,0
BRDA:7,2,1,0
BRDA:7,3,0,0
BRDA:7,3,1,0
BRDA:7,4,0,0
BRDA:7,4,1,0
BRDA:21,5,0,0
BRDA:21,5,1,0
BRDA:21,6,0,0
BRDA:21,6,1,0
BRDA:23,7,0,0
BRDA:23,7,1,0
BRDA:25,8,0,0
BRDA:25,8,1,0
BRDA:25,9,0,0
BRDA:25,9,1,0
BRDA:25,10,0,0
BRDA:25,10,1,0
BRDA:25,10,2,0
BRDA:27,11,0,0
BRDA:27,11,1,0
BRDA:27,12,0,0
BRDA:27,12,1,0
BRDA:27,13,0,0
BRDA:27,13,1,0
BRDA:27,14,0,0
BRDA:27,14,1,0
BRDA:27,15,0,0
BRDA:27,15,1,0
BRDA:65,16,0,0
BRDA:65,16,1,0
BRDA:85,17,0,0
BRDA:85,17,1,0
BRF:35
BRH:0
end_of_record
TN:
SF:/home/travis/build/jThreeJS/jThree/lib/Core/Timer.js
FN:7,(anonymous_1)
FN:7,defineProperties
FN:7,(anonymous_3)
FN:21,_interopRequireDefault
FN:23,_classCallCheck
FN:25,_possibleConstructorReturn
FN:27,_inherits
FN:29,(anonymous_8)
FN:32,Timer
FN:43,(anonymous_10)
FN:51,getContextComponentIndex
FN:56,updateTimer
FNF:12
FNH:0
FNDA:0,(anonymous_1)
FNDA:0,defineProperties
FNDA:0,(anonymous_3)
FNDA:0,_interopRequireDefault
FNDA:0,_classCallCheck
FNDA:0,_possibleConstructorReturn
FNDA:0,_inherits
FNDA:0,(anonymous_8)
FNDA:0,Timer
FNDA:0,(anonymous_10)
FNDA:0,getContextComponentIndex
FNDA:0,updateTimer
DA:3,0
DA:7,1
DA:9,0
DA:11,0
DA:13,0
DA:15,0
DA:17,0
DA:19,0
DA:21,1
DA:23,1
DA:25,1
DA:27,1
DA:29,0
DA:30,0
DA:32,1
DA:33,0
DA:35,0
DA:37,0
DA:38,0
DA:39,0
DA:40,0
DA:41,0
DA:42,0
DA:43,0
DA:44,0
DA:46,0
DA:49,0
DA:52,0
DA:57,0
DA:58,0
DA:59,0
DA:60,0
DA:64,0
DA:67,0
LF:34
LH:6
BRDA:7,1,0,0
BRDA:7,1,1,0
BRDA:7,2,0,0
BRDA:7,2,1,0
BRDA:7,3,0,0
BRDA:7,3,1,0
BRDA:7,4,0,0
BRDA:7,4,1,0
BRDA:21,5,0,0
BRDA:21,5,1,0
BRDA:21,6,0,0
BRDA:21,6,1,0
BRDA:23,7,0,0
BRDA:23,7,1,0
BRDA:25,8,0,0
BRDA:25,8,1,0
BRDA:25,9,0,0
BRDA:25,9,1,0
BRDA:25,10,0,0
BRDA:25,10,1,0
BRDA:25,10,2,0
BRDA:27,11,0,0
BRDA:27,11,1,0
BRDA:27,12,0,0
BRDA:27,12,1,0
BRDA:27,13,0,0
BRDA:27,13,1,0
BRDA:27,14,0,0
BRDA:27,14,1,0
BRDA:27,15,0,0
BRDA:27,15,1,0
BRF:31
BRH:0
end_of_record
TN:
SF:/home/travis/build/jThreeJS/jThree/lib/Debug/Debugger.js
FN:7,(anonymous_1)
FN:7,(anonymous_2)
FN:9,(anonymous_3)
FN:9,defineProperties
FN:9,(anonymous_5)
FN:27,_interopRequireDefault
FN:29,_classCallCheck
FN:31,(anonymous_8)
FN:32,Debugger
FN:44,getContextComponentIndex
FN:49,attach
FN:53,(anonymous_12)
FN:62,setInfo
FNF:13
FNH:0
FNDA:0,(anonymous_1)
FNDA:0,(anonymous_2)
FNDA:0,(anonymous_3)
FNDA:0,defineProperties
FNDA:0,(anonymous_5)
FNDA:0,_interopRequireDefault
FNDA:0,_classCallCheck
FNDA:0,(anonymous_8)
FNDA:0,Debugger
FNDA:0,getContextComponentIndex
FNDA:0,attach
FNDA:0,(anonymous_12)
FNDA:0,setInfo
DA:3,0
DA:7,0
DA:9,1
DA:11,0
DA:13,0
DA:15,0
DA:17,0
DA:19,0
DA:21,0
DA:23,0
DA:25,0
DA:27,1
DA:29,1
DA:31,0
DA:32,1
DA:33,0
DA:35,0
DA:36,0
DA:37,0
DA:38,0
DA:42,0
DA:45,0
DA:50,0
DA:52,0
DA:53,0
DA:54,0
DA:56,0
DA:63,0
DA:64,0
DA:66,0
DA:67,0
DA:68,0
DA:69,0
DA:70,0
DA:72,0
DA:74,0
DA:78,0
DA:81,0
LF:38
LH:4
BRDA:7,1,0,0
BRDA:7,1,1,0
BRDA:7,2,0,0
BRDA:7,2,1,0
BRDA:7,3,0,0
BRDA:7,3,1,0
BRDA:7,4,0,0
BRDA:7,4,1,0
BRDA:7,4,2,0
BRDA:9,5,0,0
BRDA:9,5,1,0
BRDA:9,6,0,0
BRDA:9,6,1,0
BRDA:9,7,0,0
BRDA:9,7,1,0
BRDA:9,8,0,0
BRDA:9,8,1,0
BRDA:27,9,0,0
BRDA:27,9,1,0
BRDA:27,10,0,0
BRDA:27,10,1,0
BRDA:29,11,0,0
BRDA:29,11,1,0
BRDA:37,12,0,0
BRDA:37,12,1,0
BRDA:52,13,0,0
BRDA:52,13,1,0
BRDA:63,14,0,0
BRDA:63,14,1,0
BRDA:66,15,0,0
BRDA:66,15,1,0
BRDA:66,16,0,0
BRDA:66,16,1,0
BRF:33
BRH:0
end_of_record
TN:
SF:/home/travis/build/jThreeJS/jThree/lib/Debug/DebuggerAPI.js
FNF:0
FNH:0
LF:0
LH:0
BRF:0
BRH:0
end_of_record
TN:
SF:/home/travis/build/jThreeJS/jThree/lib/Goml/AttributeDeclaration.js
FNF:0
FNH:0
LF:0
LH:0
BRF:0
BRH:0
end_of_record
TN:
SF:/home/travis/build/jThreeJS/jThree/lib/Goml/AttributeDeclationBody.js
FNF:0
FNH:0
LF:0
LH:0
BRF:0
BRH:0
end_of_record
TN:
SF:/home/travis/build/jThreeJS/jThree/lib/Goml/AttributeDictionary.js
FN:7,(anonymous_1)
FN:7,defineProperties
FN:7,(anonymous_3)
FN:21,_interopRequireDefault
FN:23,_defineProperty
FN:25,_classCallCheck
FN:27,_possibleConstructorReturn
FN:29,_inherits
FN:35,(anonymous_9)
FN:42,AttributeDictionary
FN:54,forEachAttr
FN:57,(anonymous_12)
FN:65,getValue
FN:75,getValueStr
FN:85,setValue
FN:99,setValueStr
FN:104,getAttribute
FN:109,getAllAttributes
FN:114,getAnimater
FN:128,isDefined
FN:140,defineAttribute
FN:183,reserveAttribute
FN:194,emitChangeAll
FN:197,(anonymous_24)
FN:206,updateValue
FN:210,(anonymous_26)
FNF:26
FNH:0
FNDA:0,(anonymous_1)
FNDA:0,defineProperties
FNDA:0,(anonymous_3)
FNDA:0,_interopRequireDefault
FNDA:0,_defineProperty
FNDA:0,_classCallCheck
FNDA:0,_possibleConstructorReturn
FNDA:0,_inherits
FNDA:0,(anonymous_9)
FNDA:0,AttributeDictionary
FNDA:0,forEachAttr
FNDA:0,(anonymous_12)
FNDA:0,getValue
FNDA:0,getValueStr
FNDA:0,setValue
FNDA:0,setValueStr
FNDA:0,getAttribute
FNDA:0,getAllAttributes
FNDA:0,getAnimater
FNDA:0,isDefined
FNDA:0,defineAttribute
FNDA:0,reserveAttribute
FNDA:0,emitChangeAll
FNDA:0,(anonymous_24)
FNDA:0,updateValue
FNDA:0,(anonymous_26)
DA:3,0
DA:7,1
DA:9,0
DA:11,0
DA:13,0
DA:15,0
DA:17,0
DA:19,0
DA:21,1
DA:23,1
DA:25,1
DA:27,1
DA:29,1
DA:35,0
DA:36,0
DA:42,1
DA:43,0
DA:45,0
DA:47,0
DA:48,0
DA:49,0
DA:52,0
DA:55,0
DA:57,0
DA:58,0
DA:59,0
DA:61,0
DA:66,0
DA:67,0
DA:68,0
DA:70,0
DA:76,0
DA:77,0
DA:78,0
DA:80,0
DA:86,0
DA:87,0
DA:88,0
DA:90,0
DA:91,0
DA:92,0
DA:94,0
DA:100,0
DA:105,0
DA:110,0
DA:115,0
DA:116,0
DA:117,0
DA:119,0
DA:129,0
DA:142,0
DA:143,0
DA:144,0
DA:145,0
DA:146,0
DA:148,0
DA:149,0
DA:150,0
DA:152,0
DA:153,0
DA:154,0
DA:155,0
DA:156,0
DA:157,0
DA:159,0
DA:160,0
DA:162,0
DA:163,0
DA:165,0
DA:168,0
DA:170,0
DA:171,0
DA:184,0
DA:185,0
DA:186,0
DA:195,0
DA:197,0
DA:198,0
DA:199,0
DA:200,0
DA:207,0
DA:209,0
DA:210,0
DA:211,0
DA:212,0
DA:215,0
DA:216,0
DA:221,0
DA:224,0
LF:89
LH:7
BRDA:7,1,0,0
BRDA:7,1,1,0
BRDA:7,2,0,0
BRDA:7,2,1,0
BRDA:7,3,0,0
BRDA:7,3,1,0
BRDA:7,4,0,0
BRDA:7,4,1,0
BRDA:21,5,0,0
BRDA:21,5,1,0
BRDA:21,6,0,0
BRDA:21,6,1,0
BRDA:23,7,0,0
BRDA:23,7,1,0
BRDA:25,8,0,0
BRDA:25,8,1,0
BRDA:27,9,0,0
BRDA:27,9,1,0
BRDA:27,10,0,0
BRDA:27,10,1,0
BRDA:27,11,0,0
BRDA:27,11,1,0
BRDA:27,11,2,0
BRDA:29,12,0,0
BRDA:29,12,1,0
BRDA:29,13,0,0
BRDA:29,13,1,0
BRDA:29,14,0,0
BRDA:29,14,1,0
BRDA:29,15,0,0
BRDA:29,15,1,0
BRDA:29,16,0,0
BRDA:29,16,1,0
BRDA:67,17,0,0
BRDA:67,17,1,0
BRDA:77,18,0,0
BRDA:77,18,1,0
BRDA:87,19,0,0
BRDA:87,19,1,0
BRDA:90,20,0,0
BRDA:90,20,1,0
BRDA:116,21,0,0
BRDA:116,21,1,0
BRDA:145,22,0,0
BRDA:145,22,1,0
BRDA:145,23,0,0
BRDA:145,23,1,0
BRDA:145,23,2,0
BRDA:150,24,0,0
BRDA:150,24,1,0
BRDA:150,25,0,0
BRDA:150,25,1,0
BRDA:160,26,0,0
BRDA:160,26,1,0
BRDA:162,27,0,0
BRDA:162,27,1,0
BRDA:170,28,0,0
BRDA:170,28,1,0
BRDA:170,29,0,0
BRDA:170,29,1,0
BRDA:199,30,0,0
BRDA:199,30,1,0
BRDA:209,31,0,0
BRDA:209,31,1,0
BRF:64
BRH:0
end_of_record
TN:
SF:/home/travis/build/jThreeJS/jThree/lib/Goml/AttributeParser.js
FN:7,(anonymous_1)
FN:7,defineProperties
FN:7,(anonymous_3)
FN:21,_interopRequireDefault
FN:23,_classCallCheck
FN:25,_possibleConstructorReturn
FN:27,_inherits
FN:33,(anonymous_8)
FN:36,AttributeParser
FN:52,ParseAngle
FN:86,parseRotation3D
FNF:11
FNH:0
FNDA:0,(anonymous_1)
FNDA:0,defineProperties
FNDA:0,(anonymous_3)
FNDA:0,_interopRequireDefault
FNDA:0,_classCallCheck
FNDA:0,_possibleConstructorReturn
FNDA:0,_inherits
FNDA:0,(anonymous_8)
FNDA:0,AttributeParser
FNDA:0,ParseAngle
FNDA:0,parseRotation3D
DA:3,0
DA:7,1
DA:9,0
DA:11,0
DA:13,0
DA:15,0
DA:17,0
DA:19,0
DA:21,1
DA:23,1
DA:25,1
DA:27,1
DA:33,0
DA:34,0
DA:36,1
DA:37,0
DA:39,0
DA:42,0
DA:53,0
DA:54,0
DA:56,0
DA:57,0
DA:59,0
DA:61,0
DA:63,0
DA:64,0
DA:66,0
DA:67,0
DA:69,0
DA:87,0
DA:88,0
DA:89,0
DA:90,0
DA:91,0
DA:92,0
DA:93,0
DA:94,0
DA:95,0
DA:97,0
DA:99,0
DA:100,0
DA:101,0
DA:102,0
DA:103,0
DA:104,0
DA:105,0
DA:106,0
DA:108,0
DA:112,0
DA:115,0
LF:50
LH:6
BRDA:7,1,0,0
BRDA:7,1,1,0
BRDA:7,2,0,0
BRDA:7,2,1,0
BRDA:7,3,0,0
BRDA:7,3,1,0
BRDA:7,4,0,0
BRDA:7,4,1,0
BRDA:21,5,0,0
BRDA:21,5,1,0
BRDA:21,6,0,0
BRDA:21,6,1,0
BRDA:23,7,0,0
BRDA:23,7,1,0
BRDA:25,8,0,0
BRDA:25,8,1,0
BRDA:25,9,0,0
BRDA:25,9,1,0
BRDA:25,10,0,0
BRDA:25,10,1,0
BRDA:25,10,2,0
BRDA:27,11,0,0
BRDA:27,11,1,0
BRDA:27,12,0,0
BRDA:27,12,1,0
BRDA:27,13,0,0
BRDA:27,13,1,0
BRDA:27,14,0,0
BRDA:27,14,1,0
BRDA:27,15,0,0
BRDA:27,15,1,0
BRDA:53,16,0,0
BRDA:53,16,1,0
BRDA:63,17,0,0
BRDA:63,17,1,0
BRDA:66,18,0,0
BRDA:66,18,1,0
BRDA:88,19,0,0
BRDA:88,19,1,0
BRDA:92,20,0,0
BRDA:92,20,1,0
BRDA:94,21,0,0
BRDA:94,21,1,0
BRDA:99,22,0,0
BRDA:99,22,1,0
BRDA:103,23,0,0
BRDA:103,23,1,0
BRF:47
BRH:0
end_of_record
TN:
SF:/home/travis/build/jThreeJS/jThree/lib/Goml/AttributePromiseRegistry.js
FN:7,(anonymous_1)
FN:7,defineProperties
FN:7,(anonymous_3)
FN:13,_interopRequireDefault
FN:15,_classCallCheck
FN:17,_possibleConstructorReturn
FN:19,_inherits
FN:21,(anonymous_8)
FN:24,AttributePromiseRegistry
FN:60,register
FN:66,(anonymous_11)
FN:78,async
FN:83,(anonymous_13)
FN:84,(anonymous_14)
FN:95,clear
FN:108,_thenCallbacckfn
FNF:16
FNH:0
FNDA:0,(anonymous_1)
FNDA:0,defineProperties
FNDA:0,(anonymous_3)
FNDA:0,_interopRequireDefault
FNDA:0,_classCallCheck
FNDA:0,_possibleConstructorReturn
FNDA:0,_inherits
FNDA:0,(anonymous_8)
FNDA:0,AttributePromiseRegistry
FNDA:0,register
FNDA:0,(anonymous_11)
FNDA:0,async
FNDA:0,(anonymous_13)
FNDA:0,(anonymous_14)
FNDA:0,clear
FNDA:0,_thenCallbacckfn
DA:3,0
DA:7,1
DA:9,0
DA:11,0
DA:13,1
DA:15,1
DA:17,1
DA:19,1
DA:21,0
DA:22,0
DA:24,1
DA:25,0
DA:31,0
DA:33,0
DA:38,0
DA:43,0
DA:48,0
DA:49,0
DA:58,0
DA:61,0
DA:63,0
DA:64,0
DA:65,0
DA:66,0
DA:67,0
DA:79,0
DA:81,0
DA:82,0
DA:83,0
DA:84,0
DA:85,0
DA:96,0
DA:97,0
DA:98,0
DA:99,0
DA:109,0
DA:110,0
DA:111,0
DA:113,0
DA:115,0
DA:116,0
DA:117,0
DA:118,0
DA:123,0
DA:126,0
LF:45
LH:6
BRDA:7,1,0,0
BRDA:7,1,1,0
BRDA:7,2,0,0
BRDA:7,2,1,0
BRDA:7,3,0,0
BRDA:7,3,1,0
BRDA:7,4,0,0
BRDA:7,4,1,0
BRDA:13,5,0,0
BRDA:13,5,1,0
BRDA:13,6,0,0
BRDA:13,6,1,0
BRDA:15,7,0,0
BRDA:15,7,1,0
BRDA:17,8,0,0
BRDA:17,8,1,0
BRDA:17,9,0,0
BRDA:17,9,1,0
BRDA:17,10,0,0
BRDA:17,10,1,0
BRDA:17,10,2,0
BRDA:19,11,0,0
BRDA:19,11,1,0
BRDA:19,12,0,0
BRDA:19,12,1,0
BRDA:19,13,0,0
BRDA:19,13,1,0
BRDA:19,14,0,0
BRDA:19,14,1,0
BRDA:19,15,0,0
BRDA:19,15,1,0
BRDA:65,16,0,0
BRDA:65,16,1,0
BRDA:110,17,0,0
BRDA:110,17,1,0
BRDA:116,18,0,0
BRDA:116,18,1,0
BRF:37
BRH:0
end_of_record
TN:
SF:/home/travis/build/jThreeJS/jThree/lib/Goml/CoreRelatedNodeBase.js
FN:11,_interopRequireDefault
FN:13,_classCallCheck
FN:15,_possibleConstructorReturn
FN:17,_inherits
FN:23,(anonymous_5)
FN:26,CoreRelatedNodeBase
FNF:6
FNH:0
FNDA:0,_interopRequireDefault
FNDA:0,_classCallCheck
FNDA:0,_possibleConstructorReturn
FNDA:0,_inherits
FNDA:0,(anonymous_5)
FNDA:0,CoreRelatedNodeBase
DA:3,0
DA:7,0
DA:9,0
DA:11,1
DA:13,1
DA:15,1
DA:17,1
DA:23,0
DA:24,0
DA:26,1
DA:27,0
DA:29,0
DA:32,0
DA:35,0
LF:14
LH:5
BRDA:11,1,0,0
BRDA:11,1,1,0
BRDA:11,2,0,0
BRDA:11,2,1,0
BRDA:13,3,0,0
BRDA:13,3,1,0
BRDA:15,4,0,0
BRDA:15,4,1,0
BRDA:15,5,0,0
BRDA:15,5,1,0
BRDA:15,6,0,0
BRDA:15,6,1,0
BRDA:15,6,2,0
BRDA:17,7,0,0
BRDA:17,7,1,0
BRDA:17,8,0,0
BRDA:17,8,1,0
BRDA:17,9,0,0
BRDA:17,9,1,0
BRDA:17,10,0,0
BRDA:17,10,1,0
BRDA:17,11,0,0
BRDA:17,11,1,0
BRF:23
BRH:0
end_of_record
TN:
SF:/home/travis/build/jThreeJS/jThree/lib/Goml/EasingFunctionList.js
FN:15,_interopRequireDefault
FNF:1
FNH:0
FNDA:0,_interopRequireDefault
DA:3,0
DA:7,0
DA:9,0
DA:11,0
DA:13,0
DA:15,1
DA:23,0
DA:27,0
LF:8
LH:1
BRDA:15,1,0,0
BRDA:15,1,1,0
BRDA:15,2,0,0
BRDA:15,2,1,0
BRF:4
BRH:0
end_of_record
TN:
SF:/home/travis/build/jThreeJS/jThree/lib/Goml/GomlAttribute.js
FN:7,(anonymous_1)
FN:7,defineProperties
FN:7,(anonymous_3)
FN:29,_interopRequireDefault
FN:31,_classCallCheck
FN:33,_possibleConstructorReturn
FN:35,_inherits
FN:41,(anonymous_8)
FN:44,GomlAttribute
FN:84,initialize
FN:117,done
FN:135,notifyValueChanged
FN:149,get
FN:154,get
FN:157,set
FN:187,get
FN:192,get
FN:195,set
FNF:18
FNH:0
FNDA:0,(anonymous_1)
FNDA:0,defineProperties
FNDA:0,(anonymous_3)
FNDA:0,_interopRequireDefault
FNDA:0,_classCallCheck
FNDA:0,_possibleConstructorReturn
FNDA:0,_inherits
FNDA:0,(anonymous_8)
FNDA:0,GomlAttribute
FNDA:0,initialize
FNDA:0,done
FNDA:0,notifyValueChanged
FNDA:0,get
FNDA:0,get
FNDA:0,set
FNDA:0,get
FNDA:0,get
FNDA:0,set
DA:3,0
DA:7,1
DA:9,0
DA:11,0
DA:13,0
DA:15,0
DA:17,0
DA:19,0
DA:21,0
DA:23,0
DA:25,0
DA:27,0
DA:29,1
DA:31,1
DA:33,1
DA:35,1
DA:41,0
DA:42,0
DA:44,1
DA:45,0
DA:52,0
DA:54,0
DA:60,0
DA:65,0
DA:66,0
DA:67,0
DA:68,0
DA:69,0
DA:70,0
DA:71,0
DA:72,0
DA:73,0
DA:82,0
DA:85,0
DA:86,0
DA:89,0
DA:94,0
DA:95,0
DA:96,0
DA:99,0
DA:100,0
DA:101,0
DA:102,0
DA:103,0
DA:106,0
DA:108,0
DA:118,0
DA:119,0
DA:120,0
DA:122,0
DA:136,0
DA:137,0
DA:139,0
DA:140,0
DA:141,0
DA:142,0
DA:144,0
DA:150,0
DA:155,0
DA:159,0
DA:160,0
DA:161,0
DA:163,0
DA:164,0
DA:166,0
DA:167,0
DA:169,0
DA:171,0
DA:174,0
DA:175,0
DA:188,0
DA:193,0
DA:196,0
DA:197,0
DA:199,0
DA:200,0
DA:201,0
DA:206,0
DA:209,0
LF:79
LH:6
BRDA:7,1,0,0
BRDA:7,1,1,0
BRDA:7,2,0,0
BRDA:7,2,1,0
BRDA:7,3,0,0
BRDA:7,3,1,0
BRDA:7,4,0,0
BRDA:7,4,1,0
BRDA:29,5,0,0
BRDA:29,5,1,0
BRDA:29,6,0,0
BRDA:29,6,1,0
BRDA:31,7,0,0
BRDA:31,7,1,0
BRDA:33,8,0,0
BRDA:33,8,1,0
BRDA:33,9,0,0
BRDA:33,9,1,0
BRDA:33,10,0,0
BRDA:33,10,1,0
BRDA:33,10,2,0
BRDA:35,11,0,0
BRDA:35,11,1,0
BRDA:35,12,0,0
BRDA:35,12,1,0
BRDA:35,13,0,0
BRDA:35,13,1,0
BRDA:35,14,0,0
BRDA:35,14,1,0
BRDA:35,15,0,0
BRDA:35,15,1,0
BRDA:69,16,0,0
BRDA:69,16,1,0
BRDA:70,17,0,0
BRDA:70,17,1,0
BRDA:85,18,0,0
BRDA:85,18,1,0
BRDA:89,19,0,0
BRDA:89,19,1,0
BRDA:96,20,0,0
BRDA:96,20,1,0
BRDA:96,21,0,0
BRDA:96,21,1,0
BRDA:118,22,0,0
BRDA:118,22,1,0
BRDA:136,23,0,0
BRDA:136,23,1,0
BRDA:139,24,0,0
BRDA:139,24,1,0
BRDA:139,25,0,0
BRDA:139,25,1,0
BRDA:140,26,0,0
BRDA:140,26,1,0
BRDA:159,27,0,0
BRDA:159,27,1,0
BRDA:159,28,0,0
BRDA:159,28,1,0
BRDA:163,29,0,0
BRDA:163,29,1,0
BRDA:174,30,0,0
BRDA:174,30,1,0
BRDA:188,31,0,0
BRDA:188,31,1,0
BRDA:193,32,0,0
BRDA:193,32,1,0
BRDA:196,33,0,0
BRDA:196,33,1,0
BRF:67
BRH:0
end_of_record
TN:
SF:/home/travis/build/jThreeJS/jThree/lib/Goml/GomlConfigurator.js
FN:7,(anonymous_1)
FN:7,defineProperties
FN:7,(anonymous_3)
FN:25,_interopRequireDefault
FN:27,_classCallCheck
FN:29,_possibleConstructorReturn
FN:31,_inherits
FN:38,(anonymous_8)
FN:47,GomlConfigurator
FN:75,getConverter
FN:80,getEasingFunction
FN:92,getGomlNode
FN:101,_initializeEasingFunctions
FN:114,_initializeConverters
FN:127,_initializeGomlNodes
FN:131,(anonymous_16)
FNF:16
FNH:0
FNDA:0,(anonymous_1)
FNDA:0,defineProperties
FNDA:0,(anonymous_3)
FNDA:0,_interopRequireDefault
FNDA:0,_classCallCheck
FNDA:0,_possibleConstructorReturn
FNDA:0,_inherits
FNDA:0,(anonymous_8)
FNDA:0,GomlConfigurator
FNDA:0,getConverter
FNDA:0,getEasingFunction
FNDA:0,getGomlNode
FNDA:0,_initializeEasingFunctions
FNDA:0,_initializeConverters
FNDA:0,_initializeGomlNodes
FNDA:0,(anonymous_16)
DA:3,0
DA:7,1
DA:9,0
DA:11,0
DA:13,0
DA:15,0
DA:17,0
DA:19,0
DA:21,0
DA:23,0
DA:25,1
DA:27,1
DA:29,1
DA:31,1
DA:38,0
DA:39,0
DA:47,1
DA:48,0
DA:54,0
DA:56,0
DA:60,0
DA:66,0
DA:67,0
DA:68,0
DA:69,0
DA:70,0
DA:73,0
DA:76,0
DA:81,0
DA:93,0
DA:102,0
DA:103,0
DA:104,0
DA:105,0
DA:115,0
DA:116,0
DA:117,0
DA:118,0
DA:128,0
DA:130,0
DA:131,0
DA:132,0
DA:133,0
DA:134,0
DA:135,0
DA:136,0
DA:142,0
DA:145,0
LF:48
LH:6
BRDA:7,1,0,0
BRDA:7,1,1,0
BRDA:7,2,0,0
BRDA:7,2,1,0
BRDA:7,3,0,0
BRDA:7,3,1,0
BRDA:7,4,0,0
BRDA:7,4,1,0
BRDA:25,5,0,0
BRDA:25,5,1,0
BRDA:25,6,0,0
BRDA:25,6,1,0
BRDA:27,7,0,0
BRDA:27,7,1,0
BRDA:29,8,0,0
BRDA:29,8,1,0
BRDA:29,9,0,0
BRDA:29,9,1,0
BRDA:29,10,0,0
BRDA:29,10,1,0
BRDA:29,10,2,0
BRDA:31,11,0,0
BRDA:31,11,1,0
BRDA:31,12,0,0
BRDA:31,12,1,0
BRDA:31,13,0,0
BRDA:31,13,1,0
BRDA:31,14,0,0
BRDA:31,14,1,0
BRDA:31,15,0,0
BRDA:31,15,1,0
BRF:31
BRH:0
end_of_record
TN:
SF:/home/travis/build/jThreeJS/jThree/lib/Goml/GomlConverterList.js
FN:43,_interopRequireDefault
FNF:1
FNH:0
FNDA:0,_interopRequireDefault
DA:3,0
DA:7,0
DA:9,0
DA:11,0
DA:13,0
DA:15,0
DA:17,0
DA:19,0
DA:21,0
DA:23,0
DA:25,0
DA:27,0
DA:29,0
DA:31,0
DA:33,0
DA:35,0
DA:37,0
DA:39,0
DA:41,0
DA:43,1
DA:45,0
DA:60,0
LF:22
LH:1
BRDA:43,1,0,0
BRDA:43,1,1,0
BRDA:43,2,0,0
BRDA:43,2,1,0
BRF:4
BRH:0
end_of_record
TN:
SF:/home/travis/build/jThreeJS/jThree/lib/Goml/GomlLoader.js
FN:7,(anonymous_1)
FN:7,defineProperties
FN:7,(anonymous_3)
FN:31,_interopRequireDefault
FN:33,_classCallCheck
FN:35,_possibleConstructorReturn
FN:37,_inherits
FN:43,(anonymous_8)
FN:55,GomlLoader
FN:66,(anonymous_10)
FN:68,(anonymous_11)
FN:80,initForPage
FN:99,_attemptToLoadGomlInScriptAttr
FN:107,(anonymous_14)
FN:127,_loadScriptTag
FN:134,(anonymous_16)
FN:157,_scriptLoaded
FN:173,(anonymous_18)
FNF:18
FNH:0
FNDA:0,(anonymous_1)
FNDA:0,defineProperties
FNDA:0,(anonymous_3)
FNDA:0,_interopRequireDefault
FNDA:0,_classCallCheck
FNDA:0,_possibleConstructorReturn
FNDA:0,_inherits
FNDA:0,(anonymous_8)
FNDA:0,GomlLoader
FNDA:0,(anonymous_10)
FNDA:0,(anonymous_11)
FNDA:0,initForPage
FNDA:0,_attemptToLoadGomlInScriptAttr
FNDA:0,(anonymous_14)
FNDA:0,_loadScriptTag
FNDA:0,(anonymous_16)
FNDA:0,_scriptLoaded
FNDA:0,(anonymous_18)
DA:3,0
DA:7,1
DA:9,0
DA:11,0
DA:13,0
DA:15,0
DA:17,0
DA:19,0
DA:21,0
DA:23,0
DA:25,0
DA:27,0
DA:29,0
DA:31,1
DA:33,1
DA:35,1
DA:37,1
DA:43,0
DA:44,0
DA:55,1
DA:56,0
DA:60,0
DA:62,0
DA:63,0
DA:64,0
DA:65,0
DA:66,0
DA:67,0
DA:71,0
DA:78,0
DA:81,0
DA:83,0
DA:85,0
DA:86,0
DA:87,0
DA:100,0
DA:102,0
DA:103,0
DA:104,0
DA:106,0
DA:107,0
DA:108,0
DA:110,0
DA:111,0
DA:112,0
DA:128,0
DA:130,0
DA:132,0
DA:134,0
DA:135,0
DA:137,0
DA:138,0
DA:139,0
DA:141,0
DA:142,0
DA:143,0
DA:144,0
DA:158,0
DA:160,0
DA:165,0
DA:166,0
DA:168,0
DA:169,0
DA:170,0
DA:171,0
DA:172,0
DA:173,0
DA:175,0
DA:176,0
DA:181,0
DA:184,0
LF:71
LH:6
BRDA:7,1,0,0
BRDA:7,1,1,0
BRDA:7,2,0,0
BRDA:7,2,1,0
BRDA:7,3,0,0
BRDA:7,3,1,0
BRDA:7,4,0,0
BRDA:7,4,1,0
BRDA:31,5,0,0
BRDA:31,5,1,0
BRDA:31,6,0,0
BRDA:31,6,1,0
BRDA:33,7,0,0
BRDA:33,7,1,0
BRDA:35,8,0,0
BRDA:35,8,1,0
BRDA:35,9,0,0
BRDA:35,9,1,0
BRDA:35,10,0,0
BRDA:35,10,1,0
BRDA:35,10,2,0
BRDA:37,11,0,0
BRDA:37,11,1,0
BRDA:37,12,0,0
BRDA:37,12,1,0
BRDA:37,13,0,0
BRDA:37,13,1,0
BRDA:37,14,0,0
BRDA:37,14,1,0
BRDA:37,15,0,0
BRDA:37,15,1,0
BRDA:103,16,0,0
BRDA:103,16,1,0
BRDA:132,17,0,0
BRDA:132,17,1,0
BRDA:143,18,0,0
BRDA:143,18,1,0
BRDA:165,19,0,0
BRDA:165,19,1,0
BRDA:165,20,0,0
BRDA:165,20,1,0
BRF:41
BRH:0
end_of_record
TN:
SF:/home/travis/build/jThreeJS/jThree/lib/Goml/GomlNodeDictionary.js
FN:7,(anonymous_1)
FN:7,defineProperties
FN:7,(anonymous_3)
FN:13,_interopRequireDefault
FN:15,_classCallCheck
FN:17,_possibleConstructorReturn
FN:19,_inherits
FN:25,(anonymous_8)
FN:28,GomlNodeDictionary
FN:62,addNode
FN:82,(anonymous_11)
FN:93,(anonymous_12)
FN:97,(anonymous_13)
FN:99,(anonymous_14)
FN:104,(anonymous_15)
FN:106,(anonymous_16)
FN:120,getNode
FNF:17
FNH:14
FNDA:1,(anonymous_1)
FNDA:1,defineProperties
FNDA:1,(anonymous_3)
FNDA:1,_interopRequireDefault
FNDA:5,_classCallCheck
FNDA:5,_possibleConstructorReturn
FNDA:1,_inherits
FNDA:1,(anonymous_8)
FNDA:5,GomlNodeDictionary
FNDA:6,addNode
FNDA:1,(anonymous_11)
FNDA:0,(anonymous_12)
FNDA:3,(anonymous_13)
FNDA:2,(anonymous_14)
FNDA:0,(anonymous_15)
FNDA:0,(anonymous_16)
FNDA:5,getNode
DA:3,1
DA:7,2
DA:9,1
DA:11,1
DA:13,1
DA:15,5
DA:17,5
DA:19,1
DA:25,1
DA:26,1
DA:28,1
DA:29,5
DA:31,5
DA:33,5
DA:34,0
DA:42,5
DA:44,5
DA:49,5
DA:50,5
DA:60,1
DA:63,6
DA:64,0
DA:68,6
DA:69,4
DA:71,6
DA:72,5
DA:74,6
DA:75,6
DA:76,6
DA:78,6
DA:79,1
DA:80,1
DA:82,1
DA:83,1
DA:86,1
DA:90,6
DA:91,6
DA:93,3
DA:94,0
DA:97,3
DA:99,3
DA:100,2
DA:104,6
DA:106,0
DA:107,0
DA:121,5
DA:122,0
DA:126,5
DA:127,1
DA:129,5
DA:130,1
DA:133,5
DA:134,5
DA:135,0
DA:137,5
DA:141,5
DA:145,1
DA:148,1
LF:58
LH:51
BRDA:7,1,0,2
BRDA:7,1,1,2
BRDA:7,2,0,2
BRDA:7,2,1,0
BRDA:7,3,0,1
BRDA:7,3,1,0
BRDA:7,4,0,0
BRDA:7,4,1,1
BRDA:13,5,0,1
BRDA:13,5,1,0
BRDA:13,6,0,1
BRDA:13,6,1,1
BRDA:15,7,0,0
BRDA:15,7,1,5
BRDA:17,8,0,0
BRDA:17,8,1,5
BRDA:17,9,0,0
BRDA:17,9,1,5
BRDA:17,10,0,5
BRDA:17,10,1,0
BRDA:17,10,2,0
BRDA:19,11,0,0
BRDA:19,11,1,1
BRDA:19,12,0,1
BRDA:19,12,1,0
BRDA:19,13,0,1
BRDA:19,13,1,1
BRDA:19,14,0,1
BRDA:19,14,1,0
BRDA:19,15,0,1
BRDA:19,15,1,0
BRDA:63,16,0,0
BRDA:63,16,1,6
BRDA:63,17,0,6
BRDA:63,17,1,6
BRDA:68,18,0,4
BRDA:68,18,1,2
BRDA:71,19,0,5
BRDA:71,19,1,1
BRDA:78,20,0,1
BRDA:78,20,1,5
BRDA:79,21,0,1
BRDA:79,21,1,0
BRDA:79,22,0,1
BRDA:79,22,1,1
BRDA:80,23,0,1
BRDA:80,23,1,0
BRDA:91,24,0,3
BRDA:91,24,1,3
BRDA:121,25,0,0
BRDA:121,25,1,5
BRDA:121,26,0,5
BRDA:121,26,1,5
BRDA:126,27,0,1
BRDA:126,27,1,4
BRDA:129,28,0,1
BRDA:129,28,1,4
BRDA:134,29,0,0
BRDA:134,29,1,5
BRDA:141,30,0,4
BRDA:141,30,1,1
BRDA:141,31,0,3
BRDA:141,31,1,1
BRF:63
BRH:45
end_of_record
TN:
SF:/home/travis/build/jThreeJS/jThree/lib/Goml/GomlNodeList.js
FN:163,_interopRequireDefault
FNF:1
FNH:0
FNDA:0,_interopRequireDefault
DA:3,0
DA:7,0
DA:9,0
DA:11,0
DA:13,0
DA:15,0
DA:17,0
DA:19,0
DA:21,0
DA:23,0
DA:25,0
DA:27,0
DA:29,0
DA:31,0
DA:33,0
DA:35,0
DA:37,0
DA:39,0
DA:41,0
DA:43,0
DA:45,0
DA:47,0
DA:49,0
DA:51,0
DA:53,0
DA:55,0
DA:57,0
DA:59,0
DA:61,0
DA:63,0
DA:65,0
DA:67,0
DA:69,0
DA:71,0
DA:73,0
DA:75,0
DA:77,0
DA:79,0
DA:81,0
DA:83,0
DA:85,0
DA:87,0
DA:89,0
DA:91,0
DA:93,0
DA:95,0
DA:97,0
DA:99,0
DA:101,0
DA:103,0
DA:105,0
DA:107,0
DA:109,0
DA:111,0
DA:113,0
DA:115,0
DA:117,0
DA:119,0
DA:121,0
DA:123,0
DA:125,0
DA:127,0
DA:129,0
DA:131,0
DA:133,0
DA:135,0
DA:137,0
DA:139,0
DA:141,0
DA:143,0
DA:145,0
DA:147,0
DA:149,0
DA:151,0
DA:153,0
DA:155,0
DA:157,0
DA:159,0
DA:161,0
DA:163,1
DA:165,0
DA:228,0
LF:82
LH:1
BRDA:163,1,0,0
BRDA:163,1,1,0
BRDA:163,2,0,0
BRDA:163,2,1,0
BRF:4
BRH:0
end_of_record
TN:
SF:/home/travis/build/jThreeJS/jThree/lib/Goml/GomlNodeListElement.js
FN:7,(anonymous_1)
FN:7,defineProperties
FN:7,(anonymous_3)
FN:13,_interopRequireDefault
FN:15,_classCallCheck
FN:17,_possibleConstructorReturn
FN:19,_inherits
FN:25,(anonymous_8)
FN:35,GomlNodeListElement
FN:47,get
FN:52,get
FNF:11
FNH:0
FNDA:0,(anonymous_1)
FNDA:0,defineProperties
FNDA:0,(anonymous_3)
FNDA:0,_interopRequireDefault
FNDA:0,_classCallCheck
FNDA:0,_possibleConstructorReturn
FNDA:0,_inherits
FNDA:0,(anonymous_8)
FNDA:0,GomlNodeListElement
FNDA:0,get
FNDA:0,get
DA:3,0
DA:7,1
DA:9,0
DA:11,0
DA:13,1
DA:15,1
DA:17,1
DA:19,1
DA:25,0
DA:26,0
DA:35,1
DA:36,0
DA:38,0
DA:40,0
DA:41,0
DA:42,0
DA:45,0
DA:48,0
DA:53,0
DA:57,0
DA:60,0
LF:21
LH:6
BRDA:7,1,0,0
BRDA:7,1,1,0
BRDA:7,2,0,0
BRDA:7,2,1,0
BRDA:7,3,0,0
BRDA:7,3,1,0
BRDA:7,4,0,0
BRDA:7,4,1,0
BRDA:13,5,0,0
BRDA:13,5,1,0
BRDA:13,6,0,0
BRDA:13,6,1,0
BRDA:15,7,0,0
BRDA:15,7,1,0
BRDA:17,8,0,0
BRDA:17,8,1,0
BRDA:17,9,0,0
BRDA:17,9,1,0
BRDA:17,10,0,0
BRDA:17,10,1,0
BRDA:17,10,2,0
BRDA:19,11,0,0
BRDA:19,11,1,0
BRDA:19,12,0,0
BRDA:19,12,1,0
BRDA:19,13,0,0
BRDA:19,13,1,0
BRDA:19,14,0,0
BRDA:19,14,1,0
BRDA:19,15,0,0
BRDA:19,15,1,0
BRF:31
BRH:0
end_of_record
TN:
SF:/home/travis/build/jThreeJS/jThree/lib/Goml/GomlParser.js
FN:7,(anonymous_1)
FN:7,defineProperties
FN:7,(anonymous_3)
FN:9,_classCallCheck
FN:16,(anonymous_5)
FN:17,GomlParser
FN:28,parse
FN:33,parseChild
FN:73,_createNode
FN:93,(anonymous_10)
FN:101,(anonymous_11)
FN:111,(anonymous_12)
FNF:12
FNH:0
FNDA:0,(anonymous_1)
FNDA:0,defineProperties
FNDA:0,(anonymous_3)
FNDA:0,_classCallCheck
FNDA:0,(anonymous_5)
FNDA:0,GomlParser
FNDA:0,parse
FNDA:0,parseChild
FNDA:0,_createNode
FNDA:0,(anonymous_10)
FNDA:0,(anonymous_11)
FNDA:0,(anonymous_12)
DA:3,0
DA:7,1
DA:9,1
DA:16,0
DA:17,1
DA:18,0
DA:21,0
DA:29,0
DA:35,0
DA:36,0
DA:38,0
DA:40,0
DA:41,0
DA:42,0
DA:43,0
DA:44,0
DA:47,0
DA:48,0
DA:49,0
DA:50,0
DA:55,0
DA:58,0
DA:59,0
DA:75,0
DA:77,0
DA:82,0
DA:83,0
DA:85,0
DA:93,0
DA:94,0
DA:96,0
DA:99,0
DA:100,0
DA:101,0
DA:102,0
DA:103,0
DA:104,0
DA:106,0
DA:107,0
DA:109,0
DA:111,0
DA:112,0
DA:116,0
DA:117,0
DA:119,0
DA:123,0
DA:126,0
LF:47
LH:3
BRDA:7,1,0,0
BRDA:7,1,1,0
BRDA:7,2,0,0
BRDA:7,2,1,0
BRDA:7,3,0,0
BRDA:7,3,1,0
BRDA:7,4,0,0
BRDA:7,4,1,0
BRDA:9,5,0,0
BRDA:9,5,1,0
BRDA:38,6,0,0
BRDA:38,6,1,0
BRDA:41,7,0,0
BRDA:41,7,1,0
BRDA:41,8,0,0
BRDA:41,8,1,0
BRDA:43,9,0,0
BRDA:43,9,1,0
BRDA:49,10,0,0
BRDA:49,10,1,0
BRDA:82,11,0,0
BRDA:82,11,1,0
BRDA:94,12,0,0
BRDA:94,12,1,0
BRDA:106,13,0,0
BRDA:106,13,1,0
BRF:26
BRH:0
end_of_record
TN:
SF:/home/travis/build/jThreeJS/jThree/lib/Goml/GomlTreeNodeBase.js
FN:7,(anonymous_1)
FN:7,defineProperties
FN:7,(anonymous_3)
FN:29,_interopRequireDefault
FN:31,_classCallCheck
FN:33,_possibleConstructorReturn
FN:35,_inherits
FN:41,(anonymous_8)
FN:48,GomlTreeNodeBase
FN:75,(anonymous_10)
FN:78,(anonymous_11)
FN:83,(anonymous_12)
FN:103,nodeExport
FN:119,nodeImport
FN:128,addBehavior
FN:137,getBehaviors
FN:142,update
FN:147,get
FNF:18
FNH:0
FNDA:0,(anonymous_1)
FNDA:0,defineProperties
FNDA:0,(anonymous_3)
FNDA:0,_interopRequireDefault
FNDA:0,_classCallCheck
FNDA:0,_possibleConstructorReturn
FNDA:0,_inherits
FNDA:0,(anonymous_8)
FNDA:0,GomlTreeNodeBase
FNDA:0,(anonymous_10)
FNDA:0,(anonymous_11)
FNDA:0,(anonymous_12)
FNDA:0,nodeExport
FNDA:0,nodeImport
FNDA:0,addBehavior
FNDA:0,getBehaviors
FNDA:0,update
FNDA:0,get
DA:3,0
DA:7,1
DA:9,0
DA:11,0
DA:13,0
DA:15,0
DA:17,0
DA:19,0
DA:21,0
DA:23,0
DA:25,0
DA:27,0
DA:29,1
DA:31,1
DA:33,1
DA:35,1
DA:41,0
DA:42,0
DA:48,1
DA:49,0
DA:56,0
DA:58,0
DA:64,0
DA:68,0
DA:70,0
DA:72,0
DA:73,0
DA:75,0
DA:76,0
DA:77,0
DA:78,0
DA:79,0
DA:82,0
DA:83,0
DA:84,0
DA:88,0
DA:96,0
DA:104,0
DA:105,0
DA:120,0
DA:129,0
DA:130,0
DA:131,0
DA:133,0
DA:138,0
DA:143,0
DA:148,0
DA:149,0
DA:150,0
DA:152,0
DA:153,0
DA:155,0
DA:159,0
DA:162,0
LF:54
LH:6
BRDA:7,1,0,0
BRDA:7,1,1,0
BRDA:7,2,0,0
BRDA:7,2,1,0
BRDA:7,3,0,0
BRDA:7,3,1,0
BRDA:7,4,0,0
BRDA:7,4,1,0
BRDA:29,5,0,0
BRDA:29,5,1,0
BRDA:29,6,0,0
BRDA:29,6,1,0
BRDA:31,7,0,0
BRDA:31,7,1,0
BRDA:33,8,0,0
BRDA:33,8,1,0
BRDA:33,9,0,0
BRDA:33,9,1,0
BRDA:33,10,0,0
BRDA:33,10,1,0
BRDA:33,10,2,0
BRDA:35,11,0,0
BRDA:35,11,1,0
BRDA:35,12,0,0
BRDA:35,12,1,0
BRDA:35,13,0,0
BRDA:35,13,1,0
BRDA:35,14,0,0
BRDA:35,14,1,0
BRDA:35,15,0,0
BRDA:35,15,1,0
BRDA:82,16,0,0
BRDA:82,16,1,0
BRDA:130,17,0,0
BRDA:130,17,1,0
BRDA:149,18,0,0
BRDA:149,18,1,0
BRDA:152,19,0,0
BRDA:152,19,1,0
BRF:39
BRH:0
end_of_record
TN:
SF:/home/travis/build/jThreeJS/jThree/lib/Goml/NodeManager.js
FN:7,(anonymous_1)
FN:7,defineProperties
FN:7,(anonymous_3)
FN:41,_interopRequireDefault
FN:43,_classCallCheck
FN:45,_possibleConstructorReturn
FN:47,_inherits
FN:49,(anonymous_8)
FN:52,NodeManager
FN:68,(anonymous_10)
FN:76,getContextComponentIndex
FN:81,update
FN:85,(anonymous_13)
FN:92,getNode
FN:97,getNodeByElement
FN:103,getElementByNode
FN:115,getNodeByQuery
FNF:17
FNH:0
FNDA:0,(anonymous_1)
FNDA:0,defineProperties
FNDA:0,(anonymous_3)
FNDA:0,_interopRequireDefault
FNDA:0,_classCallCheck
FNDA:0,_possibleConstructorReturn
FNDA:0,_inherits
FNDA:0,(anonymous_8)
FNDA:0,NodeManager
FNDA:0,(anonymous_10)
FNDA:0,getContextComponentIndex
FNDA:0,update
FNDA:0,(anonymous_13)
FNDA:0,getNode
FNDA:0,getNodeByElement
FNDA:0,getElementByNode
FNDA:0,getNodeByQuery
DA:3,0
DA:7,1
DA:9,0
DA:11,0
DA:13,0
DA:15,0
DA:17,0
DA:19,0
DA:21,0
DA:23,0
DA:25,0
DA:27,0
DA:29,0
DA:31,0
DA:33,0
DA:35,0
DA:37,0
DA:39,0
DA:41,1
DA:43,1
DA:45,1
DA:47,1
DA:49,0
DA:50,0
DA:52,1
DA:53,0
DA:55,0
DA:57,0
DA:58,0
DA:59,0
DA:60,0
DA:61,0
DA:62,0
DA:66,0
DA:67,0
DA:68,0
DA:69,0
DA:71,0
DA:74,0
DA:77,0
DA:82,0
DA:83,0
DA:85,0
DA:86,0
DA:88,0
DA:93,0
DA:98,0
DA:99,0
DA:104,0
DA:116,0
DA:117,0
DA:118,0
DA:119,0
DA:120,0
DA:121,0
DA:123,0
DA:127,0
DA:130,0
LF:58
LH:6
BRDA:7,1,0,0
BRDA:7,1,1,0
BRDA:7,2,0,0
BRDA:7,2,1,0
BRDA:7,3,0,0
BRDA:7,3,1,0
BRDA:7,4,0,0
BRDA:7,4,1,0
BRDA:41,5,0,0
BRDA:41,5,1,0
BRDA:41,6,0,0
BRDA:41,6,1,0
BRDA:43,7,0,0
BRDA:43,7,1,0
BRDA:45,8,0,0
BRDA:45,8,1,0
BRDA:45,9,0,0
BRDA:45,9,1,0
BRDA:45,10,0,0
BRDA:45,10,1,0
BRDA:45,10,2,0
BRDA:47,11,0,0
BRDA:47,11,1,0
BRDA:47,12,0,0
BRDA:47,12,1,0
BRDA:47,13,0,0
BRDA:47,13,1,0
BRDA:47,14,0,0
BRDA:47,14,1,0
BRDA:47,15,0,0
BRDA:47,15,1,0
BRDA:82,16,0,0
BRDA:82,16,1,0
BRDA:117,17,0,0
BRDA:117,17,1,0
BRF:35
BRH:0
end_of_record
TN:
SF:/home/travis/build/jThreeJS/jThree/lib/Goml/NodeProps.js
FN:7,(anonymous_1)
FN:7,defineProperties
FN:7,(anonymous_3)
FN:11,_defineProperty
FN:13,_classCallCheck
FN:15,_possibleConstructorReturn
FN:17,_inherits
FN:19,(anonymous_8)
FN:22,NodeProps
FN:40,setProp
FN:56,setEventToProp
FN:74,getProp
FNF:12
FNH:0
FNDA:0,(anonymous_1)
FNDA:0,defineProperties
FNDA:0,(anonymous_3)
FNDA:0,_defineProperty
FNDA:0,_classCallCheck
FNDA:0,_possibleConstructorReturn
FNDA:0,_inherits
FNDA:0,(anonymous_8)
FNDA:0,NodeProps
FNDA:0,setProp
FNDA:0,setEventToProp
FNDA:0,getProp
DA:3,0
DA:7,1
DA:9,0
DA:11,1
DA:13,1
DA:15,1
DA:17,1
DA:19,0
DA:20,0
DA:22,1
DA:23,0
DA:25,0
DA:27,0
DA:28,0
DA:38,0
DA:41,0
DA:42,0
DA:43,0
DA:57,0
DA:58,0
DA:59,0
DA:61,0
DA:75,0
DA:79,0
DA:82,0
LF:25
LH:6
BRDA:7,1,0,0
BRDA:7,1,1,0
BRDA:7,2,0,0
BRDA:7,2,1,0
BRDA:7,3,0,0
BRDA:7,3,1,0
BRDA:7,4,0,0
BRDA:7,4,1,0
BRDA:11,5,0,0
BRDA:11,5,1,0
BRDA:13,6,0,0
BRDA:13,6,1,0
BRDA:15,7,0,0
BRDA:15,7,1,0
BRDA:15,8,0,0
BRDA:15,8,1,0
BRDA:15,9,0,0
BRDA:15,9,1,0
BRDA:15,9,2,0
BRDA:17,10,0,0
BRDA:17,10,1,0
BRDA:17,11,0,0
BRDA:17,11,1,0
BRDA:17,12,0,0
BRDA:17,12,1,0
BRDA:17,13,0,0
BRDA:17,13,1,0
BRDA:17,14,0,0
BRDA:17,14,1,0
BRDA:58,15,0,0
BRDA:58,15,1,0
BRDA:58,16,0,0
BRDA:58,16,1,0
BRF:33
BRH:0
end_of_record
TN:
SF:/home/travis/build/jThreeJS/jThree/lib/Goml/TreeNodeBase.js
FN:7,(anonymous_1)
FN:7,defineProperties
FN:7,(anonymous_3)
FN:13,_interopRequireDefault
FN:15,_classCallCheck
FN:17,_possibleConstructorReturn
FN:19,_inherits
FN:36,(anonymous_8)
FN:39,TreeNodeBase
FN:54,(anonymous_10)
FN:60,(anonymous_11)
FN:66,(anonymous_12)
FN:72,(anonymous_13)
FN:88,callRecursive
FN:90,(anonymous_15)
FN:100,callRecursiveWithReturn
FN:103,(anonymous_17)
FN:119,addChild
FN:134,removeChild
FN:156,remove
FN:166,__onChildAdded
FN:176,__onChildRemoved
FN:187,__onMount
FN:198,__onUnmount
FN:203,get
FN:211,set
FN:217,(anonymous_27)
FN:223,(anonymous_28)
FNF:28
FNH:13
FNDA:1,(anonymous_1)
FNDA:1,defineProperties
FNDA:1,(anonymous_3)
FNDA:1,_interopRequireDefault
FNDA:5,_classCallCheck
FNDA:5,_possibleConstructorReturn
FNDA:1,_inherits
FNDA:1,(anonymous_8)
FNDA:5,TreeNodeBase
FNDA:0,(anonymous_10)
FNDA:0,(anonymous_11)
FNDA:5,(anonymous_12)
FNDA:0,(anonymous_13)
FNDA:0,callRecursive
FNDA:0,(anonymous_15)
FNDA:0,callRecursiveWithReturn
FNDA:0,(anonymous_17)
FNDA:0,addChild
FNDA:0,removeChild
FNDA:0,remove
FNDA:0,__onChildAdded
FNDA:0,__onChildRemoved
FNDA:5,__onMount
FNDA:0,__onUnmount
FNDA:11,get
FNDA:5,set
FNDA:0,(anonymous_27)
FNDA:0,(anonymous_28)
DA:3,1
DA:7,10
DA:9,1
DA:11,1
DA:13,1
DA:15,5
DA:17,5
DA:19,1
DA:36,1
DA:37,1
DA:39,1
DA:40,5
DA:46,5
DA:48,5
DA:53,5
DA:54,5
DA:55,0
DA:56,0
DA:57,0
DA:60,5
DA:61,0
DA:62,0
DA:63,0
DA:66,5
DA:67,5
DA:68,5
DA:69,5
DA:72,5
DA:73,0
DA:74,0
DA:75,0
DA:78,5
DA:86,1
DA:89,0
DA:90,0
DA:91,0
DA:101,0
DA:102,0
DA:103,0
DA:104,0
DA:106,0
DA:120,0
DA:121,0
DA:122,0
DA:123,0
DA:124,0
DA:135,0
DA:136,0
DA:137,0
DA:138,0
DA:139,0
DA:140,0
DA:141,0
DA:142,0
DA:145,0
DA:146,0
DA:157,0
DA:167,0
DA:177,0
DA:188,5
DA:199,0
DA:204,11
DA:212,5
DA:213,5
DA:214,5
DA:215,5
DA:216,5
DA:217,5
DA:218,0
DA:221,0
DA:222,0
DA:223,0
DA:224,0
DA:231,1
DA:234,1
LF:75
LH:34
BRDA:7,1,0,10
BRDA:7,1,1,10
BRDA:7,2,0,9
BRDA:7,2,1,1
BRDA:7,3,0,1
BRDA:7,3,1,0
BRDA:7,4,0,0
BRDA:7,4,1,1
BRDA:13,5,0,1
BRDA:13,5,1,0
BRDA:13,6,0,1
BRDA:13,6,1,1
BRDA:15,7,0,0
BRDA:15,7,1,5
BRDA:17,8,0,0
BRDA:17,8,1,5
BRDA:17,9,0,5
BRDA:17,9,1,0
BRDA:17,10,0,5
BRDA:17,10,1,5
BRDA:17,10,2,0
BRDA:19,11,0,0
BRDA:19,11,1,1
BRDA:19,12,0,1
BRDA:19,12,1,0
BRDA:19,13,0,1
BRDA:19,13,1,1
BRDA:19,14,0,1
BRDA:19,14,1,0
BRDA:19,15,0,1
BRDA:19,15,1,0
BRDA:56,16,0,0
BRDA:56,16,1,0
BRDA:62,17,0,0
BRDA:62,17,1,0
BRDA:68,18,0,5
BRDA:68,18,1,0
BRDA:74,19,0,0
BRDA:74,19,1,0
BRDA:122,20,0,0
BRDA:122,20,1,0
BRDA:137,21,0,0
BRDA:137,21,1,0
BRDA:140,22,0,0
BRDA:140,22,1,0
BRDA:212,23,0,5
BRDA:212,23,1,0
BRDA:212,24,0,5
BRDA:212,24,1,5
BRDA:214,25,0,5
BRDA:214,25,1,0
BRF:51
BRH:25
end_of_record
TN:
SF:/home/travis/build/jThreeJS/jThree/lib/Goml/VectorColorCombinedParser.js
FN:7,(anonymous_1)
FN:7,defineProperties
FN:7,(anonymous_3)
FN:25,_interopRequireDefault
FN:27,_classCallCheck
FN:29,(anonymous_6)
FN:30,VectorColorCombinedParser
FN:36,parseTuple3
FN:45,parseTuple4
FNF:9
FNH:6
FNDA:1,(anonymous_1)
FNDA:1,defineProperties
FNDA:1,(anonymous_3)
FNDA:4,_interopRequireDefault
FNDA:0,_classCallCheck
FNDA:1,(anonymous_6)
FNDA:0,VectorColorCombinedParser
FNDA:9,parseTuple3
FNDA:0,parseTuple4
DA:3,1
DA:7,2
DA:9,1
DA:11,1
DA:13,1
DA:15,1
DA:17,1
DA:19,1
DA:21,1
DA:23,1
DA:25,4
DA:27,1
DA:29,1
DA:30,1
DA:31,0
DA:34,1
DA:37,9
DA:38,9
DA:39,3
DA:41,6
DA:46,0
DA:47,0
DA:48,0
DA:50,0
DA:54,1
DA:57,1
LF:26
LH:21
BRDA:7,1,0,2
BRDA:7,1,1,2
BRDA:7,2,0,2
BRDA:7,2,1,0
BRDA:7,3,0,0
BRDA:7,3,1,1
BRDA:7,4,0,1
BRDA:7,4,1,0
BRDA:25,5,0,4
BRDA:25,5,1,0
BRDA:25,6,0,4
BRDA:25,6,1,4
BRDA:27,7,0,0
BRDA:27,7,1,0
BRDA:38,8,0,3
BRDA:38,8,1,6
BRDA:47,9,0,0
BRDA:47,9,1,0
BRF:18
BRH:10
end_of_record
TN:
SF:/home/travis/build/jThreeJS/jThree/lib/Interface/J3Object.js
FN:23,_interopRequireDefault
FN:25,_classCallCheck
FN:27,_possibleConstructorReturn
FN:29,_inherits
FN:35,(anonymous_5)
FN:43,J3Object
FN:57,(anonymous_7)
FNF:7
FNH:0
FNDA:0,_interopRequireDefault
FNDA:0,_classCallCheck
FNDA:0,_possibleConstructorReturn
FNDA:0,_inherits
FNDA:0,(anonymous_5)
FNDA:0,J3Object
FNDA:0,(anonymous_7)
DA:3,0
DA:7,0
DA:9,0
DA:11,0
DA:13,0
DA:15,0
DA:17,0
DA:19,0
DA:21,0
DA:23,1
DA:25,1
DA:27,1
DA:29,1
DA:35,0
DA:36,0
DA:43,1
DA:44,0
DA:46,0
DA:48,0
DA:49,0
DA:50,0
DA:52,0
DA:53,0
DA:55,0
DA:56,0
DA:58,0
DA:60,0
DA:61,0
DA:63,0
DA:65,0
DA:66,0
DA:67,0
DA:68,0
DA:70,0
DA:73,0
DA:76,0
LF:36
LH:5
BRDA:23,1,0,0
BRDA:23,1,1,0
BRDA:23,2,0,0
BRDA:23,2,1,0
BRDA:25,3,0,0
BRDA:25,3,1,0
BRDA:27,4,0,0
BRDA:27,4,1,0
BRDA:27,5,0,0
BRDA:27,5,1,0
BRDA:27,6,0,0
BRDA:27,6,1,0
BRDA:27,6,2,0
BRDA:29,7,0,0
BRDA:29,7,1,0
BRDA:29,8,0,0
BRDA:29,8,1,0
BRDA:29,9,0,0
BRDA:29,9,1,0
BRDA:29,10,0,0
BRDA:29,10,1,0
BRDA:29,11,0,0
BRDA:29,11,1,0
BRDA:50,12,0,0
BRDA:50,12,1,0
BRDA:50,12,2,0
BRDA:50,12,3,0
BRDA:57,13,0,0
BRDA:57,13,1,0
BRDA:65,14,0,0
BRDA:65,14,1,0
BRDA:67,15,0,0
BRDA:67,15,1,0
BRF:33
BRH:0
end_of_record
TN:
SF:/home/travis/build/jThreeJS/jThree/lib/Interface/J3ObjectBase.js
FN:7,(anonymous_1)
FN:7,defineProperties
FN:7,(anonymous_3)
FN:9,_classCallCheck
FN:11,(anonymous_5)
FN:12,J3ObjectBase
FN:20,__setArray
FN:26,__getArray
FN:27,(anonymous_9)
FNF:9
FNH:0
FNDA:0,(anonymous_1)
FNDA:0,defineProperties
FNDA:0,(anonymous_3)
FNDA:0,_classCallCheck
FNDA:0,(anonymous_5)
FNDA:0,J3ObjectBase
FNDA:0,__setArray
FNDA:0,__getArray
FNDA:0,(anonymous_9)
DA:3,0
DA:7,1
DA:9,1
DA:11,0
DA:12,1
DA:13,0
DA:15,0
DA:18,0
DA:21,0
DA:22,0
DA:27,0
DA:28,0
DA:33,0
DA:36,0
LF:14
LH:3
BRDA:7,1,0,0
BRDA:7,1,1,0
BRDA:7,2,0,0
BRDA:7,2,1,0
BRDA:7,3,0,0
BRDA:7,3,1,0
BRDA:7,4,0,0
BRDA:7,4,1,0
BRDA:9,5,0,0
BRDA:9,5,1,0
BRF:10
BRH:0
end_of_record
TN:
SF:/home/travis/build/jThreeJS/jThree/lib/Interface/J3ObjectMixins.js
FN:35,_interopRequireDefault
FN:37,J3ObjectMixins
FN:40,applyMixins
FN:41,(anonymous_4)
FN:42,(anonymous_5)
FN:55,applyStaticMixins
FN:56,(anonymous_7)
FN:57,(anonymous_8)
FNF:8
FNH:0
FNDA:0,_interopRequireDefault
FNDA:0,J3ObjectMixins
FNDA:0,applyMixins
FNDA:0,(anonymous_4)
FNDA:0,(anonymous_5)
FNDA:0,applyStaticMixins
FNDA:0,(anonymous_7)
FNDA:0,(anonymous_8)
DA:3,0
DA:7,0
DA:9,0
DA:11,0
DA:13,0
DA:15,0
DA:17,0
DA:19,0
DA:21,0
DA:23,0
DA:25,0
DA:27,0
DA:29,0
DA:31,0
DA:33,0
DA:35,1
DA:37,1
DA:38,0
DA:39,0
DA:40,1
DA:41,0
DA:42,0
DA:43,0
DA:44,0
DA:50,0
DA:55,1
DA:56,0
DA:57,0
DA:58,0
DA:59,0
DA:65,0
DA:70,0
DA:71,0
DA:73,0
LF:34
LH:4
BRDA:35,1,0,0
BRDA:35,1,1,0
BRDA:35,2,0,0
BRDA:35,2,1,0
BRDA:43,3,0,0
BRDA:43,3,1,0
BRDA:58,4,0,0
BRDA:58,4,1,0
BRDA:58,5,0,0
BRDA:58,5,1,0
BRDA:58,5,2,0
BRDA:58,5,3,0
BRDA:58,5,4,0
BRF:13
BRH:0
end_of_record
TN:
SF:/home/travis/build/jThreeJS/jThree/lib/Math/AABB.js
FN:7,(anonymous_1)
FN:7,defineProperties
FN:7,(anonymous_3)
FN:13,_interopRequireDefault
FN:15,_classCallCheck
FN:21,(anonymous_6)
FN:22,AABB
FN:33,expandAABB
FN:48,clear
FN:54,toMathematicaCuboid
FN:63,get
FN:72,get
FN:81,get
FNF:13
FNH:0
FNDA:0,(anonymous_1)
FNDA:0,defineProperties
FNDA:0,(anonymous_3)
FNDA:0,_interopRequireDefault
FNDA:0,_classCallCheck
FNDA:0,(anonymous_6)
FNDA:0,AABB
FNDA:0,expandAABB
FNDA:0,clear
FNDA:0,toMathematicaCuboid
FNDA:0,get
FNDA:0,get
FNDA:0,get
DA:3,0
DA:7,1
DA:9,0
DA:11,0
DA:13,1
DA:15,1
DA:21,0
DA:22,1
DA:23,0
DA:26,0
DA:34,0
DA:36,0
DA:37,0
DA:39,0
DA:40,0
DA:49,0
DA:50,0
DA:55,0
DA:64,0
DA:73,0
DA:82,0
DA:86,0
DA:89,0
LF:23
LH:4
BRDA:7,1,0,0
BRDA:7,1,1,0
BRDA:7,2,0,0
BRDA:7,2,1,0
BRDA:7,3,0,0
BRDA:7,3,1,0
BRDA:7,4,0,0
BRDA:7,4,1,0
BRDA:13,5,0,0
BRDA:13,5,1,0
BRDA:13,6,0,0
BRDA:13,6,1,0
BRDA:15,7,0,0
BRDA:15,7,1,0
BRDA:34,8,0,0
BRDA:34,8,1,0
BRF:16
BRH:0
end_of_record
TN:
SF:/home/travis/build/jThreeJS/jThree/lib/Math/Color3.js
FN:7,(anonymous_1)
FN:7,defineProperties
FN:7,(anonymous_3)
FN:25,_interopRequireDefault
FN:27,_classCallCheck
FN:29,_possibleConstructorReturn
FN:31,_inherits
FN:33,(anonymous_8)
FN:36,Color3
FN:47,toVector
FN:52,toVector4
FN:60,equalWith
FN:65,toString
FN:70,toDisplayString
FN:79,get
FN:84,get
FN:89,get
FN:94,get
FN:99,fromColor4
FN:104,parse
FN:111,internalParse
FN:139,equals
FNF:22
FNH:15
FNDA:1,(anonymous_1)
FNDA:2,defineProperties
FNDA:1,(anonymous_3)
FNDA:4,_interopRequireDefault
FNDA:12,_classCallCheck
FNDA:12,_possibleConstructorReturn
FNDA:1,_inherits
FNDA:1,(anonymous_8)
FNDA:12,Color3
FNDA:0,toVector
FNDA:0,toVector4
FNDA:6,equalWith
FNDA:0,toString
FNDA:0,toDisplayString
FNDA:0,get
FNDA:0,get
FNDA:0,get
FNDA:36,get
FNDA:2,fromColor4
FNDA:13,parse
FNDA:13,internalParse
FNDA:6,equals
DA:3,1
DA:7,13
DA:9,1
DA:11,1
DA:13,1
DA:15,1
DA:17,1
DA:19,1
DA:21,1
DA:23,1
DA:25,4
DA:27,12
DA:29,12
DA:31,1
DA:33,1
DA:34,1
DA:36,1
DA:37,12
DA:39,12
DA:41,12
DA:42,12
DA:45,1
DA:48,0
DA:53,0
DA:54,0
DA:56,0
DA:61,6
DA:66,0
DA:71,0
DA:72,0
DA:73,0
DA:74,0
DA:75,0
DA:80,0
DA:85,0
DA:90,0
DA:95,36
DA:100,2
DA:105,13
DA:112,13
DA:113,2
DA:114,2
DA:116,11
DA:117,11
DA:118,11
DA:120,11
DA:121,2
DA:122,2
DA:126,9
DA:127,9
DA:128,2
DA:129,2
DA:131,7
DA:132,7
DA:133,0
DA:135,7
DA:140,6
DA:144,1
DA:147,1
DA:148,1
LF:60
LH:46
BRDA:7,1,0,13
BRDA:7,1,1,13
BRDA:7,2,0,9
BRDA:7,2,1,4
BRDA:7,3,0,1
BRDA:7,3,1,0
BRDA:7,4,0,1
BRDA:7,4,1,0
BRDA:25,5,0,4
BRDA:25,5,1,0
BRDA:25,6,0,4
BRDA:25,6,1,4
BRDA:27,7,0,0
BRDA:27,7,1,12
BRDA:29,8,0,0
BRDA:29,8,1,12
BRDA:29,9,0,0
BRDA:29,9,1,12
BRDA:29,10,0,12
BRDA:29,10,1,0
BRDA:29,10,2,0
BRDA:31,11,0,0
BRDA:31,11,1,1
BRDA:31,12,0,1
BRDA:31,12,1,0
BRDA:31,13,0,1
BRDA:31,13,1,1
BRDA:31,14,0,1
BRDA:31,14,1,0
BRDA:31,15,0,1
BRDA:31,15,1,0
BRDA:53,16,0,0
BRDA:53,16,1,0
BRDA:112,17,0,2
BRDA:112,17,1,11
BRDA:112,18,0,13
BRDA:112,18,1,13
BRDA:117,19,0,11
BRDA:117,19,1,0
BRDA:120,20,0,2
BRDA:120,20,1,9
BRDA:127,21,0,2
BRDA:127,21,1,7
BRDA:132,22,0,0
BRDA:132,22,1,7
BRDA:132,23,0,7
BRDA:132,23,1,0
BRF:47
BRH:30
end_of_record
TN:
SF:/home/travis/build/jThreeJS/jThree/lib/Math/Color4.js
FN:7,(anonymous_1)
FN:7,defineProperties
FN:7,(anonymous_3)
FN:17,_interopRequireDefault
FN:19,_classCallCheck
FN:21,_possibleConstructorReturn
FN:23,_inherits
FN:25,(anonymous_8)
FN:28,Color4
FN:41,toVector
FN:46,equalWith
FN:51,toString
FN:56,toDisplayString
FN:66,get
FN:71,get
FN:76,get
FN:81,get
FN:86,get
FN:91,internalParse
FN:140,parse
FN:145,equals
FNF:21
FNH:17
FNDA:1,(anonymous_1)
FNDA:2,defineProperties
FNDA:1,(anonymous_3)
FNDA:2,_interopRequireDefault
FNDA:12,_classCallCheck
FNDA:12,_possibleConstructorReturn
FNDA:1,_inherits
FNDA:1,(anonymous_8)
FNDA:12,Color4
FNDA:0,toVector
FNDA:5,equalWith
FNDA:0,toString
FNDA:0,toDisplayString
FNDA:2,get
FNDA:2,get
FNDA:2,get
FNDA:0,get
FNDA:35,get
FNDA:9,internalParse
FNDA:6,parse
FNDA:5,equals
DA:3,1
DA:7,12
DA:9,1
DA:11,1
DA:13,1
DA:15,1
DA:17,2
DA:19,12
DA:21,12
DA:23,1
DA:25,1
DA:26,1
DA:28,1
DA:29,12
DA:31,12
DA:33,12
DA:34,12
DA:39,1
DA:42,0
DA:47,5
DA:52,0
DA:57,0
DA:58,0
DA:59,0
DA:60,0
DA:61,0
DA:62,0
DA:67,2
DA:72,2
DA:77,2
DA:82,0
DA:87,35
DA:92,9
DA:93,1
DA:95,8
DA:96,8
DA:97,5
DA:99,5
DA:100,1
DA:101,1
DA:104,7
DA:105,4
DA:107,4
DA:108,1
DA:109,1
DA:113,6
DA:114,6
DA:115,4
DA:116,4
DA:119,2
DA:120,2
DA:121,2
DA:122,1
DA:123,1
DA:126,1
DA:127,1
DA:128,0
DA:130,1
DA:131,1
DA:132,0
DA:133,0
DA:134,0
DA:136,1
DA:141,6
DA:146,5
DA:150,1
DA:153,1
DA:154,1
LF:68
LH:55
BRDA:7,1,0,12
BRDA:7,1,1,12
BRDA:7,2,0,7
BRDA:7,2,1,5
BRDA:7,3,0,1
BRDA:7,3,1,0
BRDA:7,4,0,1
BRDA:7,4,1,0
BRDA:17,5,0,2
BRDA:17,5,1,0
BRDA:17,6,0,2
BRDA:17,6,1,2
BRDA:19,7,0,0
BRDA:19,7,1,12
BRDA:21,8,0,0
BRDA:21,8,1,12
BRDA:21,9,0,0
BRDA:21,9,1,12
BRDA:21,10,0,12
BRDA:21,10,1,0
BRDA:21,10,2,0
BRDA:23,11,0,0
BRDA:23,11,1,1
BRDA:23,12,0,1
BRDA:23,12,1,0
BRDA:23,13,0,1
BRDA:23,13,1,1
BRDA:23,14,0,1
BRDA:23,14,1,0
BRDA:23,15,0,1
BRDA:23,15,1,0
BRDA:92,16,0,1
BRDA:92,16,1,8
BRDA:92,17,0,9
BRDA:92,17,1,6
BRDA:96,18,0,5
BRDA:96,18,1,3
BRDA:99,19,0,1
BRDA:99,19,1,4
BRDA:104,20,0,4
BRDA:104,20,1,3
BRDA:107,21,0,1
BRDA:107,21,1,3
BRDA:114,22,0,4
BRDA:114,22,1,2
BRDA:119,23,0,2
BRDA:119,23,1,0
BRDA:121,24,0,1
BRDA:121,24,1,1
BRDA:127,25,0,0
BRDA:127,25,1,1
BRDA:127,26,0,1
BRDA:127,26,1,0
BRDA:131,27,0,0
BRDA:131,27,1,1
BRDA:131,28,0,1
BRDA:131,28,1,0
BRDA:133,29,0,0
BRDA:133,29,1,0
BRF:59
BRH:40
end_of_record
TN:
SF:/home/travis/build/jThreeJS/jThree/lib/Math/Matrix.js
FN:7,(anonymous_1)
FN:7,defineProperties
FN:7,(anonymous_3)
FN:23,_interopRequireDefault
FN:25,_classCallCheck
FN:27,_possibleConstructorReturn
FN:29,_inherits
FN:31,(anonymous_8)
FN:34,Matrix
FN:49,getAt
FN:54,setAt
FN:59,getBySingleIndex
FN:64,getColmun
FN:74,getRow
FN:79,multiplyWith
FN:84,toString
FN:89,toMathematicaString
FN:94,get
FN:99,get
FN:104,get
FN:109,zero
FN:114,identity
FN:119,fromElements
FN:124,fromFunc
FN:129,equals
FN:134,add
FN:143,subtract
FN:148,scalarMultiply
FN:155,multiply
FN:161,trs
FN:170,negate
FN:175,transpose
FN:181,transformPoint
FN:188,transformNormal
FN:200,transform
FN:216,determinant
FN:225,inverse
FN:235,translate
FN:246,scale
FN:253,rotateX
FN:260,rotateY
FN:267,rotateZ
FN:274,rotationQuaternion
FN:283,frustum
FN:290,ortho
FN:297,perspective
FN:304,lookAt
FNF:47
FNH:45
FNDA:1,(anonymous_1)
FNDA:2,defineProperties
FNDA:1,(anonymous_3)
FNDA:3,_interopRequireDefault
FNDA:76,_classCallCheck
FNDA:76,_possibleConstructorReturn
FNDA:1,_inherits
FNDA:1,(anonymous_8)
FNDA:76,Matrix
FNDA:2,getAt
FNDA:1,setAt
FNDA:801,getBySingleIndex
FNDA:1,getColmun
FNDA:1,getRow
FNDA:1,multiplyWith
FNDA:0,toString
FNDA:0,toMathematicaString
FNDA:1,get
FNDA:73,get
FNDA:73,get
FNDA:3,zero
FNDA:3,identity
FNDA:1,fromElements
FNDA:1,fromFunc
FNDA:24,equals
FNDA:2,add
FNDA:1,subtract
FNDA:4,scalarMultiply
FNDA:2,multiply
FNDA:1,trs
FNDA:2,negate
FNDA:1,transpose
FNDA:1,transformPoint
FNDA:1,transformNormal
FNDA:1,transform
FNDA:1,determinant
FNDA:1,inverse
FNDA:4,translate
FNDA:2,scale
FNDA:1,rotateX
FNDA:1,rotateY
FNDA:1,rotateZ
FNDA:2,rotationQuaternion
FNDA:1,frustum
FNDA:1,ortho
FNDA:1,perspective
FNDA:1,lookAt
DA:3,1
DA:7,38
DA:9,1
DA:11,1
DA:13,1
DA:15,1
DA:17,1
DA:19,1
DA:21,1
DA:23,3
DA:25,76
DA:27,76
DA:29,1
DA:31,1
DA:32,1
DA:34,1
DA:35,76
DA:37,76
DA:39,76
DA:40,76
DA:42,0
DA:44,76
DA:47,1
DA:50,2
DA:55,1
DA:60,801
DA:65,1
DA:75,1
DA:80,1
DA:85,0
DA:90,0
DA:95,1
DA:100,73
DA:105,73
DA:110,3
DA:115,3
DA:120,1
DA:125,1
DA:130,24
DA:135,2
DA:136,2
DA:137,32
DA:139,2
DA:144,1
DA:149,4
DA:150,4
DA:151,4
DA:156,2
DA:157,2
DA:162,1
DA:163,1
DA:164,1
DA:165,1
DA:166,1
DA:171,2
DA:176,1
DA:177,1
DA:182,1
DA:183,1
DA:184,1
DA:189,1
DA:190,1
DA:191,1
DA:192,1
DA:193,1
DA:194,1
DA:195,1
DA:196,1
DA:201,1
DA:202,1
DA:203,1
DA:204,1
DA:205,1
DA:206,1
DA:207,1
DA:208,1
DA:217,1
DA:226,1
DA:227,1
DA:236,4
DA:237,4
DA:238,4
DA:247,2
DA:248,2
DA:249,2
DA:254,1
DA:255,1
DA:256,1
DA:261,1
DA:262,1
DA:263,1
DA:268,1
DA:269,1
DA:270,1
DA:275,2
DA:276,2
DA:277,2
DA:278,2
DA:279,2
DA:284,1
DA:285,1
DA:286,1
DA:291,1
DA:292,1
DA:293,1
DA:298,1
DA:299,1
DA:300,1
DA:305,1
DA:306,1
DA:307,1
DA:311,1
DA:314,1
LF:113
LH:110
BRDA:7,1,0,38
BRDA:7,1,1,38
BRDA:7,2,0,35
BRDA:7,2,1,3
BRDA:7,3,0,1
BRDA:7,3,1,0
BRDA:7,4,0,1
BRDA:7,4,1,0
BRDA:23,5,0,3
BRDA:23,5,1,0
BRDA:23,6,0,3
BRDA:23,6,1,3
BRDA:25,7,0,0
BRDA:25,7,1,76
BRDA:27,8,0,0
BRDA:27,8,1,76
BRDA:27,9,0,0
BRDA:27,9,1,76
BRDA:27,10,0,76
BRDA:27,10,1,0
BRDA:27,10,2,0
BRDA:29,11,0,0
BRDA:29,11,1,1
BRDA:29,12,0,1
BRDA:29,12,1,0
BRDA:29,13,0,1
BRDA:29,13,1,1
BRDA:29,14,0,1
BRDA:29,14,1,0
BRDA:29,15,0,1
BRDA:29,15,1,0
BRDA:39,16,0,76
BRDA:39,16,1,0
BRF:33
BRH:20
end_of_record
TN:
SF:/home/travis/build/jThreeJS/jThree/lib/Math/MatrixArray.js
FN:7,(anonymous_1)
FN:7,defineProperties
FN:7,(anonymous_3)
FN:13,_interopRequireDefault
FN:15,_classCallCheck
FN:17,(anonymous_6)
FN:18,MatrixArray
FN:26,getAt
FN:32,setAt
FN:39,getIdentityMatrixArray
FNF:10
FNH:5
FNDA:1,(anonymous_1)
FNDA:2,defineProperties
FNDA:1,(anonymous_3)
FNDA:1,_interopRequireDefault
FNDA:0,_classCallCheck
FNDA:1,(anonymous_6)
FNDA:0,MatrixArray
FNDA:0,getAt
FNDA:0,setAt
FNDA:0,getIdentityMatrixArray
DA:3,1
DA:7,3
DA:9,1
DA:11,1
DA:13,1
DA:15,1
DA:17,1
DA:18,1
DA:19,0
DA:21,0
DA:24,1
DA:27,0
DA:28,0
DA:33,0
DA:34,0
DA:40,0
DA:41,0
DA:42,0
DA:43,0
DA:44,0
DA:48,0
DA:52,1
DA:55,1
LF:23
LH:11
BRDA:7,1,0,3
BRDA:7,1,1,3
BRDA:7,2,0,3
BRDA:7,2,1,0
BRDA:7,3,0,1
BRDA:7,3,1,0
BRDA:7,4,0,1
BRDA:7,4,1,0
BRDA:13,5,0,1
BRDA:13,5,1,0
BRDA:13,6,0,1
BRDA:13,6,1,1
BRDA:15,7,0,0
BRDA:15,7,1,0
BRDA:44,8,0,0
BRDA:44,8,1,0
BRF:16
BRH:8
end_of_record
TN:
SF:/home/travis/build/jThreeJS/jThree/lib/Math/MatrixBase.js
FN:7,(anonymous_1)
FN:7,defineProperties
FN:7,(anonymous_3)
FN:9,_classCallCheck
FN:11,(anonymous_5)
FN:12,MatrixBase
FN:18,getAt
FN:23,getBySingleIndex
FN:28,get
FN:33,get
FN:38,__elementEquals
FNF:11
FNH:7
FNDA:1,(anonymous_1)
FNDA:2,defineProperties
FNDA:1,(anonymous_3)
FNDA:76,_classCallCheck
FNDA:1,(anonymous_5)
FNDA:76,MatrixBase
FNDA:0,getAt
FNDA:0,getBySingleIndex
FNDA:0,get
FNDA:0,get
FNDA:24,__elementEquals
DA:3,1
DA:7,5
DA:9,76
DA:11,1
DA:12,1
DA:13,76
DA:16,1
DA:19,0
DA:24,0
DA:29,0
DA:34,0
DA:39,24
DA:40,0
DA:42,24
DA:43,24
DA:44,384
DA:45,0
DA:48,24
DA:52,1
DA:55,1
LF:20
LH:14
BRDA:7,1,0,5
BRDA:7,1,1,5
BRDA:7,2,0,3
BRDA:7,2,1,2
BRDA:7,3,0,1
BRDA:7,3,1,0
BRDA:7,4,0,1
BRDA:7,4,1,0
BRDA:9,5,0,0
BRDA:9,5,1,76
BRDA:39,6,0,0
BRDA:39,6,1,24
BRDA:39,7,0,24
BRDA:39,7,1,24
BRDA:44,8,0,0
BRDA:44,8,1,384
BRF:16
BRH:11
end_of_record
TN:
SF:/home/travis/build/jThreeJS/jThree/lib/Math/PointList.js
FN:7,(anonymous_1)
FN:7,defineProperties
FN:7,(anonymous_3)
FN:23,_interopRequireDefault
FN:25,_classCallCheck
FN:27,(anonymous_6)
FN:28,PointList
FN:43,addPoint
FN:48,transform
FN:56,clear
FN:62,debugShow
FN:72,getBoundingBox
FN:81,toMathematicaPoints
FN:93,initializeWithCube
FNF:14
FNH:0
FNDA:0,(anonymous_1)
FNDA:0,defineProperties
FNDA:0,(anonymous_3)
FNDA:0,_interopRequireDefault
FNDA:0,_classCallCheck
FNDA:0,(anonymous_6)
FNDA:0,PointList
FNDA:0,addPoint
FNDA:0,transform
FNDA:0,clear
FNDA:0,debugShow
FNDA:0,getBoundingBox
FNDA:0,toMathematicaPoints
FNDA:0,initializeWithCube
DA:3,0
DA:7,1
DA:9,0
DA:11,0
DA:13,0
DA:15,0
DA:17,0
DA:19,0
DA:21,0
DA:23,1
DA:25,1
DA:27,0
DA:28,1
DA:29,0
DA:31,0
DA:32,0
DA:33,0
DA:34,0
DA:37,0
DA:41,0
DA:44,0
DA:49,0
DA:50,0
DA:52,0
DA:57,0
DA:58,0
DA:63,0
DA:64,0
DA:65,0
DA:67,0
DA:68,0
DA:73,0
DA:74,0
DA:75,0
DA:77,0
DA:82,0
DA:83,0
DA:84,0
DA:85,0
DA:87,0
DA:89,0
DA:94,0
DA:95,0
DA:96,0
DA:97,0
DA:98,0
DA:99,0
DA:100,0
DA:101,0
DA:102,0
DA:103,0
DA:107,0
DA:110,0
LF:53
LH:4
BRDA:7,1,0,0
BRDA:7,1,1,0
BRDA:7,2,0,0
BRDA:7,2,1,0
BRDA:7,3,0,0
BRDA:7,3,1,0
BRDA:7,4,0,0
BRDA:7,4,1,0
BRDA:23,5,0,0
BRDA:23,5,1,0
BRDA:23,6,0,0
BRDA:23,6,1,0
BRDA:25,7,0,0
BRDA:25,7,1,0
BRDA:31,8,0,0
BRDA:31,8,1,0
BRDA:84,9,0,0
BRDA:84,9,1,0
BRF:18
BRH:0
end_of_record
TN:
SF:/home/travis/build/jThreeJS/jThree/lib/Math/Quaternion.js
FN:7,(anonymous_1)
FN:7,defineProperties
FN:7,(anonymous_3)
FN:23,_interopRequireDefault
FN:25,_classCallCheck
FN:27,_possibleConstructorReturn
FN:29,_inherits
FN:41,(anonymous_8)
FN:48,Quaternion
FN:63,normalize
FN:69,inverse
FN:75,toAngleAxisString
FN:88,toString
FN:93,factoringQuaternionZXY
FN:110,factoringQuaternionXYZ
FN:127,get
FN:131,set
FN:140,get
FN:149,get
FN:158,get
FN:167,get
FN:177,get
FN:186,get
FN:196,get
FN:201,equals
FN:215,add
FN:225,multiply
FN:235,angleAxis
FN:245,euler
FN:250,eulerXYZ
FN:255,slerp
FN:268,angle
FN:275,fromToRotation
FN:282,lookRotation
FN:314,get
FNF:35
FNH:24
FNDA:1,(anonymous_1)
FNDA:2,defineProperties
FNDA:1,(anonymous_3)
FNDA:3,_interopRequireDefault
FNDA:50,_classCallCheck
FNDA:50,_possibleConstructorReturn
FNDA:1,_inherits
FNDA:1,(anonymous_8)
FNDA:50,Quaternion
FNDA:1,normalize
FNDA:1,inverse
FNDA:0,toAngleAxisString
FNDA:0,toString
FNDA:0,factoringQuaternionZXY
FNDA:0,factoringQuaternionXYZ
FNDA:0,get
FNDA:0,set
FNDA:2,get
FNDA:2,get
FNDA:2,get
FNDA:1,get
FNDA:1,get
FNDA:1,get
FNDA:1,get
FNDA:7,equals
FNDA:1,add
FNDA:11,multiply
FNDA:15,angleAxis
FNDA:5,euler
FNDA:0,eulerXYZ
FNDA:0,slerp
FNDA:0,angle
FNDA:0,fromToRotation
FNDA:0,lookRotation
FNDA:1,get
DA:3,1
DA:7,25
DA:9,1
DA:11,1
DA:13,1
DA:15,1
DA:17,1
DA:19,1
DA:21,1
DA:23,3
DA:25,50
DA:27,50
DA:29,1
DA:41,1
DA:42,1
DA:48,1
DA:49,50
DA:51,50
DA:53,50
DA:54,50
DA:57,1
DA:64,1
DA:65,1
DA:70,1
DA:71,1
DA:76,0
DA:77,0
DA:78,0
DA:79,0
DA:80,0
DA:81,0
DA:83,0
DA:89,0
DA:94,0
DA:95,0
DA:96,0
DA:97,0
DA:98,0
DA:99,0
DA:100,0
DA:102,0
DA:103,0
DA:104,0
DA:106,0
DA:111,0
DA:112,0
DA:113,0
DA:114,0
DA:115,0
DA:116,0
DA:117,0
DA:119,0
DA:120,0
DA:121,0
DA:123,0
DA:128,0
DA:129,0
DA:132,0
DA:141,2
DA:150,2
DA:159,2
DA:168,1
DA:178,1
DA:187,1
DA:188,1
DA:197,1
DA:202,7
DA:203,28
DA:204,0
DA:207,7
DA:216,1
DA:217,1
DA:226,11
DA:227,11
DA:236,15
DA:237,15
DA:238,15
DA:239,15
DA:240,15
DA:241,15
DA:246,5
DA:251,0
DA:256,0
DA:257,0
DA:269,0
DA:270,0
DA:271,0
DA:276,0
DA:277,0
DA:278,0
DA:283,0
DA:284,0
DA:285,0
DA:286,0
DA:287,0
DA:288,0
DA:289,0
DA:290,0
DA:291,0
DA:292,0
DA:293,0
DA:294,0
DA:295,0
DA:296,0
DA:297,0
DA:298,0
DA:299,0
DA:301,0
DA:302,0
DA:303,0
DA:305,0
DA:306,0
DA:307,0
DA:309,0
DA:310,0
DA:315,1
DA:319,1
DA:322,1
LF:118
LH:50
BRDA:7,1,0,25
BRDA:7,1,1,25
BRDA:7,2,0,16
BRDA:7,2,1,9
BRDA:7,3,0,1
BRDA:7,3,1,0
BRDA:7,4,0,1
BRDA:7,4,1,0
BRDA:23,5,0,3
BRDA:23,5,1,0
BRDA:23,6,0,3
BRDA:23,6,1,3
BRDA:25,7,0,0
BRDA:25,7,1,50
BRDA:27,8,0,0
BRDA:27,8,1,50
BRDA:27,9,0,0
BRDA:27,9,1,50
BRDA:27,10,0,50
BRDA:27,10,1,0
BRDA:27,10,2,0
BRDA:29,11,0,0
BRDA:29,11,1,1
BRDA:29,12,0,1
BRDA:29,12,1,0
BRDA:29,13,0,1
BRDA:29,13,1,1
BRDA:29,14,0,1
BRDA:29,14,1,0
BRDA:29,15,0,1
BRDA:29,15,1,0
BRDA:78,16,0,0
BRDA:78,16,1,0
BRDA:78,17,0,0
BRDA:78,17,1,0
BRDA:80,18,0,0
BRDA:80,18,1,0
BRDA:97,19,0,0
BRDA:97,19,1,0
BRDA:114,20,0,0
BRDA:114,20,1,0
BRDA:203,21,0,0
BRDA:203,21,1,28
BRDA:283,22,0,0
BRDA:283,22,1,0
BRDA:297,23,0,0
BRDA:297,23,1,0
BRDA:301,24,0,0
BRDA:301,24,1,0
BRDA:301,25,0,0
BRDA:301,25,1,0
BRDA:305,26,0,0
BRDA:305,26,1,0
BRF:53
BRH:20
end_of_record
TN:
SF:/home/travis/build/jThreeJS/jThree/lib/Math/Rectangle.js
FN:7,(anonymous_1)
FN:7,defineProperties
FN:7,(anonymous_3)
FN:17,_interopRequireDefault
FN:19,_classCallCheck
FN:21,_possibleConstructorReturn
FN:23,_inherits
FN:25,(anonymous_8)
FN:28,Rectangle
FN:42,contains
FN:54,toLocal
FN:68,toString
FN:73,get
FN:78,get
FN:83,get
FN:88,get
FN:93,get
FN:98,get
FN:103,equals
FN:108,edgeSizeEquals
FNF:20
FNH:0
FNDA:0,(anonymous_1)
FNDA:0,defineProperties
FNDA:0,(anonymous_3)
FNDA:0,_interopRequireDefault
FNDA:0,_classCallCheck
FNDA:0,_possibleConstructorReturn
FNDA:0,_inherits
FNDA:0,(anonymous_8)
FNDA:0,Rectangle
FNDA:0,contains
FNDA:0,toLocal
FNDA:0,toString
FNDA:0,get
FNDA:0,get
FNDA:0,get
FNDA:0,get
FNDA:0,get
FNDA:0,get
FNDA:0,equals
FNDA:0,edgeSizeEquals
DA:3,0
DA:7,1
DA:9,0
DA:11,0
DA:13,0
DA:15,0
DA:17,1
DA:19,1
DA:21,1
DA:23,1
DA:25,0
DA:26,0
DA:28,1
DA:29,0
DA:31,0
DA:33,0
DA:34,0
DA:35,0
DA:36,0
DA:37,0
DA:40,0
DA:43,0
DA:44,0
DA:45,0
DA:46,0
DA:48,0
DA:50,0
DA:55,0
DA:56,0
DA:57,0
DA:58,0
DA:60,0
DA:62,0
DA:63,0
DA:64,0
DA:69,0
DA:74,0
DA:79,0
DA:84,0
DA:89,0
DA:94,0
DA:99,0
DA:104,0
DA:109,0
DA:113,0
DA:116,0
LF:46
LH:6
BRDA:7,1,0,0
BRDA:7,1,1,0
BRDA:7,2,0,0
BRDA:7,2,1,0
BRDA:7,3,0,0
BRDA:7,3,1,0
BRDA:7,4,0,0
BRDA:7,4,1,0
BRDA:17,5,0,0
BRDA:17,5,1,0
BRDA:17,6,0,0
BRDA:17,6,1,0
BRDA:19,7,0,0
BRDA:19,7,1,0
BRDA:21,8,0,0
BRDA:21,8,1,0
BRDA:21,9,0,0
BRDA:21,9,1,0
BRDA:21,10,0,0
BRDA:21,10,1,0
BRDA:21,10,2,0
BRDA:23,11,0,0
BRDA:23,11,1,0
BRDA:23,12,0,0
BRDA:23,12,1,0
BRDA:23,13,0,0
BRDA:23,13,1,0
BRDA:23,14,0,0
BRDA:23,14,1,0
BRDA:23,15,0,0
BRDA:23,15,1,0
BRDA:44,16,0,0
BRDA:44,16,1,0
BRDA:50,17,0,0
BRDA:50,17,1,0
BRDA:50,17,2,0
BRDA:50,17,3,0
BRDA:56,18,0,0
BRDA:56,18,1,0
BRDA:64,19,0,0
BRDA:64,19,1,0
BRDA:104,20,0,0
BRDA:104,20,1,0
BRDA:104,20,2,0
BRDA:104,20,3,0
BRDA:109,21,0,0
BRDA:109,21,1,0
BRF:47
BRH:0
end_of_record
TN:
SF:/home/travis/build/jThreeJS/jThree/lib/Math/Vector2.js
FN:7,(anonymous_1)
FN:7,defineProperties
FN:7,(anonymous_3)
FN:15,_interopRequireDefault
FN:17,_classCallCheck
FN:19,_possibleConstructorReturn
FN:21,_inherits
FN:23,(anonymous_8)
FN:26,Vector2
FN:41,dotWith
FN:46,addWith
FN:51,subtractWith
FN:56,multiplyWith
FN:61,negateThis
FN:66,equalWith
FN:71,nearlyEqualWith
FN:76,normalizeThis
FN:81,toString
FN:86,toDisplayString
FN:91,toMathematicaString
FN:96,get
FN:101,get
FN:104,set
FN:109,get
FN:112,set
FN:117,get
FN:122,copy
FN:127,parse
FN:152,dot
FN:157,add
FN:163,subtract
FN:169,multiply
FN:175,negate
FN:180,equals
FN:185,nearlyEquals
FN:190,normalize
FN:196,min
FN:197,(anonymous_38)
FN:203,max
FN:204,(anonymous_40)
FN:210,angle
FN:215,get
FN:220,get
FN:225,get
FN:230,get
FNF:45
FNH:44
FNDA:1,(anonymous_1)
FNDA:2,defineProperties
FNDA:1,(anonymous_3)
FNDA:1,_interopRequireDefault
FNDA:86,_classCallCheck
FNDA:101,_possibleConstructorReturn
FNDA:1,_inherits
FNDA:1,(anonymous_8)
FNDA:86,Vector2
FNDA:1,dotWith
FNDA:1,addWith
FNDA:1,subtractWith
FNDA:3,multiplyWith
FNDA:1,negateThis
FNDA:20,equalWith
FNDA:3,nearlyEqualWith
FNDA:1,normalizeThis
FNDA:2,toString
FNDA:1,toDisplayString
FNDA:1,toMathematicaString
FNDA:2,get
FNDA:5,get
FNDA:1,set
FNDA:5,get
FNDA:1,set
FNDA:138,get
FNDA:1,copy
FNDA:0,parse
FNDA:3,dot
FNDA:2,add
FNDA:2,subtract
FNDA:6,multiply
FNDA:2,negate
FNDA:21,equals
FNDA:4,nearlyEquals
FNDA:3,normalize
FNDA:1,min
FNDA:2,(anonymous_38)
FNDA:1,max
FNDA:2,(anonymous_40)
FNDA:1,angle
FNDA:1,get
FNDA:1,get
FNDA:1,get
FNDA:1,get
DA:3,1
DA:7,32
DA:9,1
DA:11,1
DA:13,1
DA:15,1
DA:17,86
DA:19,101
DA:21,1
DA:23,1
DA:24,1
DA:26,1
DA:27,86
DA:29,86
DA:31,86
DA:32,15
DA:33,15
DA:35,71
DA:36,71
DA:39,1
[...]
BRDA:27,2,0,0
BRDA:27,2,1,0
BRDA:29,3,0,0
BRDA:29,3,1,0
BRDA:31,4,0,0
BRDA:31,4,1,0
BRDA:31,5,0,0
BRDA:31,5,1,0
BRDA:31,6,0,0
BRDA:31,6,1,0
BRDA:31,6,2,0
BRDA:33,7,0,0
BRDA:33,7,1,0
BRDA:33,8,0,0
BRDA:33,8,1,0
BRDA:33,9,0,0
BRDA:33,9,1,0
BRDA:33,10,0,0
BRDA:33,10,1,0
BRDA:33,11,0,0
BRDA:33,11,1,0
BRF:23
BRH:0
end_of_record
TN:
SF:/home/travis/build/jThreeJS/jThree/lib/Core/SceneObjects/Light/Impl/DirectionalLight.js
FN:31,_interopRequireDefault
FN:33,_classCallCheck
FN:35,_possibleConstructorReturn
FN:37,_inherits
FN:43,(anonymous_5)
FN:46,DirectionalLight
FN:54,(anonymous_7)
FN:61,(anonymous_8)
FNF:8
FNH:0
FNDA:0,_interopRequireDefault
FNDA:0,_classCallCheck
FNDA:0,_possibleConstructorReturn
FNDA:0,_inherits
FNDA:0,(anonymous_5)
FNDA:0,DirectionalLight
FNDA:0,(anonymous_7)
FNDA:0,(anonymous_8)
DA:3,0
DA:7,0
DA:9,0
DA:11,0
DA:13,0
DA:15,0
DA:17,0
DA:19,0
DA:21,0
DA:23,0
DA:25,0
DA:27,0
DA:29,0
DA:31,1
DA:33,1
DA:35,1
DA:37,1
DA:43,0
DA:44,0
DA:46,1
DA:47,0
DA:49,0
DA:51,0
DA:52,0
DA:53,0
DA:54,0
DA:55,0
DA:60,0
DA:61,0
DA:62,0
DA:67,0
DA:68,0
DA:69,0
DA:72,0
DA:75,0
LF:35
LH:5
BRDA:31,1,0,0
BRDA:31,1,1,0
BRDA:31,2,0,0
BRDA:31,2,1,0
BRDA:33,3,0,0
BRDA:33,3,1,0
BRDA:35,4,0,0
BRDA:35,4,1,0
BRDA:35,5,0,0
BRDA:35,5,1,0
BRDA:35,6,0,0
BRDA:35,6,1,0
BRDA:35,6,2,0
BRDA:37,7,0,0
BRDA:37,7,1,0
BRDA:37,8,0,0
BRDA:37,8,1,0
BRDA:37,9,0,0
BRDA:37,9,1,0
BRDA:37,10,0,0
BRDA:37,10,1,0
BRDA:37,11,0,0
BRDA:37,11,1,0
BRF:23
BRH:0
end_of_record
TN:
SF:/home/travis/build/jThreeJS/jThree/lib/Core/SceneObjects/Light/Impl/PointLight.js
FN:31,_interopRequireDefault
FN:33,_classCallCheck
FN:35,_possibleConstructorReturn
FN:37,_inherits
FN:43,(anonymous_5)
FN:46,PointLight
FN:56,(anonymous_7)
FN:66,(anonymous_8)
FNF:8
FNH:0
FNDA:0,_interopRequireDefault
FNDA:0,_classCallCheck
FNDA:0,_possibleConstructorReturn
FNDA:0,_inherits
FNDA:0,(anonymous_5)
FNDA:0,PointLight
FNDA:0,(anonymous_7)
FNDA:0,(anonymous_8)
DA:3,0
DA:7,0
DA:9,0
DA:11,0
DA:13,0
DA:15,0
DA:17,0
DA:19,0
DA:21,0
DA:23,0
DA:25,0
DA:27,0
DA:29,0
DA:31,1
DA:33,1
DA:35,1
DA:37,1
DA:43,0
DA:44,0
DA:46,1
DA:47,0
DA:49,0
DA:51,0
DA:52,0
DA:53,0
DA:54,0
DA:55,0
DA:56,0
DA:57,0
DA:58,0
DA:65,0
DA:66,0
DA:67,0
DA:68,0
DA:75,0
DA:76,0
DA:77,0
DA:80,0
DA:83,0
LF:39
LH:5
BRDA:31,1,0,0
BRDA:31,1,1,0
BRDA:31,2,0,0
BRDA:31,2,1,0
BRDA:33,3,0,0
BRDA:33,3,1,0
BRDA:35,4,0,0
BRDA:35,4,1,0
BRDA:35,5,0,0
BRDA:35,5,1,0
BRDA:35,6,0,0
BRDA:35,6,1,0
BRDA:35,6,2,0
BRDA:37,7,0,0
BRDA:37,7,1,0
BRDA:37,8,0,0
BRDA:37,8,1,0
BRDA:37,9,0,0
BRDA:37,9,1,0
BRDA:37,10,0,0
BRDA:37,10,1,0
BRDA:37,11,0,0
BRDA:37,11,1,0
BRF:23
BRH:0
end_of_record
TN:
SF:/home/travis/build/jThreeJS/jThree/lib/Core/SceneObjects/Light/Impl/SceneLight.js
FN:23,_interopRequireDefault
FN:25,_classCallCheck
FN:27,_possibleConstructorReturn
FN:29,_inherits
FN:37,(anonymous_5)
FN:40,SceneLight
FN:48,(anonymous_7)
FNF:7
FNH:0
FNDA:0,_interopRequireDefault
FNDA:0,_classCallCheck
FNDA:0,_possibleConstructorReturn
FNDA:0,_inherits
FNDA:0,(anonymous_5)
FNDA:0,SceneLight
FNDA:0,(anonymous_7)
DA:3,0
DA:7,0
DA:9,0
DA:11,0
DA:13,0
DA:15,0
DA:17,0
DA:19,0
DA:21,0
DA:23,1
DA:25,1
DA:27,1
DA:29,1
DA:37,0
DA:38,0
DA:40,1
DA:41,0
DA:43,0
DA:45,0
DA:46,0
DA:47,0
DA:48,0
DA:49,0
DA:53,0
DA:54,0
DA:57,0
DA:60,0
LF:27
LH:5
BRDA:23,1,0,0
BRDA:23,1,1,0
BRDA:23,2,0,0
BRDA:23,2,1,0
BRDA:25,3,0,0
BRDA:25,3,1,0
BRDA:27,4,0,0
BRDA:27,4,1,0
BRDA:27,5,0,0
BRDA:27,5,1,0
BRDA:27,6,0,0
BRDA:27,6,1,0
BRDA:27,6,2,0
BRDA:29,7,0,0
BRDA:29,7,1,0
BRDA:29,8,0,0
BRDA:29,8,1,0
BRDA:29,9,0,0
BRDA:29,9,1,0
BRDA:29,10,0,0
BRDA:29,10,1,0
BRDA:29,11,0,0
BRDA:29,11,1,0
BRF:23
BRH:0
end_of_record
TN:
SF:/home/travis/build/jThreeJS/jThree/lib/Core/SceneObjects/Light/Impl/SpotLight.js
FN:31,_interopRequireDefault
FN:33,_classCallCheck
FN:35,_possibleConstructorReturn
FN:37,_inherits
FN:43,(anonymous_5)
FN:46,SpotLight
FN:60,(anonymous_7)
FN:76,(anonymous_8)
FNF:8
FNH:0
FNDA:0,_interopRequireDefault
FNDA:0,_classCallCheck
FNDA:0,_possibleConstructorReturn
FNDA:0,_inherits
FNDA:0,(anonymous_5)
FNDA:0,SpotLight
FNDA:0,(anonymous_7)
FNDA:0,(anonymous_8)
DA:3,0
DA:7,0
DA:9,0
DA:11,0
DA:13,0
DA:15,0
DA:17,0
DA:19,0
DA:21,0
DA:23,0
DA:25,0
DA:27,0
DA:29,0
DA:31,1
DA:33,1
DA:35,1
DA:37,1
DA:43,0
DA:44,0
DA:46,1
DA:47,0
DA:49,0
DA:51,0
DA:52,0
DA:53,0
DA:54,0
DA:55,0
DA:56,0
DA:57,0
DA:58,0
DA:59,0
DA:60,0
DA:61,0
DA:62,0
DA:63,0
DA:75,0
DA:76,0
DA:77,0
DA:78,0
DA:79,0
DA:88,0
DA:89,0
DA:90,0
DA:93,0
DA:96,0
LF:45
LH:5
BRDA:31,1,0,0
BRDA:31,1,1,0
BRDA:31,2,0,0
BRDA:31,2,1,0
BRDA:33,3,0,0
BRDA:33,3,1,0
BRDA:35,4,0,0
BRDA:35,4,1,0
BRDA:35,5,0,0
BRDA:35,5,1,0
BRDA:35,6,0,0
BRDA:35,6,1,0
BRDA:35,6,2,0
BRDA:37,7,0,0
BRDA:37,7,1,0
BRDA:37,8,0,0
BRDA:37,8,1,0
BRDA:37,9,0,0
BRDA:37,9,1,0
BRDA:37,10,0,0
BRDA:37,10,1,0
BRDA:37,11,0,0
BRDA:37,11,1,0
BRF:23
BRH:0
end_of_record
TN:
SF:/home/travis/build/jThreeJS/jThree/lib/Goml/Nodes/SceneObjects/Cameras/CameraNode.js
FN:7,(anonymous_1)
FN:7,defineProperties
FN:7,(anonymous_3)
FN:9,get
FN:19,_interopRequireDefault
FN:21,_classCallCheck
FN:23,_possibleConstructorReturn
FN:25,_inherits
FN:27,(anonymous_9)
FN:30,CameraNode
FN:57,(anonymous_11)
FN:68,__constructCamera
FN:73,__onMount
FN:78,_onFovyAttrChanged
FN:86,_onAspectAttrChanged
FN:94,_onNearAttrChanged
FN:102,_onFarAttrChanged
FN:110,get
FN:115,get
FN:120,get
FN:125,get
FNF:21
FNH:0
FNDA:0,(anonymous_1)
FNDA:0,defineProperties
FNDA:0,(anonymous_3)
FNDA:0,get
FNDA:0,_interopRequireDefault
FNDA:0,_classCallCheck
FNDA:0,_possibleConstructorReturn
FNDA:0,_inherits
FNDA:0,(anonymous_9)
FNDA:0,CameraNode
FNDA:0,(anonymous_11)
FNDA:0,__constructCamera
FNDA:0,__onMount
FNDA:0,_onFovyAttrChanged
FNDA:0,_onAspectAttrChanged
FNDA:0,_onNearAttrChanged
FNDA:0,_onFarAttrChanged
FNDA:0,get
FNDA:0,get
FNDA:0,get
FNDA:0,get
DA:3,0
DA:7,1
DA:9,0
DA:11,0
DA:13,0
DA:15,0
DA:17,0
DA:19,1
DA:21,1
DA:23,1
DA:25,1
DA:27,0
DA:28,0
DA:30,1
DA:31,0
DA:33,0
DA:35,0
DA:57,0
DA:58,0
DA:59,0
DA:60,0
DA:61,0
DA:63,0
DA:66,0
DA:69,0
DA:74,0
DA:79,0
DA:80,0
DA:81,0
DA:87,0
DA:88,0
DA:89,0
DA:95,0
DA:96,0
DA:97,0
DA:103,0
DA:104,0
DA:105,0
DA:111,0
DA:116,0
DA:121,0
DA:126,0
DA:130,0
DA:133,0
LF:44
LH:6
BRDA:7,1,0,0
BRDA:7,1,1,0
BRDA:7,2,0,0
BRDA:7,2,1,0
BRDA:7,3,0,0
BRDA:7,3,1,0
BRDA:7,4,0,0
BRDA:7,4,1,0
BRDA:9,5,0,0
BRDA:9,5,1,0
BRDA:9,6,0,0
BRDA:9,6,1,0
BRDA:9,7,0,0
BRDA:9,7,1,0
BRDA:9,8,0,0
BRDA:9,8,1,0
BRDA:9,9,0,0
BRDA:9,9,1,0
BRDA:19,10,0,0
BRDA:19,10,1,0
BRDA:19,11,0,0
BRDA:19,11,1,0
BRDA:21,12,0,0
BRDA:21,12,1,0
BRDA:23,13,0,0
BRDA:23,13,1,0
BRDA:23,14,0,0
BRDA:23,14,1,0
BRDA:23,15,0,0
BRDA:23,15,1,0
BRDA:23,15,2,0
BRDA:25,16,0,0
BRDA:25,16,1,0
BRDA:25,17,0,0
BRDA:25,17,1,0
BRDA:25,18,0,0
BRDA:25,18,1,0
BRDA:25,19,0,0
BRDA:25,19,1,0
BRDA:25,20,0,0
BRDA:25,20,1,0
BRDA:79,21,0,0
BRDA:79,21,1,0
BRDA:87,22,0,0
BRDA:87,22,1,0
BRDA:95,23,0,0
BRDA:95,23,1,0
BRDA:103,24,0,0
BRDA:103,24,1,0
BRF:49
BRH:0
end_of_record
TN:
SF:/home/travis/build/jThreeJS/jThree/lib/Goml/Nodes/SceneObjects/Cameras/CameraNodeBase.js
FN:7,(anonymous_1)
FN:7,defineProperties
FN:7,(anonymous_3)
FN:9,get
FN:15,_interopRequireDefault
FN:17,_classCallCheck
FN:19,_possibleConstructorReturn
FN:21,_inherits
FN:23,(anonymous_9)
FN:26,CameraNodeBase
FN:43,__constructCamera
FN:53,__onMount
FN:64,_onNameAttrChanged
FNF:13
FNH:0
FNDA:0,(anonymous_1)
FNDA:0,defineProperties
FNDA:0,(anonymous_3)
FNDA:0,get
FNDA:0,_interopRequireDefault
FNDA:0,_classCallCheck
FNDA:0,_possibleConstructorReturn
FNDA:0,_inherits
FNDA:0,(anonymous_9)
FNDA:0,CameraNodeBase
FNDA:0,__constructCamera
FNDA:0,__onMount
FNDA:0,_onNameAttrChanged
DA:3,0
DA:7,1
DA:9,0
DA:11,0
DA:13,0
DA:15,1
DA:17,1
DA:19,1
DA:21,1
DA:23,0
DA:24,0
DA:26,1
DA:27,0
DA:29,0
DA:31,0
DA:32,0
DA:33,0
DA:41,0
DA:44,0
DA:54,0
DA:55,0
DA:65,0
DA:66,0
DA:67,0
DA:69,0
DA:70,0
DA:74,0
DA:77,0
LF:28
LH:6
BRDA:7,1,0,0
BRDA:7,1,1,0
BRDA:7,2,0,0
BRDA:7,2,1,0
BRDA:7,3,0,0
BRDA:7,3,1,0
BRDA:7,4,0,0
BRDA:7,4,1,0
BRDA:9,5,0,0
BRDA:9,5,1,0
BRDA:9,6,0,0
BRDA:9,6,1,0
BRDA:9,7,0,0
BRDA:9,7,1,0
BRDA:9,8,0,0
BRDA:9,8,1,0
BRDA:9,9,0,0
BRDA:9,9,1,0
BRDA:15,10,0,0
BRDA:15,10,1,0
BRDA:15,11,0,0
BRDA:15,11,1,0
BRDA:17,12,0,0
BRDA:17,12,1,0
BRDA:19,13,0,0
BRDA:19,13,1,0
BRDA:19,14,0,0
BRDA:19,14,1,0
BRDA:19,15,0,0
BRDA:19,15,1,0
BRDA:19,15,2,0
BRDA:21,16,0,0
BRDA:21,16,1,0
BRDA:21,17,0,0
BRDA:21,17,1,0
BRDA:21,18,0,0
BRDA:21,18,1,0
BRDA:21,19,0,0
BRDA:21,19,1,0
BRDA:21,20,0,0
BRDA:21,20,1,0
BRDA:66,21,0,0
BRDA:66,21,1,0
BRF:43
BRH:0
end_of_record
TN:
SF:/home/travis/build/jThreeJS/jThree/lib/Goml/Nodes/SceneObjects/Cameras/OrthoCameraNode.js
FN:7,(anonymous_1)
FN:7,defineProperties
FN:7,(anonymous_3)
FN:17,_interopRequireDefault
FN:19,_classCallCheck
FN:21,_possibleConstructorReturn
FN:23,_inherits
FN:25,(anonymous_8)
FN:28,OrthoCameraNode
FN:65,(anonymous_10)
FN:78,__constructCamera
FN:83,_onLeftAttrChanged
FN:91,_onRightAttrChanged
FN:99,_onBottomAttrChanged
FN:107,_onTopAttrChanged
FN:115,_onNearAttrChanged
FN:123,_onFarAttrChanged
FNF:17
FNH:0
FNDA:0,(anonymous_1)
FNDA:0,defineProperties
FNDA:0,(anonymous_3)
FNDA:0,_interopRequireDefault
FNDA:0,_classCallCheck
FNDA:0,_possibleConstructorReturn
FNDA:0,_inherits
FNDA:0,(anonymous_8)
FNDA:0,OrthoCameraNode
FNDA:0,(anonymous_10)
FNDA:0,__constructCamera
FNDA:0,_onLeftAttrChanged
FNDA:0,_onRightAttrChanged
FNDA:0,_onBottomAttrChanged
FNDA:0,_onTopAttrChanged
FNDA:0,_onNearAttrChanged
FNDA:0,_onFarAttrChanged
DA:3,0
DA:7,1
DA:9,0
DA:11,0
DA:13,0
DA:15,0
DA:17,1
DA:19,1
DA:21,1
DA:23,1
DA:25,0
DA:26,0
DA:28,1
DA:29,0
DA:31,0
DA:33,0
DA:65,0
DA:66,0
DA:67,0
DA:68,0
DA:69,0
DA:70,0
DA:71,0
DA:73,0
DA:76,0
DA:79,0
DA:84,0
DA:85,0
DA:86,0
DA:92,0
DA:93,0
DA:94,0
DA:100,0
DA:101,0
DA:102,0
DA:108,0
DA:109,0
DA:110,0
DA:116,0
DA:117,0
DA:118,0
DA:124,0
DA:125,0
DA:126,0
DA:131,0
DA:134,0
LF:46
LH:6
BRDA:7,1,0,0
BRDA:7,1,1,0
BRDA:7,2,0,0
BRDA:7,2,1,0
BRDA:7,3,0,0
BRDA:7,3,1,0
BRDA:7,4,0,0
BRDA:7,4,1,0
BRDA:17,5,0,0
BRDA:17,5,1,0
BRDA:17,6,0,0
BRDA:17,6,1,0
BRDA:19,7,0,0
BRDA:19,7,1,0
BRDA:21,8,0,0
BRDA:21,8,1,0
BRDA:21,9,0,0
BRDA:21,9,1,0
BRDA:21,10,0,0
BRDA:21,10,1,0
BRDA:21,10,2,0
BRDA:23,11,0,0
BRDA:23,11,1,0
BRDA:23,12,0,0
BRDA:23,12,1,0
BRDA:23,13,0,0
BRDA:23,13,1,0
BRDA:23,14,0,0
BRDA:23,14,1,0
BRDA:23,15,0,0
BRDA:23,15,1,0
BRDA:84,16,0,0
BRDA:84,16,1,0
BRDA:92,17,0,0
BRDA:92,17,1,0
BRDA:100,18,0,0
BRDA:100,18,1,0
BRDA:108,19,0,0
BRDA:108,19,1,0
BRDA:116,20,0,0
BRDA:116,20,1,0
BRDA:124,21,0,0
BRDA:124,21,1,0
BRF:43
BRH:0
end_of_record
TN:
SF:/home/travis/build/jThreeJS/jThree/lib/Goml/Nodes/SceneObjects/Lights/AreaLightNode.js
FN:7,(anonymous_1)
FN:7,defineProperties
FN:7,(anonymous_3)
FN:17,_interopRequireDefault
FN:19,_classCallCheck
FN:21,_possibleConstructorReturn
FN:23,_inherits
FN:25,(anonymous_8)
FN:28,AreaLightNode
FN:40,(anonymous_10)
FN:48,__constructLight
FN:53,_onIntensityAttrChanged
FNF:12
FNH:0
FNDA:0,(anonymous_1)
FNDA:0,defineProperties
FNDA:0,(anonymous_3)
FNDA:0,_interopRequireDefault
FNDA:0,_classCallCheck
FNDA:0,_possibleConstructorReturn
FNDA:0,_inherits
FNDA:0,(anonymous_8)
FNDA:0,AreaLightNode
FNDA:0,(anonymous_10)
FNDA:0,__constructLight
FNDA:0,_onIntensityAttrChanged
DA:3,0
DA:7,1
DA:9,0
DA:11,0
DA:13,0
DA:15,0
DA:17,1
DA:19,1
DA:21,1
DA:23,1
DA:25,0
DA:26,0
DA:28,1
DA:29,0
DA:31,0
DA:33,0
DA:40,0
DA:41,0
DA:43,0
DA:46,0
DA:49,0
DA:54,0
DA:55,0
DA:56,0
DA:61,0
DA:64,0
LF:26
LH:6
BRDA:7,1,0,0
BRDA:7,1,1,0
BRDA:7,2,0,0
BRDA:7,2,1,0
BRDA:7,3,0,0
BRDA:7,3,1,0
BRDA:7,4,0,0
BRDA:7,4,1,0
BRDA:17,5,0,0
BRDA:17,5,1,0
BRDA:17,6,0,0
BRDA:17,6,1,0
BRDA:19,7,0,0
BRDA:19,7,1,0
BRDA:21,8,0,0
BRDA:21,8,1,0
BRDA:21,9,0,0
BRDA:21,9,1,0
BRDA:21,10,0,0
BRDA:21,10,1,0
BRDA:21,10,2,0
BRDA:23,11,0,0
BRDA:23,11,1,0
BRDA:23,12,0,0
BRDA:23,12,1,0
BRDA:23,13,0,0
BRDA:23,13,1,0
BRDA:23,14,0,0
BRDA:23,14,1,0
BRDA:23,15,0,0
BRDA:23,15,1,0
BRDA:54,16,0,0
BRDA:54,16,1,0
BRF:33
BRH:0
end_of_record
TN:
SF:/home/travis/build/jThreeJS/jThree/lib/Goml/Nodes/SceneObjects/Lights/DirectionalLightNode.js
FN:7,(anonymous_1)
FN:7,defineProperties
FN:7,(anonymous_3)
FN:17,_interopRequireDefault
FN:19,_classCallCheck
FN:21,_possibleConstructorReturn
FN:23,_inherits
FN:25,(anonymous_8)
FN:28,DirectionalLightNode
FN:45,(anonymous_10)
FN:54,__constructLight
FN:59,_onIntensityAttrChanged
FN:67,_onBiasAttrChanged
FNF:13
FNH:0
FNDA:0,(anonymous_1)
FNDA:0,defineProperties
FNDA:0,(anonymous_3)
FNDA:0,_interopRequireDefault
FNDA:0,_classCallCheck
FNDA:0,_possibleConstructorReturn
FNDA:0,_inherits
FNDA:0,(anonymous_8)
FNDA:0,DirectionalLightNode
FNDA:0,(anonymous_10)
FNDA:0,__constructLight
FNDA:0,_onIntensityAttrChanged
FNDA:0,_onBiasAttrChanged
DA:3,0
DA:7,1
DA:9,0
DA:11,0
DA:13,0
DA:15,0
DA:17,1
DA:19,1
DA:21,1
DA:23,1
DA:25,0
DA:26,0
DA:28,1
DA:29,0
DA:31,0
DA:33,0
DA:45,0
DA:46,0
DA:47,0
DA:49,0
DA:52,0
DA:55,0
DA:60,0
DA:61,0
DA:62,0
DA:68,0
DA:69,0
DA:70,0
DA:75,0
DA:78,0
LF:30
LH:6
BRDA:7,1,0,0
BRDA:7,1,1,0
BRDA:7,2,0,0
BRDA:7,2,1,0
BRDA:7,3,0,0
BRDA:7,3,1,0
BRDA:7,4,0,0
BRDA:7,4,1,0
BRDA:17,5,0,0
BRDA:17,5,1,0
BRDA:17,6,0,0
BRDA:17,6,1,0
BRDA:19,7,0,0
BRDA:19,7,1,0
BRDA:21,8,0,0
BRDA:21,8,1,0
BRDA:21,9,0,0
BRDA:21,9,1,0
BRDA:21,10,0,0
BRDA:21,10,1,0
BRDA:21,10,2,0
BRDA:23,11,0,0
BRDA:23,11,1,0
BRDA:23,12,0,0
BRDA:23,12,1,0
BRDA:23,13,0,0
BRDA:23,13,1,0
BRDA:23,14,0,0
BRDA:23,14,1,0
BRDA:23,15,0,0
BRDA:23,15,1,0
BRDA:60,16,0,0
BRDA:60,16,1,0
BRDA:68,17,0,0
BRDA:68,17,1,0
BRF:35
BRH:0
end_of_record
TN:
SF:/home/travis/build/jThreeJS/jThree/lib/Goml/Nodes/SceneObjects/Lights/LightNodeBase.js
FN:7,(anonymous_1)
FN:7,defineProperties
FN:7,(anonymous_3)
FN:9,get
FN:15,_interopRequireDefault
FN:17,_classCallCheck
FN:19,_possibleConstructorReturn
FN:21,_inherits
FN:23,(anonymous_9)
FN:26,LightNodeBase
FN:38,(anonymous_11)
FN:51,__constructLight
FN:56,__onMount
FN:62,_onColorAttrChanged
FNF:14
FNH:0
FNDA:0,(anonymous_1)
FNDA:0,defineProperties
FNDA:0,(anonymous_3)
FNDA:0,get
FNDA:0,_interopRequireDefault
FNDA:0,_classCallCheck
FNDA:0,_possibleConstructorReturn
FNDA:0,_inherits
FNDA:0,(anonymous_9)
FNDA:0,LightNodeBase
FNDA:0,(anonymous_11)
FNDA:0,__constructLight
FNDA:0,__onMount
FNDA:0,_onColorAttrChanged
DA:3,0
DA:7,1
DA:9,0
DA:11,0
DA:13,0
DA:15,1
DA:17,1
DA:19,1
DA:21,1
DA:23,0
DA:24,0
DA:26,1
DA:27,0
DA:29,0
DA:31,0
DA:38,0
DA:39,0
DA:41,0
DA:49,0
DA:52,0
DA:57,0
DA:58,0
DA:63,0
DA:64,0
DA:65,0
DA:70,0
DA:73,0
LF:27
LH:6
BRDA:7,1,0,0
BRDA:7,1,1,0
BRDA:7,2,0,0
BRDA:7,2,1,0
BRDA:7,3,0,0
BRDA:7,3,1,0
BRDA:7,4,0,0
BRDA:7,4,1,0
BRDA:9,5,0,0
BRDA:9,5,1,0
BRDA:9,6,0,0
BRDA:9,6,1,0
BRDA:9,7,0,0
BRDA:9,7,1,0
BRDA:9,8,0,0
BRDA:9,8,1,0
BRDA:9,9,0,0
BRDA:9,9,1,0
BRDA:15,10,0,0
BRDA:15,10,1,0
BRDA:15,11,0,0
BRDA:15,11,1,0
BRDA:17,12,0,0
BRDA:17,12,1,0
BRDA:19,13,0,0
BRDA:19,13,1,0
BRDA:19,14,0,0
BRDA:19,14,1,0
BRDA:19,15,0,0
BRDA:19,15,1,0
BRDA:19,15,2,0
BRDA:21,16,0,0
BRDA:21,16,1,0
BRDA:21,17,0,0
BRDA:21,17,1,0
BRDA:21,18,0,0
BRDA:21,18,1,0
BRDA:21,19,0,0
BRDA:21,19,1,0
BRDA:21,20,0,0
BRDA:21,20,1,0
BRDA:63,21,0,0
BRDA:63,21,1,0
BRF:43
BRH:0
end_of_record
TN:
SF:/home/travis/build/jThreeJS/jThree/lib/Goml/Nodes/SceneObjects/Lights/PointLightNode.js
FN:7,(anonymous_1)
FN:7,defineProperties
FN:7,(anonymous_3)
FN:17,_interopRequireDefault
FN:19,_classCallCheck
FN:21,_possibleConstructorReturn
FN:23,_inherits
FN:25,(anonymous_8)
FN:28,PointLightNode
FN:50,(anonymous_10)
FN:60,__constructLight
FN:65,_onIntensityAttrChanged
FN:73,_onDecayAttrChanged
FN:81,_onDistanceAttrChanged
FNF:14
FNH:0
FNDA:0,(anonymous_1)
FNDA:0,defineProperties
FNDA:0,(anonymous_3)
FNDA:0,_interopRequireDefault
FNDA:0,_classCallCheck
FNDA:0,_possibleConstructorReturn
FNDA:0,_inherits
FNDA:0,(anonymous_8)
FNDA:0,PointLightNode
FNDA:0,(anonymous_10)
FNDA:0,__constructLight
FNDA:0,_onIntensityAttrChanged
FNDA:0,_onDecayAttrChanged
FNDA:0,_onDistanceAttrChanged
DA:3,0
DA:7,1
DA:9,0
DA:11,0
DA:13,0
DA:15,0
DA:17,1
DA:19,1
DA:21,1
DA:23,1
DA:25,0
DA:26,0
DA:28,1
DA:29,0
DA:31,0
DA:33,0
DA:50,0
DA:51,0
DA:52,0
DA:53,0
DA:55,0
DA:58,0
DA:61,0
DA:66,0
DA:67,0
DA:68,0
DA:74,0
DA:75,0
DA:76,0
DA:82,0
DA:83,0
DA:84,0
DA:89,0
DA:92,0
LF:34
LH:6
BRDA:7,1,0,0
BRDA:7,1,1,0
BRDA:7,2,0,0
BRDA:7,2,1,0
BRDA:7,3,0,0
BRDA:7,3,1,0
BRDA:7,4,0,0
BRDA:7,4,1,0
BRDA:17,5,0,0
BRDA:17,5,1,0
BRDA:17,6,0,0
BRDA:17,6,1,0
BRDA:19,7,0,0
BRDA:19,7,1,0
BRDA:21,8,0,0
BRDA:21,8,1,0
BRDA:21,9,0,0
BRDA:21,9,1,0
BRDA:21,10,0,0
BRDA:21,10,1,0
BRDA:21,10,2,0
BRDA:23,11,0,0
BRDA:23,11,1,0
BRDA:23,12,0,0
BRDA:23,12,1,0
BRDA:23,13,0,0
BRDA:23,13,1,0
BRDA:23,14,0,0
BRDA:23,14,1,0
BRDA:23,15,0,0
BRDA:23,15,1,0
BRDA:66,16,0,0
BRDA:66,16,1,0
BRDA:74,17,0,0
BRDA:74,17,1,0
BRDA:82,18,0,0
BRDA:82,18,1,0
BRF:37
BRH:0
end_of_record
TN:
SF:/home/travis/build/jThreeJS/jThree/lib/Goml/Nodes/SceneObjects/Lights/SceneLightNode.js
FN:7,(anonymous_1)
FN:7,defineProperties
FN:7,(anonymous_3)
FN:17,_interopRequireDefault
FN:19,_classCallCheck
FN:21,_possibleConstructorReturn
FN:23,_inherits
FN:25,(anonymous_8)
FN:28,SceneLightNode
FN:40,(anonymous_10)
FN:48,__constructLight
FN:53,_onIntensityAttrChanged
FNF:12
FNH:0
FNDA:0,(anonymous_1)
FNDA:0,defineProperties
FNDA:0,(anonymous_3)
FNDA:0,_interopRequireDefault
FNDA:0,_classCallCheck
FNDA:0,_possibleConstructorReturn
FNDA:0,_inherits
FNDA:0,(anonymous_8)
FNDA:0,SceneLightNode
FNDA:0,(anonymous_10)
FNDA:0,__constructLight
FNDA:0,_onIntensityAttrChanged
DA:3,0
DA:7,1
DA:9,0
DA:11,0
DA:13,0
DA:15,0
DA:17,1
DA:19,1
DA:21,1
DA:23,1
DA:25,0
DA:26,0
DA:28,1
DA:29,0
DA:31,0
DA:33,0
DA:40,0
DA:41,0
DA:43,0
DA:46,0
DA:49,0
DA:54,0
DA:55,0
DA:56,0
DA:61,0
DA:64,0
LF:26
LH:6
BRDA:7,1,0,0
BRDA:7,1,1,0
BRDA:7,2,0,0
BRDA:7,2,1,0
BRDA:7,3,0,0
BRDA:7,3,1,0
BRDA:7,4,0,0
BRDA:7,4,1,0
BRDA:17,5,0,0
BRDA:17,5,1,0
BRDA:17,6,0,0
BRDA:17,6,1,0
BRDA:19,7,0,0
BRDA:19,7,1,0
BRDA:21,8,0,0
BRDA:21,8,1,0
BRDA:21,9,0,0
BRDA:21,9,1,0
BRDA:21,10,0,0
BRDA:21,10,1,0
BRDA:21,10,2,0
BRDA:23,11,0,0
BRDA:23,11,1,0
BRDA:23,12,0,0
BRDA:23,12,1,0
BRDA:23,13,0,0
BRDA:23,13,1,0
BRDA:23,14,0,0
BRDA:23,14,1,0
BRDA:23,15,0,0
BRDA:23,15,1,0
BRDA:54,16,0,0
BRDA:54,16,1,0
BRF:33
BRH:0
end_of_record
TN:
SF:/home/travis/build/jThreeJS/jThree/lib/Goml/Nodes/SceneObjects/Lights/SpotLightNode.js
FN:7,(anonymous_1)
FN:7,defineProperties
FN:7,(anonymous_3)
FN:17,_interopRequireDefault
FN:19,_classCallCheck
FN:21,_possibleConstructorReturn
FN:23,_inherits
FN:25,(anonymous_8)
FN:28,SpotLightNode
FN:70,(anonymous_10)
FN:84,__constructLight
FN:89,_onIntensityAttrChanged
FN:97,_onInnerAngleAttrChanged
FN:105,_onOuterAngleAttrChanged
FN:113,_onInnerDistanceAttrChanged
FN:121,_onOuterDistanceAttrChanged
FN:129,_onDistanceDecayAttrChanged
FN:137,_onAngleDecayAttrChanged
FNF:18
FNH:0
FNDA:0,(anonymous_1)
FNDA:0,defineProperties
FNDA:0,(anonymous_3)
FNDA:0,_interopRequireDefault
FNDA:0,_classCallCheck
FNDA:0,_possibleConstructorReturn
FNDA:0,_inherits
FNDA:0,(anonymous_8)
FNDA:0,SpotLightNode
FNDA:0,(anonymous_10)
FNDA:0,__constructLight
FNDA:0,_onIntensityAttrChanged
FNDA:0,_onInnerAngleAttrChanged
FNDA:0,_onOuterAngleAttrChanged
FNDA:0,_onInnerDistanceAttrChanged
FNDA:0,_onOuterDistanceAttrChanged
FNDA:0,_onDistanceDecayAttrChanged
FNDA:0,_onAngleDecayAttrChanged
DA:3,0
DA:7,1
DA:9,0
DA:11,0
DA:13,0
DA:15,0
DA:17,1
DA:19,1
DA:21,1
DA:23,1
DA:25,0
DA:26,0
DA:28,1
DA:29,0
DA:31,0
DA:33,0
DA:70,0
DA:71,0
DA:72,0
DA:73,0
DA:74,0
DA:75,0
DA:76,0
DA:77,0
DA:79,0
DA:82,0
DA:85,0
DA:90,0
DA:91,0
DA:92,0
DA:98,0
DA:99,0
DA:100,0
DA:106,0
DA:107,0
DA:108,0
DA:114,0
DA:115,0
DA:116,0
DA:122,0
DA:123,0
DA:124,0
DA:130,0
DA:131,0
DA:132,0
DA:138,0
DA:139,0
DA:140,0
DA:145,0
DA:148,0
LF:50
LH:6
BRDA:7,1,0,0
BRDA:7,1,1,0
BRDA:7,2,0,0
BRDA:7,2,1,0
BRDA:7,3,0,0
BRDA:7,3,1,0
BRDA:7,4,0,0
BRDA:7,4,1,0
BRDA:17,5,0,0
BRDA:17,5,1,0
BRDA:17,6,0,0
BRDA:17,6,1,0
BRDA:19,7,0,0
BRDA:19,7,1,0
BRDA:21,8,0,0
BRDA:21,8,1,0
BRDA:21,9,0,0
BRDA:21,9,1,0
BRDA:21,10,0,0
BRDA:21,10,1,0
BRDA:21,10,2,0
BRDA:23,11,0,0
BRDA:23,11,1,0
BRDA:23,12,0,0
BRDA:23,12,1,0
BRDA:23,13,0,0
BRDA:23,13,1,0
BRDA:23,14,0,0
BRDA:23,14,1,0
BRDA:23,15,0,0
BRDA:23,15,1,0
BRDA:90,16,0,0
BRDA:90,16,1,0
BRDA:98,17,0,0
BRDA:98,17,1,0
BRDA:106,18,0,0
BRDA:106,18,1,0
BRDA:114,19,0,0
BRDA:114,19,1,0
BRDA:122,20,0,0
BRDA:122,20,1,0
BRDA:130,21,0,0
BRDA:130,21,1,0
BRDA:138,22,0,0
BRDA:138,22,1,0
BRF:45
BRH:0
end_of_record
