{"/home/ubuntu/jThree/lib/Init.js":{"path":"/home/ubuntu/jThree/lib/Init.js","s":{"1":1,"2":1,"3":1,"4":1,"5":1,"6":1,"7":1,"8":1,"9":1,"10":1,"11":1,"12":1,"13":1,"14":1,"15":1,"16":1,"17":1,"18":1,"19":1,"20":1,"21":1,"22":0,"23":0,"24":0,"25":0,"26":0,"27":0,"28":0,"29":0,"30":0,"31":0,"32":0,"33":0,"34":0,"35":0,"36":0,"37":0,"38":0,"39":0,"40":0,"41":0,"42":0,"43":0,"44":0,"45":0,"46":0,"47":0,"48":0,"49":0,"50":0,"51":0,"52":0,"53":0,"54":0,"55":0,"56":0,"57":1,"58":0,"59":1,"60":436,"61":297,"62":297,"63":0,"64":0,"65":0,"66":0,"67":0,"68":0,"69":0,"70":0},"b":{"1":[0,0],"2":[0,0],"3":[0,0],"4":[0,0],"5":[0,0],"6":[0,1],"7":[297,139]},"f":{"1":1,"2":1,"3":0,"4":0,"5":0,"6":0},"fnMap":{"1":{"name":"(anonymous_6)","line":26,"loc":{"start":{"line":26,"column":6},"end":{"line":null,"column":-1}}},"2":{"name":"(anonymous_9)","line":40,"loc":{"start":{"line":40,"column":6},"end":{"line":null,"column":-1}}},"3":{"name":"(anonymous_12)","line":47,"loc":{"start":{"line":47,"column":44},"end":{"line":47,"column":51}}},"4":{"name":"(anonymous_14)","line":66,"loc":{"start":{"line":66,"column":63},"end":{"line":66,"column":73}}},"5":{"name":"(anonymous_15)","line":92,"loc":{"start":{"line":92,"column":56},"end":{"line":92,"column":62}}},"6":{"name":"(anonymous_18)","line":115,"loc":{"start":{"line":115,"column":36},"end":{"line":115,"column":42}}}},"statementMap":{"1":{"start":{"line":1,"column":0},"end":{"line":null,"column":-1}},"2":{"start":{"line":2,"column":0},"end":{"line":null,"column":-1}},"3":{"start":{"line":3,"column":0},"end":{"line":null,"column":-1}},"4":{"start":{"line":4,"column":0},"end":{"line":null,"column":-1}},"5":{"start":{"line":5,"column":0},"end":{"line":null,"column":-1}},"6":{"start":{"line":6,"column":0},"end":{"line":null,"column":-1}},"7":{"start":{"line":8,"column":0},"end":{"line":null,"column":-1}},"8":{"start":{"line":9,"column":0},"end":{"line":null,"column":-1}},"9":{"start":{"line":10,"column":0},"end":{"line":null,"column":-1}},"10":{"start":{"line":11,"column":0},"end":{"line":null,"column":-1}},"11":{"start":{"line":12,"column":0},"end":{"line":null,"column":-1}},"12":{"start":{"line":13,"column":0},"end":{"line":null,"column":-1}},"13":{"start":{"line":14,"column":0},"end":{"line":null,"column":-1}},"14":{"start":{"line":15,"column":0},"end":{"line":null,"column":-1}},"15":{"start":{"line":16,"column":0},"end":{"line":null,"column":-1}},"16":{"start":{"line":17,"column":0},"end":{"line":null,"column":-1}},"17":{"start":{"line":18,"column":0},"end":{"line":null,"column":-1}},"18":{"start":{"line":19,"column":0},"end":{"line":null,"column":-1}},"19":{"start":{"line":20,"column":0},"end":{"line":null,"column":-1}},"20":{"start":{"line":21,"column":0},"end":{"line":null,"column":-1}},"21":{"start":{"line":7,"column":0},"end":{"line":null,"column":-1}},"22":{"start":{"line":28,"column":8},"end":{"line":27,"column":15}},"23":{"start":{"line":42,"column":8},"end":{"line":45,"column":13}},"24":{"start":{"line":43,"column":12},"end":{"line":42,"column":38}},"25":{"start":{"line":45,"column":13},"end":{"line":45,"column":12}},"26":{"start":{"line":46,"column":12},"end":{"line":45,"column":45}},"27":{"start":{"line":47,"column":12},"end":{"line":45,"column":45}},"28":{"start":{"line":48,"column":16},"end":{"line":47,"column":51}},"29":{"start":{"line":50,"column":12},"end":{"line":45,"column":45}},"30":{"start":{"line":53,"column":12},"end":{"line":52,"column":13}},"31":{"start":{"line":60,"column":8},"end":{"line":59,"column":18}},"32":{"start":{"line":61,"column":8},"end":{"line":59,"column":18}},"33":{"start":{"line":62,"column":8},"end":{"line":null,"column":-1}},"34":{"start":{"line":59,"column":18},"end":{"line":64,"column":23}},"35":{"start":{"line":59,"column":18},"end":{"line":59,"column":17}},"36":{"start":{"line":66,"column":8},"end":{"line":59,"column":18}},"37":{"start":{"line":67,"column":12},"end":{"line":67,"column":11}},"38":{"start":{"line":68,"column":16},"end":{"line":67,"column":40}},"39":{"start":{"line":69,"column":16},"end":{"line":67,"column":40}},"40":{"start":{"line":75,"column":16},"end":{"line":67,"column":40}},"41":{"start":{"line":78,"column":8},"end":{"line":59,"column":18}},"42":{"start":{"line":79,"column":8},"end":{"line":59,"column":18}},"43":{"start":{"line":80,"column":8},"end":{"line":59,"column":18}},"44":{"start":{"line":81,"column":8},"end":{"line":59,"column":18}},"45":{"start":{"line":82,"column":8},"end":{"line":59,"column":18}},"46":{"start":{"line":83,"column":8},"end":{"line":59,"column":18}},"47":{"start":{"line":84,"column":8},"end":{"line":59,"column":18}},"48":{"start":{"line":85,"column":8},"end":{"line":59,"column":18}},"49":{"start":{"line":86,"column":8},"end":{"line":59,"column":18}},"50":{"start":{"line":87,"column":8},"end":{"line":59,"column":18}},"51":{"start":{"line":88,"column":8},"end":{"line":59,"column":18}},"52":{"start":{"line":89,"column":8},"end":{"line":59,"column":18}},"53":{"start":{"line":90,"column":8},"end":{"line":59,"column":18}},"54":{"start":{"line":91,"column":8},"end":{"line":91,"column":7}},"55":{"start":{"line":92,"column":12},"end":{"line":91,"column":70}},"56":{"start":{"line":93,"column":16},"end":{"line":92,"column":62}},"57":{"start":{"line":98,"column":8},"end":{"line":98,"column":7}},"58":{"start":{"line":99,"column":12},"end":{"line":98,"column":39}},"59":{"start":{"line":101,"column":8},"end":{"line":101,"column":7}},"60":{"start":{"line":102,"column":12},"end":{"line":102,"column":11}},"61":{"start":{"line":103,"column":16},"end":{"line":102,"column":41}},"62":{"start":{"line":104,"column":16},"end":{"line":102,"column":41}},"63":{"start":{"line":109,"column":8},"end":{"line":109,"column":14}},"64":{"start":{"line":108,"column":30},"end":{"line":108,"column":29}},"65":{"start":{"line":111,"column":8},"end":{"line":108,"column":30}},"66":{"start":{"line":112,"column":8},"end":{"line":108,"column":30}},"67":{"start":{"line":113,"column":8},"end":{"line":108,"column":30}},"68":{"start":{"line":114,"column":8},"end":{"line":108,"column":30}},"69":{"start":{"line":115,"column":8},"end":{"line":108,"column":30}},"70":{"start":{"line":116,"column":12},"end":{"line":115,"column":42}}},"branchMap":{"1":{"line":42,"type":"if","locations":[{"start":{"line":42,"column":8},"end":{"line":42,"column":11}},{"start":{"line":42,"column":8},"end":{"line":42,"column":11}}]},"2":{"line":45,"type":"if","locations":[{"start":{"line":45,"column":13},"end":{"line":45,"column":12}},{"start":{"line":45,"column":13},"end":{"line":45,"column":12}}]},"3":{"line":67,"type":"if","locations":[{"start":{"line":67,"column":12},"end":{"line":67,"column":15}},{"start":{"line":67,"column":12},"end":{"line":67,"column":15}}]},"4":{"line":75,"type":"binary-expr","locations":[{"start":{"line":75,"column":81},"end":{"line":75,"column":98}},{"start":{"line":75,"column":99},"end":{"line":75,"column":81}}]},"5":{"line":91,"type":"if","locations":[{"start":{"line":91,"column":8},"end":{"line":91,"column":11}},{"start":{"line":91,"column":8},"end":{"line":91,"column":11}}]},"6":{"line":98,"type":"if","locations":[{"start":{"line":98,"column":8},"end":{"line":98,"column":11}},{"start":{"line":98,"column":8},"end":{"line":98,"column":11}}]},"7":{"line":102,"type":"if","locations":[{"start":{"line":102,"column":12},"end":{"line":102,"column":15}},{"start":{"line":102,"column":12},"end":{"line":102,"column":15}}]}}},"/home/ubuntu/jThree/lib/Core/Renderers/RenderStageRegistory.js":{"path":"/home/ubuntu/jThree/lib/Core/Renderers/RenderStageRegistory.js","s":{"1":1,"2":1,"3":1,"4":1,"5":0,"6":0,"7":0,"8":0,"9":0,"10":0,"11":0,"12":0,"13":0,"14":0,"15":0,"16":0,"17":0,"18":0,"19":0,"20":0,"21":0,"22":0,"23":0,"24":0,"25":0,"26":0,"27":0,"28":0},"b":{"1":[0,0],"2":[0,0]},"f":{"1":1,"2":0,"3":0,"4":0},"fnMap":{"1":{"name":"(anonymous_6)","line":4,"loc":{"start":{"line":4,"column":6},"end":{"line":null,"column":-1}}},"2":{"name":"RenderStageRegistory","line":5,"loc":{"start":{"line":5,"column":4},"end":{"line":5,"column":18}}},"3":{"name":"(anonymous_8)","line":7,"loc":{"start":{"line":7,"column":40},"end":{"line":null,"column":-1}}},"4":{"name":"(anonymous_11)","line":34,"loc":{"start":{"line":34,"column":50},"end":{"line":null,"column":-1}}}},"statementMap":{"1":{"start":{"line":1,"column":0},"end":{"line":null,"column":-1}},"2":{"start":{"line":2,"column":0},"end":{"line":null,"column":-1}},"3":{"start":{"line":3,"column":0},"end":{"line":null,"column":-1}},"4":{"start":{"line":5,"column":4},"end":{"line":5,"column":3}},"5":{"start":{"line":6,"column":8},"end":{"line":5,"column":18}},"6":{"start":{"line":7,"column":8},"end":{"line":5,"column":18}},"7":{"start":{"line":8,"column":8},"end":{"line":5,"column":18}},"8":{"start":{"line":9,"column":8},"end":{"line":5,"column":18}},"9":{"start":{"line":10,"column":8},"end":{"line":5,"column":18}},"10":{"start":{"line":11,"column":8},"end":{"line":5,"column":18}},"11":{"start":{"line":12,"column":8},"end":{"line":5,"column":18}},"12":{"start":{"line":13,"column":8},"end":{"line":5,"column":18}},"13":{"start":{"line":14,"column":8},"end":{"line":5,"column":18}},"14":{"start":{"line":15,"column":8},"end":{"line":5,"column":18}},"15":{"start":{"line":16,"column":8},"end":{"line":5,"column":18}},"16":{"start":{"line":19,"column":8},"end":{"line":18,"column":31}},"17":{"start":{"line":22,"column":8},"end":{"line":22,"column":7}},"18":{"start":{"line":23,"column":12},"end":{"line":22,"column":21}},"19":{"start":{"line":24,"column":12},"end":{"line":22,"column":21}},"20":{"start":{"line":26,"column":8},"end":{"line":21,"column":36}},"21":{"start":{"line":27,"column":8},"end":{"line":21,"column":36}},"22":{"start":{"line":28,"column":8},"end":{"line":21,"column":36}},"23":{"start":{"line":29,"column":8},"end":{"line":21,"column":36}},"24":{"start":{"line":30,"column":8},"end":{"line":30,"column":7}},"25":{"start":{"line":31,"column":12},"end":{"line":30,"column":19}},"26":{"start":{"line":32,"column":12},"end":{"line":30,"column":19}},"27":{"start":{"line":34,"column":8},"end":{"line":21,"column":36}},"28":{"start":{"line":43,"column":8},"end":{"line":42,"column":30}}},"branchMap":{"1":{"line":22,"type":"if","locations":[{"start":{"line":22,"column":8},"end":{"line":22,"column":11}},{"start":{"line":22,"column":8},"end":{"line":22,"column":11}}]},"2":{"line":30,"type":"if","locations":[{"start":{"line":30,"column":8},"end":{"line":30,"column":11}},{"start":{"line":30,"column":8},"end":{"line":30,"column":11}}]}}},"/home/ubuntu/jThree/lib/Core/Renderers/RenderStages/HitAreaRenderStage.js":{"path":"/home/ubuntu/jThree/lib/Core/Renderers/RenderStages/HitAreaRenderStage.js","s":{"1":1,"2":1,"3":1,"4":1,"5":0,"6":0,"7":0,"8":0,"9":0,"10":0,"11":0,"12":0,"13":0,"14":0,"15":0,"16":0,"17":0,"18":0,"19":0,"20":0,"21":0,"22":0,"23":0,"24":0,"25":0,"26":0,"27":0,"28":0,"29":0,"30":0},"b":{"1":[0,0],"2":[0,0]},"f":{"1":1,"2":0,"3":0,"4":0},"fnMap":{"1":{"name":"(anonymous_9)","line":4,"loc":{"start":{"line":4,"column":6},"end":{"line":null,"column":-1}}},"2":{"name":"HitAreaRenderStage","line":5,"loc":{"start":{"line":5,"column":4},"end":{"line":5,"column":26}}},"3":{"name":"(anonymous_11)","line":15,"loc":{"start":{"line":15,"column":39},"end":{"line":15,"column":46}}},"4":{"name":"(anonymous_12)","line":16,"loc":{"start":{"line":16,"column":55},"end":{"line":16,"column":67}}}},"statementMap":{"1":{"start":{"line":1,"column":0},"end":{"line":null,"column":-1}},"2":{"start":{"line":2,"column":0},"end":{"line":null,"column":-1}},"3":{"start":{"line":3,"column":0},"end":{"line":null,"column":-1}},"4":{"start":{"line":5,"column":4},"end":{"line":5,"column":3}},"5":{"start":{"line":12,"column":8},"end":{"line":5,"column":26}},"6":{"start":{"line":13,"column":8},"end":{"line":5,"column":26}},"7":{"start":{"line":14,"column":8},"end":{"line":5,"column":26}},"8":{"start":{"line":15,"column":8},"end":{"line":5,"column":26}},"9":{"start":{"line":16,"column":12},"end":{"line":15,"column":46}},"10":{"start":{"line":17,"column":16},"end":{"line":16,"column":67}},"11":{"start":{"line":22,"column":8},"end":{"line":21,"column":46}},"12":{"start":{"line":23,"column":8},"end":{"line":21,"column":46}},"13":{"start":{"line":26,"column":8},"end":{"line":25,"column":64}},"14":{"start":{"line":27,"column":8},"end":{"line":25,"column":64}},"15":{"start":{"line":28,"column":8},"end":{"line":25,"column":64}},"16":{"start":{"line":31,"column":8},"end":{"line":31,"column":7}},"17":{"start":{"line":32,"column":12},"end":{"line":32,"column":11}},"18":{"start":{"line":33,"column":16},"end":{"line":32,"column":55}},"19":{"start":{"line":35,"column":12},"end":{"line":31,"column":25}},"20":{"start":{"line":36,"column":12},"end":{"line":36,"column":11}},"21":{"start":{"line":37,"column":16},"end":{"line":36,"column":65}},"22":{"start":{"line":38,"column":16},"end":{"line":36,"column":65}},"23":{"start":{"line":39,"column":16},"end":{"line":36,"column":65}},"24":{"start":{"line":40,"column":16},"end":{"line":36,"column":65}},"25":{"start":{"line":42,"column":12},"end":{"line":31,"column":25}},"26":{"start":{"line":46,"column":8},"end":{"line":45,"column":23}},"27":{"start":{"line":47,"column":8},"end":{"line":45,"column":23}},"28":{"start":{"line":52,"column":8},"end":{"line":45,"column":23}},"29":{"start":{"line":55,"column":8},"end":{"line":54,"column":31}},"30":{"start":{"line":56,"column":8},"end":{"line":54,"column":31}}},"branchMap":{"1":{"line":31,"type":"if","locations":[{"start":{"line":31,"column":8},"end":{"line":31,"column":11}},{"start":{"line":31,"column":8},"end":{"line":31,"column":11}}]},"2":{"line":32,"type":"if","locations":[{"start":{"line":32,"column":12},"end":{"line":32,"column":15}},{"start":{"line":32,"column":12},"end":{"line":32,"column":15}}]}}},"/home/ubuntu/jThree/lib/Core/Resources/Texture/TextureBase.js":{"path":"/home/ubuntu/jThree/lib/Core/Resources/Texture/TextureBase.js","s":{"1":1,"2":1,"3":1,"4":0,"5":0,"6":0,"7":0,"8":0,"9":0,"10":0,"11":0,"12":0,"13":0,"14":0,"15":0,"16":0,"17":0,"18":0,"19":0,"20":0,"21":0,"22":0,"23":0,"24":0,"25":0,"26":0,"27":0,"28":0,"29":0,"30":0,"31":0,"32":0,"33":0,"34":0,"35":0,"36":0,"37":0,"38":0,"39":0,"40":0,"41":0,"42":0,"43":0,"44":0,"45":0,"46":0,"47":0,"48":0,"49":0,"50":0,"51":0},"b":{"1":[0,0],"2":[0,0],"3":[0,0],"4":[0,0,0,0,0],"5":[0,0],"6":[0,0],"7":[0,0],"8":[0,0]},"f":{"1":1,"2":0,"3":0},"fnMap":{"1":{"name":"(anonymous_8)","line":6,"loc":{"start":{"line":6,"column":6},"end":{"line":null,"column":-1}}},"2":{"name":"TextureBase","line":7,"loc":{"start":{"line":7,"column":4},"end":{"line":7,"column":51}}},"3":{"name":"(anonymous_12)","line":92,"loc":{"start":{"line":92,"column":26},"end":{"line":92,"column":33}}}},"statementMap":{"1":{"start":{"line":1,"column":0},"end":{"line":null,"column":-1}},"2":{"start":{"line":2,"column":0},"end":{"line":null,"column":-1}},"3":{"start":{"line":7,"column":4},"end":{"line":7,"column":3}},"4":{"start":{"line":9,"column":8},"end":{"line":7,"column":51}},"5":{"start":{"line":10,"column":8},"end":{"line":7,"column":51}},"6":{"start":{"line":11,"column":8},"end":{"line":7,"column":51}},"7":{"start":{"line":12,"column":8},"end":{"line":7,"column":51}},"8":{"start":{"line":13,"column":8},"end":{"line":7,"column":51}},"9":{"start":{"line":14,"column":8},"end":{"line":7,"column":51}},"10":{"start":{"line":15,"column":8},"end":{"line":7,"column":51}},"11":{"start":{"line":16,"column":8},"end":{"line":7,"column":51}},"12":{"start":{"line":17,"column":8},"end":{"line":7,"column":51}},"13":{"start":{"line":18,"column":8},"end":{"line":18,"column":7}},"14":{"start":{"line":19,"column":12},"end":{"line":18,"column":42}},"15":{"start":{"line":21,"column":8},"end":{"line":21,"column":7}},"16":{"start":{"line":22,"column":12},"end":{"line":21,"column":50}},"17":{"start":{"line":24,"column":8},"end":{"line":7,"column":51}},"18":{"start":{"line":25,"column":8},"end":{"line":7,"column":51}},"19":{"start":{"line":26,"column":8},"end":{"line":7,"column":51}},"20":{"start":{"line":84,"column":8},"end":{"line":83,"column":38}},"21":{"start":{"line":87,"column":8},"end":{"line":86,"column":27}},"22":{"start":{"line":92,"column":16},"end":{"line":91,"column":12}},"23":{"start":{"line":93,"column":20},"end":{"line":92,"column":33}},"24":{"start":{"line":94,"column":20},"end":{"line":92,"column":33}},"25":{"start":{"line":96,"column":16},"end":{"line":91,"column":12}},"26":{"start":{"line":29,"column":8},"end":{"line":28,"column":28}},"27":{"start":{"line":32,"column":8},"end":{"line":31,"column":24}},"28":{"start":{"line":35,"column":8},"end":{"line":34,"column":24}},"29":{"start":{"line":38,"column":8},"end":{"line":37,"column":16}},"30":{"start":{"line":41,"column":8},"end":{"line":40,"column":19}},"31":{"start":{"line":44,"column":8},"end":{"line":43,"column":20}},"32":{"start":{"line":47,"column":8},"end":{"line":47,"column":7}},"33":{"start":{"line":48,"column":12},"end":{"line":47,"column":39}},"34":{"start":{"line":50,"column":8},"end":{"line":46,"column":25}},"35":{"start":{"line":51,"column":8},"end":{"line":46,"column":25}},"36":{"start":{"line":54,"column":8},"end":{"line":53,"column":20}},"37":{"start":{"line":57,"column":8},"end":{"line":57,"column":7}},"38":{"start":{"line":58,"column":12},"end":{"line":57,"column":39}},"39":{"start":{"line":60,"column":8},"end":{"line":56,"column":25}},"40":{"start":{"line":61,"column":8},"end":{"line":56,"column":25}},"41":{"start":{"line":64,"column":8},"end":{"line":63,"column":16}},"42":{"start":{"line":67,"column":8},"end":{"line":67,"column":7}},"43":{"start":{"line":68,"column":12},"end":{"line":67,"column":35}},"44":{"start":{"line":70,"column":8},"end":{"line":66,"column":21}},"45":{"start":{"line":71,"column":8},"end":{"line":66,"column":21}},"46":{"start":{"line":74,"column":8},"end":{"line":73,"column":16}},"47":{"start":{"line":77,"column":8},"end":{"line":77,"column":7}},"48":{"start":{"line":78,"column":12},"end":{"line":77,"column":35}},"49":{"start":{"line":80,"column":8},"end":{"line":76,"column":21}},"50":{"start":{"line":81,"column":8},"end":{"line":76,"column":21}},"51":{"start":{"line":101,"column":8},"end":{"line":100,"column":22}}},"branchMap":{"1":{"line":18,"type":"if","locations":[{"start":{"line":18,"column":8},"end":{"line":18,"column":11}},{"start":{"line":18,"column":8},"end":{"line":18,"column":11}}]},"2":{"line":21,"type":"if","locations":[{"start":{"line":21,"column":8},"end":{"line":21,"column":11}},{"start":{"line":21,"column":8},"end":{"line":21,"column":11}}]},"3":{"line":25,"type":"cond-expr","locations":[{"start":{"line":25,"column":50},"end":{"line":25,"column":49}},{"start":{"line":25,"column":91},"end":{"line":25,"column":90}}]},"4":{"line":88,"type":"switch","locations":[{"start":{"line":88,"column":12},"end":{"line":87,"column":8}},{"start":{"line":89,"column":12},"end":{"line":87,"column":8}},{"start":{"line":90,"column":12},"end":{"line":87,"column":8}},{"start":{"line":91,"column":12},"end":{"line":91,"column":11}},{"start":{"line":87,"column":8},"end":{"line":null,"column":-1}}]},"5":{"line":47,"type":"if","locations":[{"start":{"line":47,"column":8},"end":{"line":47,"column":11}},{"start":{"line":47,"column":8},"end":{"line":47,"column":11}}]},"6":{"line":57,"type":"if","locations":[{"start":{"line":57,"column":8},"end":{"line":57,"column":11}},{"start":{"line":57,"column":8},"end":{"line":57,"column":11}}]},"7":{"line":67,"type":"if","locations":[{"start":{"line":67,"column":8},"end":{"line":67,"column":11}},{"start":{"line":67,"column":8},"end":{"line":67,"column":11}}]},"8":{"line":77,"type":"if","locations":[{"start":{"line":77,"column":8},"end":{"line":77,"column":11}},{"start":{"line":77,"column":8},"end":{"line":77,"column":11}}]}}},"/home/ubuntu/jThree/lib/Core/Resources/ContextSafeResourceContainer.js":{"path":"/home/ubuntu/jThree/lib/Core/Resources/ContextSafeResourceContainer.js","s":{"1":1,"2":1,"3":1,"4":1,"5":1,"6":0,"7":0,"8":0,"9":0,"10":0,"11":0,"12":0,"13":0,"14":0,"15":0,"16":0,"17":0,"18":0,"19":0,"20":0,"21":0,"22":0,"23":0,"24":0,"25":0,"26":0,"27":0,"28":0,"29":0,"30":0,"31":0,"32":0,"33":0,"34":0,"35":0},"b":{"1":[0,0],"2":[0,0]},"f":{"1":1,"2":0,"3":0,"4":0,"5":0},"fnMap":{"1":{"name":"(anonymous_8)","line":8,"loc":{"start":{"line":8,"column":6},"end":{"line":null,"column":-1}}},"2":{"name":"ContextSafeResourceContainer","line":9,"loc":{"start":{"line":9,"column":4},"end":{"line":9,"column":18}}},"3":{"name":"(anonymous_11)","line":18,"loc":{"start":{"line":18,"column":18},"end":{"line":18,"column":25}}},"4":{"name":"(anonymous_17)","line":50,"loc":{"start":{"line":50,"column":39},"end":{"line":50,"column":46}}},"5":{"name":"(anonymous_20)","line":25,"loc":{"start":{"line":25,"column":18},"end":{"line":25,"column":28}}}},"statementMap":{"1":{"start":{"line":1,"column":0},"end":{"line":null,"column":-1}},"2":{"start":{"line":2,"column":0},"end":{"line":null,"column":-1}},"3":{"start":{"line":3,"column":0},"end":{"line":null,"column":-1}},"4":{"start":{"line":4,"column":0},"end":{"line":null,"column":-1}},"5":{"start":{"line":9,"column":4},"end":{"line":9,"column":3}},"6":{"start":{"line":11,"column":8},"end":{"line":9,"column":18}},"7":{"start":{"line":12,"column":8},"end":{"line":9,"column":18}},"8":{"start":{"line":13,"column":8},"end":{"line":13,"column":14}},"9":{"start":{"line":9,"column":18},"end":{"line":9,"column":17}},"10":{"start":{"line":18,"column":8},"end":{"line":17,"column":14}},"11":{"start":{"line":19,"column":12},"end":{"line":18,"column":25}},"12":{"start":{"line":32,"column":8},"end":{"line":31,"column":26}},"13":{"start":{"line":35,"column":8},"end":{"line":35,"column":7}},"14":{"start":{"line":36,"column":12},"end":{"line":35,"column":37}},"15":{"start":{"line":38,"column":8},"end":{"line":34,"column":24}},"16":{"start":{"line":41,"column":8},"end":{"line":41,"column":7}},"17":{"start":{"line":42,"column":12},"end":{"line":41,"column":44}},"18":{"start":{"line":46,"column":8},"end":{"line":45,"column":37}},"19":{"start":{"line":49,"column":8},"end":{"line":48,"column":27}},"20":{"start":{"line":50,"column":8},"end":{"line":48,"column":27}},"21":{"start":{"line":51,"column":12},"end":{"line":50,"column":46}},"22":{"start":{"line":52,"column":12},"end":{"line":50,"column":46}},"23":{"start":{"line":56,"column":8},"end":{"line":56,"column":7}},"24":{"start":{"line":57,"column":12},"end":{"line":56,"column":36}},"25":{"start":{"line":58,"column":12},"end":{"line":56,"column":36}},"26":{"start":{"line":61,"column":12},"end":{"line":60,"column":13}},"27":{"start":{"line":62,"column":12},"end":{"line":60,"column":13}},"28":{"start":{"line":63,"column":12},"end":{"line":60,"column":13}},"29":{"start":{"line":64,"column":12},"end":{"line":60,"column":13}},"30":{"start":{"line":23,"column":8},"end":{"line":22,"column":19}},"31":{"start":{"line":24,"column":8},"end":{"line":22,"column":19}},"32":{"start":{"line":25,"column":8},"end":{"line":22,"column":19}},"33":{"start":{"line":26,"column":12},"end":{"line":25,"column":28}},"34":{"start":{"line":27,"column":12},"end":{"line":25,"column":28}},"35":{"start":{"line":29,"column":8},"end":{"line":22,"column":19}}},"branchMap":{"1":{"line":35,"type":"if","locations":[{"start":{"line":35,"column":8},"end":{"line":35,"column":11}},{"start":{"line":35,"column":8},"end":{"line":35,"column":11}}]},"2":{"line":56,"type":"if","locations":[{"start":{"line":56,"column":8},"end":{"line":56,"column":11}},{"start":{"line":56,"column":8},"end":{"line":56,"column":11}}]}}},"/home/ubuntu/jThree/lib/Base/JThreeObjectWithID.js":{"path":"/home/ubuntu/jThree/lib/Base/JThreeObjectWithID.js","s":{"1":1,"2":1,"3":1,"4":0,"5":0,"6":0},"b":{"1":[0,0]},"f":{"1":1,"2":0},"fnMap":{"1":{"name":"(anonymous_8)","line":7,"loc":{"start":{"line":7,"column":6},"end":{"line":null,"column":-1}}},"2":{"name":"JThreeObjectWithID","line":8,"loc":{"start":{"line":8,"column":4},"end":{"line":8,"column":20}}}},"statementMap":{"1":{"start":{"line":1,"column":0},"end":{"line":null,"column":-1}},"2":{"start":{"line":2,"column":0},"end":{"line":null,"column":-1}},"3":{"start":{"line":8,"column":4},"end":{"line":8,"column":3}},"4":{"start":{"line":10,"column":8},"end":{"line":8,"column":20}},"5":{"start":{"line":16,"column":8},"end":{"line":15,"column":13}},"6":{"start":{"line":19,"column":8},"end":{"line":18,"column":15}}},"branchMap":{"1":{"line":10,"type":"binary-expr","locations":[{"start":{"line":10,"column":19},"end":{"line":10,"column":24}},{"start":{"line":10,"column":25},"end":{"line":10,"column":19}}]}}},"/home/ubuntu/jThree/lib/Base/JThreeObject.js":{"path":"/home/ubuntu/jThree/lib/Base/JThreeObject.js","s":{"1":1,"2":0,"3":0},"b":{},"f":{"1":1},"fnMap":{"1":{"name":"(anonymous_6)","line":6,"loc":{"start":{"line":6,"column":6},"end":{"line":null,"column":-1}}}},"statementMap":{"1":{"start":{"line":1,"column":0},"end":{"line":null,"column":-1}},"2":{"start":{"line":13,"column":8},"end":{"line":12,"column":15}},"3":{"start":{"line":20,"column":8},"end":{"line":19,"column":18}}},"branchMap":{}},"/home/ubuntu/jThree/lib/Base/JsHack.js":{"path":"/home/ubuntu/jThree/lib/Base/JsHack.js","s":{"1":0,"2":0,"3":0},"b":{"1":[0,0],"2":[0,0]},"f":{"1":1},"fnMap":{"1":{"name":"(anonymous_5)","line":4,"loc":{"start":{"line":4,"column":6},"end":{"line":null,"column":-1}}}},"statementMap":{"1":{"start":{"line":11,"column":8},"end":{"line":10,"column":30}},"2":{"start":{"line":12,"column":8},"end":{"line":10,"column":30}},"3":{"start":{"line":13,"column":8},"end":{"line":10,"column":30}}},"branchMap":{"1":{"line":13,"type":"cond-expr","locations":[{"start":{"line":13,"column":47},"end":{"line":13,"column":15}},{"start":{"line":13,"column":59},"end":{"line":13,"column":15}}]},"2":{"line":13,"type":"binary-expr","locations":[{"start":{"line":13,"column":15},"end":{"line":13,"column":16}},{"start":{"line":13,"column":26},"end":{"line":13,"column":25}}]}}},"/home/ubuntu/jThree/lib/Base/JThreeID.js":{"path":"/home/ubuntu/jThree/lib/Base/JThreeID.js","s":{"1":1,"2":0,"3":0,"4":0,"5":0,"6":1},"b":{},"f":{"1":1},"fnMap":{"1":{"name":"(anonymous_8)","line":6,"loc":{"start":{"line":6,"column":6},"end":{"line":null,"column":-1}}}},"statementMap":{"1":{"start":{"line":1,"column":0},"end":{"line":null,"column":-1}},"2":{"start":{"line":13,"column":8},"end":{"line":12,"column":35}},"3":{"start":{"line":14,"column":8},"end":{"line":14,"column":7}},"4":{"start":{"line":15,"column":12},"end":{"line":14,"column":41}},"5":{"start":{"line":17,"column":8},"end":{"line":12,"column":35}},"6":{"start":{"line":24,"column":0},"end":{"line":null,"column":-1}}},"branchMap":{}},"/home/ubuntu/jThree/lib/Exceptions.js":{"path":"/home/ubuntu/jThree/lib/Exceptions.js","s":{"1":1,"2":1,"3":0,"4":0,"5":0,"6":1,"7":1,"8":1,"9":1,"10":1},"b":{},"f":{"1":1,"2":0,"3":1,"4":0,"5":1,"6":0,"7":1,"8":0,"9":1,"10":0,"11":1,"12":0},"fnMap":{"1":{"name":"(anonymous_9)","line":5,"loc":{"start":{"line":5,"column":13},"end":{"line":null,"column":-1}}},"2":{"name":"JThreeException","line":6,"loc":{"start":{"line":6,"column":4},"end":{"line":6,"column":31}}},"3":{"name":"(anonymous_12)","line":15,"loc":{"start":{"line":15,"column":13},"end":{"line":null,"column":-1}}},"4":{"name":"InvalidArgumentException","line":16,"loc":{"start":{"line":16,"column":4},"end":{"line":16,"column":25}}},"5":{"name":"(anonymous_14)","line":20,"loc":{"start":{"line":20,"column":13},"end":{"line":null,"column":-1}}},"6":{"name":"InvalidStringException","line":21,"loc":{"start":{"line":21,"column":4},"end":{"line":21,"column":25}}},"7":{"name":"(anonymous_16)","line":25,"loc":{"start":{"line":25,"column":13},"end":{"line":null,"column":-1}}},"8":{"name":"SingularMatrixException","line":26,"loc":{"start":{"line":26,"column":4},"end":{"line":26,"column":19}}},"9":{"name":"(anonymous_18)","line":30,"loc":{"start":{"line":30,"column":13},"end":{"line":null,"column":-1}}},"10":{"name":"AbstractClassMethodCalledException","line":31,"loc":{"start":{"line":31,"column":4},"end":{"line":31,"column":18}}},"11":{"name":"(anonymous_20)","line":35,"loc":{"start":{"line":35,"column":13},"end":{"line":null,"column":-1}}},"12":{"name":"WebGLNotSupportedException","line":36,"loc":{"start":{"line":36,"column":4},"end":{"line":36,"column":18}}}},"statementMap":{"1":{"start":{"line":1,"column":0},"end":{"line":null,"column":-1}},"2":{"start":{"line":6,"column":4},"end":{"line":6,"column":3}},"3":{"start":{"line":8,"column":8},"end":{"line":6,"column":31}},"4":{"start":{"line":9,"column":8},"end":{"line":6,"column":31}},"5":{"start":{"line":12,"column":8},"end":{"line":11,"column":15}},"6":{"start":{"line":16,"column":4},"end":{"line":16,"column":3}},"7":{"start":{"line":21,"column":4},"end":{"line":21,"column":3}},"8":{"start":{"line":26,"column":4},"end":{"line":26,"column":3}},"9":{"start":{"line":31,"column":4},"end":{"line":31,"column":3}},"10":{"start":{"line":36,"column":4},"end":{"line":36,"column":3}}},"branchMap":{}},"/home/ubuntu/jThree/lib/JThreeContext.js":{"path":"/home/ubuntu/jThree/lib/JThreeContext.js","s":{"1":1,"2":0,"3":0,"4":0,"5":0,"6":0,"7":0,"8":0,"9":0,"10":0,"11":0,"12":0},"b":{"1":[0,0],"2":[0,0],"3":[0,0],"4":[0,0]},"f":{"1":1,"2":0},"fnMap":{"1":{"name":"(anonymous_5)","line":5,"loc":{"start":{"line":5,"column":6},"end":{"line":null,"column":-1}}},"2":{"name":"JThreeContext","line":6,"loc":{"start":{"line":6,"column":4},"end":{"line":6,"column":18}}}},"statementMap":{"1":{"start":{"line":6,"column":4},"end":{"line":6,"column":3}},"2":{"start":{"line":10,"column":8},"end":{"line":6,"column":18}},"3":{"start":{"line":16,"column":8},"end":{"line":16,"column":7}},"4":{"start":{"line":17,"column":12},"end":{"line":17,"column":11}},"5":{"start":{"line":18,"column":16},"end":{"line":17,"column":36}},"6":{"start":{"line":27,"column":8},"end":{"line":27,"column":7}},"7":{"start":{"line":28,"column":12},"end":{"line":27,"column":99}},"8":{"start":{"line":30,"column":8},"end":{"line":26,"column":54}},"9":{"start":{"line":38,"column":8},"end":{"line":37,"column":38}},"10":{"start":{"line":41,"column":8},"end":{"line":41,"column":7}},"11":{"start":{"line":42,"column":12},"end":{"line":41,"column":20}},"12":{"start":{"line":45,"column":12},"end":{"line":44,"column":13}}},"branchMap":{"1":{"line":16,"type":"if","locations":[{"start":{"line":16,"column":8},"end":{"line":16,"column":11}},{"start":{"line":16,"column":8},"end":{"line":16,"column":11}}]},"2":{"line":17,"type":"if","locations":[{"start":{"line":17,"column":12},"end":{"line":17,"column":15}},{"start":{"line":17,"column":12},"end":{"line":17,"column":15}}]},"3":{"line":27,"type":"if","locations":[{"start":{"line":27,"column":8},"end":{"line":27,"column":11}},{"start":{"line":27,"column":8},"end":{"line":27,"column":11}}]},"4":{"line":41,"type":"if","locations":[{"start":{"line":41,"column":8},"end":{"line":41,"column":11}},{"start":{"line":41,"column":8},"end":{"line":41,"column":11}}]}}},"/home/ubuntu/jThree/lib/ContextComponents.js":{"path":"/home/ubuntu/jThree/lib/ContextComponents.js","s":{"1":0,"2":0,"3":0,"4":0,"5":0,"6":0,"7":0,"8":0,"9":0,"10":0,"11":0},"b":{},"f":{"1":1},"fnMap":{"1":{"name":"(anonymous_5)","line":1,"loc":{"start":{"line":1,"column":6},"end":{"line":null,"column":-1}}}},"statementMap":{"1":{"start":{"line":3,"column":8},"end":{"line":2,"column":30}},"2":{"start":{"line":6,"column":8},"end":{"line":5,"column":31}},"3":{"start":{"line":9,"column":8},"end":{"line":8,"column":33}},"4":{"start":{"line":12,"column":8},"end":{"line":11,"column":29}},"5":{"start":{"line":15,"column":8},"end":{"line":14,"column":29}},"6":{"start":{"line":18,"column":8},"end":{"line":17,"column":23}},"7":{"start":{"line":21,"column":8},"end":{"line":20,"column":26}},"8":{"start":{"line":24,"column":8},"end":{"line":23,"column":32}},"9":{"start":{"line":27,"column":8},"end":{"line":26,"column":33}},"10":{"start":{"line":30,"column":8},"end":{"line":29,"column":36}},"11":{"start":{"line":33,"column":8},"end":{"line":32,"column":38}}},"branchMap":{}},"/home/ubuntu/jThree/lib/Base/JThreeEvent.js":{"path":"/home/ubuntu/jThree/lib/Base/JThreeEvent.js","s":{"1":1,"2":1,"3":1,"4":0,"5":0,"6":0,"7":0,"8":0,"9":0,"10":0,"11":0,"12":0,"13":0},"b":{"1":[0,0],"2":[0,0]},"f":{"1":1,"2":0,"3":0},"fnMap":{"1":{"name":"(anonymous_8)","line":6,"loc":{"start":{"line":6,"column":6},"end":{"line":null,"column":-1}}},"2":{"name":"JThreeEvent","line":7,"loc":{"start":{"line":7,"column":4},"end":{"line":7,"column":25}}},"3":{"name":"(anonymous_11)","line":18,"loc":{"start":{"line":18,"column":36},"end":{"line":null,"column":-1}}}},"statementMap":{"1":{"start":{"line":1,"column":0},"end":{"line":null,"column":-1}},"2":{"start":{"line":2,"column":0},"end":{"line":null,"column":-1}},"3":{"start":{"line":7,"column":4},"end":{"line":7,"column":3}},"4":{"start":{"line":12,"column":8},"end":{"line":7,"column":25}},"5":{"start":{"line":18,"column":8},"end":{"line":17,"column":27}},"6":{"start":{"line":25,"column":8},"end":{"line":25,"column":7}},"7":{"start":{"line":26,"column":12},"end":{"line":25,"column":44}},"8":{"start":{"line":28,"column":8},"end":{"line":24,"column":25}},"9":{"start":{"line":35,"column":8},"end":{"line":35,"column":7}},"10":{"start":{"line":36,"column":12},"end":{"line":35,"column":61}},"11":{"start":{"line":37,"column":12},"end":{"line":37,"column":11}},"12":{"start":{"line":38,"column":16},"end":{"line":37,"column":33}},"13":{"start":{"line":39,"column":16},"end":{"line":37,"column":33}}},"branchMap":{"1":{"line":25,"type":"if","locations":[{"start":{"line":25,"column":8},"end":{"line":25,"column":11}},{"start":{"line":25,"column":8},"end":{"line":25,"column":11}}]},"2":{"line":37,"type":"if","locations":[{"start":{"line":37,"column":12},"end":{"line":37,"column":15}},{"start":{"line":37,"column":12},"end":{"line":37,"column":15}}]}}},"/home/ubuntu/jThree/lib/Core/Renderers/RenderStages/RSML/RSMLRenderStage.js":{"path":"/home/ubuntu/jThree/lib/Core/Renderers/RenderStages/RSML/RSMLRenderStage.js","s":{"1":1,"2":1,"3":1,"4":0,"5":0,"6":0,"7":0,"8":0,"9":0,"10":0,"11":0,"12":0,"13":0,"14":0,"15":0,"16":0,"17":0,"18":0,"19":0,"20":0,"21":0,"22":0,"23":0},"b":{"1":[0,0],"2":[0,0]},"f":{"1":1,"2":0},"fnMap":{"1":{"name":"(anonymous_9)","line":3,"loc":{"start":{"line":3,"column":6},"end":{"line":null,"column":-1}}},"2":{"name":"RSMLRenderStage","line":4,"loc":{"start":{"line":4,"column":4},"end":{"line":4,"column":38}}}},"statementMap":{"1":{"start":{"line":1,"column":0},"end":{"line":null,"column":-1}},"2":{"start":{"line":2,"column":0},"end":{"line":null,"column":-1}},"3":{"start":{"line":4,"column":4},"end":{"line":4,"column":3}},"4":{"start":{"line":6,"column":8},"end":{"line":4,"column":38}},"5":{"start":{"line":12,"column":8},"end":{"line":11,"column":48}},"6":{"start":{"line":15,"column":8},"end":{"line":14,"column":32}},"7":{"start":{"line":18,"column":8},"end":{"line":17,"column":46}},"8":{"start":{"line":21,"column":8},"end":{"line":20,"column":64}},"9":{"start":{"line":24,"column":8},"end":{"line":23,"column":46}},"10":{"start":{"line":27,"column":8},"end":{"line":26,"column":29}},"11":{"start":{"line":30,"column":8},"end":{"line":29,"column":30}},"12":{"start":{"line":33,"column":8},"end":{"line":32,"column":23}},"13":{"start":{"line":34,"column":8},"end":{"line":32,"column":23}},"14":{"start":{"line":35,"column":8},"end":{"line":35,"column":7}},"15":{"start":{"line":36,"column":12},"end":{"line":35,"column":23}},"16":{"start":{"line":37,"column":12},"end":{"line":35,"column":23}},"17":{"start":{"line":39,"column":8},"end":{"line":32,"column":23}},"18":{"start":{"line":40,"column":8},"end":{"line":32,"column":23}},"19":{"start":{"line":41,"column":8},"end":{"line":32,"column":23}},"20":{"start":{"line":42,"column":8},"end":{"line":32,"column":23}},"21":{"start":{"line":43,"column":8},"end":{"line":43,"column":7}},"22":{"start":{"line":44,"column":12},"end":{"line":43,"column":94}},"23":{"start":{"line":9,"column":8},"end":{"line":8,"column":20}}},"branchMap":{"1":{"line":24,"type":"binary-expr","locations":[{"start":{"line":24,"column":15},"end":{"line":24,"column":14}},{"start":{"line":24,"column":57},"end":{"line":24,"column":56}}]},"2":{"line":35,"type":"if","locations":[{"start":{"line":35,"column":8},"end":{"line":35,"column":11}},{"start":{"line":35,"column":8},"end":{"line":35,"column":11}}]}}},"/home/ubuntu/jThree/lib/Core/Renderers/RenderStages/RSML/BasicTechnique.js":{"path":"/home/ubuntu/jThree/lib/Core/Renderers/RenderStages/RSML/BasicTechnique.js","s":{"1":1,"2":1,"3":1,"4":1,"5":1,"6":1,"7":1,"8":0,"9":0,"10":0,"11":0,"12":0,"13":0,"14":0,"15":0,"16":0,"17":0,"18":0,"19":0,"20":0,"21":0,"22":0,"23":0,"24":0,"25":0,"26":0,"27":0,"28":0,"29":0,"30":0,"31":0,"32":0,"33":0,"34":0,"35":0,"36":0,"37":0,"38":0,"39":0,"40":0,"41":0,"42":0,"43":0,"44":0,"45":0,"46":0,"47":0,"48":0,"49":0,"50":0,"51":0,"52":0,"53":0,"54":0,"55":0,"56":0,"57":0,"58":0,"59":0,"60":0,"61":0,"62":0,"63":0,"64":0,"65":0,"66":0,"67":0,"68":0,"69":0,"70":0,"71":0,"72":0,"73":0,"74":0,"75":0,"76":0,"77":0,"78":0,"79":0,"80":0,"81":0,"82":0,"83":0,"84":0,"85":0,"86":0,"87":0,"88":0,"89":0,"90":0,"91":0,"92":0,"93":0,"94":0,"95":0,"96":0,"97":0,"98":0,"99":0,"100":0,"101":0,"102":0,"103":0,"104":0},"b":{"1":[0,0],"2":[0,0],"3":[0,0],"4":[0,0],"5":[0,0],"6":[0,0],"7":[0,0],"8":[0,0],"9":[0,0],"10":[0,0,0,0],"11":[0,0,0,0],"12":[0,0],"13":[0,0],"14":[0,0],"15":[0,0],"16":[0,0],"17":[0,0],"18":[0,0],"19":[0,0],"20":[0,0],"21":[0,0],"22":[0,0],"23":[0,0]},"f":{"1":1,"2":0},"fnMap":{"1":{"name":"(anonymous_8)","line":7,"loc":{"start":{"line":7,"column":6},"end":{"line":null,"column":-1}}},"2":{"name":"BasicTechnique","line":8,"loc":{"start":{"line":8,"column":4},"end":{"line":8,"column":56}}}},"statementMap":{"1":{"start":{"line":1,"column":0},"end":{"line":null,"column":-1}},"2":{"start":{"line":2,"column":0},"end":{"line":null,"column":-1}},"3":{"start":{"line":3,"column":0},"end":{"line":null,"column":-1}},"4":{"start":{"line":4,"column":0},"end":{"line":null,"column":-1}},"5":{"start":{"line":5,"column":0},"end":{"line":null,"column":-1}},"6":{"start":{"line":6,"column":0},"end":{"line":null,"column":-1}},"7":{"start":{"line":8,"column":4},"end":{"line":8,"column":3}},"8":{"start":{"line":10,"column":8},"end":{"line":8,"column":56}},"9":{"start":{"line":11,"column":8},"end":{"line":8,"column":56}},"10":{"start":{"line":12,"column":8},"end":{"line":8,"column":56}},"11":{"start":{"line":13,"column":8},"end":{"line":8,"column":56}},"12":{"start":{"line":14,"column":8},"end":{"line":8,"column":56}},"13":{"start":{"line":15,"column":8},"end":{"line":8,"column":56}},"14":{"start":{"line":16,"column":8},"end":{"line":8,"column":56}},"15":{"start":{"line":17,"column":8},"end":{"line":8,"column":56}},"16":{"start":{"line":18,"column":8},"end":{"line":18,"column":7}},"17":{"start":{"line":19,"column":12},"end":{"line":18,"column":27}},"18":{"start":{"line":21,"column":8},"end":{"line":8,"column":56}},"19":{"start":{"line":22,"column":8},"end":{"line":22,"column":7}},"20":{"start":{"line":23,"column":12},"end":{"line":22,"column":38}},"21":{"start":{"line":33,"column":8},"end":{"line":32,"column":30}},"22":{"start":{"line":36,"column":8},"end":{"line":35,"column":64}},"23":{"start":{"line":38,"column":16},"end":{"line":37,"column":12}},"24":{"start":{"line":39,"column":16},"end":{"line":37,"column":12}},"25":{"start":{"line":40,"column":16},"end":{"line":37,"column":12}},"26":{"start":{"line":42,"column":16},"end":{"line":41,"column":12}},"27":{"start":{"line":43,"column":16},"end":{"line":41,"column":12}},"28":{"start":{"line":44,"column":16},"end":{"line":41,"column":12}},"29":{"start":{"line":48,"column":8},"end":{"line":47,"column":26}},"30":{"start":{"line":49,"column":8},"end":{"line":47,"column":26}},"31":{"start":{"line":50,"column":8},"end":{"line":47,"column":26}},"32":{"start":{"line":51,"column":8},"end":{"line":47,"column":26}},"33":{"start":{"line":52,"column":8},"end":{"line":47,"column":26}},"34":{"start":{"line":53,"column":8},"end":{"line":47,"column":26}},"35":{"start":{"line":56,"column":8},"end":{"line":55,"column":19}},"36":{"start":{"line":57,"column":8},"end":{"line":57,"column":7}},"37":{"start":{"line":58,"column":12},"end":{"line":57,"column":37}},"38":{"start":{"line":59,"column":12},"end":{"line":57,"column":37}},"39":{"start":{"line":61,"column":8},"end":{"line":55,"column":19}},"40":{"start":{"line":62,"column":8},"end":{"line":55,"column":19}},"41":{"start":{"line":63,"column":8},"end":{"line":63,"column":7}},"42":{"start":{"line":64,"column":12},"end":{"line":63,"column":22}},"43":{"start":{"line":66,"column":8},"end":{"line":55,"column":19}},"44":{"start":{"line":70,"column":8},"end":{"line":68,"column":46}},"45":{"start":{"line":71,"column":8},"end":{"line":68,"column":46}},"46":{"start":{"line":74,"column":8},"end":{"line":74,"column":7}},"47":{"start":{"line":75,"column":12},"end":{"line":null,"column":-1}},"48":{"start":{"line":78,"column":12},"end":{"line":77,"column":13}},"49":{"start":{"line":79,"column":12},"end":{"line":77,"column":13}},"50":{"start":{"line":80,"column":12},"end":{"line":77,"column":13}},"51":{"start":{"line":81,"column":12},"end":{"line":81,"column":11}},"52":{"start":{"line":82,"column":16},"end":{"line":81,"column":49}},"53":{"start":{"line":85,"column":16},"end":{"line":85,"column":15}},"54":{"start":{"line":86,"column":20},"end":{"line":85,"column":46}},"55":{"start":{"line":89,"column":20},"end":{"line":88,"column":21}},"56":{"start":{"line":90,"column":20},"end":{"line":88,"column":21}},"57":{"start":{"line":93,"column":12},"end":{"line":93,"column":11}},"58":{"start":{"line":94,"column":16},"end":{"line":93,"column":23}},"59":{"start":{"line":96,"column":24},"end":{"line":95,"column":20}},"60":{"start":{"line":97,"column":24},"end":{"line":95,"column":20}},"61":{"start":{"line":99,"column":24},"end":{"line":98,"column":20}},"62":{"start":{"line":100,"column":24},"end":{"line":98,"column":20}},"63":{"start":{"line":103,"column":24},"end":{"line":102,"column":20}},"64":{"start":{"line":104,"column":24},"end":{"line":102,"column":20}},"65":{"start":{"line":108,"column":16},"end":{"line":107,"column":17}},"66":{"start":{"line":110,"column":24},"end":{"line":109,"column":20}},"67":{"start":{"line":111,"column":24},"end":{"line":109,"column":20}},"68":{"start":{"line":113,"column":24},"end":{"line":112,"column":20}},"69":{"start":{"line":114,"column":24},"end":{"line":112,"column":20}},"70":{"start":{"line":117,"column":24},"end":{"line":116,"column":20}},"71":{"start":{"line":118,"column":24},"end":{"line":116,"column":20}},"72":{"start":{"line":124,"column":8},"end":{"line":124,"column":7}},"73":{"start":{"line":126,"column":12},"end":{"line":124,"column":63}},"74":{"start":{"line":127,"column":12},"end":{"line":124,"column":63}},"75":{"start":{"line":128,"column":12},"end":{"line":124,"column":63}},"76":{"start":{"line":132,"column":12},"end":{"line":132,"column":11}},"77":{"start":{"line":133,"column":16},"end":{"line":132,"column":93}},"78":{"start":{"line":134,"column":16},"end":{"line":132,"column":93}},"79":{"start":{"line":136,"column":12},"end":{"line":130,"column":13}},"80":{"start":{"line":137,"column":12},"end":{"line":137,"column":11}},"81":{"start":{"line":138,"column":16},"end":{"line":137,"column":40}},"82":{"start":{"line":140,"column":12},"end":{"line":130,"column":13}},"83":{"start":{"line":141,"column":12},"end":{"line":130,"column":13}},"84":{"start":{"line":148,"column":8},"end":{"line":147,"column":27}},"85":{"start":{"line":149,"column":8},"end":{"line":147,"column":27}},"86":{"start":{"line":150,"column":8},"end":{"line":150,"column":7}},"87":{"start":{"line":151,"column":12},"end":{"line":150,"column":76}},"88":{"start":{"line":152,"column":12},"end":{"line":150,"column":76}},"89":{"start":{"line":153,"column":12},"end":{"line":150,"column":76}},"90":{"start":{"line":159,"column":8},"end":{"line":159,"column":7}},"91":{"start":{"line":160,"column":12},"end":{"line":159,"column":74}},"92":{"start":{"line":161,"column":12},"end":{"line":159,"column":74}},"93":{"start":{"line":162,"column":12},"end":{"line":159,"column":74}},"94":{"start":{"line":163,"column":12},"end":{"line":159,"column":74}},"95":{"start":{"line":164,"column":12},"end":{"line":159,"column":74}},"96":{"start":{"line":166,"column":8},"end":{"line":166,"column":7}},"97":{"start":{"line":167,"column":12},"end":{"line":166,"column":76}},"98":{"start":{"line":168,"column":12},"end":{"line":166,"column":76}},"99":{"start":{"line":169,"column":12},"end":{"line":166,"column":76}},"100":{"start":{"line":173,"column":8},"end":{"line":173,"column":7}},"101":{"start":{"line":174,"column":12},"end":{"line":173,"column":23}},"102":{"start":{"line":177,"column":12},"end":{"line":176,"column":13}},"103":{"start":{"line":27,"column":8},"end":{"line":26,"column":14}},"104":{"start":{"line":30,"column":8},"end":{"line":29,"column":17}}},"branchMap":{"1":{"line":18,"type":"if","locations":[{"start":{"line":18,"column":8},"end":{"line":18,"column":11}},{"start":{"line":18,"column":8},"end":{"line":18,"column":11}}]},"2":{"line":22,"type":"if","locations":[{"start":{"line":22,"column":8},"end":{"line":22,"column":11}},{"start":{"line":22,"column":8},"end":{"line":22,"column":11}}]},"3":{"line":37,"type":"switch","locations":[{"start":{"line":37,"column":12},"end":{"line":37,"column":11}},{"start":{"line":36,"column":8},"end":{"line":41,"column":12}}]},"4":{"line":57,"type":"if","locations":[{"start":{"line":57,"column":8},"end":{"line":57,"column":11}},{"start":{"line":57,"column":8},"end":{"line":57,"column":11}}]},"5":{"line":63,"type":"if","locations":[{"start":{"line":63,"column":8},"end":{"line":63,"column":11}},{"start":{"line":63,"column":8},"end":{"line":63,"column":11}}]},"6":{"line":74,"type":"if","locations":[{"start":{"line":74,"column":8},"end":{"line":74,"column":11}},{"start":{"line":74,"column":8},"end":{"line":74,"column":11}}]},"7":{"line":81,"type":"if","locations":[{"start":{"line":81,"column":12},"end":{"line":81,"column":15}},{"start":{"line":81,"column":12},"end":{"line":81,"column":15}}]},"8":{"line":85,"type":"if","locations":[{"start":{"line":85,"column":16},"end":{"line":85,"column":19}},{"start":{"line":85,"column":16},"end":{"line":85,"column":19}}]},"9":{"line":93,"type":"if","locations":[{"start":{"line":93,"column":12},"end":{"line":93,"column":15}},{"start":{"line":93,"column":12},"end":{"line":93,"column":15}}]},"10":{"line":95,"type":"switch","locations":[{"start":{"line":95,"column":20},"end":{"line":95,"column":19}},{"start":{"line":94,"column":16},"end":{"line":98,"column":20}},{"start":{"line":94,"column":16},"end":{"line":null,"column":-1}},{"start":{"line":102,"column":20},"end":{"line":102,"column":19}}]},"11":{"line":109,"type":"switch","locations":[{"start":{"line":109,"column":20},"end":{"line":109,"column":19}},{"start":{"line":108,"column":16},"end":{"line":112,"column":20}},{"start":{"line":108,"column":16},"end":{"line":null,"column":-1}},{"start":{"line":116,"column":20},"end":{"line":116,"column":19}}]},"12":{"line":124,"type":"if","locations":[{"start":{"line":124,"column":8},"end":{"line":124,"column":11}},{"start":{"line":124,"column":8},"end":{"line":124,"column":11}}]},"13":{"line":124,"type":"binary-expr","locations":[{"start":{"line":124,"column":12},"end":{"line":124,"column":13}},{"start":{"line":124,"column":37},"end":{"line":124,"column":36}}]},"14":{"line":132,"type":"if","locations":[{"start":{"line":132,"column":12},"end":{"line":132,"column":15}},{"start":{"line":132,"column":12},"end":{"line":132,"column":15}}]},"15":{"line":132,"type":"binary-expr","locations":[{"start":{"line":132,"column":16},"end":{"line":132,"column":15}},{"start":{"line":132,"column":52},"end":{"line":132,"column":51}}]},"16":{"line":137,"type":"if","locations":[{"start":{"line":137,"column":12},"end":{"line":137,"column":15}},{"start":{"line":137,"column":12},"end":{"line":137,"column":15}}]},"17":{"line":150,"type":"if","locations":[{"start":{"line":150,"column":8},"end":{"line":150,"column":11}},{"start":{"line":150,"column":8},"end":{"line":150,"column":11}}]},"18":{"line":150,"type":"binary-expr","locations":[{"start":{"line":150,"column":12},"end":{"line":150,"column":11}},{"start":{"line":150,"column":40},"end":{"line":150,"column":39}}]},"19":{"line":159,"type":"if","locations":[{"start":{"line":159,"column":8},"end":{"line":159,"column":11}},{"start":{"line":159,"column":8},"end":{"line":159,"column":11}}]},"20":{"line":159,"type":"binary-expr","locations":[{"start":{"line":159,"column":12},"end":{"line":159,"column":38}},{"start":{"line":159,"column":39},"end":{"line":159,"column":38}}]},"21":{"line":166,"type":"if","locations":[{"start":{"line":166,"column":8},"end":{"line":166,"column":11}},{"start":{"line":166,"column":8},"end":{"line":166,"column":11}}]},"22":{"line":166,"type":"binary-expr","locations":[{"start":{"line":166,"column":12},"end":{"line":166,"column":11}},{"start":{"line":166,"column":40},"end":{"line":166,"column":39}}]},"23":{"line":173,"type":"if","locations":[{"start":{"line":173,"column":8},"end":{"line":173,"column":11}},{"start":{"line":173,"column":8},"end":{"line":173,"column":11}}]}}},"/home/ubuntu/jThree/lib/Core/Renderers/RenderStages/RSML/RSMLRenderConfigUtility.js":{"path":"/home/ubuntu/jThree/lib/Core/Renderers/RenderStages/RSML/RSMLRenderConfigUtility.js","s":{"1":1,"2":0,"3":0,"4":0,"5":0,"6":0,"7":0,"8":0,"9":0,"10":0,"11":0,"12":0,"13":0,"14":0,"15":0,"16":0,"17":0,"18":0,"19":0,"20":0,"21":0,"22":0,"23":0,"24":0,"25":0,"26":0,"27":0,"28":0,"29":0,"30":0,"31":0,"32":0,"33":0,"34":0,"35":0,"36":0,"37":0,"38":0,"39":0,"40":0,"41":0,"42":0,"43":0,"44":0,"45":0,"46":0,"47":0,"48":0,"49":0,"50":0,"51":0},"b":{"1":[0,0],"2":[0,0],"3":[0,0],"4":[0,0],"5":[0,0],"6":[0,0],"7":[0,0],"8":[0,0],"9":[0,0],"10":[0,0],"11":[0,0],"12":[0,0]},"f":{"1":1},"fnMap":{"1":{"name":"(anonymous_6)","line":2,"loc":{"start":{"line":2,"column":6},"end":{"line":null,"column":-1}}}},"statementMap":{"1":{"start":{"line":1,"column":0},"end":{"line":null,"column":-1}},"2":{"start":{"line":4,"column":8},"end":{"line":4,"column":7}},"3":{"start":{"line":5,"column":12},"end":{"line":4,"column":25}},"4":{"start":{"line":7,"column":8},"end":{"line":3,"column":53}},"5":{"start":{"line":8,"column":8},"end":{"line":3,"column":53}},"6":{"start":{"line":9,"column":8},"end":{"line":3,"column":53}},"7":{"start":{"line":10,"column":8},"end":{"line":3,"column":53}},"8":{"start":{"line":11,"column":8},"end":{"line":3,"column":53}},"9":{"start":{"line":12,"column":8},"end":{"line":12,"column":7}},"10":{"start":{"line":13,"column":12},"end":{"line":12,"column":52}},"11":{"start":{"line":14,"column":12},"end":{"line":12,"column":52}},"12":{"start":{"line":15,"column":12},"end":{"line":15,"column":11}},"13":{"start":{"line":16,"column":16},"end":{"line":15,"column":46}},"14":{"start":{"line":19,"column":8},"end":{"line":3,"column":53}},"15":{"start":{"line":20,"column":8},"end":{"line":3,"column":53}},"16":{"start":{"line":24,"column":8},"end":{"line":22,"column":51}},"17":{"start":{"line":25,"column":8},"end":{"line":25,"column":7}},"18":{"start":{"line":26,"column":12},"end":{"line":25,"column":19}},"19":{"start":{"line":27,"column":12},"end":{"line":25,"column":19}},"20":{"start":{"line":22,"column":51},"end":{"line":22,"column":50}},"21":{"start":{"line":31,"column":8},"end":{"line":22,"column":51}},"22":{"start":{"line":32,"column":8},"end":{"line":32,"column":7}},"23":{"start":{"line":33,"column":12},"end":{"line":32,"column":25}},"24":{"start":{"line":22,"column":51},"end":{"line":22,"column":50}},"25":{"start":{"line":37,"column":8},"end":{"line":37,"column":26}},"26":{"start":{"line":22,"column":51},"end":{"line":22,"column":50}},"27":{"start":{"line":40,"column":8},"end":{"line":40,"column":7}},"28":{"start":{"line":41,"column":12},"end":{"line":40,"column":23}},"29":{"start":{"line":42,"column":12},"end":{"line":40,"column":23}},"30":{"start":{"line":43,"column":12},"end":{"line":43,"column":11}},"31":{"start":{"line":44,"column":16},"end":{"line":44,"column":15}},"32":{"start":{"line":45,"column":20},"end":{"line":44,"column":44}},"33":{"start":{"line":48,"column":20},"end":{"line":47,"column":21}},"34":{"start":{"line":52,"column":8},"end":{"line":22,"column":51}},"35":{"start":{"line":60,"column":8},"end":{"line":60,"column":7}},"36":{"start":{"line":61,"column":12},"end":{"line":60,"column":25}},"37":{"start":{"line":59,"column":42},"end":{"line":59,"column":41}},"38":{"start":{"line":65,"column":8},"end":{"line":65,"column":7}},"39":{"start":{"line":66,"column":12},"end":{"line":65,"column":19}},"40":{"start":{"line":68,"column":8},"end":{"line":59,"column":42}},"41":{"start":{"line":69,"column":8},"end":{"line":69,"column":7}},"42":{"start":{"line":70,"column":12},"end":{"line":69,"column":19}},"43":{"start":{"line":72,"column":8},"end":{"line":59,"column":42}},"44":{"start":{"line":73,"column":8},"end":{"line":59,"column":42}},"45":{"start":{"line":74,"column":8},"end":{"line":59,"column":42}},"46":{"start":{"line":75,"column":8},"end":{"line":75,"column":7}},"47":{"start":{"line":76,"column":12},"end":{"line":75,"column":23}},"48":{"start":{"line":77,"column":12},"end":{"line":75,"column":23}},"49":{"start":{"line":78,"column":12},"end":{"line":78,"column":11}},"50":{"start":{"line":79,"column":16},"end":{"line":78,"column":26}},"51":{"start":{"line":82,"column":8},"end":{"line":59,"column":42}}},"branchMap":{"1":{"line":4,"type":"if","locations":[{"start":{"line":4,"column":8},"end":{"line":4,"column":11}},{"start":{"line":4,"column":8},"end":{"line":4,"column":11}}]},"2":{"line":15,"type":"if","locations":[{"start":{"line":15,"column":12},"end":{"line":15,"column":15}},{"start":{"line":15,"column":12},"end":{"line":15,"column":15}}]},"3":{"line":25,"type":"if","locations":[{"start":{"line":25,"column":8},"end":{"line":25,"column":11}},{"start":{"line":25,"column":8},"end":{"line":25,"column":11}}]},"4":{"line":32,"type":"if","locations":[{"start":{"line":32,"column":8},"end":{"line":32,"column":11}},{"start":{"line":32,"column":8},"end":{"line":32,"column":11}}]},"5":{"line":40,"type":"if","locations":[{"start":{"line":40,"column":8},"end":{"line":40,"column":11}},{"start":{"line":40,"column":8},"end":{"line":40,"column":11}}]},"6":{"line":43,"type":"if","locations":[{"start":{"line":43,"column":12},"end":{"line":43,"column":15}},{"start":{"line":43,"column":12},"end":{"line":43,"column":15}}]},"7":{"line":44,"type":"if","locations":[{"start":{"line":44,"column":16},"end":{"line":44,"column":19}},{"start":{"line":44,"column":16},"end":{"line":44,"column":19}}]},"8":{"line":60,"type":"if","locations":[{"start":{"line":60,"column":8},"end":{"line":60,"column":11}},{"start":{"line":60,"column":8},"end":{"line":60,"column":11}}]},"9":{"line":65,"type":"if","locations":[{"start":{"line":65,"column":8},"end":{"line":65,"column":11}},{"start":{"line":65,"column":8},"end":{"line":65,"column":11}}]},"10":{"line":69,"type":"if","locations":[{"start":{"line":69,"column":8},"end":{"line":69,"column":11}},{"start":{"line":69,"column":8},"end":{"line":69,"column":11}}]},"11":{"line":75,"type":"if","locations":[{"start":{"line":75,"column":8},"end":{"line":75,"column":11}},{"start":{"line":75,"column":8},"end":{"line":75,"column":11}}]},"12":{"line":78,"type":"if","locations":[{"start":{"line":78,"column":12},"end":{"line":78,"column":15}},{"start":{"line":78,"column":12},"end":{"line":78,"column":15}}]}}},"/home/ubuntu/jThree/lib/Math/Vector4.js":{"path":"/home/ubuntu/jThree/lib/Math/Vector4.js","s":{"1":1,"2":1,"3":1,"4":0,"5":0,"6":0,"7":0,"8":0,"9":0,"10":0,"11":0,"12":0,"13":0,"14":0,"15":0,"16":0,"17":0,"18":0,"19":0,"20":0,"21":0,"22":0,"23":0,"24":0,"25":0,"26":0,"27":0,"28":0,"29":0,"30":0,"31":0,"32":0,"33":0,"34":0,"35":0,"36":0,"37":0,"38":0,"39":0,"40":0,"41":0,"42":0,"43":0,"44":0,"45":0,"46":0,"47":0,"48":0,"49":0,"50":0,"51":0,"52":0,"53":0,"54":0,"55":0,"56":0,"57":0,"58":0,"59":0,"60":0,"61":0,"62":0,"63":0,"64":0,"65":0},"b":{"1":[0,0],"2":[0,0],"3":[0,0,0],"4":[0,0],"5":[0,0],"6":[0,0],"7":[0,0]},"f":{"1":1,"2":0,"3":0,"4":0},"fnMap":{"1":{"name":"(anonymous_8)","line":3,"loc":{"start":{"line":3,"column":6},"end":{"line":null,"column":-1}}},"2":{"name":"Vector4","line":4,"loc":{"start":{"line":4,"column":4},"end":{"line":4,"column":28}}},"3":{"name":"(anonymous_41)","line":89,"loc":{"start":{"line":89,"column":71},"end":{"line":null,"column":-1}}},"4":{"name":"(anonymous_43)","line":92,"loc":{"start":{"line":92,"column":71},"end":{"line":null,"column":-1}}}},"statementMap":{"1":{"start":{"line":1,"column":0},"end":{"line":null,"column":-1}},"2":{"start":{"line":2,"column":0},"end":{"line":null,"column":-1}},"3":{"start":{"line":4,"column":4},"end":{"line":4,"column":3}},"4":{"start":{"line":6,"column":8},"end":{"line":6,"column":7}},"5":{"start":{"line":7,"column":12},"end":{"line":6,"column":38}},"6":{"start":{"line":8,"column":12},"end":{"line":6,"column":38}},"7":{"start":{"line":10,"column":8},"end":{"line":4,"column":28}},"8":{"start":{"line":122,"column":8},"end":{"line":121,"column":20}},"9":{"start":{"line":125,"column":8},"end":{"line":124,"column":15}},"10":{"start":{"line":128,"column":8},"end":{"line":127,"column":15}},"11":{"start":{"line":131,"column":8},"end":{"line":130,"column":20}},"12":{"start":{"line":134,"column":8},"end":{"line":133,"column":20}},"13":{"start":{"line":137,"column":8},"end":{"line":136,"column":17}},"14":{"start":{"line":140,"column":8},"end":{"line":139,"column":17}},"15":{"start":{"line":143,"column":8},"end":{"line":142,"column":23}},"16":{"start":{"line":147,"column":8},"end":{"line":146,"column":15}},"17":{"start":{"line":150,"column":8},"end":{"line":149,"column":22}},"18":{"start":{"line":153,"column":8},"end":{"line":152,"column":26}},"19":{"start":{"line":13,"column":8},"end":{"line":12,"column":21}},"20":{"start":{"line":16,"column":8},"end":{"line":15,"column":12}},"21":{"start":{"line":28,"column":8},"end":{"line":27,"column":13}},"22":{"start":{"line":19,"column":8},"end":{"line":18,"column":12}},"23":{"start":{"line":31,"column":8},"end":{"line":30,"column":13}},"24":{"start":{"line":22,"column":8},"end":{"line":21,"column":12}},"25":{"start":{"line":34,"column":8},"end":{"line":33,"column":13}},"26":{"start":{"line":25,"column":8},"end":{"line":24,"column":12}},"27":{"start":{"line":37,"column":8},"end":{"line":36,"column":13}},"28":{"start":{"line":145,"column":25},"end":{"line":145,"column":23}},"29":{"start":{"line":58,"column":8},"end":{"line":57,"column":21}},"30":{"start":{"line":61,"column":8},"end":{"line":60,"column":23}},"31":{"start":{"line":64,"column":8},"end":{"line":63,"column":23}},"32":{"start":{"line":65,"column":8},"end":{"line":63,"column":23}},"33":{"start":{"line":68,"column":8},"end":{"line":67,"column":28}},"34":{"start":{"line":69,"column":8},"end":{"line":67,"column":28}},"35":{"start":{"line":72,"column":8},"end":{"line":71,"column":26}},"36":{"start":{"line":73,"column":8},"end":{"line":71,"column":26}},"37":{"start":{"line":76,"column":8},"end":{"line":75,"column":22}},"38":{"start":{"line":79,"column":8},"end":{"line":78,"column":26}},"39":{"start":{"line":82,"column":8},"end":{"line":81,"column":32}},"40":{"start":{"line":85,"column":8},"end":{"line":84,"column":25}},"41":{"start":{"line":86,"column":8},"end":{"line":84,"column":25}},"42":{"start":{"line":89,"column":8},"end":{"line":88,"column":23}},"43":{"start":{"line":92,"column":8},"end":{"line":91,"column":23}},"44":{"start":{"line":95,"column":8},"end":{"line":94,"column":25}},"45":{"start":{"line":98,"column":8},"end":{"line":97,"column":22}},"46":{"start":{"line":99,"column":8},"end":{"line":97,"column":22}},"47":{"start":{"line":100,"column":8},"end":{"line":100,"column":7}},"48":{"start":{"line":101,"column":12},"end":{"line":100,"column":75}},"49":{"start":{"line":103,"column":8},"end":{"line":97,"column":22}},"50":{"start":{"line":104,"column":8},"end":{"line":104,"column":7}},"51":{"start":{"line":105,"column":12},"end":{"line":104,"column":35}},"52":{"start":{"line":108,"column":12},"end":{"line":107,"column":13}},"53":{"start":{"line":110,"column":8},"end":{"line":110,"column":7}},"54":{"start":{"line":111,"column":12},"end":{"line":110,"column":39}},"55":{"start":{"line":113,"column":8},"end":{"line":113,"column":7}},"56":{"start":{"line":114,"column":12},"end":{"line":113,"column":37}},"57":{"start":{"line":116,"column":8},"end":{"line":116,"column":7}},"58":{"start":{"line":117,"column":12},"end":{"line":116,"column":36}},"59":{"start":{"line":119,"column":8},"end":{"line":97,"column":22}},"60":{"start":{"line":40,"column":8},"end":{"line":39,"column":23}},"61":{"start":{"line":43,"column":8},"end":{"line":42,"column":23}},"62":{"start":{"line":46,"column":8},"end":{"line":45,"column":23}},"63":{"start":{"line":49,"column":8},"end":{"line":48,"column":23}},"64":{"start":{"line":52,"column":8},"end":{"line":51,"column":21}},"65":{"start":{"line":55,"column":8},"end":{"line":54,"column":22}}},"branchMap":{"1":{"line":6,"type":"if","locations":[{"start":{"line":6,"column":8},"end":{"line":6,"column":11}},{"start":{"line":6,"column":8},"end":{"line":6,"column":11}}]},"2":{"line":100,"type":"if","locations":[{"start":{"line":100,"column":8},"end":{"line":100,"column":11}},{"start":{"line":100,"column":8},"end":{"line":100,"column":11}}]},"3":{"line":100,"type":"binary-expr","locations":[{"start":{"line":100,"column":12},"end":{"line":100,"column":11}},{"start":{"line":100,"column":26},"end":{"line":100,"column":25}},{"start":{"line":100,"column":51},"end":{"line":100,"column":50}}]},"4":{"line":104,"type":"if","locations":[{"start":{"line":104,"column":8},"end":{"line":104,"column":11}},{"start":{"line":104,"column":8},"end":{"line":104,"column":11}}]},"5":{"line":110,"type":"if","locations":[{"start":{"line":110,"column":8},"end":{"line":110,"column":11}},{"start":{"line":110,"column":8},"end":{"line":110,"column":11}}]},"6":{"line":113,"type":"if","locations":[{"start":{"line":113,"column":8},"end":{"line":113,"column":11}},{"start":{"line":113,"column":8},"end":{"line":113,"column":11}}]},"7":{"line":116,"type":"if","locations":[{"start":{"line":116,"column":8},"end":{"line":116,"column":11}},{"start":{"line":116,"column":8},"end":{"line":116,"column":11}}]}}},"/home/ubuntu/jThree/lib/Math/VectorBase.js":{"path":"/home/ubuntu/jThree/lib/Math/VectorBase.js","s":{"1":1,"2":1,"3":0,"4":0,"5":0,"6":0,"7":0,"8":0,"9":0,"10":0,"11":0,"12":0,"13":0,"14":0,"15":0,"16":0,"17":0,"18":0,"19":0,"20":0,"21":0,"22":0,"23":0,"24":0,"25":0,"26":0,"27":0,"28":0,"29":0,"30":0,"31":0,"32":0,"33":0,"34":0,"35":0,"36":0,"37":0,"38":0,"39":0,"40":0,"41":0,"42":0,"43":0,"44":0,"45":0,"46":0},"b":{"1":[0,0],"2":[0,0],"3":[0,0],"4":[0,0],"5":[0,0],"6":[0,0],"7":[0,0],"8":[0,0],"9":[0,0]},"f":{"1":1,"2":0},"fnMap":{"1":{"name":"(anonymous_5)","line":2,"loc":{"start":{"line":2,"column":6},"end":{"line":null,"column":-1}}},"2":{"name":"VectorBase","line":3,"loc":{"start":{"line":3,"column":4},"end":{"line":3,"column":18}}}},"statementMap":{"1":{"start":{"line":1,"column":0},"end":{"line":null,"column":-1}},"2":{"start":{"line":3,"column":4},"end":{"line":3,"column":3}},"3":{"start":{"line":4,"column":8},"end":{"line":3,"column":18}},"4":{"start":{"line":5,"column":8},"end":{"line":3,"column":18}},"5":{"start":{"line":8,"column":8},"end":{"line":8,"column":7}},"6":{"start":{"line":9,"column":12},"end":{"line":8,"column":38}},"7":{"start":{"line":11,"column":8},"end":{"line":7,"column":20}},"8":{"start":{"line":14,"column":8},"end":{"line":13,"column":23}},"9":{"start":{"line":17,"column":8},"end":{"line":17,"column":7}},"10":{"start":{"line":18,"column":12},"end":{"line":17,"column":45}},"11":{"start":{"line":19,"column":12},"end":{"line":17,"column":45}},"12":{"start":{"line":20,"column":12},"end":{"line":20,"column":11}},"13":{"start":{"line":21,"column":16},"end":{"line":20,"column":56}},"14":{"start":{"line":23,"column":12},"end":{"line":17,"column":45}},"15":{"start":{"line":25,"column":8},"end":{"line":16,"column":23}},"16":{"start":{"line":28,"column":8},"end":{"line":28,"column":7}},"17":{"start":{"line":29,"column":12},"end":{"line":28,"column":49}},"18":{"start":{"line":31,"column":8},"end":{"line":31,"column":7}},"19":{"start":{"line":32,"column":12},"end":{"line":32,"column":11}},"20":{"start":{"line":33,"column":16},"end":{"line":32,"column":57}},"21":{"start":{"line":36,"column":8},"end":{"line":27,"column":35}},"22":{"start":{"line":39,"column":8},"end":{"line":39,"column":7}},"23":{"start":{"line":40,"column":12},"end":{"line":39,"column":49}},"24":{"start":{"line":42,"column":8},"end":{"line":38,"column":41}},"25":{"start":{"line":43,"column":8},"end":{"line":43,"column":7}},"26":{"start":{"line":44,"column":12},"end":{"line":44,"column":11}},"27":{"start":{"line":45,"column":16},"end":{"line":44,"column":73}},"28":{"start":{"line":48,"column":8},"end":{"line":38,"column":41}},"29":{"start":{"line":51,"column":8},"end":{"line":50,"column":49}},"30":{"start":{"line":52,"column":8},"end":{"line":52,"column":7}},"31":{"start":{"line":53,"column":12},"end":{"line":52,"column":43}},"32":{"start":{"line":55,"column":8},"end":{"line":50,"column":49}},"33":{"start":{"line":58,"column":8},"end":{"line":57,"column":24}},"34":{"start":{"line":59,"column":8},"end":{"line":57,"column":24}},"35":{"start":{"line":60,"column":8},"end":{"line":60,"column":7}},"36":{"start":{"line":61,"column":12},"end":{"line":61,"column":11}},"37":{"start":{"line":62,"column":16},"end":{"line":61,"column":29}},"38":{"start":{"line":64,"column":12},"end":{"line":60,"column":21}},"39":{"start":{"line":73,"column":12},"end":{"line":71,"column":13}},"40":{"start":{"line":82,"column":8},"end":{"line":81,"column":32}},"41":{"start":{"line":83,"column":8},"end":{"line":81,"column":32}},"42":{"start":{"line":84,"column":8},"end":{"line":84,"column":7}},"43":{"start":{"line":85,"column":12},"end":{"line":84,"column":50}},"44":{"start":{"line":86,"column":12},"end":{"line":86,"column":11}},"45":{"start":{"line":87,"column":16},"end":{"line":86,"column":34}},"46":{"start":{"line":90,"column":8},"end":{"line":81,"column":32}}},"branchMap":{"1":{"line":8,"type":"if","locations":[{"start":{"line":8,"column":8},"end":{"line":8,"column":11}},{"start":{"line":8,"column":8},"end":{"line":8,"column":11}}]},"2":{"line":17,"type":"if","locations":[{"start":{"line":17,"column":8},"end":{"line":17,"column":11}},{"start":{"line":17,"column":8},"end":{"line":17,"column":11}}]},"3":{"line":28,"type":"if","locations":[{"start":{"line":28,"column":8},"end":{"line":28,"column":11}},{"start":{"line":28,"column":8},"end":{"line":28,"column":11}}]},"4":{"line":32,"type":"if","locations":[{"start":{"line":32,"column":12},"end":{"line":32,"column":15}},{"start":{"line":32,"column":12},"end":{"line":32,"column":15}}]},"5":{"line":39,"type":"if","locations":[{"start":{"line":39,"column":8},"end":{"line":39,"column":11}},{"start":{"line":39,"column":8},"end":{"line":39,"column":11}}]},"6":{"line":44,"type":"if","locations":[{"start":{"line":44,"column":12},"end":{"line":44,"column":15}},{"start":{"line":44,"column":12},"end":{"line":44,"column":15}}]},"7":{"line":60,"type":"if","locations":[{"start":{"line":60,"column":8},"end":{"line":60,"column":11}},{"start":{"line":60,"column":8},"end":{"line":60,"column":11}}]},"8":{"line":61,"type":"if","locations":[{"start":{"line":61,"column":12},"end":{"line":61,"column":15}},{"start":{"line":61,"column":12},"end":{"line":61,"column":15}}]},"9":{"line":86,"type":"if","locations":[{"start":{"line":86,"column":12},"end":{"line":86,"column":15}},{"start":{"line":86,"column":12},"end":{"line":86,"column":15}}]}}},"/home/ubuntu/jThree/lib/Core/Materials/Base/XMLRenderConfigUtility.js":{"path":"/home/ubuntu/jThree/lib/Core/Materials/Base/XMLRenderConfigUtility.js","s":{"1":1,"2":0,"3":0,"4":0,"5":0,"6":0,"7":0,"8":0,"9":0,"10":0,"11":0,"12":0,"13":0,"14":0,"15":0,"16":0,"17":0,"18":0,"19":0,"20":0,"21":0,"22":0,"23":0,"24":0,"25":0,"26":0,"27":0,"28":0,"29":0,"30":0,"31":0,"32":0,"33":0,"34":0,"35":0,"36":0,"37":0,"38":0,"39":0,"40":0,"41":0,"42":0,"43":0,"44":0,"45":0,"46":0,"47":0,"48":0,"49":0,"50":0,"51":0,"52":0,"53":0,"54":0,"55":0,"56":0,"57":0,"58":0,"59":0,"60":0,"61":0,"62":0,"63":0,"64":0,"65":0,"66":0,"67":0,"68":0,"69":0,"70":0,"71":0,"72":0,"73":0},"b":{"1":[0,0],"2":[0,0],"3":[0,0],"4":[0,0],"5":[0,0],"6":[0,0],"7":[0,0],"8":[0,0],"9":[0,0],"10":[0,0],"11":[0,0],"12":[0,0],"13":[0,0]},"f":{"1":1},"fnMap":{"1":{"name":"(anonymous_6)","line":2,"loc":{"start":{"line":2,"column":6},"end":{"line":null,"column":-1}}}},"statementMap":{"1":{"start":{"line":1,"column":0},"end":{"line":null,"column":-1}},"2":{"start":{"line":11,"column":8},"end":{"line":10,"column":48}},"3":{"start":{"line":12,"column":8},"end":{"line":10,"column":48}},"4":{"start":{"line":13,"column":8},"end":{"line":10,"column":48}},"5":{"start":{"line":14,"column":8},"end":{"line":10,"column":48}},"6":{"start":{"line":15,"column":8},"end":{"line":10,"column":48}},"7":{"start":{"line":16,"column":8},"end":{"line":10,"column":48}},"8":{"start":{"line":19,"column":8},"end":{"line":18,"column":32}},"9":{"start":{"line":20,"column":8},"end":{"line":18,"column":32}},"10":{"start":{"line":21,"column":8},"end":{"line":18,"column":32}},"11":{"start":{"line":22,"column":8},"end":{"line":18,"column":32}},"12":{"start":{"line":25,"column":8},"end":{"line":25,"column":7}},"13":{"start":{"line":26,"column":12},"end":{"line":25,"column":18}},"14":{"start":{"line":28,"column":8},"end":{"line":28,"column":7}},"15":{"start":{"line":29,"column":12},"end":{"line":28,"column":28}},"16":{"start":{"line":31,"column":8},"end":{"line":24,"column":35}},"17":{"start":{"line":34,"column":8},"end":{"line":33,"column":56}},"18":{"start":{"line":35,"column":8},"end":{"line":35,"column":7}},"19":{"start":{"line":36,"column":12},"end":{"line":35,"column":23}},"20":{"start":{"line":37,"column":12},"end":{"line":35,"column":23}},"21":{"start":{"line":38,"column":12},"end":{"line":35,"column":23}},"22":{"start":{"line":39,"column":12},"end":{"line":35,"column":23}},"23":{"start":{"line":40,"column":12},"end":{"line":35,"column":23}},"24":{"start":{"line":43,"column":12},"end":{"line":42,"column":13}},"25":{"start":{"line":44,"column":12},"end":{"line":42,"column":13}},"26":{"start":{"line":45,"column":12},"end":{"line":42,"column":13}},"27":{"start":{"line":46,"column":12},"end":{"line":42,"column":13}},"28":{"start":{"line":47,"column":12},"end":{"line":42,"column":13}},"29":{"start":{"line":48,"column":12},"end":{"line":42,"column":13}},"30":{"start":{"line":49,"column":12},"end":{"line":42,"column":13}},"31":{"start":{"line":50,"column":12},"end":{"line":42,"column":13}},"32":{"start":{"line":51,"column":12},"end":{"line":42,"column":13}},"33":{"start":{"line":52,"column":12},"end":{"line":42,"column":13}},"34":{"start":{"line":56,"column":8},"end":{"line":55,"column":56}},"35":{"start":{"line":57,"column":8},"end":{"line":57,"column":7}},"36":{"start":{"line":58,"column":12},"end":{"line":57,"column":23}},"37":{"start":{"line":61,"column":12},"end":{"line":60,"column":13}},"38":{"start":{"line":62,"column":12},"end":{"line":62,"column":11}},"39":{"start":{"line":63,"column":16},"end":{"line":62,"column":23}},"40":{"start":{"line":66,"column":16},"end":{"line":65,"column":17}},"41":{"start":{"line":71,"column":8},"end":{"line":70,"column":57}},"42":{"start":{"line":72,"column":8},"end":{"line":72,"column":7}},"43":{"start":{"line":73,"column":12},"end":{"line":72,"column":24}},"44":{"start":{"line":74,"column":12},"end":{"line":72,"column":24}},"45":{"start":{"line":75,"column":12},"end":{"line":72,"column":24}},"46":{"start":{"line":78,"column":12},"end":{"line":77,"column":13}},"47":{"start":{"line":79,"column":12},"end":{"line":77,"column":13}},"48":{"start":{"line":80,"column":12},"end":{"line":77,"column":13}},"49":{"start":{"line":81,"column":12},"end":{"line":77,"column":13}},"50":{"start":{"line":82,"column":12},"end":{"line":77,"column":13}},"51":{"start":{"line":83,"column":12},"end":{"line":77,"column":13}},"52":{"start":{"line":87,"column":8},"end":{"line":86,"column":57}},"53":{"start":{"line":88,"column":8},"end":{"line":88,"column":7}},"54":{"start":{"line":89,"column":12},"end":{"line":88,"column":24}},"55":{"start":{"line":90,"column":12},"end":{"line":88,"column":24}},"56":{"start":{"line":93,"column":12},"end":{"line":92,"column":13}},"57":{"start":{"line":94,"column":12},"end":{"line":92,"column":13}},"58":{"start":{"line":95,"column":12},"end":{"line":92,"column":13}},"59":{"start":{"line":96,"column":12},"end":{"line":92,"column":13}},"60":{"start":{"line":100,"column":8},"end":{"line":100,"column":7}},"61":{"start":{"line":101,"column":12},"end":{"line":100,"column":21}},"62":{"start":{"line":102,"column":12},"end":{"line":100,"column":21}},"63":{"start":{"line":105,"column":12},"end":{"line":104,"column":13}},"64":{"start":{"line":109,"column":8},"end":{"line":109,"column":7}},"65":{"start":{"line":110,"column":12},"end":{"line":109,"column":21}},"66":{"start":{"line":111,"column":12},"end":{"line":109,"column":21}},"67":{"start":{"line":114,"column":12},"end":{"line":113,"column":13}},"68":{"start":{"line":118,"column":8},"end":{"line":118,"column":7}},"69":{"start":{"line":119,"column":12},"end":{"line":118,"column":21}},"70":{"start":{"line":120,"column":12},"end":{"line":118,"column":21}},"71":{"start":{"line":123,"column":12},"end":{"line":122,"column":13}},"72":{"start":{"line":127,"column":8},"end":{"line":126,"column":71}},"73":{"start":{"line":128,"column":8},"end":{"line":126,"column":71}}},"branchMap":{"1":{"line":25,"type":"if","locations":[{"start":{"line":25,"column":8},"end":{"line":25,"column":11}},{"start":{"line":25,"column":8},"end":{"line":25,"column":11}}]},"2":{"line":28,"type":"if","locations":[{"start":{"line":28,"column":8},"end":{"line":28,"column":11}},{"start":{"line":28,"column":8},"end":{"line":28,"column":11}}]},"3":{"line":35,"type":"if","locations":[{"start":{"line":35,"column":8},"end":{"line":35,"column":11}},{"start":{"line":35,"column":8},"end":{"line":35,"column":11}}]},"4":{"line":57,"type":"if","locations":[{"start":{"line":57,"column":8},"end":{"line":57,"column":11}},{"start":{"line":57,"column":8},"end":{"line":57,"column":11}}]},"5":{"line":62,"type":"if","locations":[{"start":{"line":62,"column":12},"end":{"line":62,"column":15}},{"start":{"line":62,"column":12},"end":{"line":62,"column":15}}]},"6":{"line":72,"type":"if","locations":[{"start":{"line":72,"column":8},"end":{"line":72,"column":11}},{"start":{"line":72,"column":8},"end":{"line":72,"column":11}}]},"7":{"line":82,"type":"binary-expr","locations":[{"start":{"line":82,"column":36},"end":{"line":82,"column":51}},{"start":{"line":82,"column":52},"end":{"line":82,"column":51}}]},"8":{"line":83,"type":"binary-expr","locations":[{"start":{"line":83,"column":36},"end":{"line":83,"column":51}},{"start":{"line":83,"column":52},"end":{"line":83,"column":51}}]},"9":{"line":88,"type":"if","locations":[{"start":{"line":88,"column":8},"end":{"line":88,"column":11}},{"start":{"line":88,"column":8},"end":{"line":88,"column":11}}]},"10":{"line":96,"type":"binary-expr","locations":[{"start":{"line":96,"column":31},"end":{"line":96,"column":41}},{"start":{"line":96,"column":42},"end":{"line":96,"column":41}}]},"11":{"line":100,"type":"if","locations":[{"start":{"line":100,"column":8},"end":{"line":100,"column":11}},{"start":{"line":100,"column":8},"end":{"line":100,"column":11}}]},"12":{"line":109,"type":"if","locations":[{"start":{"line":109,"column":8},"end":{"line":109,"column":11}},{"start":{"line":109,"column":8},"end":{"line":109,"column":11}}]},"13":{"line":118,"type":"if","locations":[{"start":{"line":118,"column":8},"end":{"line":118,"column":11}},{"start":{"line":118,"column":8},"end":{"line":118,"column":11}}]}}},"/home/ubuntu/jThree/lib/Core/Canvas/GL/GLEnumParser.js":{"path":"/home/ubuntu/jThree/lib/Core/Canvas/GL/GLEnumParser.js","s":{"1":17,"2":17,"3":5,"4":2,"5":1,"6":1,"7":1,"8":1,"9":1,"10":1,"11":1,"12":1,"13":1,"14":1,"15":11,"16":11,"17":1,"18":1,"19":1,"20":1,"21":1,"22":1,"23":4,"24":1,"25":7,"26":7,"27":4,"28":1,"29":1,"30":1,"31":7,"32":7,"33":4,"34":1,"35":1,"36":1,"37":6,"38":6,"39":4,"40":1,"41":1,"42":10,"43":10,"44":1,"45":1,"46":1,"47":1,"48":4,"49":1,"50":1,"51":11,"52":4,"53":1,"54":2,"55":1,"56":1,"57":0,"58":1,"59":1,"60":17,"61":2,"62":1,"63":2,"64":2,"65":2,"66":5,"67":2,"68":1},"b":{"1":[4,5,1,2,1,1,1,1,1,1,1,1,1,1],"2":[1,1,1,1,1,1,4,1],"3":[4,1,1,1],"4":[4,1,1,1],"5":[4,1,1],"6":[1,1,1,1,4,1,1],"7":[4,1,1,2,1,1,0,1,1],"8":[1,2,1,1,2,1,2,1,2,1,5,1,2,1]},"f":{"1":1},"fnMap":{"1":{"name":"(anonymous_5)","line":1,"loc":{"start":{"line":1,"column":6},"end":{"line":null,"column":-1}}}},"statementMap":{"1":{"start":{"line":3,"column":8},"end":{"line":2,"column":31}},"2":{"start":{"line":4,"column":8},"end":{"line":2,"column":31}},"3":{"start":{"line":7,"column":16},"end":{"line":6,"column":12}},"4":{"start":{"line":10,"column":16},"end":{"line":9,"column":12}},"5":{"start":{"line":12,"column":16},"end":{"line":11,"column":12}},"6":{"start":{"line":14,"column":16},"end":{"line":13,"column":12}},"7":{"start":{"line":16,"column":16},"end":{"line":15,"column":12}},"8":{"start":{"line":18,"column":16},"end":{"line":17,"column":12}},"9":{"start":{"line":20,"column":16},"end":{"line":19,"column":12}},"10":{"start":{"line":22,"column":16},"end":{"line":21,"column":12}},"11":{"start":{"line":24,"column":16},"end":{"line":23,"column":12}},"12":{"start":{"line":26,"column":16},"end":{"line":25,"column":12}},"13":{"start":{"line":28,"column":16},"end":{"line":27,"column":12}},"14":{"start":{"line":30,"column":16},"end":{"line":29,"column":12}},"15":{"start":{"line":34,"column":8},"end":{"line":33,"column":31}},"16":{"start":{"line":35,"column":8},"end":{"line":33,"column":31}},"17":{"start":{"line":37,"column":16},"end":{"line":36,"column":12}},"18":{"start":{"line":39,"column":16},"end":{"line":38,"column":12}},"19":{"start":{"line":41,"column":16},"end":{"line":40,"column":12}},"20":{"start":{"line":43,"column":16},"end":{"line":42,"column":12}},"21":{"start":{"line":45,"column":16},"end":{"line":44,"column":12}},"22":{"start":{"line":47,"column":16},"end":{"line":46,"column":12}},"23":{"start":{"line":49,"column":16},"end":{"line":48,"column":12}},"24":{"start":{"line":51,"column":16},"end":{"line":50,"column":12}},"25":{"start":{"line":55,"column":8},"end":{"line":54,"column":30}},"26":{"start":{"line":56,"column":8},"end":{"line":54,"column":30}},"27":{"start":{"line":58,"column":16},"end":{"line":57,"column":12}},"28":{"start":{"line":60,"column":16},"end":{"line":59,"column":12}},"29":{"start":{"line":62,"column":16},"end":{"line":61,"column":12}},"30":{"start":{"line":64,"column":16},"end":{"line":63,"column":12}},"31":{"start":{"line":68,"column":8},"end":{"line":67,"column":37}},"32":{"start":{"line":69,"column":8},"end":{"line":67,"column":37}},"33":{"start":{"line":71,"column":16},"end":{"line":70,"column":12}},"34":{"start":{"line":73,"column":16},"end":{"line":72,"column":12}},"35":{"start":{"line":75,"column":16},"end":{"line":74,"column":12}},"36":{"start":{"line":77,"column":16},"end":{"line":76,"column":12}},"37":{"start":{"line":81,"column":8},"end":{"line":80,"column":38}},"38":{"start":{"line":82,"column":8},"end":{"line":80,"column":38}},"39":{"start":{"line":84,"column":16},"end":{"line":83,"column":12}},"40":{"start":{"line":86,"column":16},"end":{"line":85,"column":12}},"41":{"start":{"line":88,"column":16},"end":{"line":87,"column":12}},"42":{"start":{"line":92,"column":8},"end":{"line":91,"column":38}},"43":{"start":{"line":93,"column":8},"end":{"line":91,"column":38}},"44":{"start":{"line":95,"column":16},"end":{"line":94,"column":12}},"45
[...]
"start":{"line":29,"column":8},"end":{"line":28,"column":53}},"15":{"start":{"line":30,"column":8},"end":{"line":28,"column":53}},"16":{"start":{"line":36,"column":8},"end":{"line":28,"column":53}},"17":{"start":{"line":39,"column":8},"end":{"line":38,"column":61}},"18":{"start":{"line":40,"column":8},"end":{"line":38,"column":61}},"19":{"start":{"line":46,"column":8},"end":{"line":38,"column":61}},"20":{"start":{"line":49,"column":8},"end":{"line":48,"column":69}},"21":{"start":{"line":50,"column":8},"end":{"line":48,"column":69}},"22":{"start":{"line":57,"column":8},"end":{"line":48,"column":69}},"23":{"start":{"line":60,"column":8},"end":{"line":59,"column":33}},"24":{"start":{"line":61,"column":12},"end":{"line":60,"column":37}},"25":{"start":{"line":63,"column":8},"end":{"line":59,"column":33}},"26":{"start":{"line":64,"column":12},"end":{"line":64,"column":11}},"27":{"start":{"line":65,"column":16},"end":{"line":64,"column":38}},"28":{"start":{"line":72,"column":8},"end":{"line":71,"column":27}},"29":{"start":{"line":73,"column":8},"end":{"line":71,"column":27}},"30":{"start":{"line":74,"column":8},"end":{"line":71,"column":27}},"31":{"start":{"line":75,"column":8},"end":{"line":71,"column":27}},"32":{"start":{"line":78,"column":8},"end":{"line":77,"column":39}},"33":{"start":{"line":79,"column":8},"end":{"line":77,"column":39}},"34":{"start":{"line":80,"column":12},"end":{"line":80,"column":11}},"35":{"start":{"line":81,"column":16},"end":{"line":81,"column":15}},"36":{"start":{"line":82,"column":20},"end":{"line":81,"column":90}},"37":{"start":{"line":83,"column":20},"end":{"line":81,"column":90}},"38":{"start":{"line":84,"column":20},"end":{"line":81,"column":90}},"39":{"start":{"line":86,"column":16},"end":{"line":80,"column":112}},"40":{"start":{"line":87,"column":16},"end":{"line":80,"column":112}},"41":{"start":{"line":90,"column":8},"end":{"line":77,"column":39}},"42":{"start":{"line":91,"column":12},"end":{"line":91,"column":11}},"43":{"start":{"line":93,"column":16},"end":{"line":91,"column":101}},"44":{"start":{"line":95,"column":12},"end":{"line":95,"column":11}},"45":{"start":{"line":96,"column":16},"end":{"line":95,"column":96}},"46":{"start":{"line":97,"column":16},"end":{"line":95,"column":96}},"47":{"start":{"line":99,"column":12},"end":{"line":99,"column":11}},"48":{"start":{"line":100,"column":16},"end":{"line":99,"column":88}},"49":{"start":{"line":101,"column":16},"end":{"line":99,"column":88}},"50":{"start":{"line":104,"column":8},"end":{"line":77,"column":39}},"51":{"start":{"line":105,"column":12},"end":{"line":104,"column":65}},"52":{"start":{"line":106,"column":12},"end":{"line":106,"column":11}},"53":{"start":{"line":107,"column":16},"end":{"line":106,"column":113}},"54":{"start":{"line":108,"column":16},"end":{"line":106,"column":113}},"55":{"start":{"line":109,"column":16},"end":{"line":109,"column":15}},"56":{"start":{"line":111,"column":20},"end":{"line":109,"column":98}},"57":{"start":{"line":114,"column":20},"end":{"line":113,"column":21}},"58":{"start":{"line":116,"column":16},"end":{"line":106,"column":113}},"59":{"start":{"line":117,"column":16},"end":{"line":106,"column":113}},"60":{"start":{"line":123,"column":12},"end":{"line":123,"column":11}},"61":{"start":{"line":124,"column":16},"end":{"line":123,"column":173}},"62":{"start":{"line":125,"column":16},"end":{"line":123,"column":173}},"63":{"start":{"line":126,"column":16},"end":{"line":null,"column":-1}},"64":{"start":{"line":123,"column":173},"end":{"line":123,"column":172}},"65":{"start":{"line":128,"column":16},"end":{"line":123,"column":173}}},"branchMap":{"1":{"line":12,"type":"if","locations":[{"start":{"line":12,"column":12},"end":{"line":12,"column":15}},{"start":{"line":12,"column":12},"end":{"line":12,"column":15}}]},"2":{"line":64,"type":"if","locations":[{"start":{"line":64,"column":12},"end":{"line":64,"column":15}},{"start":{"line":64,"column":12},"end":{"line":64,"column":15}}]},"3":{"line":80,"type":"if","locations":[{"start":{"line":80,"column":12},"end":{"line":80,"column":15}},{"start":{"line":80,"column":12},"end":{"line":80,"column":15}}]},"4":{"line":80,"type":"binary-expr","locations":[{"start":{"line":80,"column":16},"end":{"line":80,"column":15}},{"start":{"line":80,"column":46},"end":{"line":80,"column":76}}]},"5":{"line":81,"type":"if","locations":[{"start":{"line":81,"column":16},"end":{"line":81,"column":19}},{"start":{"line":81,"column":16},"end":{"line":81,"column":19}}]},"6":{"line":91,"type":"if","locations":[{"start":{"line":91,"column":12},"end":{"line":91,"column":15}},{"start":{"line":91,"column":12},"end":{"line":91,"column":15}}]},"7":{"line":91,"type":"binary-expr","locations":[{"start":{"line":91,"column":16},"end":{"line":91,"column":15}},{"start":{"line":91,"column":42},"end":{"line":91,"column":66}}]},"8":{"line":95,"type":"if","locations":[{"start":{"line":95,"column":12},"end":{"line":95,"column":15}},{"start":{"line":95,"column":12},"end":{"line":95,"column":15}}]},"9":{"line":95,"type":"binary-expr","locations":[{"start":{"line":95,"column":16},"end":{"line":95,"column":15}},{"start":{"line":95,"column":54},"end":{"line":95,"column":53}}]},"10":{"line":99,"type":"if","locations":[{"start":{"line":99,"column":12},"end":{"line":99,"column":15}},{"start":{"line":99,"column":12},"end":{"line":99,"column":15}}]},"11":{"line":99,"type":"binary-expr","locations":[{"start":{"line":99,"column":16},"end":{"line":99,"column":15}},{"start":{"line":99,"column":50},"end":{"line":99,"column":49}}]},"12":{"line":106,"type":"if","locations":[{"start":{"line":106,"column":12},"end":{"line":106,"column":15}},{"start":{"line":106,"column":12},"end":{"line":106,"column":15}}]},"13":{"line":106,"type":"binary-expr","locations":[{"start":{"line":106,"column":16},"end":{"line":106,"column":15}},{"start":{"line":106,"column":54},"end":{"line":106,"column":69}}]},"14":{"line":109,"type":"if","locations":[{"start":{"line":109,"column":16},"end":{"line":109,"column":19}},{"start":{"line":109,"column":16},"end":{"line":109,"column":19}}]},"15":{"line":123,"type":"if","locations":[{"start":{"line":123,"column":12},"end":{"line":123,"column":15}},{"start":{"line":123,"column":12},"end":{"line":123,"column":15}}]},"16":{"line":123,"type":"binary-expr","locations":[{"start":{"line":123,"column":16},"end":{"line":123,"column":15}},{"start":{"line":123,"column":50},"end":{"line":123,"column":49}},{"start":{"line":123,"column":106},"end":{"line":123,"column":130}}]}}},"/home/ubuntu/jThree/lib/Goml/GomlLoader.js":{"path":"/home/ubuntu/jThree/lib/Goml/GomlLoader.js","s":{"1":1,"2":1,"3":1,"4":1,"5":1,"6":1,"7":1,"8":0,"9":0,"10":0,"11":0,"12":0,"13":0,"14":0,"15":0,"16":0,"17":0,"18":0,"19":0,"20":0,"21":0,"22":0,"23":0,"24":0,"25":0,"26":0,"27":0,"28":0,"29":0,"30":0,"31":0,"32":0,"33":0,"34":0,"35":0,"36":0,"37":0,"38":0,"39":0,"40":0,"41":0,"42":0,"43":0,"44":0,"45":0,"46":0,"47":0,"48":0,"49":0},"b":{"1":[0,0],"2":[0,0],"3":[0,0],"4":[0,0],"5":[0,0]},"f":{"1":1,"2":0,"3":0,"4":0,"5":0,"6":0,"7":0},"fnMap":{"1":{"name":"(anonymous_8)","line":10,"loc":{"start":{"line":10,"column":6},"end":{"line":null,"column":-1}}},"2":{"name":"GomlLoader","line":19,"loc":{"start":{"line":19,"column":4},"end":{"line":19,"column":38}}},"3":{"name":"(anonymous_10)","line":26,"loc":{"start":{"line":26,"column":36},"end":{"line":26,"column":42}}},"4":{"name":"(anonymous_11)","line":28,"loc":{"start":{"line":28,"column":22},"end":{"line":28,"column":29}}},"5":{"name":"(anonymous_14)","line":57,"loc":{"start":{"line":57,"column":37},"end":{"line":57,"column":43}}},"6":{"name":"(anonymous_16)","line":78,"loc":{"start":{"line":78,"column":41},"end":{"line":78,"column":47}}},"7":{"name":"(anonymous_18)","line":113,"loc":{"start":{"line":113,"column":57},"end":{"line":113,"column":63}}}},"statementMap":{"1":{"start":{"line":1,"column":0},"end":{"line":null,"column":-1}},"2":{"start":{"line":2,"column":0},"end":{"line":null,"column":-1}},"3":{"start":{"line":3,"column":0},"end":{"line":null,"column":-1}},"4":{"start":{"line":4,"column":0},"end":{"line":null,"column":-1}},"5":{"start":{"line":5,"column":0},"end":{"line":null,"column":-1}},"6":{"start":{"line":6,"column":0},"end":{"line":null,"column":-1}},"7":{"start":{"line":19,"column":4},"end":{"line":19,"column":3}},"8":{"start":{"line":22,"column":8},"end":{"line":19,"column":38}},"9":{"start":{"line":23,"column":8},"end":{"line":19,"column":38}},"10":{"start":{"line":24,"column":8},"end":{"line":19,"column":38}},"11":{"start":{"line":25,"column":8},"end":{"line":19,"column":38}},"12":{"start":{"line":26,"column":8},"end":{"line":19,"column":38}},"13":{"start":{"line":27,"column":12},"end":{"line":26,"column":42}},"14":{"start":{"line":36,"column":8},"end":{"line":null,"column":-1}},"15":{"start":{"line":35,"column":18},"end":{"line":38,"column":8}},"16":{"start":{"line":35,"column":18},"end":{"line":35,"column":17}},"17":{"start":{"line":41,"column":8},"end":{"line":41,"column":7}},"18":{"start":{"line":42,"column":12},"end":{"line":41,"column":47}},"19":{"start":{"line":52,"column":8},"end":{"line":51,"column":37}},"20":{"start":{"line":53,"column":8},"end":{"line":53,"column":7}},"21":{"start":{"line":54,"column":12},"end":{"line":53,"column":18}},"22":{"start":{"line":56,"column":8},"end":{"line":51,"column":37}},"23":{"start":{"line":57,"column":8},"end":{"line":51,"column":37}},"24":{"start":{"line":58,"column":12},"end":{"line":57,"column":43}},"25":{"start":{"line":60,"column":8},"end":{"line":51,"column":37}},"26":{"start":{"line":61,"column":8},"end":{"line":51,"column":37}},"27":{"start":{"line":62,"column":8},"end":{"line":51,"column":37}},"28":{"start":{"line":75,"column":8},"end":{"line":74,"column":30}},"29":{"start":{"line":76,"column":8},"end":{"line":76,"column":7}},"30":{"start":{"line":78,"column":12},"end":{"line":76,"column":23}},"31":{"start":{"line":79,"column":16},"end":{"line":78,"column":47}},"32":{"start":{"line":81,"column":12},"end":{"line":76,"column":23}},"33":{"start":{"line":82,"column":12},"end":{"line":76,"column":23}},"34":{"start":{"line":83,"column":12},"end":{"line":76,"column":23}},"35":{"start":{"line":86,"column":12},"end":{"line":86,"column":11}},"36":{"start":{"line":87,"column":16},"end":{"line":86,"column":71}},"37":{"start":{"line":88,"column":16},"end":{"line":88,"column":15}},"38":{"start":{"line":89,"column":20},"end":{"line":88,"column":48}},"39":{"start":{"line":100,"column":8},"end":{"line":null,"column":-1}},"40":{"start":{"line":99,"column":26},"end":{"line":105,"column":8}},"41":{"start":{"line":106,"column":12},"end":{"line":105,"column":77}},"42":{"start":{"line":108,"column":8},"end":{"line":99,"column":26}},"43":{"start":{"line":109,"column":8},"end":{"line":99,"column":26}},"44":{"start":{"line":110,"column":8},"end":{"line":99,"column":26}},"45":{"start":{"line":111,"column":8},"end":{"line":99,"column":26}},"46":{"start":{"line":112,"column":8},"end":{"line":99,"column":26}},"47":{"start":{"line":113,"column":8},"end":{"line":99,"column":26}},"48":{"start":{"line":115,"column":12},"end":{"line":113,"column":63}},"49":{"start":{"line":116,"column":12},"end":{"line":113,"column":63}}},"branchMap":{"1":{"line":53,"type":"if","locations":[{"start":{"line":53,"column":8},"end":{"line":53,"column":11}},{"start":{"line":53,"column":8},"end":{"line":53,"column":11}}]},"2":{"line":76,"type":"if","locations":[{"start":{"line":76,"column":8},"end":{"line":76,"column":11}},{"start":{"line":76,"column":8},"end":{"line":76,"column":11}}]},"3":{"line":88,"type":"if","locations":[{"start":{"line":88,"column":16},"end":{"line":88,"column":19}},{"start":{"line":88,"column":16},"end":{"line":88,"column":19}}]},"4":{"line":99,"type":"if","locations":[{"start":{"line":99,"column":26},"end":{"line":105,"column":11}},{"start":{"line":99,"column":26},"end":{"line":105,"column":11}}]},"5":{"line":105,"type":"binary-expr","locations":[{"start":{"line":105,"column":12},"end":{"line":105,"column":11}},{"start":{"line":105,"column":36},"end":{"line":105,"column":35}}]}}},"/home/ubuntu/jThree/lib/Goml/GomlParser.js":{"path":"/home/ubuntu/jThree/lib/Goml/GomlParser.js","s":{"1":0,"2":0,"3":0,"4":0,"5":0,"6":0,"7":0,"8":0,"9":0,"10":0,"11":0,"12":0,"13":0,"14":0,"15":0,"16":0,"17":0,"18":0,"19":0,"20":0,"21":0,"22":0,"23":0,"24":0,"25":0,"26":0,"27":0,"28":0,"29":0,"30":0,"31":0,"32":0,"33":0,"34":0,"35":0,"36":0,"37":0,"38":0},"b":{"1":[0,0],"2":[0,0],"3":[0,0],"4":[0,0],"5":[0,0],"6":[0,0],"7":[0,0],"8":[0,0]},"f":{"1":1,"2":0,"3":0,"4":0},"fnMap":{"1":{"name":"(anonymous_5)","line":5,"loc":{"start":{"line":5,"column":6},"end":{"line":null,"column":-1}}},"2":{"name":"(anonymous_10)","line":71,"loc":{"start":{"line":71,"column":39},"end":{"line":71,"column":54}}},"3":{"name":"(anonymous_11)","line":79,"loc":{"start":{"line":79,"column":13},"end":{"line":79,"column":24}}},"4":{"name":"(anonymous_12)","line":90,"loc":{"start":{"line":90,"column":44},"end":{"line":90,"column":52}}}},"statementMap":{"1":{"start":{"line":11,"column":8},"end":{"line":10,"column":39}},"2":{"start":{"line":15,"column":8},"end":{"line":13,"column":43}},"3":{"start":{"line":16,"column":8},"end":{"line":16,"column":14}},"4":{"start":{"line":13,"column":43},"end":{"line":18,"column":8}},"5":{"start":{"line":20,"column":12},"end":{"line":18,"column":21}},"6":{"start":{"line":21,"column":12},"end":{"line":21,"column":11}},"7":{"start":{"line":22,"column":16},"end":{"line":22,"column":15}},"8":{"start":{"line":23,"column":20},"end":{"line":23,"column":19}},"9":{"start":{"line":24,"column":24},"end":{"line":23,"column":52}},"10":{"start":{"line":22,"column":58},"end":{"line":22,"column":57}},"11":{"start":{"line":28,"column":20},"end":{"line":22,"column":58}},"12":{"start":{"line":29,"column":20},"end":{"line":29,"column":19}},"13":{"start":{"line":30,"column":24},"end":{"line":29,"column":38}},"14":{"start":{"line":18,"column":21},"end":{"line":18,"column":20}},"15":{"start":{"line":39,"column":12},"end":{"line":37,"column":13}},"16":{"start":{"line":40,"column":12},"end":{"line":37,"column":13}},"17":{"start":{"line":53,"column":8},"end":{"line":53,"column":24}},"18":{"start":{"line":51,"column":43},"end":{"line":55,"column":14}},"19":{"start":{"line":51,"column":43},"end":{"line":60,"column":8}},"20":{"start":{"line":61,"column":12},"end":{"line":60,"column":36}},"21":{"start":{"line":63,"column":8},"end":{"line":63,"column":14}},"22":{"start":{"line":51,"column":43},"end":{"line":51,"column":42}},"23":{"start":{"line":72,"column":12},"end":{"line":72,"column":11}},"24":{"start":{"line":74,"column":16},"end":{"line":72,"column":41}},"25":{"start":{"line":77,"column":8},"end":{"line":77,"column":7}},"26":{"start":{"line":78,"column":12},"end":{"line":77,"column":62}},"27":{"start":{"line":79,"column":12},"end":{"line":77,"column":62}},"28":{"start":{"line":80,"column":16},"end":{"line":79,"column":24}},"29":{"start":{"line":81,"column":16},"end":{"line":79,"column":24}},"30":{"start":{"line":82,"column":16},"end":{"line":82,"column":20}},"31":{"start":{"line":79,"column":24},"end":{"line":84,"column":16}},"32":{"start":{"line":85,"column":20},"end":{"line":84,"column":36}},"33":{"start":{"line":88,"column":20},"end":{"line":87,"column":21}},"34":{"start":{"line":90,"column":16},"end":{"line":79,"column":24}},"35":{"start":{"line":91,"column":20},"end":{"line":90,"column":52}},"36":{"start":{"line":95,"column":8},"end":{"line":51,"column":43}},"37":{"start":{"line":96,"column":8},"end":{"line":null,"column":-1}},"38":{"start":{"line":51,"column":43},"end":{"line":51,"column":42}}},"branchMap":{"1":{"line":13,"type":"if","locations":[{"start":{"line":13,"column":43},"end":{"line":18,"column":11}},{"start":{"line":13,"column":43},"end":{"line":18,"column":11}}]},"2":{"line":21,"type":"if","locations":[{"start":{"line":21,"column":12},"end":{"line":21,"column":15}},{"start":{"line":21,"column":12},"end":{"line":21,"column":15}}]},"3":{"line":21,"type":"binary-expr","locations":[{"start":{"line":21,"column":16},"end":{"line":21,"column":27}},{"start":{"line":21,"column":28},"end":{"line":21,"column":27}}]},"4":{"line":23,"type":"if","locations":[{"start":{"line":23,"column":20},"end":{"line":23,"column":23}},{"start":{"line":23,"column":20},"end":{"line":23,"column":23}}]},"5":{"line":29,"type":"if","locations":[{"start":{"line":29,"column":20},"end":{"line":29,"column":23}},{"start":{"line":29,"column":20},"end":{"line":29,"column":23}}]},"6":{"line":51,"type":"if","locations":[{"start":{"line":51,"column":43},"end":{"line":60,"column":11}},{"start":{"line":51,"column":43},"end":{"line":60,"column":11}}]},"7":{"line":72,"type":"if","locations":[{"start":{"line":72,"column":12},"end":{"line":72,"column":15}},{"start":{"line":72,"column":12},"end":{"line":72,"column":15}}]},"8":{"line":79,"type":"if","locations":[{"start":{"line":79,"column":24},"end":{"line":84,"column":19}},{"start":{"line":79,"column":24},"end":{"line":84,"column":19}}]}}},"/home/ubuntu/jThree/lib/Core/ResourceLoader.js":{"path":"/home/ubuntu/jThree/lib/Core/ResourceLoader.js","s":{"1":1,"2":1,"3":1,"4":0,"5":0,"6":0,"7":0,"8":0,"9":0,"10":0,"11":0,"12":0,"13":0,"14":0,"15":0,"16":0,"17":0,"18":0,"19":0,"20":0,"21":0,"22":0,"23":0,"24":0,"25":0,"26":0,"27":0,"28":0},"b":{"1":[0,0]},"f":{"1":1,"2":0,"3":0,"4":0,"5":0},"fnMap":{"1":{"name":"(anonymous_6)","line":3,"loc":{"start":{"line":3,"column":6},"end":{"line":null,"column":-1}}},"2":{"name":"ResourceLoader","line":4,"loc":{"start":{"line":4,"column":4},"end":{"line":4,"column":18}}},"3":{"name":"(anonymous_11)","line":33,"loc":{"start":{"line":33,"column":21},"end":{"line":33,"column":27}}},"4":{"name":"(anonymous_12)","line":37,"loc":{"start":{"line":37,"column":11},"end":{"line":37,"column":17}}},"5":{"name":"(anonymous_13)","line":41,"loc":{"start":{"line":41,"column":11},"end":{"line":41,"column":18}}}},"statementMap":{"1":{"start":{"line":1,"column":0},"end":{"line":null,"column":-1}},"2":{"start":{"line":2,"column":0},"end":{"line":null,"column":-1}},"3":{"start":{"line":4,"column":4},"end":{"line":4,"column":3}},"4":{"start":{"line":5,"column":8},"end":{"line":4,"column":18}},"5":{"start":{"line":6,"column":8},"end":{"line":4,"column":18}},"6":{"start":{"line":7,"column":8},"end":{"line":4,"column":18}},"7":{"start":{"line":8,"column":8},"end":{"line":4,"column":18}},"8":{"start":{"line":9,"column":8},"end":{"line":4,"column":18}},"9":{"start":{"line":10,"column":8},"end":{"line":4,"column":18}},"10":{"start":{"line":19,"column":8},"end":{"line":18,"column":33}},"11":{"start":{"line":20,"column":8},"end":{"line":18,"column":33}},"12":{"start":{"line":21,"column":8},"end":{"line":18,"column":33}},"13":{"start":{"line":22,"column":8},"end":{"line":18,"column":33}},"14":{"start":{"line":25,"column":8},"end":{"line":24,"column":31}},"15":{"start":{"line":33,"column":8},"end":{"line":32,"column":40}},"16":{"start":{"line":34,"column":12},"end":{"line":33,"column":27}},"17":{"start":{"line":35,"column":12},"end":{"line":33,"column":27}},"18":{"start":{"line":36,"column":12},"end":{"line":33,"column":27}},"19":{"start":{"line":38,"column":12},"end":{"line":37,"column":17}},"20":{"start":{"line":39,"column":12},"end":{"line":37,"column":17}},"21":{"start":{"line":40,"column":12},"end":{"line":37,"column":17}},"22":{"start":{"line":42,"column":12},"end":{"line":41,"column":18}},"23":{"start":{"line":49,"column":8},"end":{"line":49,"column":7}},"24":{"start":{"line":50,"column":12},"end":{"line":49,"column":64}},"25":{"start":{"line":58,"column":12},"end":{"line":49,"column":64}},"26":{"start":{"line":61,"column":12},"end":{"line":60,"column":13}},"27":{"start":{"line":13,"column":8},"end":{"line":12,"column":20}},"28":{"start":{"line":16,"column":8},"end":{"line":15,"column":18}}},"branchMap":{"1":{"line":49,"type":"if","locations":[{"start":{"line":49,"column":8},"end":{"line":49,"column":11}},{"start":{"line":49,"column":8},"end":{"line":49,"column":11}}]}}}}