TN:
SF:/home/travis/build/jThreeJS/jThree/lib/ContextComponents.js
FN:3,(anonymous_1)
FN:3,defineProperties
FN:3,(anonymous_3)
FN:5,_classCallCheck
FN:7,(anonymous_5)
FN:8,ContextComponents
FN:14,get
FN:19,get
FN:24,get
FN:29,get
FN:34,get
FN:39,get
FN:44,get
FN:49,get
FN:54,get
FN:59,get
FN:64,get
FNF:17
FNH:4
FNDA:1,(anonymous_1)
FNDA:1,defineProperties
FNDA:1,(anonymous_3)
FNDA:0,_classCallCheck
FNDA:1,(anonymous_5)
FNDA:0,ContextComponents
FNDA:0,get
FNDA:0,get
FNDA:0,get
FNDA:0,get
FNDA:0,get
FNDA:0,get
FNDA:0,get
FNDA:0,get
FNDA:0,get
FNDA:0,get
FNDA:0,get
DA:3,11
DA:5,1
DA:7,1
DA:8,1
DA:9,0
DA:12,1
DA:15,0
DA:20,0
DA:25,0
DA:30,0
DA:35,0
DA:40,0
DA:45,0
DA:50,0
DA:55,0
DA:60,0
DA:65,0
DA:69,1
DA:72,1
DA:73,1
LF:20
LH:8
BRDA:3,1,0,11
BRDA:3,1,1,11
BRDA:3,2,0,0
BRDA:3,2,1,11
BRDA:3,3,0,0
BRDA:3,3,1,1
BRDA:3,4,0,1
BRDA:3,4,1,0
BRDA:5,5,0,0
BRDA:5,5,1,0
BRF:10
BRH:5
end_of_record
TN:
SF:/home/travis/build/jThreeJS/jThree/lib/Exceptions.js
FN:3,(anonymous_1)
FN:3,defineProperties
FN:3,(anonymous_3)
FN:5,get
FN:7,_classCallCheck
FN:9,_possibleConstructorReturn
FN:11,_inherits
FN:18,(anonymous_8)
FN:21,JThreeException
FN:33,toString
FN:43,(anonymous_11)
FN:46,InvalidArgumentException
FN:57,(anonymous_13)
FN:60,InvalidStringException
FN:71,(anonymous_15)
FN:74,SingularMatrixException
FN:85,(anonymous_17)
FN:88,AbstractClassMethodCalledException
FN:99,(anonymous_19)
FN:102,WebGLNotSupportedException
FNF:20
FNH:10
FNDA:1,(anonymous_1)
FNDA:1,defineProperties
FNDA:1,(anonymous_3)
FNDA:0,get
FNDA:0,_classCallCheck
FNDA:0,_possibleConstructorReturn
FNDA:6,_inherits
FNDA:1,(anonymous_8)
FNDA:0,JThreeException
FNDA:0,toString
FNDA:1,(anonymous_11)
FNDA:0,InvalidArgumentException
FNDA:1,(anonymous_13)
FNDA:0,InvalidStringException
FNDA:1,(anonymous_15)
FNDA:0,SingularMatrixException
FNDA:1,(anonymous_17)
FNDA:0,AbstractClassMethodCalledException
FNDA:1,(anonymous_19)
FNDA:0,WebGLNotSupportedException
DA:3,1
DA:5,1
DA:7,1
DA:9,1
DA:11,6
DA:13,1
DA:18,1
DA:19,1
DA:21,1
DA:22,0
DA:24,0
DA:26,0
DA:27,0
DA:28,0
DA:31,1
DA:34,0
DA:38,1
DA:41,1
DA:43,1
DA:44,1
DA:46,1
DA:47,0
DA:49,0
DA:52,1
DA:55,1
DA:57,1
DA:58,1
DA:60,1
DA:61,0
DA:63,0
DA:66,1
DA:69,1
DA:71,1
DA:72,1
DA:74,1
DA:75,0
DA:77,0
DA:80,1
DA:83,1
DA:85,1
DA:86,1
DA:88,1
DA:89,0
DA:91,0
DA:94,1
DA:97,1
DA:99,1
DA:100,1
DA:102,1
DA:103,0
DA:105,0
DA:108,1
DA:111,1
LF:53
LH:37
BRDA:3,1,0,1
BRDA:3,1,1,1
BRDA:3,2,0,1
BRDA:3,2,1,0
BRDA:3,3,0,1
BRDA:3,3,1,0
BRDA:3,4,0,0
BRDA:3,4,1,1
BRDA:5,5,0,0
BRDA:5,5,1,0
BRDA:5,6,0,0
BRDA:5,6,1,0
BRDA:5,7,0,0
BRDA:5,7,1,0
BRDA:5,8,0,0
BRDA:5,8,1,0
BRDA:5,9,0,0
BRDA:5,9,1,0
BRDA:7,10,0,0
BRDA:7,10,1,0
BRDA:9,11,0,0
BRDA:9,11,1,0
BRDA:9,12,0,0
BRDA:9,12,1,0
BRDA:9,13,0,0
BRDA:9,13,1,0
BRDA:9,13,2,0
BRDA:11,14,0,0
BRDA:11,14,1,6
BRDA:11,15,0,6
BRDA:11,15,1,0
BRDA:11,16,0,6
BRDA:11,16,1,6
BRDA:11,17,0,6
BRDA:11,17,1,0
BRDA:11,18,0,6
BRDA:11,18,1,0
BRF:37
BRH:11
end_of_record
TN:
SF:/home/travis/build/jThreeJS/jThree/lib/IContextComponent.js
FNF:0
FNH:0
LF:0
LH:0
BRF:0
BRH:0
end_of_record
TN:
SF:/home/travis/build/jThreeJS/jThree/lib/Init.js
FN:3,(anonymous_1)
FN:3,defineProperties
FN:3,(anonymous_3)
FN:5,_classCallCheck
FN:33,(anonymous_5)
FN:34,JThreeStatic
FN:40,defineBehavior
FN:45,get
FN:63,(anonymous_9)
FN:64,JThreeInit
FN:70,j3
FN:75,(anonymous_12)
FN:89,Init
FN:96,(anonymous_14)
FN:122,(anonymous_15)
FN:129,copyGLConstants
FN:142,startInitialize
FN:149,(anonymous_18)
FNF:18
FNH:0
FNDA:0,(anonymous_1)
FNDA:0,defineProperties
FNDA:0,(anonymous_3)
FNDA:0,_classCallCheck
FNDA:0,(anonymous_5)
FNDA:0,JThreeStatic
FNDA:0,defineBehavior
FNDA:0,get
FNDA:0,(anonymous_9)
FNDA:0,JThreeInit
FNDA:0,j3
FNDA:0,(anonymous_12)
FNDA:0,Init
FNDA:0,(anonymous_14)
FNDA:0,(anonymous_15)
FNDA:0,copyGLConstants
FNDA:0,startInitialize
FNDA:0,(anonymous_18)
DA:3,1
DA:5,1
DA:7,0
DA:8,0
DA:9,0
DA:10,0
DA:11,0
DA:12,0
DA:13,0
DA:14,0
DA:15,0
DA:16,0
DA:17,0
DA:18,0
DA:19,0
DA:20,0
DA:21,0
DA:22,0
DA:23,0
DA:24,0
DA:25,0
DA:26,0
DA:27,0
DA:33,0
DA:34,1
DA:35,0
DA:38,0
DA:41,0
DA:46,0
DA:55,0
DA:63,0
DA:64,1
DA:65,0
DA:68,0
DA:71,0
DA:72,0
DA:73,0
DA:74,0
DA:75,0
DA:76,0
DA:78,0
DA:80,0
DA:90,0
DA:91,0
DA:92,0
DA:94,0
DA:95,0
DA:96,0
DA:97,0
DA:98,0
DA:99,0
DA:105,0
DA:108,0
DA:109,0
DA:110,0
DA:111,0
DA:112,0
DA:113,0
DA:114,0
DA:115,0
DA:116,0
DA:117,0
DA:118,0
DA:119,0
DA:120,0
DA:121,0
DA:122,0
DA:123,0
DA:130,0
DA:131,0
DA:133,0
DA:134,0
DA:135,0
DA:136,0
DA:143,0
DA:144,0
DA:145,0
DA:146,0
DA:147,0
DA:148,0
DA:149,0
DA:150,0
DA:155,0
DA:158,0
DA:159,0
LF:85
LH:4
BRDA:3,1,0,0
BRDA:3,1,1,0
BRDA:3,2,0,0
BRDA:3,2,1,0
BRDA:3,3,0,0
BRDA:3,3,1,0
BRDA:3,4,0,0
BRDA:3,4,1,0
BRDA:5,5,0,0
BRDA:5,5,1,0
BRDA:71,6,0,0
BRDA:71,6,1,0
BRDA:73,7,0,0
BRDA:73,7,1,0
BRDA:97,8,0,0
BRDA:97,8,1,0
BRDA:105,9,0,0
BRDA:105,9,1,0
BRDA:121,10,0,0
BRDA:121,10,1,0
BRDA:130,11,0,0
BRDA:130,11,1,0
BRDA:134,12,0,0
BRDA:134,12,1,0
BRF:24
BRH:0
end_of_record
TN:
SF:/home/travis/build/jThreeJS/jThree/lib/JThreeContext.js
FN:7,(anonymous_1)
FN:7,defineProperties
FN:7,(anonymous_3)
FN:9,_classCallCheck
FN:11,(anonymous_5)
FN:12,JThreeContext
FN:27,init
FN:41,registerContextComponent
FN:55,getContextComponent
FN:60,get
FNF:10
FNH:4
FNDA:1,(anonymous_1)
FNDA:1,defineProperties
FNDA:1,(anonymous_3)
FNDA:0,_classCallCheck
FNDA:1,(anonymous_5)
FNDA:0,JThreeContext
FNDA:0,init
FNDA:0,registerContextComponent
FNDA:0,getContextComponent
FNDA:0,get
DA:7,4
DA:9,1
DA:11,1
DA:12,1
DA:13,0
DA:18,0
DA:25,1
DA:28,0
DA:29,0
DA:30,0
DA:42,0
DA:43,0
DA:45,0
DA:56,0
DA:61,0
DA:62,0
DA:64,0
DA:69,1
DA:72,1
DA:73,1
LF:20
LH:8
BRDA:7,1,0,4
BRDA:7,1,1,4
BRDA:7,2,0,3
BRDA:7,2,1,1
BRDA:7,3,0,0
BRDA:7,3,1,1
BRDA:7,4,0,1
BRDA:7,4,1,0
BRDA:9,5,0,0
BRDA:9,5,1,0
BRDA:28,6,0,0
BRDA:28,6,1,0
BRDA:29,7,0,0
BRDA:29,7,1,0
BRDA:42,8,0,0
BRDA:42,8,1,0
BRDA:61,9,0,0
BRDA:61,9,1,0
BRF:18
BRH:6
end_of_record
TN:
SF:/home/travis/build/jThreeJS/jThree/lib/bundle-notdoc.js
FNF:0
FNH:0
LF:0
LH:0
BRF:0
BRH:0
end_of_record
TN:
SF:/home/travis/build/jThreeJS/jThree/lib/jThree.js
FNF:0
FNH:0
DA:3,0
DA:4,0
LF:2
LH:0
BRF:0
BRH:0
end_of_record
TN:
SF:/home/travis/build/jThreeJS/jThree/lib/Base/Delegates.js
FNF:0
FNH:0
LF:0
LH:0
BRF:0
BRH:0
end_of_record
TN:
SF:/home/travis/build/jThreeJS/jThree/lib/Base/IDisposable.js
FNF:0
FNH:0
LF:0
LH:0
BRF:0
BRH:0
end_of_record
TN:
SF:/home/travis/build/jThreeJS/jThree/lib/Base/JThreeCollection.js
FN:6,(anonymous_1)
FN:6,defineProperties
FN:6,(anonymous_3)
FN:8,_classCallCheck
FN:10,(anonymous_5)
FN:11,JThreeCollection
FN:30,getById
FN:41,isContained
FN:53,insert
FN:70,del
FN:86,each
FN:97,asArray
FN:112,get
FNF:13
FNH:0
FNDA:0,(anonymous_1)
FNDA:0,defineProperties
FNDA:0,(anonymous_3)
FNDA:0,_classCallCheck
FNDA:0,(anonymous_5)
FNDA:0,JThreeCollection
FNDA:0,getById
FNDA:0,isContained
FNDA:0,insert
FNDA:0,del
FNDA:0,each
FNDA:0,asArray
FNDA:0,get
DA:6,1
DA:8,1
DA:10,0
DA:11,1
DA:12,0
DA:18,0
DA:19,0
DA:28,0
DA:31,0
DA:42,0
DA:54,0
DA:55,0
DA:57,0
DA:58,0
DA:59,0
DA:71,0
DA:72,0
DA:73,0
DA:74,0
DA:76,0
DA:87,0
DA:88,0
DA:98,0
DA:99,0
DA:100,0
DA:101,0
DA:102,0
DA:104,0
DA:113,0
DA:117,0
DA:120,0
DA:121,0
LF:32
LH:3
BRDA:6,1,0,0
BRDA:6,1,1,0
BRDA:6,2,0,0
BRDA:6,2,1,0
BRDA:6,3,0,0
BRDA:6,3,1,0
BRDA:6,4,0,0
BRDA:6,4,1,0
BRDA:8,5,0,0
BRDA:8,5,1,0
BRDA:54,6,0,0
BRDA:54,6,1,0
BRDA:71,7,0,0
BRDA:71,7,1,0
BRF:14
BRH:0
end_of_record
TN:
SF:/home/travis/build/jThreeJS/jThree/lib/Base/JThreeEvent.js
FN:3,(anonymous_1)
FN:3,defineProperties
FN:3,(anonymous_3)
FN:5,_classCallCheck
FN:7,_possibleConstructorReturn
FN:9,_inherits
FN:17,(anonymous_7)
FN:20,JThreeEvent
FN:45,fire
FN:46,(anonymous_10)
FN:57,addListener
FN:70,removeListener
FNF:12
FNH:5
FNDA:1,(anonymous_1)
FNDA:1,defineProperties
FNDA:1,(anonymous_3)
FNDA:0,_classCallCheck
FNDA:0,_possibleConstructorReturn
FNDA:1,_inherits
FNDA:1,(anonymous_7)
FNDA:0,JThreeEvent
FNDA:0,fire
FNDA:0,(anonymous_10)
FNDA:0,addListener
FNDA:0,removeListener
DA:3,3
DA:5,1
DA:7,1
DA:9,1
DA:11,1
DA:12,1
DA:17,1
DA:18,1
DA:20,1
DA:21,0
DA:23,0
DA:25,0
DA:26,0
DA:33,0
DA:35,0
DA:36,0
DA:43,1
DA:46,0
DA:47,0
DA:58,0
DA:59,0
DA:61,0
DA:71,0
DA:72,0
DA:73,0
DA:74,0
DA:75,0
DA:81,1
DA:84,1
DA:85,1
LF:30
LH:13
BRDA:3,1,0,3
BRDA:3,1,1,3
BRDA:3,2,0,3
BRDA:3,2,1,0
BRDA:3,3,0,1
BRDA:3,3,1,0
BRDA:3,4,0,0
BRDA:3,4,1,1
BRDA:5,5,0,0
BRDA:5,5,1,0
BRDA:7,6,0,0
BRDA:7,6,1,0
BRDA:7,7,0,0
BRDA:7,7,1,0
BRDA:7,8,0,0
BRDA:7,8,1,0
BRDA:7,8,2,0
BRDA:9,9,0,0
BRDA:9,9,1,1
BRDA:9,10,0,1
BRDA:9,10,1,0
BRDA:9,11,0,1
BRDA:9,11,1,1
BRDA:9,12,0,1
BRDA:9,12,1,0
BRDA:9,13,0,1
BRDA:9,13,1,0
BRDA:58,14,0,0
BRDA:58,14,1,0
BRDA:73,15,0,0
BRDA:73,15,1,0
BRF:31
BRH:11
end_of_record
TN:
SF:/home/travis/build/jThreeJS/jThree/lib/Base/JThreeID.js
FN:3,(anonymous_1)
FN:3,defineProperties
FN:3,(anonymous_3)
FN:5,_classCallCheck
FN:7,_possibleConstructorReturn
FN:9,_inherits
FN:17,(anonymous_7)
FN:20,JThreeID
FN:34,getUniqueRandom
FNF:9
FNH:6
FNDA:1,(anonymous_1)
FNDA:1,defineProperties
FNDA:1,(anonymous_3)
FNDA:0,_classCallCheck
FNDA:0,_possibleConstructorReturn
FNDA:1,_inherits
FNDA:1,(anonymous_7)
FNDA:0,JThreeID
FNDA:5,getUniqueRandom
DA:3,1
DA:5,1
DA:7,1
DA:9,1
DA:11,1
DA:17,1
DA:18,1
DA:20,1
DA:21,0
DA:23,0
DA:26,1
DA:35,5
DA:36,5
DA:37,50
DA:39,5
DA:43,1
DA:51,1
DA:52,1
DA:53,1
LF:19
LH:17
BRDA:3,1,0,1
BRDA:3,1,1,1
BRDA:3,2,0,1
BRDA:3,2,1,0
BRDA:3,3,0,0
BRDA:3,3,1,1
BRDA:3,4,0,1
BRDA:3,4,1,0
BRDA:5,5,0,0
BRDA:5,5,1,0
BRDA:7,6,0,0
BRDA:7,6,1,0
BRDA:7,7,0,0
BRDA:7,7,1,0
BRDA:7,8,0,0
BRDA:7,8,1,0
BRDA:7,8,2,0
BRDA:9,9,0,0
BRDA:9,9,1,1
BRDA:9,10,0,1
BRDA:9,10,1,0
BRDA:9,11,0,1
BRDA:9,11,1,1
BRDA:9,12,0,1
BRDA:9,12,1,0
BRDA:9,13,0,1
BRDA:9,13,1,0
BRF:27
BRH:11
end_of_record
TN:
SF:/home/travis/build/jThreeJS/jThree/lib/Base/JThreeLogger.js
FN:3,(anonymous_1)
FN:3,defineProperties
FN:3,(anonymous_3)
FN:5,_classCallCheck
FN:7,(anonymous_5)
FN:8,JThreeLogger
FN:14,sectionLog
FN:19,sectionWarn
FN:24,sectionError
FN:29,sectionInfo
FN:34,sectionLongLog
FN:48,sectionLogParams
FNF:12
FNH:0
FNDA:0,(anonymous_1)
FNDA:0,defineProperties
FNDA:0,(anonymous_3)
FNDA:0,_classCallCheck
FNDA:0,(anonymous_5)
FNDA:0,JThreeLogger
FNDA:0,sectionLog
FNDA:0,sectionWarn
FNDA:0,sectionError
FNDA:0,sectionInfo
FNDA:0,sectionLongLog
FNDA:0,sectionLogParams
DA:3,1
DA:5,1
DA:7,0
DA:8,1
DA:9,0
DA:12,0
DA:15,0
DA:20,0
DA:25,0
DA:30,0
DA:49,0
DA:53,0
DA:56,0
DA:57,0
LF:14
LH:3
BRDA:3,1,0,0
BRDA:3,1,1,0
BRDA:3,2,0,0
BRDA:3,2,1,0
BRDA:3,3,0,0
BRDA:3,3,1,0
BRDA:3,4,0,0
BRDA:3,4,1,0
BRDA:5,5,0,0
BRDA:5,5,1,0
BRF:10
BRH:0
end_of_record
TN:
SF:/home/travis/build/jThreeJS/jThree/lib/Base/JThreeObject.js
FN:3,(anonymous_1)
FN:3,defineProperties
FN:3,(anonymous_3)
FN:5,_classCallCheck
FN:13,(anonymous_5)
FN:14,JThreeObject
FN:26,toString
FN:36,getTypeName
FNF:8
FNH:6
FNDA:1,(anonymous_1)
FNDA:1,defineProperties
FNDA:1,(anonymous_3)
FNDA:60,_classCallCheck
FNDA:1,(anonymous_5)
FNDA:60,JThreeObject
FNDA:0,toString
FNDA:0,getTypeName
DA:3,2
DA:5,60
DA:7,1
DA:13,1
DA:14,1
DA:15,60
DA:18,1
DA:27,0
DA:37,0
DA:41,1
DA:44,1
DA:45,1
LF:12
LH:10
BRDA:3,1,0,2
BRDA:3,1,1,2
BRDA:3,2,0,2
BRDA:3,2,1,0
BRDA:3,3,0,1
BRDA:3,3,1,0
BRDA:3,4,0,0
BRDA:3,4,1,1
BRDA:5,5,0,0
BRDA:5,5,1,60
BRF:10
BRH:6
end_of_record
TN:
SF:/home/travis/build/jThreeJS/jThree/lib/Base/JThreeObjectEE.js
FN:3,_classCallCheck
FN:5,_possibleConstructorReturn
FN:7,_inherits
FN:15,(anonymous_4)
FN:18,JThreeObjectEE
FN:27,applyMixins
FN:28,(anonymous_7)
FN:29,(anonymous_8)
FNF:8
FNH:0
FNDA:0,_classCallCheck
FNDA:0,_possibleConstructorReturn
FNDA:0,_inherits
FNDA:0,(anonymous_4)
FNDA:0,JThreeObjectEE
FNDA:0,applyMixins
FNDA:0,(anonymous_7)
FNDA:0,(anonymous_8)
DA:3,1
DA:5,1
DA:7,1
DA:9,0
DA:10,0
DA:15,0
DA:16,0
DA:18,1
DA:19,0
DA:21,0
DA:24,0
DA:27,1
DA:28,0
DA:29,0
DA:30,0
DA:34,0
DA:35,0
DA:36,0
LF:18
LH:5
BRDA:3,1,0,0
BRDA:3,1,1,0
BRDA:5,2,0,0
BRDA:5,2,1,0
BRDA:5,3,0,0
BRDA:5,3,1,0
BRDA:5,4,0,0
BRDA:5,4,1,0
BRDA:5,4,2,0
BRDA:7,5,0,0
BRDA:7,5,1,0
BRDA:7,6,0,0
BRDA:7,6,1,0
BRDA:7,7,0,0
BRDA:7,7,1,0
BRDA:7,8,0,0
BRDA:7,8,1,0
BRDA:7,9,0,0
BRDA:7,9,1,0
BRF:19
BRH:0
end_of_record
TN:
SF:/home/travis/build/jThreeJS/jThree/lib/Base/JThreeObjectEEWithID.js
FN:3,_classCallCheck
FN:5,_possibleConstructorReturn
FN:7,_inherits
FN:15,(anonymous_4)
FN:18,JThreeObjectEEWithID
FN:27,applyMixins
FN:28,(anonymous_7)
FN:29,(anonymous_8)
FNF:8
FNH:8
FNDA:5,_classCallCheck
FNDA:5,_possibleConstructorReturn
FNDA:1,_inherits
FNDA:1,(anonymous_4)
FNDA:5,JThreeObjectEEWithID
FNDA:1,applyMixins
FNDA:1,(anonymous_7)
FNDA:14,(anonymous_8)
DA:3,5
DA:5,5
DA:7,1
DA:9,1
DA:10,1
DA:15,1
DA:16,1
DA:18,1
DA:19,5
DA:21,5
DA:24,1
DA:27,1
DA:28,1
DA:29,1
DA:30,14
DA:34,1
DA:35,1
DA:36,1
LF:18
LH:18
BRDA:3,1,0,0
BRDA:3,1,1,5
BRDA:5,2,0,0
BRDA:5,2,1,5
BRDA:5,3,0,5
BRDA:5,3,1,0
BRDA:5,4,0,5
BRDA:5,4,1,5
BRDA:5,4,2,0
BRDA:7,5,0,0
BRDA:7,5,1,1
BRDA:7,6,0,1
BRDA:7,6,1,0
BRDA:7,7,0,1
BRDA:7,7,1,1
BRDA:7,8,0,1
BRDA:7,8,1,0
BRDA:7,9,0,1
BRDA:7,9,1,0
BRF:19
BRH:11
end_of_record
TN:
SF:/home/travis/build/jThreeJS/jThree/lib/Base/JThreeObjectWithID.js
FN:3,(anonymous_1)
FN:3,defineProperties
FN:3,(anonymous_3)
FN:5,_classCallCheck
FN:7,_possibleConstructorReturn
FN:9,_inherits
FN:18,(anonymous_7)
FN:21,JThreeObjectWithID
FN:36,get
FN:39,set
FNF:10
FNH:9
FNDA:1,(anonymous_1)
FNDA:1,defineProperties
FNDA:1,(anonymous_3)
FNDA:5,_classCallCheck
FNDA:5,_possibleConstructorReturn
FNDA:1,_inherits
FNDA:1,(anonymous_7)
FNDA:5,JThreeObjectWithID
FNDA:12,get
FNDA:0,set
DA:3,1
DA:5,5
DA:7,5
DA:9,1
DA:11,1
DA:12,1
DA:18,1
DA:19,1
DA:21,1
DA:22,5
DA:24,5
DA:26,5
DA:27,5
DA:34,1
DA:37,12
DA:40,0
DA:44,1
DA:47,1
DA:48,1
LF:19
LH:18
BRDA:3,1,0,1
BRDA:3,1,1,1
BRDA:3,2,0,0
BRDA:3,2,1,1
BRDA:3,3,0,1
BRDA:3,3,1,0
BRDA:3,4,0,0
BRDA:3,4,1,1
BRDA:5,5,0,0
BRDA:5,5,1,5
BRDA:7,6,0,0
BRDA:7,6,1,5
BRDA:7,7,0,0
BRDA:7,7,1,5
BRDA:7,8,0,5
BRDA:7,8,1,0
BRDA:7,8,2,0
BRDA:9,9,0,0
BRDA:9,9,1,1
BRDA:9,10,0,1
BRDA:9,10,1,0
BRDA:9,11,0,1
BRDA:9,11,1,1
BRDA:9,12,0,1
BRDA:9,12,1,0
BRDA:9,13,0,1
BRDA:9,13,1,0
BRDA:26,14,0,5
BRDA:26,14,1,5
BRF:29
BRH:17
end_of_record
TN:
SF:/home/travis/build/jThreeJS/jThree/lib/Base/JsHack.js
FN:6,(anonymous_1)
FN:6,defineProperties
FN:6,(anonymous_3)
FN:8,_classCallCheck
FN:10,(anonymous_5)
FN:11,JsHack
FN:23,getObjectName
FNF:7
FNH:4
FNDA:1,(anonymous_1)
FNDA:1,defineProperties
FNDA:1,(anonymous_3)
FNDA:0,_classCallCheck
FNDA:1,(anonymous_5)
FNDA:0,JsHack
FNDA:0,getObjectName
DA:6,1
DA:8,1
DA:10,1
DA:11,1
DA:12,0
DA:15,1
DA:24,0
DA:25,0
DA:26,0
DA:30,1
DA:33,1
DA:34,1
LF:12
LH:8
BRDA:6,1,0,1
BRDA:6,1,1,1
BRDA:6,2,0,1
BRDA:6,2,1,0
BRDA:6,3,0,0
BRDA:6,3,1,1
BRDA:6,4,0,1
BRDA:6,4,1,0
BRDA:8,5,0,0
BRDA:8,5,1,0
BRDA:26,6,0,0
BRDA:26,6,1,0
BRDA:26,7,0,0
BRDA:26,7,1,0
BRF:14
BRH:5
end_of_record
TN:
SF:/home/travis/build/jThreeJS/jThree/lib/Core/IConfigureEventArgs.js
FNF:0
FNH:0
LF:0
LH:0
BRF:0
BRH:0
end_of_record
TN:
SF:/home/travis/build/jThreeJS/jThree/lib/Core/IMouseEventArgs.js
FNF:0
FNH:0
LF:0
LH:0
BRF:0
BRH:0
end_of_record
TN:
SF:/home/travis/build/jThreeJS/jThree/lib/Core/IParentSceneChangedEventArgs.js
FNF:0
FNH:0
LF:0
LH:0
BRF:0
BRH:0
end_of_record
TN:
SF:/home/travis/build/jThreeJS/jThree/lib/Core/IResourceLoaderEventArgs.js
FNF:0
FNH:0
LF:0
LH:0
BRF:0
BRH:0
end_of_record
TN:
SF:/home/travis/build/jThreeJS/jThree/lib/Core/ISceneListChangedEventArgs.js
FNF:0
FNH:0
LF:0
LH:0
BRF:0
BRH:0
end_of_record
TN:
SF:/home/travis/build/jThreeJS/jThree/lib/Core/ISceneObjectChangedEventArgs.js
FNF:0
FNH:0
LF:0
LH:0
BRF:0
BRH:0
end_of_record
TN:
SF:/home/travis/build/jThreeJS/jThree/lib/Core/LoopManager.js
FN:3,(anonymous_1)
FN:3,defineProperties
FN:3,(anonymous_3)
FN:5,_classCallCheck
FN:15,(anonymous_5)
FN:20,LoopManager
FN:33,(anonymous_7)
FN:35,(anonymous_8)
FN:46,begin
FN:59,addAction
FN:64,(anonymous_11)
FN:70,getContextComponentIndex
FN:81,_loop
FN:82,(anonymous_14)
FNF:14
FNH:0
FNDA:0,(anonymous_1)
FNDA:0,defineProperties
FNDA:0,(anonymous_3)
FNDA:0,_classCallCheck
FNDA:0,(anonymous_5)
FNDA:0,LoopManager
FNDA:0,(anonymous_7)
FNDA:0,(anonymous_8)
FNDA:0,begin
FNDA:0,addAction
FNDA:0,(anonymous_11)
FNDA:0,getContextComponentIndex
FNDA:0,_loop
FNDA:0,(anonymous_14)
DA:3,1
DA:5,1
DA:7,0
DA:15,0
DA:20,1
DA:21,0
DA:23,0
DA:31,0
DA:32,0
DA:34,0
DA:36,0
DA:44,0
DA:47,0
DA:60,0
DA:64,0
DA:65,0
DA:71,0
DA:82,0
DA:83,0
DA:85,0
DA:89,0
DA:92,0
DA:93,0
LF:23
LH:3
BRDA:3,1,0,0
BRDA:3,1,1,0
BRDA:3,2,0,0
BRDA:3,2,1,0
BRDA:3,3,0,0
BRDA:3,3,1,0
BRDA:3,4,0,0
BRDA:3,4,1,0
BRDA:5,5,0,0
BRDA:5,5,1,0
BRDA:32,6,0,0
BRDA:32,6,1,0
BRF:12
BRH:0
end_of_record
TN:
SF:/home/travis/build/jThreeJS/jThree/lib/Core/RendererListChangedEventArgs.js
FNF:0
FNH:0
LF:0
LH:0
BRF:0
BRH:0
end_of_record
TN:
SF:/home/travis/build/jThreeJS/jThree/lib/Core/ResourceLoader.js
FN:3,(anonymous_1)
FN:3,defineProperties
FN:3,(anonymous_3)
FN:5,_classCallCheck
FN:10,(anonymous_5)
FN:11,ResourceLoader
FN:24,getResourceLoadingDeffered
FN:32,getContextComponentIndex
FN:43,registerForResourceLoaded
FN:46,(anonymous_10)
FN:50,(anonymous_11)
FN:54,(anonymous_12)
FN:64,checkResourceLoaded
FN:88,get
FN:93,get
FNF:15
FNH:0
FNDA:0,(anonymous_1)
FNDA:0,defineProperties
FNDA:0,(anonymous_3)
FNDA:0,_classCallCheck
FNDA:0,(anonymous_5)
FNDA:0,ResourceLoader
FNDA:0,getResourceLoadingDeffered
FNDA:0,getContextComponentIndex
FNDA:0,registerForResourceLoaded
FNDA:0,(anonymous_10)
FNDA:0,(anonymous_11)
FNDA:0,(anonymous_12)
FNDA:0,checkResourceLoaded
FNDA:0,get
FNDA:0,get
DA:3,1
DA:5,1
DA:7,0
DA:8,0
DA:10,0
DA:11,1
DA:12,0
DA:14,0
DA:15,0
DA:16,0
DA:17,0
DA:18,0
DA:19,0
DA:22,0
DA:25,0
DA:26,0
DA:27,0
DA:28,0
DA:33,0
DA:44,0
DA:46,0
DA:47,0
DA:48,0
DA:49,0
DA:51,0
DA:52,0
DA:53,0
DA:55,0
DA:65,0
DA:66,0
DA:74,0
DA:76,0
DA:89,0
DA:94,0
DA:98,0
DA:101,0
DA:102,0
LF:37
LH:3
BRDA:3,1,0,0
BRDA:3,1,1,0
BRDA:3,2,0,0
BRDA:3,2,1,0
BRDA:3,3,0,0
BRDA:3,3,1,0
BRDA:3,4,0,0
BRDA:3,4,1,0
BRDA:5,5,0,0
BRDA:5,5,1,0
BRDA:65,6,0,0
BRDA:65,6,1,0
BRF:12
BRH:0
end_of_record
TN:
SF:/home/travis/build/jThreeJS/jThree/lib/Core/ResourceManager.js
FN:3,(anonymous_1)
FN:3,defineProperties
FN:3,(anonymous_3)
FN:5,_classCallCheck
FN:7,_possibleConstructorReturn
FN:9,_inherits
FN:29,(anonymous_7)
FN:32,ResourceManager
FN:54,getContextComponentIndex
FN:59,loadTexture
FN:64,(anonymous_11)
FN:68,(anonymous_12)
FN:71,(anonymous_13)
FN:79,loadCubeTexture
FN:90,(anonymous_15)
FN:98,(anonymous_16)
FN:106,createBuffer
FN:107,(anonymous_18)
FN:113,getBuffer
FN:118,createShader
FN:119,(anonymous_21)
FN:125,getShader
FN:130,hasShader
FN:135,createProgram
FN:136,(anonymous_25)
FN:142,getProgram
FN:147,createTextureWithSource
FN:148,(anonymous_28)
FN:150,(anonymous_29)
FN:158,getTexture
FN:163,createCubeTextureWithSource
FN:166,(anonymous_32)
FN:168,(anonymous_33)
FN:176,createRBO
FN:177,(anonymous_35)
FN:179,(anonymous_36)
FN:187,getRBO
FN:192,createFBO
FN:193,(anonymous_39)
FN:195,(anonymous_40)
FN:203,getFBO
FN:208,createTexture
FN:212,(anonymous_43)
FN:214,(anonymous_44)
FN:222,toString
FNF:45
FNH:0
FNDA:0,(anonymous_1)
FNDA:0,defineProperties
FNDA:0,(anonymous_3)
FNDA:0,_classCallCheck
FNDA:0,_possibleConstructorReturn
FNDA:0,_inherits
FNDA:0,(anonymous_7)
FNDA:0,ResourceManager
FNDA:0,getContextComponentIndex
FNDA:0,loadTexture
FNDA:0,(anonymous_11)
FNDA:0,(anonymous_12)
FNDA:0,(anonymous_13)
FNDA:0,loadCubeTexture
FNDA:0,(anonymous_15)
FNDA:0,(anonymous_16)
FNDA:0,createBuffer
FNDA:0,(anonymous_18)
FNDA:0,getBuffer
FNDA:0,createShader
FNDA:0,(anonymous_21)
FNDA:0,getShader
FNDA:0,hasShader
FNDA:0,createProgram
FNDA:0,(anonymous_25)
FNDA:0,getProgram
FNDA:0,createTextureWithSource
FNDA:0,(anonymous_28)
FNDA:0,(anonymous_29)
FNDA:0,getTexture
FNDA:0,createCubeTextureWithSource
FNDA:0,(anonymous_32)
FNDA:0,(anonymous_33)
FNDA:0,createRBO
FNDA:0,(anonymous_35)
FNDA:0,(anonymous_36)
FNDA:0,getRBO
FNDA:0,createFBO
FNDA:0,(anonymous_39)
FNDA:0,(anonymous_40)
FNDA:0,getFBO
FNDA:0,createTexture
FNDA:0,(anonymous_43)
FNDA:0,(anonymous_44)
FNDA:0,toString
DA:3,1
DA:5,1
DA:7,1
DA:9,1
DA:11,0
DA:12,0
DA:13,0
DA:14,0
DA:15,0
DA:16,0
DA:17,0
DA:18,0
DA:19,0
DA:20,0
DA:21,0
DA:22,0
DA:23,0
DA:24,0
DA:29,0
DA:30,0
DA:32,1
DA:33,0
DA:35,0
DA:37,0
DA:38,0
DA:41,0
DA:43,0
DA:44,0
DA:45,0
DA:46,0
DA:47,0
DA:48,0
DA:49,0
DA:52,0
DA:55,0
DA:60,0
DA:62,0
DA:63,0
DA:64,0
DA:65,0
DA:68,0
DA:69,0
DA:70,0
DA:72,0
DA:73,0
DA:75,0
DA:80,0
DA:82,0
DA:83,0
DA:84,0
DA:85,0
DA:86,0
DA:87,0
DA:89,0
DA:90,0
DA:91,0
DA:94,0
DA:95,0
DA:96,0
DA:98,0
DA:99,0
DA:102,0
DA:107,0
DA:108,0
DA:114,0
DA:119,0
DA:120,0
DA:126,0
DA:131,0
DA:136,0
DA:137,0
DA:143,0
DA:148,0
DA:149,0
DA:150,0
DA:151,0
DA:153,0
DA:159,0
DA:164,0
DA:166,0
DA:167,0
DA:168,0
DA:169,0
DA:171,0
DA:177,0
DA:178,0
DA:179,0
DA:180,0
DA:182,0
DA:188,0
DA:193,0
DA:194,0
DA:195,0
DA:196,0
DA:198,0
DA:204,0
DA:209,0
DA:210,0
DA:212,0
DA:213,0
DA:214,0
DA:215,0
DA:217,0
DA:223,0
DA:227,0
DA:230,0
DA:231,0
LF:107
LH:5
BRDA:3,1,0,0
BRDA:3,1,1,0
BRDA:3,2,0,0
BRDA:3,2,1,0
BRDA:3,3,0,0
BRDA:3,3,1,0
BRDA:3,4,0,0
BRDA:3,4,1,0
BRDA:5,5,0,0
BRDA:5,5,1,0
BRDA:7,6,0,0
BRDA:7,6,1,0
BRDA:7,7,0,0
BRDA:7,7,1,0
BRDA:7,8,0,0
BRDA:7,8,1,0
BRDA:7,8,2,0
BRDA:9,9,0,0
BRDA:9,9,1,0
BRDA:9,10,0,0
BRDA:9,10,1,0
BRDA:9,11,0,0
BRDA:9,11,1,0
BRDA:9,12,0,0
BRDA:9,12,1,0
BRDA:9,13,0,0
BRDA:9,13,1,0
BRDA:63,14,0,0
BRDA:63,14,1,0
BRDA:89,15,0,0
BRDA:89,15,1,0
BRDA:164,16,0,0
BRDA:164,16,1,0
BRDA:164,17,0,0
BRDA:164,17,1,0
BRDA:209,18,0,0
BRDA:209,18,1,0
BRDA:209,19,0,0
BRDA:209,19,1,0
BRDA:210,20,0,0
BRDA:210,20,1,0
BRDA:210,21,0,0
BRDA:210,21,1,0
BRF:43
BRH:0
end_of_record
TN:
SF:/home/travis/build/jThreeJS/jThree/lib/Core/Scene.js
FN:3,(anonymous_1)
FN:3,defineProperties
FN:3,(anonymous_3)
FN:5,_classCallCheck
FN:7,_possibleConstructorReturn
FN:9,_inherits
FN:18,(anonymous_7)
FN:21,Scene
FN:46,update
FN:50,(anonymous_10)
FN:62,render
FN:65,(anonymous_12)
FN:73,addRenderer
FN:83,removeRenderer
FN:97,addObject
FN:110,removeObject
FN:130,addCamera
FN:139,getCamera
FN:144,notifySceneObjectChanged
FN:149,get
FNF:20
FNH:0
FNDA:0,(anonymous_1)
FNDA:0,defineProperties
FNDA:0,(anonymous_3)
FNDA:0,_classCallCheck
FNDA:0,_possibleConstructorReturn
FNDA:0,_inherits
FNDA:0,(anonymous_7)
FNDA:0,Scene
FNDA:0,update
FNDA:0,(anonymous_10)
FNDA:0,render
FNDA:0,(anonymous_12)
FNDA:0,addRenderer
FNDA:0,removeRenderer
FNDA:0,addObject
FNDA:0,removeObject
FNDA:0,addCamera
FNDA:0,getCamera
FNDA:0,notifySceneObjectChanged
FNDA:0,get
DA:3,1
DA:5,1
DA:7,1
DA:9,1
DA:11,0
DA:12,0
DA:13,0
DA:18,0
DA:19,0
DA:21,1
DA:22,0
DA:24,0
DA:26,0
DA:27,0
DA:31,0
DA:32,0
DA:33,0
DA:34,0
DA:35,0
DA:44,0
DA:47,0
DA:48,0
DA:50,0
DA:51,0
DA:63,0
DA:65,0
DA:66,0
DA:67,0
DA:68,0
DA:74,0
DA:75,0
DA:84,0
DA:85,0
DA:86,0
DA:88,0
DA:89,0
DA:98,0
DA:99,0
DA:100,0
DA:111,0
DA:112,0
DA:113,0
DA:114,0
DA:115,0
DA:131,0
DA:140,0
DA:145,0
DA:150,0
DA:154,0
DA:157,0
DA:158,0
LF:51
LH:5
BRDA:3,1,0,0
BRDA:3,1,1,0
BRDA:3,2,0,0
BRDA:3,2,1,0
BRDA:3,3,0,0
BRDA:3,3,1,0
BRDA:3,4,0,0
BRDA:3,4,1,0
BRDA:5,5,0,0
BRDA:5,5,1,0
BRDA:7,6,0,0
BRDA:7,6,1,0
BRDA:7,7,0,0
BRDA:7,7,1,0
BRDA:7,8,0,0
BRDA:7,8,1,0
BRDA:7,8,2,0
BRDA:9,9,0,0
BRDA:9,9,1,0
BRDA:9,10,0,0
BRDA:9,10,1,0
BRDA:9,11,0,0
BRDA:9,11,1,0
BRDA:9,12,0,0
BRDA:9,12,1,0
BRDA:9,13,0,0
BRDA:9,13,1,0
BRDA:47,14,0,0
BRDA:47,14,1,0
BRDA:85,15,0,0
BRDA:85,15,1,0
BRDA:112,16,0,0
BRDA:112,16,1,0
BRF:33
BRH:0
end_of_record
TN:
SF:/home/travis/build/jThreeJS/jThree/lib/Core/SceneManager.js
FN:3,(anonymous_1)
FN:3,defineProperties
FN:3,(anonymous_3)
FN:5,_classCallCheck
FN:7,_possibleConstructorReturn
FN:9,_inherits
FN:18,(anonymous_7)
FN:21,SceneManager
FN:32,(anonymous_9)
FN:40,getContextComponentIndex
FN:49,addScene
FN:69,removeScene
FN:87,renderAll
FN:96,get
FNF:14
FNH:0
FNDA:0,(anonymous_1)
FNDA:0,defineProperties
FNDA:0,(anonymous_3)
FNDA:0,_classCallCheck
FNDA:0,_possibleConstructorReturn
FNDA:0,_inherits
FNDA:0,(anonymous_7)
FNDA:0,SceneManager
FNDA:0,(anonymous_9)
FNDA:0,getContextComponentIndex
FNDA:0,addScene
FNDA:0,removeScene
FNDA:0,renderAll
FNDA:0,get
DA:3,1
DA:5,1
DA:7,1
DA:9,1
DA:11,0
DA:12,0
DA:13,0
DA:18,0
DA:19,0
DA:21,1
DA:22,0
DA:28,0
DA:30,0
DA:31,0
DA:32,0
DA:33,0
DA:35,0
DA:38,0
DA:41,0
DA:50,0
DA:51,0
DA:52,0
DA:70,0
DA:71,0
DA:72,0
DA:88,0
DA:89,0
DA:90,0
DA:91,0
DA:97,0
DA:98,0
DA:99,0
DA:101,0
DA:105,0
DA:108,0
DA:109,0
LF:36
LH:5
BRDA:3,1,0,0
BRDA:3,1,1,0
BRDA:3,2,0,0
BRDA:3,2,1,0
BRDA:3,3,0,0
BRDA:3,3,1,0
BRDA:3,4,0,0
BRDA:3,4,1,0
BRDA:5,5,0,0
BRDA:5,5,1,0
BRDA:7,6,0,0
BRDA:7,6,1,0
BRDA:7,7,0,0
BRDA:7,7,1,0
BRDA:7,8,0,0
BRDA:7,8,1,0
BRDA:7,8,2,0
BRDA:9,9,0,0
BRDA:9,9,1,0
BRDA:9,10,0,0
BRDA:9,10,1,0
BRDA:9,11,0,0
BRDA:9,11,1,0
BRDA:9,12,0,0
BRDA:9,12,1,0
BRDA:9,13,0,0
BRDA:9,13,1,0
BRDA:50,14,0,0
BRDA:50,14,1,0
BRDA:70,15,0,0
BRDA:70,15,1,0
BRF:31
BRH:0
end_of_record
TN:
SF:/home/travis/build/jThreeJS/jThree/lib/Core/Timer.js
FN:3,(anonymous_1)
FN:3,defineProperties
FN:3,(anonymous_3)
FN:5,_classCallCheck
FN:7,_possibleConstructorReturn
FN:9,_inherits
FN:15,(anonymous_7)
FN:18,Timer
FN:29,(anonymous_9)
FN:37,getContextComponentIndex
FN:42,updateTimer
FNF:11
FNH:0
FNDA:0,(anonymous_1)
FNDA:0,defineProperties
FNDA:0,(anonymous_3)
FNDA:0,_classCallCheck
FNDA:0,_possibleConstructorReturn
FNDA:0,_inherits
FNDA:0,(anonymous_7)
FNDA:0,Timer
FNDA:0,(anonymous_9)
FNDA:0,getContextComponentIndex
FNDA:0,updateTimer
DA:3,1
DA:5,1
DA:7,1
DA:9,1
DA:11,0
DA:12,0
DA:13,0
DA:15,0
DA:16,0
DA:18,1
DA:19,0
DA:21,0
DA:23,0
DA:24,0
DA:25,0
DA:26,0
DA:27,0
DA:28,0
DA:29,0
DA:30,0
DA:32,0
DA:35,0
DA:38,0
DA:43,0
DA:44,0
DA:45,0
DA:46,0
DA:50,0
DA:53,0
DA:54,0
LF:30
LH:5
BRDA:3,1,0,0
BRDA:3,1,1,0
BRDA:3,2,0,0
BRDA:3,2,1,0
BRDA:3,3,0,0
BRDA:3,3,1,0
BRDA:3,4,0,0
BRDA:3,4,1,0
BRDA:5,5,0,0
BRDA:5,5,1,0
BRDA:7,6,0,0
BRDA:7,6,1,0
BRDA:7,7,0,0
BRDA:7,7,1,0
BRDA:7,8,0,0
BRDA:7,8,1,0
BRDA:7,8,2,0
BRDA:9,9,0,0
BRDA:9,9,1,0
BRDA:9,10,0,0
BRDA:9,10,1,0
BRDA:9,11,0,0
BRDA:9,11,1,0
BRDA:9,12,0,0
BRDA:9,12,1,0
BRDA:9,13,0,0
BRDA:9,13,1,0
BRF:27
BRH:0
end_of_record
TN:
SF:/home/travis/build/jThreeJS/jThree/lib/Debug/Debugger.js
FN:3,(anonymous_1)
FN:3,(anonymous_2)
FN:5,(anonymous_3)
FN:5,defineProperties
FN:5,(anonymous_5)
FN:7,_classCallCheck
FN:14,(anonymous_7)
FN:15,Debugger
FN:27,getContextComponentIndex
FN:32,attach
FN:36,(anonymous_11)
FN:45,setInfo
FNF:12
FNH:0
FNDA:0,(anonymous_1)
FNDA:0,(anonymous_2)
FNDA:0,(anonymous_3)
FNDA:0,defineProperties
FNDA:0,(anonymous_5)
FNDA:0,_classCallCheck
FNDA:0,(anonymous_7)
FNDA:0,Debugger
FNDA:0,getContextComponentIndex
FNDA:0,attach
FNDA:0,(anonymous_11)
FNDA:0,setInfo
DA:3,0
DA:5,1
DA:7,1
DA:9,0
DA:10,0
DA:11,0
DA:12,0
DA:14,0
DA:15,1
DA:16,0
DA:18,0
DA:19,0
DA:20,0
DA:21,0
DA:25,0
DA:28,0
DA:33,0
DA:35,0
DA:36,0
DA:37,0
DA:39,0
DA:46,0
DA:47,0
DA:49,0
DA:50,0
DA:51,0
DA:52,0
DA:53,0
DA:55,0
DA:57,0
DA:61,0
DA:64,0
DA:65,0
LF:33
LH:3
BRDA:3,1,0,0
BRDA:3,1,1,0
BRDA:3,2,0,0
BRDA:3,2,1,0
BRDA:3,3,0,0
BRDA:3,3,1,0
BRDA:3,4,0,0
BRDA:3,4,1,0
BRDA:3,4,2,0
BRDA:5,5,0,0
BRDA:5,5,1,0
BRDA:5,6,0,0
BRDA:5,6,1,0
BRDA:5,7,0,0
BRDA:5,7,1,0
BRDA:5,8,0,0
BRDA:5,8,1,0
BRDA:7,9,0,0
BRDA:7,9,1,0
BRDA:20,10,0,0
BRDA:20,10,1,0
BRDA:35,11,0,0
BRDA:35,11,1,0
BRDA:46,12,0,0
BRDA:46,12,1,0
BRDA:49,13,0,0
BRDA:49,13,1,0
BRDA:49,14,0,0
BRDA:49,14,1,0
BRF:29
BRH:0
end_of_record
TN:
SF:/home/travis/build/jThreeJS/jThree/lib/Debug/DebuggerAPI.js
FNF:0
FNH:0
LF:0
LH:0
BRF:0
BRH:0
end_of_record
TN:
SF:/home/travis/build/jThreeJS/jThree/lib/Goml/AttributeDeclaration.js
FNF:0
FNH:0
LF:0
LH:0
BRF:0
BRH:0
end_of_record
TN:
SF:/home/travis/build/jThreeJS/jThree/lib/Goml/AttributeDeclationBody.js
FNF:0
FNH:0
LF:0
LH:0
BRF:0
BRH:0
end_of_record
TN:
SF:/home/travis/build/jThreeJS/jThree/lib/Goml/AttributeDictionary.js
FN:3,(anonymous_1)
FN:3,defineProperties
FN:3,(anonymous_3)
FN:5,_defineProperty
FN:7,_classCallCheck
FN:9,_possibleConstructorReturn
FN:11,_inherits
FN:20,(anonymous_8)
FN:27,AttributeDictionary
FN:39,forEachAttr
FN:42,(anonymous_11)
FN:50,getValue
FN:60,getValueStr
FN:70,setValue
FN:84,setValueStr
FN:89,getAttribute
FN:94,getAllAttributes
FN:99,getAnimater
FN:113,isDefined
FN:125,defineAttribute
FN:168,reserveAttribute
FN:179,emitChangeAll
FN:182,(anonymous_23)
FN:191,updateValue
FN:195,(anonymous_25)
FNF:25
FNH:0
FNDA:0,(anonymous_1)
FNDA:0,defineProperties
FNDA:0,(anonymous_3)
FNDA:0,_defineProperty
FNDA:0,_classCallCheck
FNDA:0,_possibleConstructorReturn
FNDA:0,_inherits
FNDA:0,(anonymous_8)
FNDA:0,AttributeDictionary
FNDA:0,forEachAttr
FNDA:0,(anonymous_11)
FNDA:0,getValue
FNDA:0,getValueStr
FNDA:0,setValue
FNDA:0,setValueStr
FNDA:0,getAttribute
FNDA:0,getAllAttributes
FNDA:0,getAnimater
FNDA:0,isDefined
FNDA:0,defineAttribute
FNDA:0,reserveAttribute
FNDA:0,emitChangeAll
FNDA:0,(anonymous_23)
FNDA:0,updateValue
FNDA:0,(anonymous_25)
DA:3,1
DA:5,1
DA:7,1
DA:9,1
DA:11,1
DA:13,0
DA:14,0
DA:15,0
DA:20,0
DA:21,0
DA:27,1
DA:28,0
DA:30,0
DA:32,0
DA:33,0
DA:34,0
DA:37,0
DA:40,0
DA:42,0
DA:43,0
DA:44,0
DA:46,0
DA:51,0
DA:52,0
DA:53,0
DA:55,0
DA:61,0
DA:62,0
DA:63,0
DA:65,0
DA:71,0
DA:72,0
DA:73,0
DA:75,0
DA:76,0
DA:77,0
DA:79,0
DA:85,0
DA:90,0
DA:95,0
DA:100,0
DA:101,0
DA:102,0
DA:104,0
DA:114,0
DA:127,0
DA:128,0
DA:129,0
DA:130,0
DA:131,0
DA:133,0
DA:134,0
DA:135,0
DA:137,0
DA:138,0
DA:139,0
DA:140,0
DA:141,0
DA:142,0
DA:144,0
DA:145,0
DA:147,0
DA:148,0
DA:150,0
DA:153,0
DA:155,0
DA:156,0
DA:169,0
DA:170,0
DA:171,0
DA:180,0
DA:182,0
DA:183,0
DA:184,0
DA:185,0
DA:192,0
DA:194,0
DA:195,0
DA:196,0
DA:197,0
DA:200,0
DA:201,0
DA:206,0
DA:209,0
DA:210,0
LF:85
LH:6
BRDA:3,1,0,0
BRDA:3,1,1,0
BRDA:3,2,0,0
BRDA:3,2,1,0
BRDA:3,3,0,0
BRDA:3,3,1,0
BRDA:3,4,0,0
BRDA:3,4,1,0
BRDA:5,5,0,0
BRDA:5,5,1,0
BRDA:7,6,0,0
BRDA:7,6,1,0
BRDA:9,7,0,0
BRDA:9,7,1,0
BRDA:9,8,0,0
BRDA:9,8,1,0
BRDA:9,9,0,0
BRDA:9,9,1,0
BRDA:9,9,2,0
BRDA:11,10,0,0
BRDA:11,10,1,0
BRDA:11,11,0,0
BRDA:11,11,1,0
BRDA:11,12,0,0
BRDA:11,12,1,0
BRDA:11,13,0,0
BRDA:11,13,1,0
BRDA:11,14,0,0
BRDA:11,14,1,0
BRDA:52,15,0,0
BRDA:52,15,1,0
BRDA:62,16,0,0
BRDA:62,16,1,0
BRDA:72,17,0,0
BRDA:72,17,1,0
BRDA:75,18,0,0
BRDA:75,18,1,0
BRDA:101,19,0,0
BRDA:101,19,1,0
BRDA:130,20,0,0
BRDA:130,20,1,0
BRDA:130,21,0,0
BRDA:130,21,1,0
BRDA:130,21,2,0
BRDA:135,22,0,0
BRDA:135,22,1,0
BRDA:135,23,0,0
BRDA:135,23,1,0
BRDA:145,24,0,0
BRDA:145,24,1,0
BRDA:147,25,0,0
BRDA:147,25,1,0
BRDA:155,26,0,0
BRDA:155,26,1,0
BRDA:155,27,0,0
BRDA:155,27,1,0
BRDA:184,28,0,0
BRDA:184,28,1,0
BRDA:194,29,0,0
BRDA:194,29,1,0
BRF:60
BRH:0
end_of_record
TN:
SF:/home/travis/build/jThreeJS/jThree/lib/Goml/AttributeParser.js
FN:3,(anonymous_1)
FN:3,defineProperties
FN:3,(anonymous_3)
FN:5,_classCallCheck
FN:7,_possibleConstructorReturn
FN:9,_inherits
FN:18,(anonymous_7)
FN:21,AttributeParser
FN:37,ParseAngle
FN:71,ParseRotation3D
FNF:10
FNH:0
FNDA:0,(anonymous_1)
FNDA:0,defineProperties
FNDA:0,(anonymous_3)
FNDA:0,_classCallCheck
FNDA:0,_possibleConstructorReturn
FNDA:0,_inherits
FNDA:0,(anonymous_7)
FNDA:0,AttributeParser
FNDA:0,ParseAngle
FNDA:0,ParseRotation3D
DA:3,1
DA:5,1
DA:7,1
DA:9,1
DA:11,0
DA:12,0
DA:13,0
DA:18,0
DA:19,0
DA:21,1
DA:22,0
DA:24,0
DA:27,0
DA:38,0
DA:39,0
DA:41,0
DA:42,0
DA:44,0
DA:46,0
DA:48,0
DA:49,0
DA:51,0
DA:52,0
DA:54,0
DA:72,0
DA:73,0
DA:74,0
DA:75,0
DA:76,0
DA:77,0
DA:78,0
DA:79,0
DA:80,0
DA:82,0
DA:84,0
DA:85,0
DA:86,0
DA:87,0
DA:88,0
DA:89,0
DA:90,0
DA:91,0
DA:93,0
DA:97,0
DA:100,0
DA:101,0
LF:46
LH:5
BRDA:3,1,0,0
BRDA:3,1,1,0
BRDA:3,2,0,0
BRDA:3,2,1,0
BRDA:3,3,0,0
BRDA:3,3,1,0
BRDA:3,4,0,0
BRDA:3,4,1,0
BRDA:5,5,0,0
BRDA:5,5,1,0
BRDA:7,6,0,0
BRDA:7,6,1,0
BRDA:7,7,0,0
BRDA:7,7,1,0
BRDA:7,8,0,0
BRDA:7,8,1,0
BRDA:7,8,2,0
BRDA:9,9,0,0
BRDA:9,9,1,0
BRDA:9,10,0,0
BRDA:9,10,1,0
BRDA:9,11,0,0
BRDA:9,11,1,0
BRDA:9,12,0,0
BRDA:9,12,1,0
BRDA:9,13,0,0
BRDA:9,13,1,0
BRDA:38,14,0,0
BRDA:38,14,1,0
BRDA:48,15,0,0
BRDA:48,15,1,0
BRDA:51,16,0,0
BRDA:51,16,1,0
BRDA:73,17,0,0
BRDA:73,17,1,0
BRDA:77,18,0,0
BRDA:77,18,1,0
BRDA:79,19,0,0
BRDA:79,19,1,0
BRDA:84,20,0,0
BRDA:84,20,1,0
BRDA:88,21,0,0
BRDA:88,21,1,0
BRF:43
BRH:0
end_of_record
TN:
SF:/home/travis/build/jThreeJS/jThree/lib/Goml/AttributePromiseRegistry.js
FN:3,(anonymous_1)
FN:3,defineProperties
FN:3,(anonymous_3)
FN:5,_classCallCheck
FN:7,_possibleConstructorReturn
FN:9,_inherits
FN:13,(anonymous_7)
FN:16,AttributePromiseRegistry
FN:52,register
FN:58,(anonymous_10)
FN:70,async
FN:75,(anonymous_12)
FN:76,(anonymous_13)
FN:87,clear
FN:100,_thenCallbacckfn
FNF:15
FNH:0
FNDA:0,(anonymous_1)
FNDA:0,defineProperties
FNDA:0,(anonymous_3)
FNDA:0,_classCallCheck
FNDA:0,_possibleConstructorReturn
FNDA:0,_inherits
FNDA:0,(anonymous_7)
FNDA:0,AttributePromiseRegistry
FNDA:0,register
FNDA:0,(anonymous_10)
FNDA:0,async
FNDA:0,(anonymous_12)
FNDA:0,(anonymous_13)
FNDA:0,clear
FNDA:0,_thenCallbacckfn
DA:3,1
DA:5,1
DA:7,1
DA:9,1
DA:11,0
DA:13,0
DA:14,0
DA:16,1
DA:17,0
DA:23,0
DA:25,0
DA:30,0
DA:35,0
DA:40,0
DA:41,0
DA:50,0
DA:53,0
DA:55,0
DA:56,0
DA:57,0
DA:58,0
DA:59,0
DA:71,0
DA:73,0
DA:74,0
DA:75,0
DA:76,0
DA:77,0
DA:88,0
DA:89,0
DA:90,0
DA:91,0
DA:101,0
DA:102,0
DA:103,0
DA:105,0
DA:107,0
DA:108,0
DA:109,0
DA:110,0
DA:115,0
DA:118,0
DA:119,0
LF:43
LH:5
BRDA:3,1,0,0
BRDA:3,1,1,0
BRDA:3,2,0,0
BRDA:3,2,1,0
BRDA:3,3,0,0
BRDA:3,3,1,0
BRDA:3,4,0,0
BRDA:3,4,1,0
BRDA:5,5,0,0
BRDA:5,5,1,0
BRDA:7,6,0,0
BRDA:7,6,1,0
BRDA:7,7,0,0
BRDA:7,7,1,0
BRDA:7,8,0,0
BRDA:7,8,1,0
BRDA:7,8,2,0
BRDA:9,9,0,0
BRDA:9,9,1,0
BRDA:9,10,0,0
BRDA:9,10,1,0
BRDA:9,11,0,0
BRDA:9,11,1,0
BRDA:9,12,0,0
BRDA:9,12,1,0
BRDA:9,13,0,0
BRDA:9,13,1,0
BRDA:57,14,0,0
BRDA:57,14,1,0
BRDA:102,15,0,0
BRDA:102,15,1,0
BRDA:108,16,0,0
BRDA:108,16,1,0
BRF:33
BRH:0
end_of_record
TN:
SF:/home/travis/build/jThreeJS/jThree/lib/Goml/CoreRelatedNodeBase.js
FN:3,_classCallCheck
FN:5,_possibleConstructorReturn
FN:7,_inherits
FN:14,(anonymous_4)
FN:17,CoreRelatedNodeBase
FNF:5
FNH:0
FNDA:0,_classCallCheck
FNDA:0,_possibleConstructorReturn
FNDA:0,_inherits
FNDA:0,(anonymous_4)
FNDA:0,CoreRelatedNodeBase
DA:3,1
DA:5,1
DA:7,1
DA:9,0
DA:14,0
DA:15,0
DA:17,1
DA:18,0
DA:20,0
DA:23,0
DA:26,0
DA:27,0
LF:12
LH:4
BRDA:3,1,0,0
BRDA:3,1,1,0
BRDA:5,2,0,0
BRDA:5,2,1,0
BRDA:5,3,0,0
BRDA:5,3,1,0
BRDA:5,4,0,0
BRDA:5,4,1,0
BRDA:5,4,2,0
BRDA:7,5,0,0
BRDA:7,5,1,0
BRDA:7,6,0,0
BRDA:7,6,1,0
BRDA:7,7,0,0
BRDA:7,7,1,0
BRDA:7,8,0,0
BRDA:7,8,1,0
BRDA:7,9,0,0
BRDA:7,9,1,0
BRF:19
BRH:0
end_of_record
TN:
SF:/home/travis/build/jThreeJS/jThree/lib/Goml/EasingFunctionList.js
FNF:0
FNH:0
DA:8,0
DA:9,0
DA:10,0
DA:14,0
DA:15,0
LF:5
LH:0
BRF:0
BRH:0
end_of_record
TN:
SF:/home/travis/build/jThreeJS/jThree/lib/Goml/GomlAttribute.js
FN:3,(anonymous_1)
FN:3,defineProperties
FN:3,(anonymous_3)
FN:5,_classCallCheck
FN:7,_possibleConstructorReturn
FN:9,_inherits
FN:20,(anonymous_7)
FN:23,GomlAttribute
FN:63,initialize
FN:96,done
FN:114,notifyValueChanged
FN:128,get
FN:133,get
FN:136,set
FN:166,get
FN:171,get
FN:174,set
FNF:17
FNH:0
FNDA:0,(anonymous_1)
FNDA:0,defineProperties
FNDA:0,(anonymous_3)
FNDA:0,_classCallCheck
FNDA:0,_possibleConstructorReturn
FNDA:0,_inherits
FNDA:0,(anonymous_7)
FNDA:0,GomlAttribute
FNDA:0,initialize
FNDA:0,done
FNDA:0,notifyValueChanged
FNDA:0,get
FNDA:0,get
FNDA:0,set
FNDA:0,get
FNDA:0,get
FNDA:0,set
DA:3,1
DA:5,1
DA:7,1
DA:9,1
DA:11,0
DA:12,0
DA:13,0
DA:14,0
DA:15,0
DA:20,0
DA:21,0
DA:23,1
DA:24,0
DA:31,0
DA:33,0
DA:39,0
DA:44,0
DA:45,0
DA:46,0
DA:47,0
DA:48,0
DA:49,0
DA:50,0
DA:51,0
DA:52,0
DA:61,0
DA:64,0
DA:65,0
DA:68,0
DA:73,0
DA:74,0
DA:75,0
DA:78,0
DA:79,0
DA:80,0
DA:81,0
DA:82,0
DA:85,0
DA:87,0
DA:97,0
DA:98,0
DA:99,0
DA:101,0
DA:115,0
DA:116,0
DA:118,0
DA:119,0
DA:120,0
DA:121,0
DA:123,0
DA:129,0
DA:134,0
DA:138,0
DA:139,0
DA:140,0
DA:142,0
DA:143,0
DA:145,0
DA:146,0
DA:148,0
DA:150,0
DA:153,0
DA:154,0
DA:167,0
DA:172,0
DA:175,0
DA:176,0
DA:178,0
DA:179,0
DA:180,0
DA:185,0
DA:188,0
DA:189,0
LF:73
LH:5
BRDA:3,1,0,0
BRDA:3,1,1,0
BRDA:3,2,0,0
BRDA:3,2,1,0
BRDA:3,3,0,0
BRDA:3,3,1,0
BRDA:3,4,0,0
BRDA:3,4,1,0
BRDA:5,5,0,0
BRDA:5,5,1,0
BRDA:7,6,0,0
BRDA:7,6,1,0
BRDA:7,7,0,0
BRDA:7,7,1,0
BRDA:7,8,0,0
BRDA:7,8,1,0
BRDA:7,8,2,0
BRDA:9,9,0,0
BRDA:9,9,1,0
BRDA:9,10,0,0
BRDA:9,10,1,0
BRDA:9,11,0,0
BRDA:9,11,1,0
BRDA:9,12,0,0
BRDA:9,12,1,0
BRDA:9,13,0,0
BRDA:9,13,1,0
BRDA:48,14,0,0
BRDA:48,14,1,0
BRDA:49,15,0,0
BRDA:49,15,1,0
BRDA:64,16,0,0
BRDA:64,16,1,0
BRDA:68,17,0,0
BRDA:68,17,1,0
BRDA:75,18,0,0
BRDA:75,18,1,0
BRDA:75,19,0,0
BRDA:75,19,1,0
BRDA:97,20,0,0
BRDA:97,20,1,0
BRDA:115,21,0,0
BRDA:115,21,1,0
BRDA:118,22,0,0
BRDA:118,22,1,0
BRDA:118,23,0,0
BRDA:118,23,1,0
BRDA:119,24,0,0
BRDA:119,24,1,0
BRDA:138,25,0,0
BRDA:138,25,1,0
BRDA:138,26,0,0
BRDA:138,26,1,0
BRDA:142,27,0,0
BRDA:142,27,1,0
BRDA:153,28,0,0
BRDA:153,28,1,0
BRDA:167,29,0,0
BRDA:167,29,1,0
BRDA:172,30,0,0
BRDA:172,30,1,0
BRDA:175,31,0,0
BRDA:175,31,1,0
BRF:63
BRH:0
end_of_record
TN:
SF:/home/travis/build/jThreeJS/jThree/lib/Goml/GomlConfigurator.js
FN:3,(anonymous_1)
FN:3,defineProperties
FN:3,(anonymous_3)
FN:5,_classCallCheck
FN:7,_possibleConstructorReturn
FN:9,_inherits
FN:20,(anonymous_7)
FN:29,GomlConfigurator
FN:57,getConverter
FN:62,getEasingFunction
FN:74,getGomlNode
FN:83,initializeEasingFunctions
FN:96,initializeConverters
FN:109,initializeGomlNodes
FN:113,(anonymous_15)
FNF:15
FNH:0
FNDA:0,(anonymous_1)
FNDA:0,defineProperties
FNDA:0,(anonymous_3)
FNDA:0,_classCallCheck
FNDA:0,_possibleConstructorReturn
FNDA:0,_inherits
FNDA:0,(anonymous_7)
FNDA:0,GomlConfigurator
FNDA:0,getConverter
FNDA:0,getEasingFunction
FNDA:0,getGomlNode
FNDA:0,initializeEasingFunctions
FNDA:0,initializeConverters
FNDA:0,initializeGomlNodes
FNDA:0,(anonymous_15)
DA:3,1
DA:5,1
DA:7,1
DA:9,1
DA:11,0
DA:12,0
DA:13,0
DA:14,0
DA:20,0
DA:21,0
DA:29,1
DA:30,0
DA:36,0
DA:38,0
DA:42,0
DA:48,0
DA:49,0
DA:50,0
DA:51,0
DA:52,0
DA:55,0
DA:58,0
DA:63,0
DA:75,0
DA:84,0
DA:85,0
DA:86,0
DA:87,0
DA:97,0
DA:98,0
DA:99,0
DA:100,0
DA:110,0
DA:112,0
DA:113,0
DA:114,0
DA:115,0
DA:116,0
DA:117,0
DA:118,0
DA:124,0
DA:127,0
DA:128,0
LF:43
LH:5
BRDA:3,1,0,0
BRDA:3,1,1,0
BRDA:3,2,0,0
BRDA:3,2,1,0
BRDA:3,3,0,0
BRDA:3,3,1,0
BRDA:3,4,0,0
BRDA:3,4,1,0
BRDA:5,5,0,0
BRDA:5,5,1,0
BRDA:7,6,0,0
BRDA:7,6,1,0
BRDA:7,7,0,0
BRDA:7,7,1,0
BRDA:7,8,0,0
BRDA:7,8,1,0
BRDA:7,8,2,0
BRDA:9,9,0,0
BRDA:9,9,1,0
BRDA:9,10,0,0
BRDA:9,10,1,0
BRDA:9,11,0,0
BRDA:9,11,1,0
BRDA:9,12,0,0
BRDA:9,12,1,0
BRDA:9,13,0,0
BRDA:9,13,1,0
BRF:27
BRH:0
end_of_record
TN:
SF:/home/travis/build/jThreeJS/jThree/lib/Goml/GomlConverterList.js
FNF:0
FNH:0
DA:7,0
DA:8,0
DA:9,0
DA:10,0
DA:11,0
DA:12,0
DA:13,0
DA:14,0
DA:15,0
DA:16,0
DA:27,0
DA:28,0
LF:12
LH:0
BRF:0
BRH:0
end_of_record
TN:
SF:/home/travis/build/jThreeJS/jThree/lib/Goml/GomlLoader.js
FN:3,(anonymous_1)
FN:3,defineProperties
FN:3,(anonymous_3)
FN:5,_classCallCheck
FN:7,_possibleConstructorReturn
FN:9,_inherits
FN:21,(anonymous_7)
FN:33,GomlLoader
FN:44,(anonymous_9)
FN:46,(anonymous_10)
FN:58,initForPage
FN:77,attemptToLoadGomlInScriptAttr
FN:85,(anonymous_13)
FN:105,loadScriptTag
FN:112,(anonymous_15)
FN:135,scriptLoaded
FN:151,(anonymous_17)
FNF:17
FNH:0
FNDA:0,(anonymous_1)
FNDA:0,defineProperties
FNDA:0,(anonymous_3)
FNDA:0,_classCallCheck
FNDA:0,_possibleConstructorReturn
FNDA:0,_inherits
FNDA:0,(anonymous_7)
FNDA:0,GomlLoader
FNDA:0,(anonymous_9)
FNDA:0,(anonymous_10)
FNDA:0,initForPage
FNDA:0,attemptToLoadGomlInScriptAttr
FNDA:0,(anonymous_13)
FNDA:0,loadScriptTag
FNDA:0,(anonymous_15)
FNDA:0,scriptLoaded
FNDA:0,(anonymous_17)
DA:3,1
DA:5,1
DA:7,1
DA:9,1
DA:11,0
DA:12,0
DA:13,0
DA:14,0
DA:15,0
DA:16,0
DA:21,0
DA:22,0
DA:33,1
DA:34,0
DA:38,0
DA:40,0
DA:41,0
DA:42,0
DA:43,0
DA:44,0
DA:45,0
DA:49,0
DA:56,0
DA:59,0
DA:61,0
DA:63,0
DA:64,0
DA:65,0
DA:78,0
DA:80,0
DA:81,0
DA:82,0
DA:84,0
DA:85,0
DA:86,0
DA:88,0
DA:89,0
DA:90,0
DA:106,0
DA:108,0
DA:110,0
DA:112,0
DA:113,0
DA:115,0
DA:116,0
DA:117,0
DA:119,0
DA:120,0
DA:121,0
DA:122,0
DA:136,0
DA:138,0
DA:143,0
DA:144,0
DA:146,0
DA:147,0
DA:148,0
DA:149,0
DA:150,0
DA:151,0
DA:153,0
DA:154,0
DA:159,0
DA:162,0
DA:163,0
LF:65
LH:5
BRDA:3,1,0,0
BRDA:3,1,1,0
BRDA:3,2,0,0
BRDA:3,2,1,0
BRDA:3,3,0,0
BRDA:3,3,1,0
BRDA:3,4,0,0
BRDA:3,4,1,0
BRDA:5,5,0,0
BRDA:5,5,1,0
BRDA:7,6,0,0
BRDA:7,6,1,0
BRDA:7,7,0,0
BRDA:7,7,1,0
BRDA:7,8,0,0
BRDA:7,8,1,0
BRDA:7,8,2,0
BRDA:9,9,0,0
BRDA:9,9,1,0
BRDA:9,10,0,0
BRDA:9,10,1,0
BRDA:9,11,0,0
BRDA:9,11,1,0
BRDA:9,12,0,0
BRDA:9,12,1,0
BRDA:9,13,0,0
BRDA:9,13,1,0
BRDA:81,14,0,0
BRDA:81,14,1,0
BRDA:110,15,0,0
BRDA:110,15,1,0
BRDA:121,16,0,0
BRDA:121,16,1,0
BRDA:143,17,0,0
BRDA:143,17,1,0
BRDA:143,18,0,0
BRDA:143,18,1,0
BRF:37
BRH:0
end_of_record
TN:
SF:/home/travis/build/jThreeJS/jThree/lib/Goml/GomlNodeDictionary.js
FN:3,(anonymous_1)
FN:3,defineProperties
FN:3,(anonymous_3)
FN:5,_classCallCheck
FN:7,_possibleConstructorReturn
FN:9,_inherits
FN:16,(anonymous_7)
FN:19,GomlNodeDictionary
FN:53,addNode
FN:73,(anonymous_10)
FN:84,(anonymous_11)
FN:88,(anonymous_12)
FN:90,(anonymous_13)
FN:95,(anonymous_14)
FN:97,(anonymous_15)
FN:111,getNode
FNF:16
FNH:13
FNDA:1,(anonymous_1)
FNDA:1,defineProperties
FNDA:1,(anonymous_3)
FNDA:5,_classCallCheck
FNDA:5,_possibleConstructorReturn
FNDA:1,_inherits
FNDA:1,(anonymous_7)
FNDA:5,GomlNodeDictionary
FNDA:6,addNode
FNDA:1,(anonymous_10)
FNDA:0,(anonymous_11)
FNDA:3,(anonymous_12)
FNDA:2,(anonymous_13)
FNDA:0,(anonymous_14)
FNDA:0,(anonymous_15)
FNDA:5,getNode
DA:3,2
DA:5,5
DA:7,5
DA:9,1
DA:11,1
DA:16,1
DA:17,1
DA:19,1
DA:20,5
DA:22,5
DA:24,5
DA:25,0
DA:33,5
DA:35,5
DA:40,5
DA:41,5
DA:51,1
DA:54,6
DA:55,0
DA:59,6
DA:60,4
DA:62,6
DA:63,5
DA:65,6
DA:66,6
DA:67,6
DA:69,6
DA:70,1
DA:71,1
DA:73,1
DA:74,1
DA:77,1
DA:81,6
DA:82,6
DA:84,3
DA:85,0
DA:88,3
DA:90,3
DA:91,2
DA:95,6
DA:97,0
DA:98,0
DA:112,5
DA:113,0
DA:117,5
DA:118,1
DA:120,5
DA:121,1
DA:124,5
DA:125,5
DA:126,0
DA:128,5
DA:132,5
DA:136,1
DA:139,1
DA:140,1
LF:56
LH:49
BRDA:3,1,0,2
BRDA:3,1,1,2
BRDA:3,2,0,2
BRDA:3,2,1,0
BRDA:3,3,0,1
BRDA:3,3,1,0
BRDA:3,4,0,0
BRDA:3,4,1,1
BRDA:5,5,0,0
BRDA:5,5,1,5
BRDA:7,6,0,0
BRDA:7,6,1,5
BRDA:7,7,0,0
BRDA:7,7,1,5
BRDA:7,8,0,5
BRDA:7,8,1,0
BRDA:7,8,2,0
BRDA:9,9,0,0
BRDA:9,9,1,1
BRDA:9,10,0,1
BRDA:9,10,1,0
BRDA:9,11,0,1
BRDA:9,11,1,1
BRDA:9,12,0,1
BRDA:9,12,1,0
BRDA:9,13,0,1
BRDA:9,13,1,0
BRDA:54,14,0,0
BRDA:54,14,1,6
BRDA:54,15,0,6
BRDA:54,15,1,6
BRDA:59,16,0,4
BRDA:59,16,1,2
BRDA:62,17,0,5
BRDA:62,17,1,1
BRDA:69,18,0,1
BRDA:69,18,1,5
BRDA:70,19,0,1
BRDA:70,19,1,0
BRDA:70,20,0,1
BRDA:70,20,1,1
BRDA:71,21,0,1
BRDA:71,21,1,0
BRDA:82,22,0,3
BRDA:82,22,1,3
BRDA:112,23,0,0
BRDA:112,23,1,5
BRDA:112,24,0,5
BRDA:112,24,1,5
BRDA:117,25,0,1
BRDA:117,25,1,4
BRDA:120,26,0,1
BRDA:120,26,1,4
BRDA:125,27,0,0
BRDA:125,27,1,5
BRDA:132,28,0,4
BRDA:132,28,1,1
BRDA:132,29,0,3
BRDA:132,29,1,1
BRF:59
BRH:42
end_of_record
TN:
SF:/home/travis/build/jThreeJS/jThree/lib/Goml/GomlNodeList.js
FNF:0
FNH:0
DA:3,0
DA:4,0
DA:5,0
DA:6,0
DA:7,0
DA:8,0
DA:9,0
DA:10,0
DA:11,0
DA:12,0
DA:13,0
DA:14,0
DA:15,0
DA:16,0
DA:17,0
DA:18,0
DA:19,0
DA:20,0
DA:21,0
DA:22,0
DA:23,0
DA:24,0
DA:25,0
DA:26,0
DA:27,0
DA:28,0
DA:29,0
DA:30,0
DA:31,0
DA:32,0
DA:33,0
DA:34,0
DA:35,0
DA:36,0
DA:37,0
DA:42,0
DA:43,0
DA:44,0
DA:45,0
DA:46,0
DA:109,0
DA:110,0
LF:42
LH:0
BRF:0
BRH:0
end_of_record
TN:
SF:/home/travis/build/jThreeJS/jThree/lib/Goml/GomlNodeListElement.js
FN:3,(anonymous_1)
FN:3,defineProperties
FN:3,(anonymous_3)
FN:5,_classCallCheck
FN:7,_possibleConstructorReturn
FN:9,_inherits
FN:16,(anonymous_7)
FN:26,GomlNodeListElement
FN:38,get
FN:43,get
FNF:10
FNH:0
FNDA:0,(anonymous_1)
FNDA:0,defineProperties
FNDA:0,(anonymous_3)
FNDA:0,_classCallCheck
FNDA:0,_possibleConstructorReturn
FNDA:0,_inherits
FNDA:0,(anonymous_7)
FNDA:0,GomlNodeListElement
FNDA:0,get
FNDA:0,get
DA:3,1
DA:5,1
DA:7,1
DA:9,1
DA:11,0
DA:16,0
DA:17,0
DA:26,1
DA:27,0
DA:29,0
DA:31,0
DA:32,0
DA:33,0
DA:36,0
DA:39,0
DA:44,0
DA:48,0
DA:51,0
DA:52,0
LF:19
LH:5
BRDA:3,1,0,0
BRDA:3,1,1,0
BRDA:3,2,0,0
BRDA:3,2,1,0
BRDA:3,3,0,0
BRDA:3,3,1,0
BRDA:3,4,0,0
BRDA:3,4,1,0
BRDA:5,5,0,0
BRDA:5,5,1,0
BRDA:7,6,0,0
BRDA:7,6,1,0
BRDA:7,7,0,0
BRDA:7,7,1,0
BRDA:7,8,0,0
BRDA:7,8,1,0
BRDA:7,8,2,0
BRDA:9,9,0,0
BRDA:9,9,1,0
BRDA:9,10,0,0
BRDA:9,10,1,0
BRDA:9,11,0,0
BRDA:9,11,1,0
BRDA:9,12,0,0
BRDA:9,12,1,0
BRDA:9,13,0,0
BRDA:9,13,1,0
BRF:27
BRH:0
end_of_record
TN:
SF:/home/travis/build/jThreeJS/jThree/lib/Goml/GomlParser.js
FN:7,(anonymous_1)
FN:7,defineProperties
FN:7,(anonymous_3)
FN:9,_classCallCheck
FN:11,(anonymous_5)
FN:12,GomlParser
FN:23,parse
FN:28,parseChild
FN:68,createNode
FN:88,(anonymous_10)
FN:96,(anonymous_11)
FN:106,(anonymous_12)
FNF:12
FNH:0
FNDA:0,(anonymous_1)
FNDA:0,defineProperties
FNDA:0,(anonymous_3)
FNDA:0,_classCallCheck
FNDA:0,(anonymous_5)
FNDA:0,GomlParser
FNDA:0,parse
FNDA:0,parseChild
FNDA:0,createNode
FNDA:0,(anonymous_10)
FNDA:0,(anonymous_11)
FNDA:0,(anonymous_12)
DA:7,1
DA:9,1
DA:11,0
DA:12,1
DA:13,0
DA:16,0
DA:24,0
DA:30,0
DA:31,0
DA:33,0
DA:35,0
DA:36,0
DA:37,0
DA:38,0
DA:39,0
DA:42,0
DA:43,0
DA:44,0
DA:45,0
DA:50,0
DA:53,0
DA:54,0
DA:70,0
DA:72,0
DA:77,0
DA:78,0
DA:80,0
DA:88,0
DA:89,0
DA:91,0
DA:94,0
DA:95,0
DA:96,0
DA:97,0
DA:98,0
DA:99,0
DA:101,0
DA:102,0
DA:104,0
DA:106,0
DA:107,0
DA:111,0
DA:112,0
DA:114,0
DA:118,0
DA:121,0
DA:122,0
LF:47
LH:3
BRDA:7,1,0,0
BRDA:7,1,1,0
BRDA:7,2,0,0
BRDA:7,2,1,0
BRDA:7,3,0,0
BRDA:7,3,1,0
BRDA:7,4,0,0
BRDA:7,4,1,0
BRDA:9,5,0,0
BRDA:9,5,1,0
BRDA:33,6,0,0
BRDA:33,6,1,0
BRDA:36,7,0,0
BRDA:36,7,1,0
BRDA:36,8,0,0
BRDA:36,8,1,0
BRDA:38,9,0,0
BRDA:38,9,1,0
BRDA:44,10,0,0
BRDA:44,10,1,0
BRDA:77,11,0,0
BRDA:77,11,1,0
BRDA:89,12,0,0
BRDA:89,12,1,0
BRDA:101,13,0,0
BRDA:101,13,1,0
BRF:26
BRH:0
end_of_record
TN:
SF:/home/travis/build/jThreeJS/jThree/lib/Goml/GomlTreeNodeBase.js
FN:3,(anonymous_1)
FN:3,defineProperties
FN:3,(anonymous_3)
FN:5,_classCallCheck
FN:7,_possibleConstructorReturn
FN:9,_inherits
FN:20,(anonymous_7)
FN:27,GomlTreeNodeBase
FN:54,(anonymous_9)
FN:57,(anonymous_10)
FN:62,(anonymous_11)
FN:82,nodeExport
FN:98,nodeImport
FN:107,addBehavior
FN:116,getBehaviors
FN:121,update
FN:126,get
FNF:17
FNH:0
FNDA:0,(anonymous_1)
FNDA:0,defineProperties
FNDA:0,(anonymous_3)
FNDA:0,_classCallCheck
FNDA:0,_possibleConstructorReturn
FNDA:0,_inherits
FNDA:0,(anonymous_7)
FNDA:0,GomlTreeNodeBase
FNDA:0,(anonymous_9)
FNDA:0,(anonymous_10)
FNDA:0,(anonymous_11)
FNDA:0,nodeExport
FNDA:0,nodeImport
FNDA:0,addBehavior
FNDA:0,getBehaviors
FNDA:0,update
FNDA:0,get
DA:3,1
DA:5,1
DA:7,1
DA:9,1
DA:11,0
DA:12,0
DA:13,0
DA:14,0
DA:15,0
DA:20,0
DA:21,0
DA:27,1
DA:28,0
DA:35,0
DA:37,0
DA:43,0
DA:47,0
DA:49,0
DA:51,0
DA:52,0
DA:54,0
DA:55,0
DA:56,0
DA:57,0
DA:58,0
DA:61,0
DA:62,0
DA:63,0
DA:67,0
DA:75,0
DA:83,0
DA:84,0
DA:99,0
DA:108,0
DA:109,0
DA:110,0
DA:112,0
DA:117,0
DA:122,0
DA:127,0
DA:128,0
DA:129,0
DA:131,0
DA:132,0
DA:134,0
DA:138,0
DA:141,0
DA:142,0
LF:48
LH:5
BRDA:3,1,0,0
BRDA:3,1,1,0
BRDA:3,2,0,0
BRDA:3,2,1,0
BRDA:3,3,0,0
BRDA:3,3,1,0
BRDA:3,4,0,0
BRDA:3,4,1,0
BRDA:5,5,0,0
BRDA:5,5,1,0
BRDA:7,6,0,0
BRDA:7,6,1,0
BRDA:7,7,0,0
BRDA:7,7,1,0
BRDA:7,8,0,0
BRDA:7,8,1,0
BRDA:7,8,2,0
BRDA:9,9,0,0
BRDA:9,9,1,0
BRDA:9,10,0,0
BRDA:9,10,1,0
BRDA:9,11,0,0
BRDA:9,11,1,0
BRDA:9,12,0,0
BRDA:9,12,1,0
BRDA:9,13,0,0
BRDA:9,13,1,0
BRDA:61,14,0,0
BRDA:61,14,1,0
BRDA:109,15,0,0
BRDA:109,15,1,0
BRDA:128,16,0,0
BRDA:128,16,1,0
BRDA:131,17,0,0
BRDA:131,17,1,0
BRF:35
BRH:0
end_of_record
TN:
SF:/home/travis/build/jThreeJS/jThree/lib/Goml/NodeManager.js
FN:3,(anonymous_1)
FN:3,defineProperties
FN:3,(anonymous_3)
FN:5,_classCallCheck
FN:7,_possibleConstructorReturn
FN:9,_inherits
FN:20,(anonymous_7)
FN:23,NodeManager
FN:39,(anonymous_9)
FN:47,getContextComponentIndex
FN:52,update
FN:56,(anonymous_12)
FN:63,getNode
FN:68,getNodeByElement
FN:74,getElementByNode
FN:86,getNodeByQuery
FNF:16
FNH:0
FNDA:0,(anonymous_1)
FNDA:0,defineProperties
FNDA:0,(anonymous_3)
FNDA:0,_classCallCheck
FNDA:0,_possibleConstructorReturn
FNDA:0,_inherits
FNDA:0,(anonymous_7)
FNDA:0,NodeManager
FNDA:0,(anonymous_9)
FNDA:0,getContextComponentIndex
FNDA:0,update
FNDA:0,(anonymous_12)
FNDA:0,getNode
FNDA:0,getNodeByElement
FNDA:0,getElementByNode
FNDA:0,getNodeByQuery
DA:3,1
DA:5,1
DA:7,1
DA:9,1
DA:11,0
DA:12,0
DA:13,0
DA:14,0
DA:15,0
DA:16,0
DA:17,0
DA:18,0
DA:20,0
DA:21,0
DA:23,1
DA:24,0
DA:26,0
DA:28,0
DA:29,0
DA:30,0
DA:31,0
DA:32,0
DA:33,0
DA:37,0
DA:38,0
DA:39,0
DA:40,0
DA:42,0
DA:45,0
DA:48,0
DA:53,0
DA:54,0
DA:56,0
DA:57,0
DA:59,0
DA:64,0
DA:69,0
DA:70,0
DA:75,0
DA:87,0
DA:88,0
DA:89,0
DA:90,0
DA:91,0
DA:92,0
DA:94,0
DA:98,0
DA:101,0
DA:102,0
LF:49
LH:5
BRDA:3,1,0,0
BRDA:3,1,1,0
BRDA:3,2,0,0
BRDA:3,2,1,0
BRDA:3,3,0,0
BRDA:3,3,1,0
BRDA:3,4,0,0
BRDA:3,4,1,0
BRDA:5,5,0,0
BRDA:5,5,1,0
BRDA:7,6,0,0
BRDA:7,6,1,0
BRDA:7,7,0,0
BRDA:7,7,1,0
BRDA:7,8,0,0
BRDA:7,8,1,0
BRDA:7,8,2,0
BRDA:9,9,0,0
BRDA:9,9,1,0
BRDA:9,10,0,0
BRDA:9,10,1,0
BRDA:9,11,0,0
BRDA:9,11,1,0
BRDA:9,12,0,0
BRDA:9,12,1,0
BRDA:9,13,0,0
BRDA:9,13,1,0
BRDA:53,14,0,0
BRDA:53,14,1,0
BRDA:88,15,0,0
BRDA:88,15,1,0
BRF:31
BRH:0
end_of_record
TN:
SF:/home/travis/build/jThreeJS/jThree/lib/Goml/NodeProps.js
FN:3,(anonymous_1)
FN:3,defineProperties
FN:3,(anonymous_3)
FN:5,_defineProperty
FN:7,_classCallCheck
FN:9,_possibleConstructorReturn
FN:11,_inherits
FN:15,(anonymous_8)
FN:18,NodeProps
FN:36,setProp
FN:52,setEventToProp
FN:70,getProp
FNF:12
FNH:0
FNDA:0,(anonymous_1)
FNDA:0,defineProperties
FNDA:0,(anonymous_3)
FNDA:0,_defineProperty
FNDA:0,_classCallCheck
FNDA:0,_possibleConstructorReturn
FNDA:0,_inherits
FNDA:0,(anonymous_8)
FNDA:0,NodeProps
FNDA:0,setProp
FNDA:0,setEventToProp
FNDA:0,getProp
DA:3,1
DA:5,1
DA:7,1
DA:9,1
DA:11,1
DA:13,0
DA:15,0
DA:16,0
DA:18,1
DA:19,0
DA:21,0
DA:23,0
DA:24,0
DA:34,0
DA:37,0
DA:38,0
DA:39,0
DA:53,0
DA:54,0
DA:55,0
DA:57,0
DA:71,0
DA:75,0
DA:78,0
DA:79,0
LF:25
LH:6
BRDA:3,1,0,0
BRDA:3,1,1,0
BRDA:3,2,0,0
BRDA:3,2,1,0
BRDA:3,3,0,0
BRDA:3,3,1,0
BRDA:3,4,0,0
BRDA:3,4,1,0
BRDA:5,5,0,0
BRDA:5,5,1,0
BRDA:7,6,0,0
BRDA:7,6,1,0
BRDA:9,7,0,0
BRDA:9,7,1,0
BRDA:9,8,0,0
BRDA:9,8,1,0
BRDA:9,9,0,0
BRDA:9,9,1,0
BRDA:9,9,2,0
BRDA:11,10,0,0
BRDA:11,10,1,0
BRDA:11,11,0,0
BRDA:11,11,1,0
BRDA:11,12,0,0
BRDA:11,12,1,0
BRDA:11,13,0,0
BRDA:11,13,1,0
BRDA:11,14,0,0
BRDA:11,14,1,0
BRDA:54,15,0,0
BRDA:54,15,1,0
BRDA:54,16,0,0
BRDA:54,16,1,0
BRF:33
BRH:0
end_of_record
TN:
SF:/home/travis/build/jThreeJS/jThree/lib/Goml/TreeNodeBase.js
FN:3,(anonymous_1)
FN:3,defineProperties
FN:3,(anonymous_3)
FN:5,_classCallCheck
FN:7,_possibleConstructorReturn
FN:9,_inherits
FN:27,(anonymous_7)
FN:30,TreeNodeBase
FN:45,(anonymous_9)
FN:51,(anonymous_10)
FN:57,(anonymous_11)
FN:63,(anonymous_12)
FN:79,callRecursive
FN:81,(anonymous_14)
FN:91,callRecursiveWithReturn
FN:94,(anonymous_16)
FN:110,addChild
FN:125,removeChild
FN:147,remove
FN:157,onChildAdded
FN:167,onChildRemoved
FN:178,onMount
FN:189,onUnmount
FN:194,get
FN:202,set
FN:208,(anonymous_26)
FN:214,(anonymous_27)
FNF:27
FNH:12
FNDA:1,(anonymous_1)
FNDA:1,defineProperties
FNDA:1,(anonymous_3)
FNDA:5,_classCallCheck
FNDA:5,_possibleConstructorReturn
FNDA:1,_inherits
FNDA:1,(anonymous_7)
FNDA:5,TreeNodeBase
FNDA:0,(anonymous_9)
FNDA:0,(anonymous_10)
FNDA:5,(anonymous_11)
FNDA:0,(anonymous_12)
FNDA:0,callRecursive
FNDA:0,(anonymous_14)
FNDA:0,callRecursiveWithReturn
FNDA:0,(anonymous_16)
FNDA:0,addChild
FNDA:0,removeChild
FNDA:0,remove
FNDA:0,onChildAdded
FNDA:0,onChildRemoved
FNDA:5,onMount
FNDA:0,onUnmount
FNDA:11,get
FNDA:5,set
FNDA:0,(anonymous_26)
FNDA:0,(anonymous_27)
DA:3,10
DA:5,5
DA:7,5
DA:9,1
DA:11,1
DA:27,1
DA:28,1
DA:30,1
DA:31,5
DA:37,5
DA:39,5
DA:44,5
DA:45,5
DA:46,0
DA:47,0
DA:48,0
DA:51,5
DA:52,0
DA:53,0
DA:54,0
DA:57,5
DA:58,5
DA:59,5
DA:60,5
DA:63,5
DA:64,0
DA:65,0
DA:66,0
DA:69,5
DA:77,1
DA:80,0
DA:81,0
DA:82,0
DA:92,0
DA:93,0
DA:94,0
DA:95,0
DA:97,0
DA:111,0
DA:112,0
DA:113,0
DA:114,0
DA:115,0
DA:126,0
DA:127,0
DA:128,0
DA:129,0
DA:130,0
DA:131,0
DA:132,0
DA:133,0
DA:136,0
DA:137,0
DA:148,0
DA:158,0
DA:168,0
DA:179,5
DA:190,0
DA:195,11
DA:203,5
DA:204,5
DA:205,5
DA:206,5
DA:207,5
DA:208,5
DA:209,0
DA:212,0
DA:213,0
DA:214,0
DA:215,0
DA:222,1
DA:225,1
DA:226,1
LF:73
LH:32
BRDA:3,1,0,10
BRDA:3,1,1,10
BRDA:3,2,0,9
BRDA:3,2,1,1
BRDA:3,3,0,1
BRDA:3,3,1,0
BRDA:3,4,0,0
BRDA:3,4,1,1
BRDA:5,5,0,0
BRDA:5,5,1,5
BRDA:7,6,0,0
BRDA:7,6,1,5
BRDA:7,7,0,5
BRDA:7,7,1,0
BRDA:7,8,0,5
BRDA:7,8,1,5
BRDA:7,8,2,0
BRDA:9,9,0,0
BRDA:9,9,1,1
BRDA:9,10,0,1
BRDA:9,10,1,0
BRDA:9,11,0,1
BRDA:9,11,1,1
BRDA:9,12,0,1
BRDA:9,12,1,0
BRDA:9,13,0,1
BRDA:9,13,1,0
BRDA:47,14,0,0
BRDA:47,14,1,0
BRDA:53,15,0,0
BRDA:53,15,1,0
BRDA:59,16,0,5
BRDA:59,16,1,0
BRDA:65,17,0,0
BRDA:65,17,1,0
BRDA:113,18,0,0
BRDA:113,18,1,0
BRDA:128,19,0,0
BRDA:128,19,1,0
BRDA:131,20,0,0
BRDA:131,20,1,0
BRDA:203,21,0,5
BRDA:203,21,1,0
BRDA:203,22,0,5
BRDA:203,22,1,5
BRDA:205,23,0,5
BRDA:205,23,1,0
BRF:47
BRH:22
end_of_record
TN:
SF:/home/travis/build/jThreeJS/jThree/lib/Goml/VectorColorCombinedParser.js
FN:3,(anonymous_1)
FN:3,defineProperties
FN:3,(anonymous_3)
FN:5,_classCallCheck
FN:12,(anonymous_5)
FN:13,VectorColorCombinedParser
FN:19,parseTuple3
FN:28,parseTuple4
FNF:8
FNH:5
FNDA:1,(anonymous_1)
FNDA:1,defineProperties
FNDA:1,(anonymous_3)
FNDA:0,_classCallCheck
FNDA:1,(anonymous_5)
FNDA:0,VectorColorCombinedParser
FNDA:9,parseTuple3
FNDA:0,parseTuple4
DA:3,2
DA:5,1
DA:7,1
DA:8,1
DA:9,1
DA:10,1
DA:12,1
DA:13,1
DA:14,0
DA:17,1
DA:20,9
DA:21,9
DA:22,3
DA:24,6
DA:29,0
DA:30,0
DA:31,0
DA:33,0
DA:37,1
DA:40,1
DA:41,1
LF:21
LH:16
BRDA:3,1,0,2
BRDA:3,1,1,2
BRDA:3,2,0,2
BRDA:3,2,1,0
BRDA:3,3,0,0
BRDA:3,3,1,1
BRDA:3,4,0,1
BRDA:3,4,1,0
BRDA:5,5,0,0
BRDA:5,5,1,0
BRDA:21,6,0,3
BRDA:21,6,1,6
BRDA:30,7,0,0
BRDA:30,7,1,0
BRF:14
BRH:7
end_of_record
TN:
SF:/home/travis/build/jThreeJS/jThree/lib/Interface/J3Object.js
FN:3,_classCallCheck
FN:5,_possibleConstructorReturn
FN:7,_inherits
FN:17,(anonymous_4)
FN:25,J3Object
FN:39,(anonymous_6)
FNF:6
FNH:0
FNDA:0,_classCallCheck
FNDA:0,_possibleConstructorReturn
FNDA:0,_inherits
FNDA:0,(anonymous_4)
FNDA:0,J3Object
FNDA:0,(anonymous_6)
DA:3,1
DA:5,1
DA:7,1
DA:9,0
DA:10,0
DA:11,0
DA:12,0
DA:17,0
DA:18,0
DA:25,1
DA:26,0
DA:28,0
DA:30,0
DA:31,0
DA:32,0
DA:34,0
DA:35,0
DA:37,0
DA:38,0
DA:40,0
DA:42,0
DA:43,0
DA:45,0
DA:47,0
DA:48,0
DA:49,0
DA:50,0
DA:52,0
DA:55,0
DA:58,0
DA:59,0
LF:31
LH:4
BRDA:3,1,0,0
BRDA:3,1,1,0
BRDA:5,2,0,0
BRDA:5,2,1,0
BRDA:5,3,0,0
BRDA:5,3,1,0
BRDA:5,4,0,0
BRDA:5,4,1,0
BRDA:5,4,2,0
BRDA:7,5,0,0
BRDA:7,5,1,0
BRDA:7,6,0,0
BRDA:7,6,1,0
BRDA:7,7,0,0
BRDA:7,7,1,0
BRDA:7,8,0,0
BRDA:7,8,1,0
BRDA:7,9,0,0
BRDA:7,9,1,0
BRDA:32,10,0,0
BRDA:32,10,1,0
BRDA:32,10,2,0
BRDA:32,10,3,0
BRDA:39,11,0,0
BRDA:39,11,1,0
BRDA:47,12,0,0
BRDA:47,12,1,0
BRDA:49,13,0,0
BRDA:49,13,1,0
BRF:29
BRH:0
end_of_record
TN:
SF:/home/travis/build/jThreeJS/jThree/lib/Interface/J3ObjectBase.js
FN:3,(anonymous_1)
FN:3,defineProperties
FN:3,(anonymous_3)
FN:5,_classCallCheck
FN:7,(anonymous_5)
FN:8,J3ObjectBase
FN:16,setArray
FN:22,getArray
FN:23,(anonymous_9)
FNF:9
FNH:0
FNDA:0,(anonymous_1)
FNDA:0,defineProperties
FNDA:0,(anonymous_3)
FNDA:0,_classCallCheck
FNDA:0,(anonymous_5)
FNDA:0,J3ObjectBase
FNDA:0,setArray
FNDA:0,getArray
FNDA:0,(anonymous_9)
DA:3,1
DA:5,1
DA:7,0
DA:8,1
DA:9,0
DA:11,0
DA:14,0
DA:17,0
DA:18,0
DA:23,0
DA:24,0
DA:29,0
DA:32,0
DA:33,0
LF:14
LH:3
BRDA:3,1,0,0
BRDA:3,1,1,0
BRDA:3,2,0,0
BRDA:3,2,1,0
BRDA:3,3,0,0
BRDA:3,3,1,0
BRDA:3,4,0,0
BRDA:3,4,1,0
BRDA:5,5,0,0
BRDA:5,5,1,0
BRF:10
BRH:0
end_of_record
TN:
SF:/home/travis/build/jThreeJS/jThree/lib/Interface/J3ObjectMixins.js
FN:10,J3ObjectMixins
FN:13,applyMixins
FN:14,(anonymous_3)
FN:15,(anonymous_4)
FN:28,applyStaticMixins
FN:29,(anonymous_6)
FN:30,(anonymous_7)
FNF:7
FNH:0
FNDA:0,J3ObjectMixins
FNDA:0,applyMixins
FNDA:0,(anonymous_3)
FNDA:0,(anonymous_4)
FNDA:0,applyStaticMixins
FNDA:0,(anonymous_6)
FNDA:0,(anonymous_7)
DA:3,0
DA:4,0
DA:5,0
DA:6,0
DA:7,0
DA:8,0
DA:9,0
DA:10,1
DA:11,0
DA:12,0
DA:13,1
DA:14,0
DA:15,0
DA:16,0
DA:17,0
DA:23,0
DA:28,1
DA:29,0
DA:30,0
DA:31,0
DA:32,0
DA:38,0
DA:43,0
DA:44,0
DA:46,0
DA:47,0
LF:26
LH:3
BRDA:16,1,0,0
BRDA:16,1,1,0
BRDA:31,2,0,0
BRDA:31,2,1,0
BRDA:31,3,0,0
BRDA:31,3,1,0
BRDA:31,3,2,0
BRDA:31,3,3,0
BRDA:31,3,4,0
BRF:9
BRH:0
end_of_record
TN:
SF:/home/travis/build/jThreeJS/jThree/lib/Math/AABB.js
FN:3,(anonymous_1)
FN:3,defineProperties
FN:3,(anonymous_3)
FN:5,_classCallCheck
FN:12,(anonymous_5)
FN:13,AABB
FN:24,expandAABB
FN:39,clear
FN:45,toMathematicaCuboid
FN:54,get
FN:63,get
FN:72,get
FNF:12
FNH:0
FNDA:0,(anonymous_1)
FNDA:0,defineProperties
FNDA:0,(anonymous_3)
FNDA:0,_classCallCheck
FNDA:0,(anonymous_5)
FNDA:0,AABB
FNDA:0,expandAABB
FNDA:0,clear
FNDA:0,toMathematicaCuboid
FNDA:0,get
FNDA:0,get
FNDA:0,get
DA:3,1
DA:5,1
DA:7,0
DA:12,0
DA:13,1
DA:14,0
DA:17,0
DA:25,0
DA:27,0
DA:28,0
DA:30,0
DA:31,0
DA:40,0
DA:41,0
DA:46,0
DA:55,0
DA:64,0
DA:73,0
DA:77,0
DA:80,0
DA:81,0
LF:21
LH:3
BRDA:3,1,0,0
BRDA:3,1,1,0
BRDA:3,2,0,0
BRDA:3,2,1,0
BRDA:3,3,0,0
BRDA:3,3,1,0
BRDA:3,4,0,0
BRDA:3,4,1,0
BRDA:5,5,0,0
BRDA:5,5,1,0
BRDA:25,6,0,0
BRDA:25,6,1,0
BRF:12
BRH:0
end_of_record
TN:
SF:/home/travis/build/jThreeJS/jThree/lib/Math/Color3.js
FN:3,(anonymous_1)
FN:3,defineProperties
FN:3,(anonymous_3)
FN:5,_classCallCheck
FN:7,_possibleConstructorReturn
FN:9,_inherits
FN:16,(anonymous_7)
FN:19,Color3
FN:30,toVector
FN:35,toVector4
FN:43,equalWith
FN:48,toString
FN:53,toDisplayString
FN:62,get
FN:67,get
FN:72,get
FN:77,get
FN:82,FromColor4
FN:87,parse
FN:94,internalParse
FN:122,equals
FNF:21
FNH:14
FNDA:1,(anonymous_1)
FNDA:2,defineProperties
FNDA:1,(anonymous_3)
FNDA:12,_classCallCheck
FNDA:12,_possibleConstructorReturn
FNDA:1,_inherits
FNDA:1,(anonymous_7)
FNDA:12,Color3
FNDA:0,toVector
FNDA:0,toVector4
FNDA:6,equalWith
FNDA:0,toString
FNDA:0,toDisplayString
FNDA:0,get
FNDA:0,get
FNDA:0,get
FNDA:36,get
FNDA:2,FromColor4
FNDA:13,parse
FNDA:13,internalParse
FNDA:6,equals
DA:3,13
DA:5,12
DA:7,12
DA:9,1
DA:11,1
DA:12,1
DA:13,1
DA:14,1
DA:16,1
DA:17,1
DA:19,1
DA:20,12
DA:22,12
DA:24,12
DA:25,12
DA:28,1
DA:31,0
DA:36,0
DA:37,0
DA:39,0
DA:44,6
DA:49,0
DA:54,0
DA:55,0
DA:56,0
DA:57,0
DA:58,0
DA:63,0
DA:68,0
DA:73,0
DA:78,36
DA:83,2
DA:88,13
DA:95,13
DA:96,2
DA:97,2
DA:99,11
DA:100,11
DA:101,11
DA:103,11
DA:104,2
DA:105,2
DA:109,9
DA:110,9
DA:111,2
DA:112,2
DA:114,7
DA:115,7
DA:116,0
DA:118,7
DA:123,6
DA:127,1
DA:130,1
DA:131,1
DA:132,1
LF:55
LH:41
BRDA:3,1,0,13
BRDA:3,1,1,13
BRDA:3,2,0,9
BRDA:3,2,1,4
BRDA:3,3,0,1
BRDA:3,3,1,0
BRDA:3,4,0,1
BRDA:3,4,1,0
BRDA:5,5,0,0
BRDA:5,5,1,12
BRDA:7,6,0,0
BRDA:7,6,1,12
BRDA:7,7,0,0
BRDA:7,7,1,12
BRDA:7,8,0,12
BRDA:7,8,1,0
BRDA:7,8,2,0
BRDA:9,9,0,0
BRDA:9,9,1,1
BRDA:9,10,0,1
BRDA:9,10,1,0
BRDA:9,11,0,1
BRDA:9,11,1,1
BRDA:9,12,0,1
BRDA:9,12,1,0
BRDA:9,13,0,1
BRDA:9,13,1,0
BRDA:36,14,0,0
BRDA:36,14,1,0
BRDA:95,15,0,2
BRDA:95,15,1,11
BRDA:95,16,0,13
BRDA:95,16,1,13
BRDA:100,17,0,11
BRDA:100,17,1,0
BRDA:103,18,0,2
BRDA:103,18,1,9
BRDA:110,19,0,2
BRDA:110,19,1,7
BRDA:115,20,0,0
BRDA:115,20,1,7
BRDA:115,21,0,7
BRDA:115,21,1,0
BRF:43
BRH:27
end_of_record
TN:
SF:/home/travis/build/jThreeJS/jThree/lib/Math/Color4.js
FN:3,(anonymous_1)
FN:3,defineProperties
FN:3,(anonymous_3)
FN:5,_classCallCheck
FN:7,_possibleConstructorReturn
FN:9,_inherits
FN:14,(anonymous_7)
FN:17,Color4
FN:30,toVector
FN:35,equalWith
FN:40,toString
FN:45,toDisplayString
FN:55,get
FN:60,get
FN:65,get
FN:70,get
FN:75,get
FN:80,internalParse
FN:129,parse
FN:134,equals
FNF:20
FNH:16
FNDA:1,(anonymous_1)
FNDA:2,defineProperties
FNDA:1,(anonymous_3)
FNDA:12,_classCallCheck
FNDA:12,_possibleConstructorReturn
FNDA:1,_inherits
FNDA:1,(anonymous_7)
FNDA:12,Color4
FNDA:0,toVector
FNDA:5,equalWith
FNDA:0,toString
FNDA:0,toDisplayString
FNDA:2,get
FNDA:2,get
FNDA:2,get
FNDA:0,get
FNDA:35,get
FNDA:9,internalParse
FNDA:6,parse
FNDA:5,equals
DA:3,12
DA:5,12
DA:7,12
DA:9,1
DA:11,1
DA:12,1
DA:14,1
DA:15,1
DA:17,1
DA:18,12
DA:20,12
DA:22,12
DA:23,12
DA:28,1
DA:31,0
DA:36,5
DA:41,0
DA:46,0
DA:47,0
DA:48,0
DA:49,0
DA:50,0
DA:51,0
DA:56,2
DA:61,2
DA:66,2
DA:71,0
DA:76,35
DA:81,9
DA:82,1
DA:84,8
DA:85,8
DA:86,5
DA:88,5
DA:89,1
DA:90,1
DA:93,7
DA:94,4
DA:96,4
DA:97,1
DA:98,1
DA:102,6
DA:103,6
DA:104,4
DA:105,4
DA:108,2
DA:109,2
DA:110,2
DA:111,1
DA:112,1
DA:115,1
DA:116,1
DA:117,0
DA:119,1
DA:120,1
DA:121,0
DA:122,0
DA:123,0
DA:125,1
DA:130,6
DA:135,5
DA:139,1
DA:142,1
DA:143,1
DA:144,1
LF:65
LH:52
BRDA:3,1,0,12
BRDA:3,1,1,12
BRDA:3,2,0,7
BRDA:3,2,1,5
BRDA:3,3,0,1
BRDA:3,3,1,0
BRDA:3,4,0,1
BRDA:3,4,1,0
BRDA:5,5,0,0
BRDA:5,5,1,12
BRDA:7,6,0,0
BRDA:7,6,1,12
BRDA:7,7,0,0
BRDA:7,7,1,12
BRDA:7,8,0,12
BRDA:7,8,1,0
BRDA:7,8,2,0
BRDA:9,9,0,0
BRDA:9,9,1,1
BRDA:9,10,0,1
BRDA:9,10,1,0
BRDA:9,11,0,1
BRDA:9,11,1,1
BRDA:9,12,0,1
BRDA:9,12,1,0
BRDA:9,13,0,1
BRDA:9,13,1,0
BRDA:81,14,0,1
BRDA:81,14,1,8
BRDA:81,15,0,9
BRDA:81,15,1,6
BRDA:85,16,0,5
BRDA:85,16,1,3
BRDA:88,17,0,1
BRDA:88,17,1,4
BRDA:93,18,0,4
BRDA:93,18,1,3
BRDA:96,19,0,1
BRDA:96,19,1,3
BRDA:103,20,0,4
BRDA:103,20,1,2
BRDA:108,21,0,2
BRDA:108,21,1,0
BRDA:110,22,0,1
BRDA:110,22,1,1
BRDA:116,23,0,0
BRDA:116,23,1,1
BRDA:116,24,0,1
BRDA:116,24,1,0
BRDA:120,25,0,0
BRDA:120,25,1,1
BRDA:120,26,0,1
BRDA:120,26,1,0
BRDA:122,27,0,0
BRDA:122,27,1,0
BRF:55
BRH:37
end_of_record
TN:
SF:/home/travis/build/jThreeJS/jThree/lib/Math/Matrix.js
FN:3,(anonymous_1)
FN:3,defineProperties
FN:3,(anonymous_3)
FN:5,_classCallCheck
FN:7,_possibleConstructorReturn
FN:9,_inherits
FN:16,(anonymous_7)
FN:19,Matrix
FN:34,getAt
FN:39,setAt
FN:44,getBySingleIndex
FN:49,getColmun
FN:59,getRow
FN:64,multiplyWith
FN:69,toString
FN:74,toMathematicaString
FN:79,get
FN:84,get
FN:89,get
FN:94,zero
FN:99,identity
FN:104,fromElements
FN:109,fromFunc
FN:114,equal
FN:119,add
FN:128,subtract
FN:133,scalarMultiply
FN:140,multiply
FN:146,TRS
FN:155,negate
FN:160,transpose
FN:166,transformPoint
FN:173,transformNormal
FN:185,transform
FN:201,determinant
FN:210,inverse
FN:220,translate
FN:231,scale
FN:238,rotateX
FN:245,rotateY
FN:252,rotateZ
FN:259,RotationQuaternion
FN:268,frustum
FN:275,ortho
FN:282,perspective
FN:289,lookAt
FNF:46
FNH:44
FNDA:1,(anonymous_1)
FNDA:2,defineProperties
FNDA:1,(anonymous_3)
FNDA:76,_classCallCheck
FNDA:76,_possibleConstructorReturn
FNDA:1,_inherits
FNDA:1,(anonymous_7)
FNDA:76,Matrix
FNDA:2,getAt
FNDA:1,setAt
FNDA:801,getBySingleIndex
FNDA:1,getColmun
FNDA:1,getRow
FNDA:1,multiplyWith
FNDA:0,toString
FNDA:0,toMathematicaString
FNDA:1,get
FNDA:73,get
FNDA:73,get
FNDA:3,zero
FNDA:3,identity
FNDA:1,fromElements
FNDA:1,fromFunc
FNDA:24,equal
FNDA:2,add
FNDA:1,subtract
FNDA:4,scalarMultiply
FNDA:2,multiply
FNDA:1,TRS
FNDA:2,negate
FNDA:1,transpose
FNDA:1,transformPoint
FNDA:1,transformNormal
FNDA:1,transform
FNDA:1,determinant
FNDA:1,inverse
FNDA:4,translate
FNDA:2,scale
FNDA:1,rotateX
FNDA:1,rotateY
FNDA:1,rotateZ
FNDA:2,RotationQuaternion
FNDA:1,frustum
FNDA:1,ortho
FNDA:1,perspective
FNDA:1,lookAt
DA:3,38
DA:5,76
DA:7,76
DA:9,1
DA:11,1
DA:12,1
DA:13,1
DA:14,1
DA:16,1
DA:17,1
DA:19,1
DA:20,76
DA:22,76
DA:24,76
DA:25,76
DA:27,0
DA:29,76
DA:32,1
DA:35,2
DA:40,1
DA:45,801
DA:50,1
DA:60,1
DA:65,1
DA:70,0
DA:75,0
DA:80,1
DA:85,73
DA:90,73
DA:95,3
DA:100,3
DA:105,1
DA:110,1
DA:115,24
DA:120,2
DA:121,2
DA:122,32
DA:124,2
DA:129,1
DA:134,4
DA:135,4
DA:136,4
DA:141,2
DA:142,2
DA:147,1
DA:148,1
DA:149,1
DA:150,1
DA:151,1
DA:156,2
DA:161,1
DA:162,1
DA:167,1
DA:168,1
DA:169,1
DA:174,1
DA:175,1
DA:176,1
DA:177,1
DA:178,1
DA:179,1
DA:180,1
DA:181,1
DA:186,1
DA:187,1
DA:188,1
DA:189,1
DA:190,1
DA:191,1
DA:192,1
DA:193,1
DA:202,1
DA:211,1
DA:212,1
DA:221,4
DA:222,4
DA:223,4
DA:232,2
DA:233,2
DA:234,2
DA:239,1
DA:240,1
DA:241,1
DA:246,1
DA:247,1
DA:248,1
DA:253,1
DA:254,1
DA:255,1
DA:260,2
DA:261,2
DA:262,2
DA:263,2
DA:264,2
DA:269,1
DA:270,1
DA:271,1
DA:276,1
DA:277,1
DA:278,1
DA:283,1
DA:284,1
DA:285,1
DA:290,1
DA:291,1
DA:292,1
DA:296,1
DA:299,1
DA:300,1
LF:109
LH:106
BRDA:3,1,0,38
BRDA:3,1,1,38
BRDA:3,2,0,35
BRDA:3,2,1,3
BRDA:3,3,0,1
BRDA:3,3,1,0
BRDA:3,4,0,1
BRDA:3,4,1,0
BRDA:5,5,0,0
BRDA:5,5,1,76
BRDA:7,6,0,0
BRDA:7,6,1,76
BRDA:7,7,0,0
BRDA:7,7,1,76
BRDA:7,8,0,76
BRDA:7,8,1,0
BRDA:7,8,2,0
BRDA:9,9,0,0
BRDA:9,9,1,1
BRDA:9,10,0,1
BRDA:9,10,1,0
BRDA:9,11,0,1
BRDA:9,11,1,1
BRDA:9,12,0,1
BRDA:9,12,1,0
BRDA:9,13,0,1
BRDA:9,13,1,0
BRDA:24,14,0,76
BRDA:24,14,1,0
BRF:29
BRH:17
end_of_record
TN:
SF:/home/travis/build/jThreeJS/jThree/lib/Math/MatrixArray.js
FN:3,(anonymous_1)
FN:3,defineProperties
FN:3,(anonymous_3)
FN:5,_classCallCheck
FN:9,(anonymous_5)
FN:10,MatrixArray
FN:18,getAt
FN:24,setAt
FN:31,getIdentityMatrixArray
FNF:9
FNH:4
FNDA:1,(anonymous_1)
FNDA:2,defineProperties
FNDA:1,(anonymous_3)
FNDA:0,_classCallCheck
FNDA:1,(anonymous_5)
FNDA:0,MatrixArray
FNDA:0,getAt
FNDA:0,setAt
FNDA:0,getIdentityMatrixArray
DA:3,3
DA:5,1
DA:7,1
DA:9,1
DA:10,1
DA:11,0
DA:13,0
DA:16,1
DA:19,0
DA:20,0
DA:25,0
DA:26,0
DA:32,0
DA:33,0
DA:34,0
DA:35,0
DA:36,0
DA:40,0
DA:44,1
DA:47,1
DA:48,1
LF:21
LH:9
BRDA:3,1,0,3
BRDA:3,1,1,3
BRDA:3,2,0,3
BRDA:3,2,1,0
BRDA:3,3,0,1
BRDA:3,3,1,0
BRDA:3,4,0,1
BRDA:3,4,1,0
BRDA:5,5,0,0
BRDA:5,5,1,0
BRDA:36,6,0,0
BRDA:36,6,1,0
BRF:12
BRH:5
end_of_record
TN:
SF:/home/travis/build/jThreeJS/jThree/lib/Math/MatrixBase.js
FN:3,(anonymous_1)
FN:3,defineProperties
FN:3,(anonymous_3)
FN:5,_classCallCheck
FN:7,(anonymous_5)
FN:8,MatrixBase
FN:14,getAt
FN:19,getBySingleIndex
FN:24,get
FN:29,get
FN:34,elementEqual
FNF:11
FNH:7
FNDA:1,(anonymous_1)
FNDA:2,defineProperties
FNDA:1,(anonymous_3)
FNDA:76,_classCallCheck
FNDA:1,(anonymous_5)
FNDA:76,MatrixBase
FNDA:0,getAt
FNDA:0,getBySingleIndex
FNDA:0,get
FNDA:0,get
FNDA:24,elementEqual
DA:3,5
DA:5,76
DA:7,1
DA:8,1
DA:9,76
DA:12,1
DA:15,0
DA:20,0
DA:25,0
DA:30,0
DA:35,24
DA:36,0
DA:38,24
DA:39,24
DA:40,384
DA:41,0
DA:44,24
DA:48,1
DA:51,1
DA:52,1
LF:20
LH:14
BRDA:3,1,0,5
BRDA:3,1,1,5
BRDA:3,2,0,3
BRDA:3,2,1,2
BRDA:3,3,0,1
BRDA:3,3,1,0
BRDA:3,4,0,1
BRDA:3,4,1,0
BRDA:5,5,0,0
BRDA:5,5,1,76
BRDA:35,6,0,0
BRDA:35,6,1,24
BRDA:35,7,0,24
BRDA:35,7,1,24
BRDA:40,8,0,0
BRDA:40,8,1,384
BRF:16
BRH:11
end_of_record
TN:
SF:/home/travis/build/jThreeJS/jThree/lib/Math/PointList.js
FN:3,(anonymous_1)
FN:3,defineProperties
FN:3,(anonymous_3)
FN:5,_classCallCheck
FN:12,(anonymous_5)
FN:13,PointList
FN:28,addPoint
FN:33,transform
FN:40,clear
FN:45,debugShow
FN:54,getBoundingBox
FN:63,toMathematicaPoints
FN:75,initializeWithCube
FNF:13
FNH:0
FNDA:0,(anonymous_1)
FNDA:0,defineProperties
FNDA:0,(anonymous_3)
FNDA:0,_classCallCheck
FNDA:0,(anonymous_5)
FNDA:0,PointList
FNDA:0,addPoint
FNDA:0,transform
FNDA:0,clear
FNDA:0,debugShow
FNDA:0,getBoundingBox
FNDA:0,toMathematicaPoints
FNDA:0,initializeWithCube
DA:3,1
DA:5,1
DA:7,0
DA:8,0
DA:9,0
DA:10,0
DA:12,0
DA:13,1
DA:14,0
DA:16,0
DA:17,0
DA:18,0
DA:19,0
DA:22,0
DA:26,0
DA:29,0
DA:34,0
DA:35,0
DA:41,0
DA:46,0
DA:47,0
DA:48,0
DA:50,0
DA:55,0
DA:56,0
DA:57,0
DA:59,0
DA:64,0
DA:65,0
DA:66,0
DA:67,0
DA:69,0
DA:71,0
DA:76,0
DA:77,0
DA:78,0
DA:79,0
DA:80,0
DA:81,0
DA:82,0
DA:83,0
DA:84,0
DA:85,0
DA:89,0
DA:92,0
DA:93,0
LF:46
LH:3
BRDA:3,1,0,0
BRDA:3,1,1,0
BRDA:3,2,0,0
BRDA:3,2,1,0
BRDA:3,3,0,0
BRDA:3,3,1,0
BRDA:3,4,0,0
BRDA:3,4,1,0
BRDA:5,5,0,0
BRDA:5,5,1,0
BRDA:16,6,0,0
BRDA:16,6,1,0
BRDA:66,7,0,0
BRDA:66,7,1,0
BRF:14
BRH:0
end_of_record
TN:
SF:/home/travis/build/jThreeJS/jThree/lib/Math/Quaternion.js
FN:3,(anonymous_1)
FN:3,defineProperties
FN:3,(anonymous_3)
FN:5,_classCallCheck
FN:7,_possibleConstructorReturn
FN:9,_inherits
FN:25,(anonymous_7)
FN:32,Quaternion
FN:47,Normalize
FN:53,Inverse
FN:59,toAngleAxisString
FN:72,toString
FN:77,FactoringQuaternionZXY
FN:94,FactoringQuaternionXYZ
FN:111,get
FN:115,set
FN:124,get
FN:133,get
FN:142,get
FN:151,get
FN:161,get
FN:170,get
FN:180,get
FN:185,equals
FN:199,Add
FN:209,Multiply
FN:219,AngleAxis
FN:229,Euler
FN:234,EulerXYZ
FN:239,Slerp
FN:252,Angle
FN:259,FromToRotation
FN:266,LookRotation
FN:298,get
FNF:34
FNH:23
FNDA:1,(anonymous_1)
FNDA:2,defineProperties
FNDA:1,(anonymous_3)
FNDA:50,_classCallCheck
FNDA:50,_possibleConstructorReturn
FNDA:1,_inherits
FNDA:1,(anonymous_7)
FNDA:50,Quaternion
FNDA:1,Normalize
FNDA:1,Inverse
FNDA:0,toAngleAxisString
FNDA:0,toString
FNDA:0,FactoringQuaternionZXY
FNDA:0,FactoringQuaternionXYZ
FNDA:0,get
FNDA:0,set
FNDA:2,get
FNDA:2,get
FNDA:2,get
FNDA:1,get
FNDA:1,get
FNDA:1,get
FNDA:1,get
FNDA:7,equals
FNDA:1,Add
FNDA:11,Multiply
FNDA:15,AngleAxis
FNDA:5,Euler
FNDA:0,EulerXYZ
FNDA:0,Slerp
FNDA:0,Angle
FNDA:0,FromToRotation
FNDA:0,LookRotation
FNDA:1,get
DA:3,25
DA:5,50
DA:7,50
DA:9,1
DA:11,1
DA:12,1
DA:13,1
DA:14,1
DA:25,1
DA:26,1
DA:32,1
DA:33,50
DA:35,50
DA:37,50
DA:38,50
DA:41,1
DA:48,1
DA:49,1
DA:54,1
DA:55,1
DA:60,0
DA:61,0
DA:62,0
DA:63,0
DA:64,0
DA:65,0
DA:67,0
DA:73,0
DA:78,0
DA:79,0
DA:80,0
DA:81,0
DA:82,0
DA:83,0
DA:84,0
DA:86,0
DA:87,0
DA:88,0
DA:90,0
DA:95,0
DA:96,0
DA:97,0
DA:98,0
DA:99,0
DA:100,0
DA:101,0
DA:103,0
DA:104,0
DA:105,0
DA:107,0
DA:112,0
DA:113,0
DA:116,0
DA:125,2
DA:134,2
DA:143,2
DA:152,1
DA:162,1
DA:171,1
DA:172,1
DA:181,1
DA:186,7
DA:187,28
DA:188,0
DA:191,7
DA:200,1
DA:201,1
DA:210,11
DA:211,11
DA:220,15
DA:221,15
DA:222,15
DA:223,15
DA:224,15
DA:225,15
DA:230,5
DA:235,0
DA:240,0
DA:241,0
DA:253,0
DA:254,0
DA:255,0
DA:260,0
DA:261,0
DA:262,0
DA:267,0
DA:268,0
DA:269,0
DA:270,0
DA:271,0
DA:272,0
DA:273,0
DA:274,0
DA:275,0
DA:276,0
DA:277,0
DA:278,0
DA:279,0
DA:280,0
DA:281,0
DA:282,0
DA:283,0
DA:285,0
DA:286,0
DA:287,0
DA:289,0
DA:290,0
DA:291,0
DA:293,0
DA:294,0
DA:299,1
DA:303,1
DA:306,1
DA:307,1
LF:114
LH:46
BRDA:3,1,0,25
BRDA:3,1,1,25
BRDA:3,2,0,16
BRDA:3,2,1,9
BRDA:3,3,0,1
BRDA:3,3,1,0
BRDA:3,4,0,1
BRDA:3,4,1,0
BRDA:5,5,0,0
BRDA:5,5,1,50
BRDA:7,6,0,0
BRDA:7,6,1,50
BRDA:7,7,0,0
BRDA:7,7,1,50
BRDA:7,8,0,50
BRDA:7,8,1,0
BRDA:7,8,2,0
BRDA:9,9,0,0
BRDA:9,9,1,1
BRDA:9,10,0,1
BRDA:9,10,1,0
BRDA:9,11,0,1
BRDA:9,11,1,1
BRDA:9,12,0,1
BRDA:9,12,1,0
BRDA:9,13,0,1
BRDA:9,13,1,0
BRDA:62,14,0,0
BRDA:62,14,1,0
BRDA:62,15,0,0
BRDA:62,15,1,0
BRDA:64,16,0,0
BRDA:64,16,1,0
BRDA:81,17,0,0
BRDA:81,17,1,0
BRDA:98,18,0,0
BRDA:98,18,1,0
BRDA:187,19,0,0
BRDA:187,19,1,28
BRDA:267,20,0,0
BRDA:267,20,1,0
BRDA:281,21,0,0
BRDA:281,21,1,0
BRDA:285,22,0,0
BRDA:285,22,1,0
BRDA:285,23,0,0
BRDA:285,23,1,0
BRDA:289,24,0,0
BRDA:289,24,1,0
BRF:49
BRH:17
end_of_record
TN:
SF:/home/travis/build/jThreeJS/jThree/lib/Math/Rectangle.js
FN:3,(anonymous_1)
FN:3,defineProperties
FN:3,(anonymous_3)
FN:5,_classCallCheck
FN:7,_possibleConstructorReturn
FN:9,_inherits
FN:14,(anonymous_7)
FN:17,Rectangle
FN:31,contains
FN:43,toLocal
FN:57,toString
FN:62,get
FN:67,get
FN:72,get
FN:77,get
FN:82,get
FN:87,get
FN:92,Equals
FN:97,EdgeSizeEquals
FNF:19
FNH:0
FNDA:0,(anonymous_1)
FNDA:0,defineProperties
FNDA:0,(anonymous_3)
FNDA:0,_classCallCheck
FNDA:0,_possibleConstructorReturn
FNDA:0,_inherits
FNDA:0,(anonymous_7)
FNDA:0,Rectangle
FNDA:0,contains
FNDA:0,toLocal
FNDA:0,toString
FNDA:0,get
FNDA:0,get
FNDA:0,get
FNDA:0,get
FNDA:0,get
FNDA:0,get
FNDA:0,Equals
FNDA:0,EdgeSizeEquals
DA:3,1
DA:5,1
DA:7,1
DA:9,1
DA:11,0
DA:12,0
DA:14,0
DA:15,0
DA:17,1
DA:18,0
DA:20,0
DA:22,0
DA:23,0
DA:24,0
DA:25,0
DA:26,0
DA:29,0
DA:32,0
DA:33,0
DA:34,0
DA:35,0
DA:37,0
DA:39,0
DA:44,0
DA:45,0
DA:46,0
DA:47,0
DA:49,0
DA:51,0
DA:52,0
DA:53,0
DA:58,0
DA:63,0
DA:68,0
DA:73,0
DA:78,0
DA:83,0
DA:88,0
DA:93,0
DA:98,0
DA:102,0
DA:105,0
DA:106,0
LF:43
LH:5
BRDA:3,1,0,0
BRDA:3,1,1,0
BRDA:3,2,0,0
BRDA:3,2,1,0
BRDA:3,3,0,0
BRDA:3,3,1,0
BRDA:3,4,0,0
BRDA:3,4,1,0
BRDA:5,5,0,0
BRDA:5,5,1,0
BRDA:7,6,0,0
BRDA:7,6,1,0
BRDA:7,7,0,0
BRDA:7,7,1,0
BRDA:7,8,0,0
BRDA:7,8,1,0
BRDA:7,8,2,0
BRDA:9,9,0,0
BRDA:9,9,1,0
BRDA:9,10,0,0
BRDA:9,10,1,0
BRDA:9,11,0,0
BRDA:9,11,1,0
BRDA:9,12,0,0
BRDA:9,12,1,0
BRDA:9,13,0,0
BRDA:9,13,1,0
BRDA:33,14,0,0
BRDA:33,14,1,0
BRDA:39,15,0,0
BRDA:39,15,1,0
BRDA:39,15,2,0
BRDA:39,15,3,0
BRDA:45,16,0,0
BRDA:45,16,1,0
BRDA:53,17,0,0
BRDA:53,17,1,0
BRDA:93,18,0,0
BRDA:93,18,1,0
BRDA:93,18,2,0
BRDA:93,18,3,0
BRDA:98,19,0,0
BRDA:98,19,1,0
BRF:43
BRH:0
end_of_record
TN:
SF:/home/travis/build/jThreeJS/jThree/lib/Math/Vector2.js
FN:3,(anonymous_1)
FN:3,defineProperties
FN:3,(anonymous_3)
FN:5,_classCallCheck
FN:7,_possibleConstructorReturn
FN:9,_inherits
FN:14,(anonymous_7)
FN:17,Vector2
FN:32,dotWith
FN:37,addWith
FN:42,subtractWith
FN:47,multiplyWith
FN:52,negateThis
FN:57,equalWith
FN:62,nearlyEqualWith
FN:67,normalizeThis
FN:72,toString
FN:77,toDisplayString
FN:82,toMathematicaString
FN:87,get
FN:92,get
FN:95,set
FN:100,get
FN:103,set
FN:108,get
FN:113,copy
FN:118,parse
FN:143,dot
FN:148,add
FN:154,subtract
FN:160,multiply
FN:166,negate
FN:171,equal
FN:176,nearlyEqual
FN:181,normalize
FN:187,min
FN:188,(anonymous_37)
FN:194,max
FN:195,(anonymous_39)
FN:201,angle
FN:206,get
FN:211,get
FN:216,get
FN:221,get
FNF:44
FNH:43
FNDA:1,(anonymous_1)
FNDA:2,defineProperties
FNDA:1,(anonymous_3)
FNDA:84,_classCallCheck
FNDA:99,_possibleConstructorReturn
FNDA:1,_inherits
FNDA:1,(anonymous_7)
FNDA:84,Vector2
FNDA:1,dotWith
FNDA:1,addWith
FNDA:1,subtractWith
FNDA:3,multiplyWith
FNDA:1,negateThis
FNDA:20,equalWith
FNDA:3,nearlyEqualWith
FNDA:1,normalizeThis
FNDA:2,toString
FNDA:1,toDisplayString
FNDA:1,toMathematicaString
FNDA:2,get
FNDA:5,get
FNDA:1,set
FNDA:5,get
FNDA:1,set
FNDA:132,get
FNDA:1,copy
FNDA:0,parse
FNDA:3,dot
FNDA:2,add
FNDA:2,subtract
FNDA:6,multiply
FNDA:2,negate
FNDA:21,equal
FNDA:4,nearlyEqual
FNDA:3,normalize
FNDA:1,min
FNDA:2,(anonymous_37)
FNDA:1,max
FNDA:2,(anonymous_39)
FNDA:1,angle
FNDA:1,get
FNDA:1,get
FNDA:1,get
FNDA:1,get
DA:3,32
DA:5,84
DA:7,99
DA:9,1
DA:11,1
DA:12,1
DA:14,1
DA:15,1
DA:17,1
DA:18,84
DA:20,84
DA:22,84
DA:23,15
DA:24,15
DA:26,69
DA:27,69
DA:30,1
DA:33,1
DA:38,1
DA:43,1
DA:48,3
DA:53,1
DA:58,20
DA:63,3
DA:68,1
DA:73,2
DA:78,1
DA:83,1
DA:88,2
DA:93,5
DA:96,1
DA:101,5
DA:104,1
DA:109,132
DA:114,1
DA:119,0
DA:120,0
DA:121,0
DA:122,0
DA:124,0
DA:125,0
DA:126,0
DA:128,0
DA:130,0
DA:131,0
DA:133,0
DA:134,0
DA:136,0
DA:137,0
DA:139,0
DA:144,3
DA:149,2
DA:150,2
DA:155,2
DA:156,2
DA:161,6
DA:162,6
DA:167,2
DA:172,21
DA:177,4
DA:182,3
DA:183,3
DA:188,1
DA:189,2
DA:195,1
DA:196,2
DA:202,1
DA:207,1
DA:212,1
DA:217,1
DA:222,1
DA:226,1
DA:229,1
DA:230,1
LF:74
LH:59
BRDA:3,1,0,32
BRDA:3,1,1,32
BRDA:3,2,0,24
BRDA:3,2,1,8
BRDA:3,3,0,1
BRDA:3,3,1,0
BRDA:3,4,0,1
BRDA:3,4,1,0
BRDA:5,5,0,0
BRDA:5,5,1,84
BRDA:7,6,0,0
BRDA:7,6,1,99
BRDA:7,7,0,0
BRDA:7,7,1,99
BRDA:7,8,0,99
BRDA:7,8,1,0
BRDA:7,8,2,0
BRDA:9,9,0,0
BRDA:9,9,1,1
BRDA:9,10,0,1
BRDA:9,10,1,0
BRDA:9,11,0,1
BRDA:9,11,1,1
BRDA:9,12,0,1
BRDA:9,12,1,0
BRDA:9,13,0,1
BRDA:9,13,1,0
BRDA:22,14,0,15
BRDA:22,14,1,69
BRDA:121,15,0,0
BRDA:121,15,1,0
BRDA:121,16,0,0
BRDA:121,16,1,0
BRDA:125,17,0,0
BRDA:125,17,1,0
BRDA:130,18,0,0
BRDA:130,18,1,0
BRDA:133,19,0,0
BRDA:133,19,1,0
BRDA:136,20,0,0
BRDA:136,20,1,0
BRF:41
BRH:18
end_of_record
TN:
SF:/home/travis/build/jThreeJS/jThree/lib/Math/Vector3.js
FN:3,(anonymous_1)
FN:3,defineProperties
FN:3,(anonymous_3)
FN:5,_classCallCheck
FN:7,_possibleConstructorReturn
FN:9,_inherits
FN:14,(anonymous_7)
FN:17,Vector3
FN:32,toMathematicaString
FN:37,normalizeThis
FN:42,dotWith
FN:47,addWith
FN:52,subtractWith
FN:57,multiplyWith
FN:62,negateThis
FN:67,equalWith
FN:72,nearlyEqualWith
FN:77,crossWith
FN:82,toString
FN:87,toDisplayString
FN:92,get
FN:97,get
FN:100,set
FN:105,get
FN:108,set
FN:113,get
FN:116,set
FN:121,get
FN:126,copy
FN:131,dot
FN:136,add
FN:142,subtract
FN:148,multiply
FN:154,negate
FN:159,equal
FN:164,nearlyEqual
FN:169,normalize
FN:175,cross
FN:181,min
FN:182,(anonymous_40)
FN:188,max
FN:189,(anonymous_42)
FN:195,angle
FN:200,parse
FN:225,get
FN:230,get
FN:235,get
FN:240,get
FN:245,get
FNF:49
FNH:49
FNDA:1,(anonymous_1)
FNDA:2,defineProperties
FNDA:1,(anonymous_3)
FNDA:159,_classCallCheck
FNDA:201,_possibleConstructorReturn
FNDA:1,_inherits
FNDA:1,(anonymous_7)
FNDA:159,Vector3
FNDA:1,toMathematicaString
FNDA:5,normalizeThis
FNDA:1,dotWith
FNDA:1,addWith
FNDA:1,subtractWith
FNDA:3,multiplyWith
FNDA:5,negateThis
FNDA:34,equalWith
FNDA:3,nearlyEqualWith
FNDA:1,crossWith
FNDA:2,toString
FNDA:1,toDisplayString
FNDA:2,get
FNDA:21,get
FNDA:1,set
FNDA:21,get
FNDA:1,set
FNDA:21,get
FNDA:1,set
FNDA:261,get
FNDA:1,copy
FNDA:3,dot
FNDA:2,add
FNDA:2,subtract
FNDA:10,multiply
FNDA:6,negate
FNDA:39,equal
FNDA:4,nearlyEqual
FNDA:7,normalize
FNDA:2,cross
FNDA:1,min
FNDA:3,(anonymous_40)
FNDA:1,max
FNDA:3,(anonymous_42)
FNDA:1,angle
FNDA:11,parse
FNDA:6,get
FNDA:6,get
FNDA:6,get
FNDA:1,get
FNDA:1,get
DA:3,36
DA:5,159
DA:7,201
DA:9,1
DA:11,1
DA:12,1
DA:14,1
DA:15,1
DA:17,1
DA:18,159
DA:20,159
DA:22,159
DA:23,42
DA:24,42
DA:26,117
DA:27,117
DA:30,1
DA:33,1
DA:38,5
DA:43,1
DA:48,1
DA:53,1
DA:58,3
DA:63,5
DA:68,34
DA:73,3
DA:78,1
DA:83,2
DA:88,1
DA:93,2
DA:98,21
DA:101,1
DA:106,21
DA:109,1
DA:114,21
DA:117,1
DA:122,261
DA:127,1
DA:132,3
DA:137,2
DA:138,2
DA:143,2
DA:144,2
DA:149,10
DA:150,10
DA:155,6
DA:160,39
DA:165,4
DA:170,7
DA:171,7
DA:176,2
DA:177,2
DA:182,1
DA:183,3
DA:189,1
DA:190,3
DA:196,1
DA:201,11
DA:202,11
DA:203,11
DA:204,1
DA:206,10
DA:207,10
DA:208,0
DA:210,10
DA:212,10
DA:213,4
DA:215,10
DA:216,0
DA:218,10
DA:219,4
DA:221,10
DA:226,6
DA:231,6
DA:236,6
DA:241,1
DA:246,1
DA:250,1
DA:253,1
DA:254,1
LF:80
LH:78
BRDA:3,1,0,36
BRDA:3,1,1,36
BRDA:3,2,0,26
BRDA:3,2,1,10
BRDA:3,3,0,1
BRDA:3,3,1,0
BRDA:3,4,0,1
BRDA:3,4,1,0
BRDA:5,5,0,0
BRDA:5,5,1,159
BRDA:7,6,0,0
BRDA:7,6,1,201
BRDA:7,7,0,0
BRDA:7,7,1,201
BRDA:7,8,0,201
BRDA:7,8,1,0
BRDA:7,8,2,0
BRDA:9,9,0,0
BRDA:9,9,1,1
BRDA:9,10,0,1
BRDA:9,10,1,0
BRDA:9,11,0,1
BRDA:9,11,1,1
BRDA:9,12,0,1
BRDA:9,12,1,0
BRDA:9,13,0,1
BRDA:9,13,1,0
BRDA:22,14,0,42
BRDA:22,14,1,117
BRDA:203,15,0,1
BRDA:203,15,1,10
BRDA:203,16,0,11
BRDA:203,16,1,10
BRDA:203,16,2,10
BRDA:207,17,0,0
BRDA:207,17,1,10
BRDA:212,18,0,4
BRDA:212,18,1,6
BRDA:215,19,0,0
BRDA:215,19,1,10
BRDA:218,20,0,4
BRDA:218,20,1,6
BRF:42
BRH:29
end_of_record
TN:
SF:/home/travis/build/jThreeJS/jThree/lib/Math/Vector4.js
FN:3,(anonymous_1)
FN:3,defineProperties
FN:3,(anonymous_3)
FN:5,_classCallCheck
FN:7,_possibleConstructorReturn
FN:9,_inherits
FN:14,(anonymous_7)
FN:17,Vector4
FN:32,normalizeThis
FN:37,dotWith
FN:42,addWith
FN:47,subtractWith
FN:52,multiplyWith
FN:57,negateThis
FN:62,equalWith
FN:67,nearlyEqualWith
FN:72,toString
FN:77,toDisplayString
FN:82,toMathematicaString
FN:87,get
FN:92,get
FN:95,set
FN:100,get
FN:103,set
FN:108,get
FN:111,set
FN:116,get
FN:119,set
FN:124,get
FN:129,copy
FN:134,dot
FN:139,add
FN:145,subtract
FN:151,multiply
FN:157,negate
FN:162,equal
FN:167,nearlyEqual
FN:172,normalize
FN:178,min
FN:179,(anonymous_40)
FN:185,max
FN:186,(anonymous_42)
FN:192,angle
FN:197,parse
FN:222,get
FN:227,get
FN:232,get
FN:237,get
FN:242,get
FN:247,get
FNF:50
FNH:50
FNDA:1,(anonymous_1)
FNDA:2,defineProperties
FNDA:1,(anonymous_3)
FNDA:115,_classCallCheck
FNDA:138,_possibleConstructorReturn
FNDA:1,_inherits
FNDA:1,(anonymous_7)
FNDA:115,Vector4
FNDA:3,normalizeThis
FNDA:1,dotWith
FNDA:1,addWith
FNDA:1,subtractWith
FNDA:3,multiplyWith
FNDA:3,negateThis
FNDA:31,equalWith
FNDA:3,nearlyEqualWith
FNDA:2,toString
FNDA:1,toDisplayString
FNDA:1,toMathematicaString
FNDA:2,get
FNDA:6,get
FNDA:1,set
FNDA:6,get
FNDA:1,set
FNDA:6,get
FNDA:1,set
FNDA:6,get
FNDA:1,set
FNDA:270,get
FNDA:1,copy
FNDA:3,dot
FNDA:2,add
FNDA:2,subtract
FNDA:8,multiply
FNDA:4,negate
FNDA:32,equal
FNDA:4,nearlyEqual
FNDA:5,normalize
FNDA:1,min
FNDA:4,(anonymous_40)
FNDA:1,max
FNDA:4,(anonymous_42)
FNDA:1,angle
FNDA:5,parse
FNDA:1,get
FNDA:1,get
FNDA:1,get
FNDA:1,get
FNDA:1,get
FNDA:1,get
DA:3,36
DA:5,115
DA:7,138
DA:9,1
DA:11,1
DA:12,1
DA:14,1
DA:15,1
DA:17,1
DA:18,115
DA:20,115
DA:22,115
DA:23,23
DA:24,23
DA:26,92
DA:27,92
DA:30,1
DA:33,3
DA:38,1
DA:43,1
DA:48,1
DA:53,3
DA:58,3
DA:63,31
DA:68,3
DA:73,2
DA:78,1
DA:83,1
DA:88,2
DA:93,6
DA:96,1
DA:101,6
DA:104,1
DA:109,6
DA:112,1
DA:117,6
DA:120,1
DA:125,270
DA:130,1
DA:135,3
DA:140,2
DA:141,2
DA:146,2
DA:147,2
DA:152,8
DA:153,8
DA:158,4
DA:163,32
DA:168,4
DA:173,5
DA:174,5
DA:179,1
DA:180,4
DA:186,1
DA:187,4
DA:193,1
DA:198,5
DA:199,5
DA:200,5
DA:201,0
DA:203,5
DA:204,5
DA:205,0
DA:207,5
DA:209,5
DA:210,2
DA:212,5
DA:213,0
DA:215,5
DA:216,2
DA:218,5
DA:223,1
DA:228,1
DA:233,1
DA:238,1
DA:243,1
DA:248,1
DA:252,1
DA:255,1
DA:256,1
LF:80
LH:77
BRDA:3,1,0,36
BRDA:3,1,1,36
BRDA:3,2,0,24
BRDA:3,2,1,12
BRDA:3,3,0,1
BRDA:3,3,1,0
BRDA:3,4,0,1
BRDA:3,4,1,0
BRDA:5,5,0,0
BRDA:5,5,1,115
BRDA:7,6,0,0
BRDA:7,6,1,138
BRDA:7,7,0,0
BRDA:7,7,1,138
BRDA:7,8,0,138
BRDA:7,8,1,0
BRDA:7,8,2,0
BRDA:9,9,0,0
BRDA:9,9,1,1
BRDA:9,10,0,1
BRDA:9,10,1,0
BRDA:9,11,0,1
BRDA:9,11,1,1
BRDA:9,12,0,1
BRDA:9,12,1,0
BRDA:9,13,0,1
BRDA:9,13,1,0
BRDA:22,14,0,23
BRDA:22,14,1,92
BRDA:200,15,0,0
BRDA:200,15,1,5
BRDA:200,16,0,5
BRDA:200,16,1,5
BRDA:200,16,2,5
BRDA:204,17,0,0
BRDA:204,17,1,5
BRDA:209,18,0,2
BRDA:209,18,1,3
BRDA:212,19,0,0
BRDA:212,19,1,5
BRDA:215,20,0,2
BRDA:215,20,1,3
BRF:42
BRH:28
end_of_record
TN:
SF:/home/travis/build/jThreeJS/jThree/lib/Math/VectorArray.js
FN:3,(anonymous_1)
FN:3,defineProperties
FN:3,(anonymous_3)
FN:5,_classCallCheck
FN:14,(anonymous_5)
FN:15,VectorArray
FN:34,appendVector
FN:40,setVector
FN:48,setRawArray
FN:55,getVector
FN:69,setVectorArray
FN:78,(anonymous_12)
FN:89,getVectorArray
FN:101,_verifyDimension
FN:110,get
FN:115,zeroVectorArray
FNF:16
FNH:4
FNDA:1,(anonymous_1)
FNDA:2,defineProperties
FNDA:1,(anonymous_3)
FNDA:0,_classCallCheck
FNDA:1,(anonymous_5)
FNDA:0,VectorArray
FNDA:0,appendVector
FNDA:0,setVector
FNDA:0,setRawArray
FNDA:0,getVector
FNDA:0,setVectorArray
FNDA:0,(anonymous_12)
FNDA:0,getVectorArray
[...]
BRDA:90,16,0,0
BRDA:90,16,1,0
BRF:32
BRH:0
end_of_record
TN:
SF:/home/travis/build/jThreeJS/jThree/lib/Core/Renderers/RenderStages/RSML/RSMLRenderStage.js
FN:3,(anonymous_1)
FN:3,defineProperties
FN:3,(anonymous_3)
FN:5,get
FN:7,_classCallCheck
FN:9,_possibleConstructorReturn
FN:11,_inherits
FN:16,(anonymous_8)
FN:19,RSMLRenderStage
FN:30,getDefaultRendererConfigure
FN:35,getSuperRendererConfigure
FN:40,preTechnique
FN:45,render
FN:50,needRender
FN:55,getTechniqueCount
FN:60,getTarget
FN:65,_parseRSML
FN:82,get
FNF:18
FNH:0
FNDA:0,(anonymous_1)
FNDA:0,defineProperties
FNDA:0,(anonymous_3)
FNDA:0,get
FNDA:0,_classCallCheck
FNDA:0,_possibleConstructorReturn
FNDA:0,_inherits
FNDA:0,(anonymous_8)
FNDA:0,RSMLRenderStage
FNDA:0,getDefaultRendererConfigure
FNDA:0,getSuperRendererConfigure
FNDA:0,preTechnique
FNDA:0,render
FNDA:0,needRender
FNDA:0,getTechniqueCount
FNDA:0,getTarget
FNDA:0,_parseRSML
FNDA:0,get
DA:3,1
DA:5,0
DA:7,1
DA:9,1
DA:11,1
DA:13,0
DA:14,0
DA:16,0
DA:17,0
DA:19,1
DA:20,0
DA:22,0
DA:24,0
DA:25,0
DA:28,0
DA:31,0
DA:36,0
DA:41,0
DA:46,0
DA:51,0
DA:56,0
DA:61,0
DA:66,0
DA:67,0
DA:68,0
DA:69,0
DA:70,0
DA:72,0
DA:73,0
DA:74,0
DA:75,0
DA:76,0
DA:77,0
DA:83,0
DA:87,0
DA:90,0
DA:91,0
LF:37
LH:5
BRDA:3,1,0,0
BRDA:3,1,1,0
BRDA:3,2,0,0
BRDA:3,2,1,0
BRDA:3,3,0,0
BRDA:3,3,1,0
BRDA:3,4,0,0
BRDA:3,4,1,0
BRDA:5,5,0,0
BRDA:5,5,1,0
BRDA:5,6,0,0
BRDA:5,6,1,0
BRDA:5,7,0,0
BRDA:5,7,1,0
BRDA:5,8,0,0
BRDA:5,8,1,0
BRDA:5,9,0,0
BRDA:5,9,1,0
BRDA:7,10,0,0
BRDA:7,10,1,0
BRDA:9,11,0,0
BRDA:9,11,1,0
BRDA:9,12,0,0
BRDA:9,12,1,0
BRDA:9,13,0,0
BRDA:9,13,1,0
BRDA:9,13,2,0
BRDA:11,14,0,0
BRDA:11,14,1,0
BRDA:11,15,0,0
BRDA:11,15,1,0
BRDA:11,16,0,0
BRDA:11,16,1,0
BRDA:11,17,0,0
BRDA:11,17,1,0
BRDA:11,18,0,0
BRDA:11,18,1,0
BRDA:51,19,0,0
BRDA:51,19,1,0
BRDA:68,20,0,0
BRDA:68,20,1,0
BRF:41
BRH:0
end_of_record
TN:
SF:/home/travis/build/jThreeJS/jThree/lib/Core/SceneObjects/Light/Impl/AreaLight.js
FN:3,_classCallCheck
FN:5,_possibleConstructorReturn
FN:7,_inherits
FN:18,(anonymous_4)
FN:21,AreaLight
FN:29,(anonymous_6)
FNF:6
FNH:0
FNDA:0,_classCallCheck
FNDA:0,_possibleConstructorReturn
FNDA:0,_inherits
FNDA:0,(anonymous_4)
FNDA:0,AreaLight
FNDA:0,(anonymous_6)
DA:3,1
DA:5,1
DA:7,1
DA:9,0
DA:10,0
DA:11,0
DA:12,0
DA:13,0
DA:18,0
DA:19,0
DA:21,1
DA:22,0
DA:24,0
DA:26,0
DA:27,0
DA:28,0
DA:29,0
DA:30,0
DA:35,0
DA:36,0
DA:39,0
DA:42,0
DA:43,0
LF:23
LH:4
BRDA:3,1,0,0
BRDA:3,1,1,0
BRDA:5,2,0,0
BRDA:5,2,1,0
BRDA:5,3,0,0
BRDA:5,3,1,0
BRDA:5,4,0,0
BRDA:5,4,1,0
BRDA:5,4,2,0
BRDA:7,5,0,0
BRDA:7,5,1,0
BRDA:7,6,0,0
BRDA:7,6,1,0
BRDA:7,7,0,0
BRDA:7,7,1,0
BRDA:7,8,0,0
BRDA:7,8,1,0
BRDA:7,9,0,0
BRDA:7,9,1,0
BRF:19
BRH:0
end_of_record
TN:
SF:/home/travis/build/jThreeJS/jThree/lib/Core/SceneObjects/Light/Impl/DirectionalLight.js
FN:3,_classCallCheck
FN:5,_possibleConstructorReturn
FN:7,_inherits
FN:19,(anonymous_4)
FN:22,DirectionalLight
FN:30,(anonymous_6)
FN:37,(anonymous_7)
FNF:7
FNH:0
FNDA:0,_classCallCheck
FNDA:0,_possibleConstructorReturn
FNDA:0,_inherits
FNDA:0,(anonymous_4)
FNDA:0,DirectionalLight
FNDA:0,(anonymous_6)
FNDA:0,(anonymous_7)
DA:3,1
DA:5,1
DA:7,1
DA:9,0
DA:10,0
DA:11,0
DA:12,0
DA:13,0
DA:14,0
DA:19,0
DA:20,0
DA:22,1
DA:23,0
DA:25,0
DA:27,0
DA:28,0
DA:29,0
DA:30,0
DA:31,0
DA:36,0
DA:37,0
DA:38,0
DA:43,0
DA:44,0
DA:45,0
DA:48,0
DA:51,0
DA:52,0
LF:28
LH:4
BRDA:3,1,0,0
BRDA:3,1,1,0
BRDA:5,2,0,0
BRDA:5,2,1,0
BRDA:5,3,0,0
BRDA:5,3,1,0
BRDA:5,4,0,0
BRDA:5,4,1,0
BRDA:5,4,2,0
BRDA:7,5,0,0
BRDA:7,5,1,0
BRDA:7,6,0,0
BRDA:7,6,1,0
BRDA:7,7,0,0
BRDA:7,7,1,0
BRDA:7,8,0,0
BRDA:7,8,1,0
BRDA:7,9,0,0
BRDA:7,9,1,0
BRF:19
BRH:0
end_of_record
TN:
SF:/home/travis/build/jThreeJS/jThree/lib/Core/SceneObjects/Light/Impl/PointLight.js
FN:3,_classCallCheck
FN:5,_possibleConstructorReturn
FN:7,_inherits
FN:19,(anonymous_4)
FN:22,PointLight
FN:32,(anonymous_6)
FN:42,(anonymous_7)
FNF:7
FNH:0
FNDA:0,_classCallCheck
FNDA:0,_possibleConstructorReturn
FNDA:0,_inherits
FNDA:0,(anonymous_4)
FNDA:0,PointLight
FNDA:0,(anonymous_6)
FNDA:0,(anonymous_7)
DA:3,1
DA:5,1
DA:7,1
DA:9,0
DA:10,0
DA:11,0
DA:12,0
DA:13,0
DA:14,0
DA:19,0
DA:20,0
DA:22,1
DA:23,0
DA:25,0
DA:27,0
DA:28,0
DA:29,0
DA:30,0
DA:31,0
DA:32,0
DA:33,0
DA:34,0
DA:41,0
DA:42,0
DA:43,0
DA:44,0
DA:51,0
DA:52,0
DA:53,0
DA:56,0
DA:59,0
DA:60,0
LF:32
LH:4
BRDA:3,1,0,0
BRDA:3,1,1,0
BRDA:5,2,0,0
BRDA:5,2,1,0
BRDA:5,3,0,0
BRDA:5,3,1,0
BRDA:5,4,0,0
BRDA:5,4,1,0
BRDA:5,4,2,0
BRDA:7,5,0,0
BRDA:7,5,1,0
BRDA:7,6,0,0
BRDA:7,6,1,0
BRDA:7,7,0,0
BRDA:7,7,1,0
BRDA:7,8,0,0
BRDA:7,8,1,0
BRDA:7,9,0,0
BRDA:7,9,1,0
BRF:19
BRH:0
end_of_record
TN:
SF:/home/travis/build/jThreeJS/jThree/lib/Core/SceneObjects/Light/Impl/SceneLight.js
FN:3,_classCallCheck
FN:5,_possibleConstructorReturn
FN:7,_inherits
FN:19,(anonymous_4)
FN:22,SceneLight
FN:30,(anonymous_6)
FNF:6
FNH:0
FNDA:0,_classCallCheck
FNDA:0,_possibleConstructorReturn
FNDA:0,_inherits
FNDA:0,(anonymous_4)
FNDA:0,SceneLight
FNDA:0,(anonymous_6)
DA:3,1
DA:5,1
DA:7,1
DA:9,0
DA:10,0
DA:11,0
DA:12,0
DA:19,0
DA:20,0
DA:22,1
DA:23,0
DA:25,0
DA:27,0
DA:28,0
DA:29,0
DA:30,0
DA:31,0
DA:35,0
DA:36,0
DA:39,0
DA:42,0
DA:43,0
LF:22
LH:4
BRDA:3,1,0,0
BRDA:3,1,1,0
BRDA:5,2,0,0
BRDA:5,2,1,0
BRDA:5,3,0,0
BRDA:5,3,1,0
BRDA:5,4,0,0
BRDA:5,4,1,0
BRDA:5,4,2,0
BRDA:7,5,0,0
BRDA:7,5,1,0
BRDA:7,6,0,0
BRDA:7,6,1,0
BRDA:7,7,0,0
BRDA:7,7,1,0
BRDA:7,8,0,0
BRDA:7,8,1,0
BRDA:7,9,0,0
BRDA:7,9,1,0
BRF:19
BRH:0
end_of_record
TN:
SF:/home/travis/build/jThreeJS/jThree/lib/Core/SceneObjects/Light/Impl/SpotLight.js
FN:3,_classCallCheck
FN:5,_possibleConstructorReturn
FN:7,_inherits
FN:19,(anonymous_4)
FN:22,SpotLight
FN:36,(anonymous_6)
FN:52,(anonymous_7)
FNF:7
FNH:0
FNDA:0,_classCallCheck
FNDA:0,_possibleConstructorReturn
FNDA:0,_inherits
FNDA:0,(anonymous_4)
FNDA:0,SpotLight
FNDA:0,(anonymous_6)
FNDA:0,(anonymous_7)
DA:3,1
DA:5,1
DA:7,1
DA:9,0
DA:10,0
DA:11,0
DA:12,0
DA:13,0
DA:14,0
DA:19,0
DA:20,0
DA:22,1
DA:23,0
DA:25,0
DA:27,0
DA:28,0
DA:29,0
DA:30,0
DA:31,0
DA:32,0
DA:33,0
DA:34,0
DA:35,0
DA:36,0
DA:37,0
DA:38,0
DA:39,0
DA:51,0
DA:52,0
DA:53,0
DA:54,0
DA:55,0
DA:64,0
DA:65,0
DA:66,0
DA:69,0
DA:72,0
DA:73,0
LF:38
LH:4
BRDA:3,1,0,0
BRDA:3,1,1,0
BRDA:5,2,0,0
BRDA:5,2,1,0
BRDA:5,3,0,0
BRDA:5,3,1,0
BRDA:5,4,0,0
BRDA:5,4,1,0
BRDA:5,4,2,0
BRDA:7,5,0,0
BRDA:7,5,1,0
BRDA:7,6,0,0
BRDA:7,6,1,0
BRDA:7,7,0,0
BRDA:7,7,1,0
BRDA:7,8,0,0
BRDA:7,8,1,0
BRDA:7,9,0,0
BRDA:7,9,1,0
BRF:19
BRH:0
end_of_record
TN:
SF:/home/travis/build/jThreeJS/jThree/lib/Goml/Nodes/SceneObjects/Cameras/CameraNode.js
FN:3,(anonymous_1)
FN:3,defineProperties
FN:3,(anonymous_3)
FN:5,get
FN:7,_classCallCheck
FN:9,_possibleConstructorReturn
FN:11,_inherits
FN:16,(anonymous_8)
FN:19,CameraNode
FN:46,(anonymous_10)
FN:57,ConstructCamera
FN:62,onMount
FN:67,_onFovyAttrChanged
FN:75,_onAspectAttrChanged
FN:83,_onNearAttrChanged
FN:91,_onFarAttrChanged
FN:99,get
FN:104,get
FN:109,get
FN:114,get
FNF:20
FNH:0
FNDA:0,(anonymous_1)
FNDA:0,defineProperties
FNDA:0,(anonymous_3)
FNDA:0,get
FNDA:0,_classCallCheck
FNDA:0,_possibleConstructorReturn
FNDA:0,_inherits
FNDA:0,(anonymous_8)
FNDA:0,CameraNode
FNDA:0,(anonymous_10)
FNDA:0,ConstructCamera
FNDA:0,onMount
FNDA:0,_onFovyAttrChanged
FNDA:0,_onAspectAttrChanged
FNDA:0,_onNearAttrChanged
FNDA:0,_onFarAttrChanged
FNDA:0,get
FNDA:0,get
FNDA:0,get
FNDA:0,get
DA:3,1
DA:5,0
DA:7,1
DA:9,1
DA:11,1
DA:13,0
DA:14,0
DA:16,0
DA:17,0
DA:19,1
DA:20,0
DA:22,0
DA:24,0
DA:46,0
DA:47,0
DA:48,0
DA:49,0
DA:50,0
DA:52,0
DA:55,0
DA:58,0
DA:63,0
DA:68,0
DA:69,0
DA:70,0
DA:76,0
DA:77,0
DA:78,0
DA:84,0
DA:85,0
DA:86,0
DA:92,0
DA:93,0
DA:94,0
DA:100,0
DA:105,0
DA:110,0
DA:115,0
DA:119,0
DA:122,0
DA:123,0
LF:41
LH:5
BRDA:3,1,0,0
BRDA:3,1,1,0
BRDA:3,2,0,0
BRDA:3,2,1,0
BRDA:3,3,0,0
BRDA:3,3,1,0
BRDA:3,4,0,0
BRDA:3,4,1,0
BRDA:5,5,0,0
BRDA:5,5,1,0
BRDA:5,6,0,0
BRDA:5,6,1,0
BRDA:5,7,0,0
BRDA:5,7,1,0
BRDA:5,8,0,0
BRDA:5,8,1,0
BRDA:5,9,0,0
BRDA:5,9,1,0
BRDA:7,10,0,0
BRDA:7,10,1,0
BRDA:9,11,0,0
BRDA:9,11,1,0
BRDA:9,12,0,0
BRDA:9,12,1,0
BRDA:9,13,0,0
BRDA:9,13,1,0
BRDA:9,13,2,0
BRDA:11,14,0,0
BRDA:11,14,1,0
BRDA:11,15,0,0
BRDA:11,15,1,0
BRDA:11,16,0,0
BRDA:11,16,1,0
BRDA:11,17,0,0
BRDA:11,17,1,0
BRDA:11,18,0,0
BRDA:11,18,1,0
BRDA:68,19,0,0
BRDA:68,19,1,0
BRDA:76,20,0,0
BRDA:76,20,1,0
BRDA:84,21,0,0
BRDA:84,21,1,0
BRDA:92,22,0,0
BRDA:92,22,1,0
BRF:45
BRH:0
end_of_record
TN:
SF:/home/travis/build/jThreeJS/jThree/lib/Goml/Nodes/SceneObjects/Cameras/CameraNodeBase.js
FN:3,(anonymous_1)
FN:3,defineProperties
FN:3,(anonymous_3)
FN:5,get
FN:7,_classCallCheck
FN:9,_possibleConstructorReturn
FN:11,_inherits
FN:15,(anonymous_8)
FN:18,CameraNodeBase
FN:35,ConstructCamera
FN:45,onMount
FN:56,_onNameAttrChanged
FNF:12
FNH:0
FNDA:0,(anonymous_1)
FNDA:0,defineProperties
FNDA:0,(anonymous_3)
FNDA:0,get
FNDA:0,_classCallCheck
FNDA:0,_possibleConstructorReturn
FNDA:0,_inherits
FNDA:0,(anonymous_8)
FNDA:0,CameraNodeBase
FNDA:0,ConstructCamera
FNDA:0,onMount
FNDA:0,_onNameAttrChanged
DA:3,1
DA:5,0
DA:7,1
DA:9,1
DA:11,1
DA:13,0
DA:15,0
DA:16,0
DA:18,1
DA:19,0
DA:21,0
DA:23,0
DA:24,0
DA:25,0
DA:33,0
DA:36,0
DA:46,0
DA:47,0
DA:57,0
DA:58,0
DA:59,0
DA:61,0
DA:62,0
DA:66,0
DA:69,0
DA:70,0
LF:26
LH:5
BRDA:3,1,0,0
BRDA:3,1,1,0
BRDA:3,2,0,0
BRDA:3,2,1,0
BRDA:3,3,0,0
BRDA:3,3,1,0
BRDA:3,4,0,0
BRDA:3,4,1,0
BRDA:5,5,0,0
BRDA:5,5,1,0
BRDA:5,6,0,0
BRDA:5,6,1,0
BRDA:5,7,0,0
BRDA:5,7,1,0
BRDA:5,8,0,0
BRDA:5,8,1,0
BRDA:5,9,0,0
BRDA:5,9,1,0
BRDA:7,10,0,0
BRDA:7,10,1,0
BRDA:9,11,0,0
BRDA:9,11,1,0
BRDA:9,12,0,0
BRDA:9,12,1,0
BRDA:9,13,0,0
BRDA:9,13,1,0
BRDA:9,13,2,0
BRDA:11,14,0,0
BRDA:11,14,1,0
BRDA:11,15,0,0
BRDA:11,15,1,0
BRDA:11,16,0,0
BRDA:11,16,1,0
BRDA:11,17,0,0
BRDA:11,17,1,0
BRDA:11,18,0,0
BRDA:11,18,1,0
BRDA:58,19,0,0
BRDA:58,19,1,0
BRF:39
BRH:0
end_of_record
TN:
SF:/home/travis/build/jThreeJS/jThree/lib/Goml/Nodes/SceneObjects/Cameras/OrthoCameraNode.js
FN:3,(anonymous_1)
FN:3,defineProperties
FN:3,(anonymous_3)
FN:5,_classCallCheck
FN:7,_possibleConstructorReturn
FN:9,_inherits
FN:14,(anonymous_7)
FN:17,OrthoCameraNode
FN:54,(anonymous_9)
FN:67,ConstructCamera
FN:72,_onLeftAttrChanged
FN:80,_onRightAttrChanged
FN:88,_onBottomAttrChanged
FN:96,_onTopAttrChanged
FN:104,_onNearAttrChanged
FN:112,_onFarAttrChanged
FNF:16
FNH:0
FNDA:0,(anonymous_1)
FNDA:0,defineProperties
FNDA:0,(anonymous_3)
FNDA:0,_classCallCheck
FNDA:0,_possibleConstructorReturn
FNDA:0,_inherits
FNDA:0,(anonymous_7)
FNDA:0,OrthoCameraNode
FNDA:0,(anonymous_9)
FNDA:0,ConstructCamera
FNDA:0,_onLeftAttrChanged
FNDA:0,_onRightAttrChanged
FNDA:0,_onBottomAttrChanged
FNDA:0,_onTopAttrChanged
FNDA:0,_onNearAttrChanged
FNDA:0,_onFarAttrChanged
DA:3,1
DA:5,1
DA:7,1
DA:9,1
DA:11,0
DA:12,0
DA:14,0
DA:15,0
DA:17,1
DA:18,0
DA:20,0
DA:22,0
DA:54,0
DA:55,0
DA:56,0
DA:57,0
DA:58,0
DA:59,0
DA:60,0
DA:62,0
DA:65,0
DA:68,0
DA:73,0
DA:74,0
DA:75,0
DA:81,0
DA:82,0
DA:83,0
DA:89,0
DA:90,0
DA:91,0
DA:97,0
DA:98,0
DA:99,0
DA:105,0
DA:106,0
DA:107,0
DA:113,0
DA:114,0
DA:115,0
DA:120,0
DA:123,0
DA:124,0
LF:43
LH:5
BRDA:3,1,0,0
BRDA:3,1,1,0
BRDA:3,2,0,0
BRDA:3,2,1,0
BRDA:3,3,0,0
BRDA:3,3,1,0
BRDA:3,4,0,0
BRDA:3,4,1,0
BRDA:5,5,0,0
BRDA:5,5,1,0
BRDA:7,6,0,0
BRDA:7,6,1,0
BRDA:7,7,0,0
BRDA:7,7,1,0
BRDA:7,8,0,0
BRDA:7,8,1,0
BRDA:7,8,2,0
BRDA:9,9,0,0
BRDA:9,9,1,0
BRDA:9,10,0,0
BRDA:9,10,1,0
BRDA:9,11,0,0
BRDA:9,11,1,0
BRDA:9,12,0,0
BRDA:9,12,1,0
BRDA:9,13,0,0
BRDA:9,13,1,0
BRDA:73,14,0,0
BRDA:73,14,1,0
BRDA:81,15,0,0
BRDA:81,15,1,0
BRDA:89,16,0,0
BRDA:89,16,1,0
BRDA:97,17,0,0
BRDA:97,17,1,0
BRDA:105,18,0,0
BRDA:105,18,1,0
BRDA:113,19,0,0
BRDA:113,19,1,0
BRF:39
BRH:0
end_of_record
TN:
SF:/home/travis/build/jThreeJS/jThree/lib/Goml/Nodes/SceneObjects/Lights/AreaLightNode.js
FN:3,(anonymous_1)
FN:3,defineProperties
FN:3,(anonymous_3)
FN:5,_classCallCheck
FN:7,_possibleConstructorReturn
FN:9,_inherits
FN:14,(anonymous_7)
FN:17,AreaLightNode
FN:29,(anonymous_9)
FN:37,constructLight
FN:42,_onIntensityAttrChanged
FNF:11
FNH:0
FNDA:0,(anonymous_1)
FNDA:0,defineProperties
FNDA:0,(anonymous_3)
FNDA:0,_classCallCheck
FNDA:0,_possibleConstructorReturn
FNDA:0,_inherits
FNDA:0,(anonymous_7)
FNDA:0,AreaLightNode
FNDA:0,(anonymous_9)
FNDA:0,constructLight
FNDA:0,_onIntensityAttrChanged
DA:3,1
DA:5,1
DA:7,1
DA:9,1
DA:11,0
DA:12,0
DA:14,0
DA:15,0
DA:17,1
DA:18,0
DA:20,0
DA:22,0
DA:29,0
DA:30,0
DA:32,0
DA:35,0
DA:38,0
DA:43,0
DA:44,0
DA:45,0
DA:50,0
DA:53,0
DA:54,0
LF:23
LH:5
BRDA:3,1,0,0
BRDA:3,1,1,0
BRDA:3,2,0,0
BRDA:3,2,1,0
BRDA:3,3,0,0
BRDA:3,3,1,0
BRDA:3,4,0,0
BRDA:3,4,1,0
BRDA:5,5,0,0
BRDA:5,5,1,0
BRDA:7,6,0,0
BRDA:7,6,1,0
BRDA:7,7,0,0
BRDA:7,7,1,0
BRDA:7,8,0,0
BRDA:7,8,1,0
BRDA:7,8,2,0
BRDA:9,9,0,0
BRDA:9,9,1,0
BRDA:9,10,0,0
BRDA:9,10,1,0
BRDA:9,11,0,0
BRDA:9,11,1,0
BRDA:9,12,0,0
BRDA:9,12,1,0
BRDA:9,13,0,0
BRDA:9,13,1,0
BRDA:43,14,0,0
BRDA:43,14,1,0
BRF:29
BRH:0
end_of_record
TN:
SF:/home/travis/build/jThreeJS/jThree/lib/Goml/Nodes/SceneObjects/Lights/DirectionalLightNode.js
FN:3,(anonymous_1)
FN:3,defineProperties
FN:3,(anonymous_3)
FN:5,_classCallCheck
FN:7,_possibleConstructorReturn
FN:9,_inherits
FN:14,(anonymous_7)
FN:17,DirectionalLightNode
FN:34,(anonymous_9)
FN:43,constructLight
FN:48,_onIntensityAttrChanged
FN:56,_onBiasAttrChanged
FNF:12
FNH:0
FNDA:0,(anonymous_1)
FNDA:0,defineProperties
FNDA:0,(anonymous_3)
FNDA:0,_classCallCheck
FNDA:0,_possibleConstructorReturn
FNDA:0,_inherits
FNDA:0,(anonymous_7)
FNDA:0,DirectionalLightNode
FNDA:0,(anonymous_9)
FNDA:0,constructLight
FNDA:0,_onIntensityAttrChanged
FNDA:0,_onBiasAttrChanged
DA:3,1
DA:5,1
DA:7,1
DA:9,1
DA:11,0
DA:12,0
DA:14,0
DA:15,0
DA:17,1
DA:18,0
DA:20,0
DA:22,0
DA:34,0
DA:35,0
DA:36,0
DA:38,0
DA:41,0
DA:44,0
DA:49,0
DA:50,0
DA:51,0
DA:57,0
DA:58,0
DA:59,0
DA:64,0
DA:67,0
DA:68,0
LF:27
LH:5
BRDA:3,1,0,0
BRDA:3,1,1,0
BRDA:3,2,0,0
BRDA:3,2,1,0
BRDA:3,3,0,0
BRDA:3,3,1,0
BRDA:3,4,0,0
BRDA:3,4,1,0
BRDA:5,5,0,0
BRDA:5,5,1,0
BRDA:7,6,0,0
BRDA:7,6,1,0
BRDA:7,7,0,0
BRDA:7,7,1,0
BRDA:7,8,0,0
BRDA:7,8,1,0
BRDA:7,8,2,0
BRDA:9,9,0,0
BRDA:9,9,1,0
BRDA:9,10,0,0
BRDA:9,10,1,0
BRDA:9,11,0,0
BRDA:9,11,1,0
BRDA:9,12,0,0
BRDA:9,12,1,0
BRDA:9,13,0,0
BRDA:9,13,1,0
BRDA:49,14,0,0
BRDA:49,14,1,0
BRDA:57,15,0,0
BRDA:57,15,1,0
BRF:31
BRH:0
end_of_record
TN:
SF:/home/travis/build/jThreeJS/jThree/lib/Goml/Nodes/SceneObjects/Lights/LightNodeBase.js
FN:3,(anonymous_1)
FN:3,defineProperties
FN:3,(anonymous_3)
FN:5,get
FN:7,_classCallCheck
FN:9,_possibleConstructorReturn
FN:11,_inherits
FN:15,(anonymous_8)
FN:18,LightNodeBase
FN:30,(anonymous_10)
FN:43,constructLight
FN:48,onMount
FN:54,_onColorAttrChanged
FNF:13
FNH:0
FNDA:0,(anonymous_1)
FNDA:0,defineProperties
FNDA:0,(anonymous_3)
FNDA:0,get
FNDA:0,_classCallCheck
FNDA:0,_possibleConstructorReturn
FNDA:0,_inherits
FNDA:0,(anonymous_8)
FNDA:0,LightNodeBase
FNDA:0,(anonymous_10)
FNDA:0,constructLight
FNDA:0,onMount
FNDA:0,_onColorAttrChanged
DA:3,1
DA:5,0
DA:7,1
DA:9,1
DA:11,1
DA:13,0
DA:15,0
DA:16,0
DA:18,1
DA:19,0
DA:21,0
DA:23,0
DA:30,0
DA:31,0
DA:33,0
DA:41,0
DA:44,0
DA:49,0
DA:50,0
DA:55,0
DA:56,0
DA:57,0
DA:62,0
DA:65,0
DA:66,0
LF:25
LH:5
BRDA:3,1,0,0
BRDA:3,1,1,0
BRDA:3,2,0,0
BRDA:3,2,1,0
BRDA:3,3,0,0
BRDA:3,3,1,0
BRDA:3,4,0,0
BRDA:3,4,1,0
BRDA:5,5,0,0
BRDA:5,5,1,0
BRDA:5,6,0,0
BRDA:5,6,1,0
BRDA:5,7,0,0
BRDA:5,7,1,0
BRDA:5,8,0,0
BRDA:5,8,1,0
BRDA:5,9,0,0
BRDA:5,9,1,0
BRDA:7,10,0,0
BRDA:7,10,1,0
BRDA:9,11,0,0
BRDA:9,11,1,0
BRDA:9,12,0,0
BRDA:9,12,1,0
BRDA:9,13,0,0
BRDA:9,13,1,0
BRDA:9,13,2,0
BRDA:11,14,0,0
BRDA:11,14,1,0
BRDA:11,15,0,0
BRDA:11,15,1,0
BRDA:11,16,0,0
BRDA:11,16,1,0
BRDA:11,17,0,0
BRDA:11,17,1,0
BRDA:11,18,0,0
BRDA:11,18,1,0
BRDA:55,19,0,0
BRDA:55,19,1,0
BRF:39
BRH:0
end_of_record
TN:
SF:/home/travis/build/jThreeJS/jThree/lib/Goml/Nodes/SceneObjects/Lights/PointLightNode.js
FN:3,(anonymous_1)
FN:3,defineProperties
FN:3,(anonymous_3)
FN:5,_classCallCheck
FN:7,_possibleConstructorReturn
FN:9,_inherits
FN:14,(anonymous_7)
FN:17,PointLightNode
FN:39,(anonymous_9)
FN:49,constructLight
FN:54,_onIntensityAttrChanged
FN:62,_onDecayAttrChanged
FN:70,_onDistanceAttrChanged
FNF:13
FNH:0
FNDA:0,(anonymous_1)
FNDA:0,defineProperties
FNDA:0,(anonymous_3)
FNDA:0,_classCallCheck
FNDA:0,_possibleConstructorReturn
FNDA:0,_inherits
FNDA:0,(anonymous_7)
FNDA:0,PointLightNode
FNDA:0,(anonymous_9)
FNDA:0,constructLight
FNDA:0,_onIntensityAttrChanged
FNDA:0,_onDecayAttrChanged
FNDA:0,_onDistanceAttrChanged
DA:3,1
DA:5,1
DA:7,1
DA:9,1
DA:11,0
DA:12,0
DA:14,0
DA:15,0
DA:17,1
DA:18,0
DA:20,0
DA:22,0
DA:39,0
DA:40,0
DA:41,0
DA:42,0
DA:44,0
DA:47,0
DA:50,0
DA:55,0
DA:56,0
DA:57,0
DA:63,0
DA:64,0
DA:65,0
DA:71,0
DA:72,0
DA:73,0
DA:78,0
DA:81,0
DA:82,0
LF:31
LH:5
BRDA:3,1,0,0
BRDA:3,1,1,0
BRDA:3,2,0,0
BRDA:3,2,1,0
BRDA:3,3,0,0
BRDA:3,3,1,0
BRDA:3,4,0,0
BRDA:3,4,1,0
BRDA:5,5,0,0
BRDA:5,5,1,0
BRDA:7,6,0,0
BRDA:7,6,1,0
BRDA:7,7,0,0
BRDA:7,7,1,0
BRDA:7,8,0,0
BRDA:7,8,1,0
BRDA:7,8,2,0
BRDA:9,9,0,0
BRDA:9,9,1,0
BRDA:9,10,0,0
BRDA:9,10,1,0
BRDA:9,11,0,0
BRDA:9,11,1,0
BRDA:9,12,0,0
BRDA:9,12,1,0
BRDA:9,13,0,0
BRDA:9,13,1,0
BRDA:55,14,0,0
BRDA:55,14,1,0
BRDA:63,15,0,0
BRDA:63,15,1,0
BRDA:71,16,0,0
BRDA:71,16,1,0
BRF:33
BRH:0
end_of_record
TN:
SF:/home/travis/build/jThreeJS/jThree/lib/Goml/Nodes/SceneObjects/Lights/SceneLightNode.js
FN:3,(anonymous_1)
FN:3,defineProperties
FN:3,(anonymous_3)
FN:5,_classCallCheck
FN:7,_possibleConstructorReturn
FN:9,_inherits
FN:14,(anonymous_7)
FN:17,SceneLightNode
FN:29,(anonymous_9)
FN:37,constructLight
FN:42,_onIntensityAttrChanged
FNF:11
FNH:0
FNDA:0,(anonymous_1)
FNDA:0,defineProperties
FNDA:0,(anonymous_3)
FNDA:0,_classCallCheck
FNDA:0,_possibleConstructorReturn
FNDA:0,_inherits
FNDA:0,(anonymous_7)
FNDA:0,SceneLightNode
FNDA:0,(anonymous_9)
FNDA:0,constructLight
FNDA:0,_onIntensityAttrChanged
DA:3,1
DA:5,1
DA:7,1
DA:9,1
DA:11,0
DA:12,0
DA:14,0
DA:15,0
DA:17,1
DA:18,0
DA:20,0
DA:22,0
DA:29,0
DA:30,0
DA:32,0
DA:35,0
DA:38,0
DA:43,0
DA:44,0
DA:45,0
DA:50,0
DA:53,0
DA:54,0
LF:23
LH:5
BRDA:3,1,0,0
BRDA:3,1,1,0
BRDA:3,2,0,0
BRDA:3,2,1,0
BRDA:3,3,0,0
BRDA:3,3,1,0
BRDA:3,4,0,0
BRDA:3,4,1,0
BRDA:5,5,0,0
BRDA:5,5,1,0
BRDA:7,6,0,0
BRDA:7,6,1,0
BRDA:7,7,0,0
BRDA:7,7,1,0
BRDA:7,8,0,0
BRDA:7,8,1,0
BRDA:7,8,2,0
BRDA:9,9,0,0
BRDA:9,9,1,0
BRDA:9,10,0,0
BRDA:9,10,1,0
BRDA:9,11,0,0
BRDA:9,11,1,0
BRDA:9,12,0,0
BRDA:9,12,1,0
BRDA:9,13,0,0
BRDA:9,13,1,0
BRDA:43,14,0,0
BRDA:43,14,1,0
BRF:29
BRH:0
end_of_record
TN:
SF:/home/travis/build/jThreeJS/jThree/lib/Goml/Nodes/SceneObjects/Lights/SpotLightNode.js
FN:3,(anonymous_1)
FN:3,defineProperties
FN:3,(anonymous_3)
FN:5,_classCallCheck
FN:7,_possibleConstructorReturn
FN:9,_inherits
FN:14,(anonymous_7)
FN:17,SpotLightNode
FN:59,(anonymous_9)
FN:73,constructLight
FN:78,_onIntensityAttrChanged
FN:86,_onInnerAngleAttrChanged
FN:94,_onOuterAngleAttrChanged
FN:102,_onInnerDistanceAttrChanged
FN:110,_onOuterDistanceAttrChanged
FN:118,_onDistanceDecayAttrChanged
FN:126,_onAngleDecayAttrChanged
FNF:17
FNH:0
FNDA:0,(anonymous_1)
FNDA:0,defineProperties
FNDA:0,(anonymous_3)
FNDA:0,_classCallCheck
FNDA:0,_possibleConstructorReturn
FNDA:0,_inherits
FNDA:0,(anonymous_7)
FNDA:0,SpotLightNode
FNDA:0,(anonymous_9)
FNDA:0,constructLight
FNDA:0,_onIntensityAttrChanged
FNDA:0,_onInnerAngleAttrChanged
FNDA:0,_onOuterAngleAttrChanged
FNDA:0,_onInnerDistanceAttrChanged
FNDA:0,_onOuterDistanceAttrChanged
FNDA:0,_onDistanceDecayAttrChanged
FNDA:0,_onAngleDecayAttrChanged
DA:3,1
DA:5,1
DA:7,1
DA:9,1
DA:11,0
DA:12,0
DA:14,0
DA:15,0
DA:17,1
DA:18,0
DA:20,0
DA:22,0
DA:59,0
DA:60,0
DA:61,0
DA:62,0
DA:63,0
DA:64,0
DA:65,0
DA:66,0
DA:68,0
DA:71,0
DA:74,0
DA:79,0
DA:80,0
DA:81,0
DA:87,0
DA:88,0
DA:89,0
DA:95,0
DA:96,0
DA:97,0
DA:103,0
DA:104,0
DA:105,0
DA:111,0
DA:112,0
DA:113,0
DA:119,0
DA:120,0
DA:121,0
DA:127,0
DA:128,0
DA:129,0
DA:134,0
DA:137,0
DA:138,0
LF:47
LH:5
BRDA:3,1,0,0
BRDA:3,1,1,0
BRDA:3,2,0,0
BRDA:3,2,1,0
BRDA:3,3,0,0
BRDA:3,3,1,0
BRDA:3,4,0,0
BRDA:3,4,1,0
BRDA:5,5,0,0
BRDA:5,5,1,0
BRDA:7,6,0,0
BRDA:7,6,1,0
BRDA:7,7,0,0
BRDA:7,7,1,0
BRDA:7,8,0,0
BRDA:7,8,1,0
BRDA:7,8,2,0
BRDA:9,9,0,0
BRDA:9,9,1,0
BRDA:9,10,0,0
BRDA:9,10,1,0
BRDA:9,11,0,0
BRDA:9,11,1,0
BRDA:9,12,0,0
BRDA:9,12,1,0
BRDA:9,13,0,0
BRDA:9,13,1,0
BRDA:79,14,0,0
BRDA:79,14,1,0
BRDA:87,15,0,0
BRDA:87,15,1,0
BRDA:95,16,0,0
BRDA:95,16,1,0
BRDA:103,17,0,0
BRDA:103,17,1,0
BRDA:111,18,0,0
BRDA:111,18,1,0
BRDA:119,19,0,0
BRDA:119,19,1,0
BRDA:127,20,0,0
BRDA:127,20,1,0
BRF:41
BRH:0
end_of_record
