TN:
SF:/home/ubuntu/jThree/lib/Init.js
FN:26,(anonymous_6)
FN:40,(anonymous_9)
FN:47,(anonymous_12)
FN:66,(anonymous_14)
FN:92,(anonymous_15)
FN:115,(anonymous_18)
FNF:6
FNH:2
FNDA:1,(anonymous_6)
FNDA:1,(anonymous_9)
FNDA:0,(anonymous_12)
FNDA:0,(anonymous_14)
FNDA:0,(anonymous_15)
FNDA:0,(anonymous_18)
DA:1,1
DA:2,1
DA:3,1
DA:4,1
DA:5,1
DA:6,1
DA:7,1
DA:8,1
DA:9,1
DA:10,1
DA:11,1
DA:12,1
DA:13,1
DA:14,1
DA:15,1
DA:16,1
DA:17,1
DA:18,1
DA:19,1
DA:20,1
DA:21,1
DA:28,0
DA:42,0
DA:43,0
DA:45,0
DA:46,0
DA:47,0
DA:48,0
DA:50,0
DA:53,0
DA:59,0
DA:60,0
DA:61,0
DA:62,0
DA:66,0
DA:67,0
DA:68,0
DA:69,0
DA:75,0
DA:78,0
DA:79,0
DA:80,0
DA:81,0
DA:82,0
DA:83,0
DA:84,0
DA:85,0
DA:86,0
DA:87,0
DA:88,0
DA:89,0
DA:90,0
DA:91,0
DA:92,0
DA:93,0
DA:98,1
DA:99,0
DA:101,1
DA:102,436
DA:103,297
DA:104,297
DA:108,0
DA:109,0
DA:111,0
DA:112,0
DA:113,0
DA:114,0
DA:115,0
DA:116,0
LF:69
LH:26
BRDA:42,1,0,0
BRDA:42,1,1,0
BRDA:45,2,0,0
BRDA:45,2,1,0
BRDA:67,3,0,0
BRDA:67,3,1,0
BRDA:75,4,0,0
BRDA:75,4,1,0
BRDA:91,5,0,0
BRDA:91,5,1,0
BRDA:98,6,0,0
BRDA:98,6,1,1
BRDA:102,7,0,297
BRDA:102,7,1,139
BRF:14
BRH:3
end_of_record
TN:
SF:/home/ubuntu/jThree/lib/Core/Renderers/RenderStageRegistory.js
FN:4,(anonymous_6)
FN:5,RenderStageRegistory
FN:7,(anonymous_8)
FN:34,(anonymous_11)
FNF:4
FNH:1
FNDA:1,(anonymous_6)
FNDA:0,RenderStageRegistory
FNDA:0,(anonymous_8)
FNDA:0,(anonymous_11)
DA:1,1
DA:2,1
DA:3,1
DA:5,1
DA:6,0
DA:7,0
DA:8,0
DA:9,0
DA:10,0
DA:11,0
DA:12,0
DA:13,0
DA:14,0
DA:15,0
DA:16,0
DA:19,0
DA:22,0
DA:23,0
DA:24,0
DA:26,0
DA:27,0
DA:28,0
DA:29,0
DA:30,0
DA:31,0
DA:32,0
DA:34,0
DA:43,0
LF:28
LH:4
BRDA:22,1,0,0
BRDA:22,1,1,0
BRDA:30,2,0,0
BRDA:30,2,1,0
BRF:4
BRH:0
end_of_record
TN:
SF:/home/ubuntu/jThree/lib/Core/Renderers/RenderStages/HitAreaRenderStage.js
FN:4,(anonymous_9)
FN:5,HitAreaRenderStage
FN:15,(anonymous_11)
FN:16,(anonymous_12)
FNF:4
FNH:1
FNDA:1,(anonymous_9)
FNDA:0,HitAreaRenderStage
FNDA:0,(anonymous_11)
FNDA:0,(anonymous_12)
DA:1,1
DA:2,1
DA:3,1
DA:5,1
DA:12,0
DA:13,0
DA:14,0
DA:15,0
DA:16,0
DA:17,0
DA:22,0
DA:23,0
DA:26,0
DA:27,0
DA:28,0
DA:31,0
DA:32,0
DA:33,0
DA:35,0
DA:36,0
DA:37,0
DA:38,0
DA:39,0
DA:40,0
DA:42,0
DA:46,0
DA:47,0
DA:52,0
DA:55,0
DA:56,0
LF:30
LH:4
BRDA:31,1,0,0
BRDA:31,1,1,0
BRDA:32,2,0,0
BRDA:32,2,1,0
BRF:4
BRH:0
end_of_record
TN:
SF:/home/ubuntu/jThree/lib/Core/Resources/Texture/TextureBase.js
FN:6,(anonymous_8)
FN:7,TextureBase
FN:92,(anonymous_12)
FNF:3
FNH:1
FNDA:1,(anonymous_8)
FNDA:0,TextureBase
FNDA:0,(anonymous_12)
DA:1,1
DA:2,1
DA:7,1
DA:9,0
DA:10,0
DA:11,0
DA:12,0
DA:13,0
DA:14,0
DA:15,0
DA:16,0
DA:17,0
DA:18,0
DA:19,0
DA:21,0
DA:22,0
DA:24,0
DA:25,0
DA:26,0
DA:29,0
DA:32,0
DA:35,0
DA:38,0
DA:41,0
DA:44,0
DA:47,0
DA:48,0
DA:50,0
DA:51,0
DA:54,0
DA:57,0
DA:58,0
DA:60,0
DA:61,0
DA:64,0
DA:67,0
DA:68,0
DA:70,0
DA:71,0
DA:74,0
DA:77,0
DA:78,0
DA:80,0
DA:81,0
DA:84,0
DA:87,0
DA:92,0
DA:93,0
DA:94,0
DA:96,0
DA:101,0
LF:51
LH:3
BRDA:18,1,0,0
BRDA:18,1,1,0
BRDA:21,2,0,0
BRDA:21,2,1,0
BRDA:25,3,0,0
BRDA:25,3,1,0
BRDA:88,4,0,0
BRDA:88,4,1,0
BRDA:88,4,2,0
BRDA:88,4,3,0
BRDA:88,4,4,0
BRDA:47,5,0,0
BRDA:47,5,1,0
BRDA:57,6,0,0
BRDA:57,6,1,0
BRDA:67,7,0,0
BRDA:67,7,1,0
BRDA:77,8,0,0
BRDA:77,8,1,0
BRF:19
BRH:0
end_of_record
TN:
SF:/home/ubuntu/jThree/lib/Core/Resources/ContextSafeResourceContainer.js
FN:8,(anonymous_8)
FN:9,ContextSafeResourceContainer
FN:18,(anonymous_11)
FN:50,(anonymous_17)
FN:25,(anonymous_20)
FNF:5
FNH:1
FNDA:1,(anonymous_8)
FNDA:0,ContextSafeResourceContainer
FNDA:0,(anonymous_11)
FNDA:0,(anonymous_17)
FNDA:0,(anonymous_20)
DA:1,1
DA:2,1
DA:3,1
DA:4,1
DA:9,1
DA:11,0
DA:12,0
DA:13,0
DA:18,0
DA:19,0
DA:23,0
DA:24,0
DA:25,0
DA:26,0
DA:27,0
DA:29,0
DA:32,0
DA:35,0
DA:36,0
DA:38,0
DA:41,0
DA:42,0
DA:46,0
DA:49,0
DA:50,0
DA:51,0
DA:52,0
DA:56,0
DA:57,0
DA:58,0
DA:61,0
DA:62,0
DA:63,0
DA:64,0
LF:34
LH:5
BRDA:35,1,0,0
BRDA:35,1,1,0
BRDA:56,2,0,0
BRDA:56,2,1,0
BRF:4
BRH:0
end_of_record
TN:
SF:/home/ubuntu/jThree/lib/Base/JThreeObjectWithID.js
FN:7,(anonymous_8)
FN:8,JThreeObjectWithID
FNF:2
FNH:2
FNDA:3,(anonymous_8)
FNDA:7,JThreeObjectWithID
DA:1,3
DA:2,3
DA:8,3
DA:10,7
DA:16,14
DA:19,0
LF:6
LH:5
BRDA:10,1,0,7
BRDA:10,1,1,7
BRF:2
BRH:2
end_of_record
TN:
SF:/home/ubuntu/jThree/lib/Base/JThreeObject.js
FN:6,(anonymous_6)
FNF:1
FNH:1
FNDA:11,(anonymous_6)
DA:1,11
DA:13,0
DA:20,0
LF:3
LH:1
BRF:0
BRH:0
end_of_record
TN:
SF:/home/ubuntu/jThree/lib/Base/JsHack.js
FN:4,(anonymous_5)
FNF:1
FNH:1
FNDA:11,(anonymous_5)
DA:11,0
DA:12,0
DA:13,0
LF:3
LH:0
BRDA:13,1,0,0
BRDA:13,1,1,0
BRDA:13,2,0,0
BRDA:13,2,1,0
BRF:4
BRH:0
end_of_record
TN:
SF:/home/ubuntu/jThree/lib/Base/JThreeID.js
FN:6,(anonymous_8)
FNF:1
FNH:1
FNDA:3,(anonymous_8)
DA:1,3
DA:13,7
DA:14,7
DA:15,70
DA:17,7
DA:24,3
LF:6
LH:6
BRF:0
BRH:0
end_of_record
TN:
SF:/home/ubuntu/jThree/lib/Exceptions.js
FN:5,(anonymous_9)
FN:6,JThreeException
FN:15,(anonymous_12)
FN:16,InvalidArgumentException
FN:20,(anonymous_14)
FN:21,InvalidStringException
FN:25,(anonymous_16)
FN:26,SingularMatrixException
FN:30,(anonymous_18)
FN:31,AbstractClassMethodCalledException
FN:35,(anonymous_20)
FN:36,WebGLNotSupportedException
FNF:12
FNH:6
FNDA:10,(anonymous_9)
FNDA:0,JThreeException
FNDA:10,(anonymous_12)
FNDA:0,InvalidArgumentException
FNDA:10,(anonymous_14)
FNDA:0,InvalidStringException
FNDA:10,(anonymous_16)
FNDA:0,SingularMatrixException
FNDA:10,(anonymous_18)
FNDA:0,AbstractClassMethodCalledException
FNDA:10,(anonymous_20)
FNDA:0,WebGLNotSupportedException
DA:1,10
DA:6,10
DA:8,0
DA:9,0
DA:12,0
DA:16,10
DA:21,10
DA:26,10
DA:31,10
DA:36,10
LF:10
LH:7
BRF:0
BRH:0
end_of_record
TN:
SF:/home/ubuntu/jThree/lib/JThreeContext.js
FN:5,(anonymous_5)
FN:6,JThreeContext
FNF:2
FNH:1
FNDA:3,(anonymous_5)
FNDA:0,JThreeContext
DA:6,3
DA:10,0
DA:16,0
DA:17,0
DA:18,0
DA:27,0
DA:28,0
DA:30,0
DA:38,0
DA:41,0
DA:42,0
DA:45,0
LF:12
LH:1
BRDA:16,1,0,0
BRDA:16,1,1,0
BRDA:17,2,0,0
BRDA:17,2,1,0
BRDA:27,3,0,0
BRDA:27,3,1,0
BRDA:41,4,0,0
BRDA:41,4,1,0
BRF:8
BRH:0
end_of_record
TN:
SF:/home/ubuntu/jThree/lib/ContextComponents.js
FN:1,(anonymous_5)
FNF:1
FNH:1
FNDA:3,(anonymous_5)
DA:3,0
DA:6,0
DA:9,0
DA:12,0
DA:15,0
DA:18,0
DA:21,0
DA:24,0
DA:27,0
DA:30,0
DA:33,0
LF:11
LH:0
BRF:0
BRH:0
end_of_record
TN:
SF:/home/ubuntu/jThree/lib/Base/JThreeEvent.js
FN:6,(anonymous_8)
FN:7,JThreeEvent
FN:18,(anonymous_11)
FNF:3
FNH:2
FNDA:2,(anonymous_8)
FNDA:2,JThreeEvent
FNDA:0,(anonymous_11)
DA:1,2
DA:2,2
DA:7,2
DA:12,2
DA:18,0
DA:25,0
DA:26,0
DA:28,0
DA:35,0
DA:36,0
DA:37,0
DA:38,0
DA:39,0
LF:13
LH:4
BRDA:25,1,0,0
BRDA:25,1,1,0
BRDA:37,2,0,0
BRDA:37,2,1,0
BRF:4
BRH:0
end_of_record
TN:
SF:/home/ubuntu/jThree/lib/Core/Renderers/RenderStages/RSML/RSMLRenderStage.js
FN:3,(anonymous_9)
FN:4,RSMLRenderStage
FNF:2
FNH:1
FNDA:1,(anonymous_9)
FNDA:0,RSMLRenderStage
DA:1,1
DA:2,1
DA:4,1
DA:6,0
DA:9,0
DA:12,0
DA:15,0
DA:18,0
DA:21,0
DA:24,0
DA:27,0
DA:30,0
DA:33,0
DA:34,0
DA:35,0
DA:36,0
DA:37,0
DA:39,0
DA:40,0
DA:41,0
DA:42,0
DA:43,0
DA:44,0
LF:23
LH:3
BRDA:24,1,0,0
BRDA:24,1,1,0
BRDA:35,2,0,0
BRDA:35,2,1,0
BRF:4
BRH:0
end_of_record
TN:
SF:/home/ubuntu/jThree/lib/Core/Renderers/RenderStages/RSML/BasicTechnique.js
FN:7,(anonymous_8)
FN:8,BasicTechnique
FNF:2
FNH:1
FNDA:1,(anonymous_8)
FNDA:0,BasicTechnique
DA:1,1
DA:2,1
DA:3,1
DA:4,1
DA:5,1
DA:6,1
DA:8,1
DA:10,0
DA:11,0
DA:12,0
DA:13,0
DA:14,0
DA:15,0
DA:16,0
DA:17,0
DA:18,0
DA:19,0
DA:21,0
DA:22,0
DA:23,0
DA:27,0
DA:30,0
DA:33,0
DA:36,0
DA:38,0
DA:39,0
DA:40,0
DA:42,0
DA:43,0
DA:44,0
DA:48,0
DA:49,0
DA:50,0
DA:51,0
DA:52,0
DA:53,0
DA:56,0
DA:57,0
DA:58,0
DA:59,0
DA:61,0
DA:62,0
DA:63,0
DA:64,0
DA:66,0
DA:70,0
DA:71,0
DA:74,0
DA:75,0
DA:78,0
DA:79,0
DA:80,0
DA:81,0
DA:82,0
DA:85,0
DA:86,0
DA:89,0
DA:90,0
DA:93,0
DA:94,0
DA:96,0
DA:97,0
DA:99,0
DA:100,0
DA:103,0
DA:104,0
DA:108,0
DA:110,0
DA:111,0
DA:113,0
DA:114,0
DA:117,0
DA:118,0
DA:124,0
DA:126,0
DA:127,0
DA:128,0
DA:132,0
DA:133,0
DA:134,0
DA:136,0
DA:137,0
DA:138,0
DA:140,0
DA:141,0
DA:148,0
DA:149,0
DA:150,0
DA:151,0
DA:152,0
DA:153,0
DA:159,0
DA:160,0
DA:161,0
DA:162,0
DA:163,0
DA:164,0
DA:166,0
DA:167,0
DA:168,0
DA:169,0
DA:173,0
DA:174,0
DA:177,0
LF:104
LH:7
BRDA:18,1,0,0
BRDA:18,1,1,0
BRDA:22,2,0,0
BRDA:22,2,1,0
BRDA:37,3,0,0
BRDA:37,3,1,0
BRDA:57,4,0,0
BRDA:57,4,1,0
BRDA:63,5,0,0
BRDA:63,5,1,0
BRDA:74,6,0,0
BRDA:74,6,1,0
BRDA:81,7,0,0
BRDA:81,7,1,0
BRDA:85,8,0,0
BRDA:85,8,1,0
BRDA:93,9,0,0
BRDA:93,9,1,0
BRDA:95,10,0,0
BRDA:95,10,1,0
BRDA:95,10,2,0
BRDA:95,10,3,0
BRDA:109,11,0,0
BRDA:109,11,1,0
BRDA:109,11,2,0
BRDA:109,11,3,0
BRDA:124,12,0,0
BRDA:124,12,1,0
BRDA:124,13,0,0
BRDA:124,13,1,0
BRDA:132,14,0,0
BRDA:132,14,1,0
BRDA:132,15,0,0
BRDA:132,15,1,0
BRDA:137,16,0,0
BRDA:137,16,1,0
BRDA:150,17,0,0
BRDA:150,17,1,0
BRDA:150,18,0,0
BRDA:150,18,1,0
BRDA:159,19,0,0
BRDA:159,19,1,0
BRDA:159,20,0,0
BRDA:159,20,1,0
BRDA:166,21,0,0
BRDA:166,21,1,0
BRDA:166,22,0,0
BRDA:166,22,1,0
BRDA:173,23,0,0
BRDA:173,23,1,0
BRF:50
BRH:0
end_of_record
TN:
SF:/home/ubuntu/jThree/lib/Core/Renderers/RenderStages/RSML/RSMLRenderConfigUtility.js
FN:2,(anonymous_6)
FNF:1
FNH:1
FNDA:1,(anonymous_6)
DA:1,1
DA:4,0
DA:5,0
DA:7,0
DA:8,0
DA:9,0
DA:10,0
DA:11,0
DA:12,0
DA:13,0
DA:14,0
DA:15,0
DA:16,0
DA:19,0
DA:20,0
DA:22,0
DA:24,0
DA:25,0
DA:26,0
DA:27,0
DA:31,0
DA:32,0
DA:33,0
DA:37,0
DA:40,0
DA:41,0
DA:42,0
DA:43,0
DA:44,0
DA:45,0
DA:48,0
DA:52,0
DA:59,0
DA:60,0
DA:61,0
DA:65,0
DA:66,0
DA:68,0
DA:69,0
DA:70,0
DA:72,0
DA:73,0
DA:74,0
DA:75,0
DA:76,0
DA:77,0
DA:78,0
DA:79,0
DA:82,0
LF:49
LH:1
BRDA:4,1,0,0
BRDA:4,1,1,0
BRDA:15,2,0,0
BRDA:15,2,1,0
BRDA:25,3,0,0
BRDA:25,3,1,0
BRDA:32,4,0,0
BRDA:32,4,1,0
BRDA:40,5,0,0
BRDA:40,5,1,0
BRDA:43,6,0,0
BRDA:43,6,1,0
BRDA:44,7,0,0
BRDA:44,7,1,0
BRDA:60,8,0,0
BRDA:60,8,1,0
BRDA:65,9,0,0
BRDA:65,9,1,0
BRDA:69,10,0,0
BRDA:69,10,1,0
BRDA:75,11,0,0
BRDA:75,11,1,0
BRDA:78,12,0,0
BRDA:78,12,1,0
BRF:24
BRH:0
end_of_record
TN:
SF:/home/ubuntu/jThree/lib/Math/Vector4.js
FN:3,(anonymous_8)
FN:4,Vector4
FN:89,(anonymous_41)
FN:92,(anonymous_43)
FNF:4
FNH:4
FNDA:8,(anonymous_8)
FNDA:123,Vector4
FNDA:4,(anonymous_41)
FNDA:4,(anonymous_43)
DA:1,8
DA:2,8
DA:4,8
DA:6,123
DA:7,23
DA:8,23
DA:10,100
DA:13,2
DA:16,6
DA:19,6
DA:22,6
DA:25,6
DA:28,1
DA:31,1
DA:34,1
DA:37,1
DA:40,1
DA:43,1
DA:46,1
DA:49,1
DA:52,1
DA:55,1
DA:58,1
DA:61,3
DA:64,2
DA:65,2
DA:68,2
DA:69,2
DA:72,8
DA:73,8
DA:76,4
DA:79,35
DA:82,4
DA:85,5
DA:86,5
DA:89,1
DA:92,1
DA:95,1
DA:98,7
DA:99,6
DA:100,6
DA:101,0
DA:103,6
DA:104,6
DA:105,0
DA:108,6
DA:110,6
DA:111,2
DA:113,6
DA:114,0
DA:116,6
DA:117,2
DA:119,6
DA:122,3
DA:125,1
DA:128,1
DA:131,1
DA:134,3
DA:137,3
DA:140,34
DA:143,3
DA:145,301
DA:147,2
DA:150,1
DA:153,1
LF:65
LH:62
BRDA:6,1,0,23
BRDA:6,1,1,100
BRDA:100,2,0,0
BRDA:100,2,1,6
BRDA:100,3,0,6
BRDA:100,3,1,6
BRDA:100,3,2,6
BRDA:104,4,0,0
BRDA:104,4,1,6
BRDA:110,5,0,2
BRDA:110,5,1,4
BRDA:113,6,0,0
BRDA:113,6,1,6
BRDA:116,7,0,2
BRDA:116,7,1,4
BRF:15
BRH:12
end_of_record
TN:
SF:/home/ubuntu/jThree/lib/Math/VectorBase.js
FN:2,(anonymous_5)
FN:3,VectorBase
FNF:2
FNH:2
FNDA:10,(anonymous_5)
FNDA:436,VectorBase
DA:1,10
DA:3,10
DA:4,436
DA:5,436
DA:8,9
DA:9,9
DA:11,9
DA:14,0
DA:17,12
DA:18,12
DA:19,12
DA:20,12
DA:21,36
DA:23,12
DA:25,12
DA:28,112
DA:29,0
DA:31,112
DA:32,350
DA:33,3
DA:36,109
DA:39,12
DA:40,0
DA:42,12
DA:43,12
DA:44,36
DA:45,0
DA:48,12
DA:51,6
DA:52,6
DA:53,18
DA:55,6
DA:58,22
DA:59,22
DA:60,22
DA:61,15
DA:62,0
DA:64,15
DA:73,7
DA:82,22
DA:83,22
DA:84,22
DA:85,63
DA:86,63
DA:87,4
DA:90,18
LF:46
LH:41
BRDA:8,1,0,9
BRDA:8,1,1,0
BRDA:17,2,0,12
BRDA:17,2,1,0
BRDA:28,3,0,0
BRDA:28,3,1,112
BRDA:32,4,0,3
BRDA:32,4,1,347
BRDA:39,5,0,0
BRDA:39,5,1,12
BRDA:44,6,0,0
BRDA:44,6,1,36
BRDA:60,7,0,15
BRDA:60,7,1,7
BRDA:61,8,0,0
BRDA:61,8,1,15
BRDA:86,9,0,4
BRDA:86,9,1,59
BRF:18
BRH:12
end_of_record
TN:
SF:/home/ubuntu/jThree/lib/Core/Materials/Base/XMLRenderConfigUtility.js
FN:2,(anonymous_6)
FNF:1
FNH:1
FNDA:2,(anonymous_6)
DA:1,2
DA:11,0
DA:12,0
DA:13,0
DA:14,0
DA:15,0
DA:16,0
DA:19,0
DA:20,0
DA:21,0
DA:22,0
DA:25,18
DA:26,9
DA:28,9
DA:29,6
DA:31,3
DA:34,3
DA:35,3
DA:36,1
DA:37,1
DA:38,1
DA:39,1
DA:40,1
DA:43,2
DA:44,2
DA:45,2
DA:46,2
DA:47,2
DA:48,2
DA:49,2
DA:50,2
DA:51,2
DA:52,2
DA:56,3
DA:57,3
DA:58,1
DA:61,2
DA:62,2
DA:63,1
DA:66,1
DA:71,3
DA:72,3
DA:73,1
DA:74,1
DA:75,1
DA:78,2
DA:79,2
DA:80,2
DA:81,2
DA:82,2
DA:83,2
DA:87,3
DA:88,3
DA:89,1
DA:90,1
DA:93,2
DA:94,2
DA:95,2
DA:96,2
DA:100,0
DA:101,0
DA:102,0
DA:105,0
DA:109,0
DA:110,0
DA:111,0
DA:114,0
DA:118,0
DA:119,0
DA:120,0
DA:123,0
DA:127,0
DA:128,0
LF:73
LH:49
BRDA:25,1,0,9
BRDA:25,1,1,9
BRDA:28,2,0,6
BRDA:28,2,1,3
BRDA:35,3,0,1
BRDA:35,3,1,2
BRDA:57,4,0,1
BRDA:57,4,1,2
BRDA:62,5,0,1
BRDA:62,5,1,1
BRDA:72,6,0,1
BRDA:72,6,1,2
BRDA:82,7,0,2
BRDA:82,7,1,1
BRDA:83,8,0,2
BRDA:83,8,1,1
BRDA:88,9,0,1
BRDA:88,9,1,2
BRDA:96,10,0,2
BRDA:96,10,1,1
BRDA:100,11,0,0
BRDA:100,11,1,0
BRDA:109,12,0,0
BRDA:109,12,1,0
BRDA:118,13,0,0
BRDA:118,13,1,0
BRF:26
BRH:20
end_of_record
TN:
SF:/home/ubuntu/jThree/lib/Core/Canvas/GL/GLEnumParser.js
FN:1,(anonymous_5)
FNF:1
FNH:1
FNDA:2,(anonymous_5)
DA:3,17
DA:4,17
DA:7,5
DA:10,2
DA:12,1
DA:14,1
DA:16,1
DA:18,1
DA:20,1
DA:22,1
DA:24,1
DA:26,1
DA:28,1
DA:30,1
DA:34,11
DA:35,11
DA:37,1
DA:39,1
DA:41,1
DA:43,1
DA:45,1
DA:47,1
DA:49,4
DA:51,1
DA:55,7
DA:56,7
DA:58,4
DA:60,1
DA:62,1
DA:64,1
DA:68,7
DA:69,7
DA:71,4
DA:73,1
DA:75,1
DA:77,1
DA:81,6
DA:82,6
DA:84,4
DA:86,1
DA:88,1
DA:92,10
DA:93,10
DA:95,1
DA:97,1
DA:99,1
DA:101,1
DA:103,4
DA:105,1
DA:107,1
DA:111,11
DA:113,4
DA:115,1
DA:118,2
DA:120,1
DA:122,1
DA:124,0
DA:126,1
DA:128,1
DA:132,17
DA:135,2
DA:137,1
DA:140,2
DA:143,2
DA:146,2
DA:149,5
DA:152,2
DA:156,1
LF:68
LH:67
BRDA:5,1,0,4
BRDA:5,1,1,5
BRDA:5,1,2,1
BRDA:5,1,3,2
BRDA:5,1,4,1
BRDA:5,1,5,1
BRDA:5,1,6,1
BRDA:5,1,7,1
BRDA:5,1,8,1
BRDA:5,1,9,1
BRDA:5,1,10,1
BRDA:5,1,11,1
BRDA:5,1,12,1
BRDA:5,1,13,1
BRDA:36,2,0,1
BRDA:36,2,1,1
BRDA:36,2,2,1
BRDA:36,2,3,1
BRDA:36,2,4,1
BRDA:36,2,5,1
BRDA:36,2,6,4
BRDA:36,2,7,1
BRDA:57,3,0,4
BRDA:57,3,1,1
BRDA:57,3,2,1
BRDA:57,3,3,1
BRDA:70,4,0,4
BRDA:70,4,1,1
BRDA:70,4,2,1
BRDA:70,4,3,1
BRDA:83,5,0,4
BRDA:83,5,1,1
BRDA:83,5,2,1
BRDA:94,6,0,1
BRDA:94,6,1,1
BRDA:94,6,2,1
BRDA:94,6,3,1
BRDA:94,6,4,4
BRDA:94,6,5,1
BRDA:94,6,6,1
BRDA:112,7,0,4
BRDA:112,7,1,1
BRDA:112,7,2,1
BRDA:112,7,3,2
BRDA:112,7,4,1
BRDA:112,7,5,1
BRDA:112,7,6,0
BRDA:112,7,7,1
BRDA:112,7,8,1
BRDA:133,8,0,1
BRDA:133,8,1,2
BRDA:133,8,2,1
BRDA:133,8,3,1
BRDA:133,8,4,2
BRDA:133,8,5,1
BRDA:133,8,6,2
BRDA:133,8,7,1
BRDA:133,8,8,2
BRDA:133,8,9,1
BRDA:133,8,10,5
BRDA:133,8,11,1
BRDA:133,8,12,2
BRDA:133,8,13,1
BRF:63
BRH:62
end_of_record
TN:
SF:/home/ubuntu/jThree/lib/Core/Materials/Base/BasicMaterial.js
FN:6,(anonymous_9)
FN:7,BasicMaterial
FN:46,(anonymous_14)
FN:57,(anonymous_16)
FNF:4
FNH:1
FNDA:1,(anonymous_9)
FNDA:0,BasicMaterial
FNDA:0,(anonymous_14)
FNDA:0,(anonymous_16)
DA:1,1
DA:2,1
DA:3,1
DA:4,1
DA:5,1
DA:7,1
DA:9,0
DA:10,0
DA:11,0
DA:12,0
DA:19,0
DA:20,0
DA:22,0
DA:23,0
DA:24,0
DA:32,0
DA:35,0
DA:38,0
DA:39,0
DA:40,0
DA:41,0
DA:42,0
DA:44,0
DA:45,0
DA:46,0
DA:47,0
DA:51,0
DA:52,0
DA:53,0
DA:54,0
DA:56,0
DA:57,0
DA:60,0
DA:61,0
DA:62,0
DA:63,0
DA:64,0
DA:65,0
DA:67,0
DA:71,0
LF:40
LH:6
BRDA:19,1,0,0
BRDA:19,1,1,0
BRDA:41,2,0,0
BRDA:41,2,1,0
BRDA:41,3,0,0
BRDA:41,3,1,0
BRDA:44,4,0,0
BRDA:44,4,1,0
BRDA:64,5,0,0
BRDA:64,5,1,0
BRF:10
BRH:0
end_of_record
TN:
SF:/home/ubuntu/jThree/lib/Core/Materials/Material.js
FN:11,(anonymous_8)
FN:12,Material
FNF:2
FNH:1
FNDA:1,(anonymous_8)
FNDA:0,Material
DA:1,1
DA:12,1
DA:14,0
DA:26,0
DA:27,0
DA:28,0
DA:29,0
DA:36,0
DA:44,0
DA:51,0
DA:59,0
DA:66,0
DA:67,0
DA:69,0
DA:70,0
DA:73,0
DA:74,0
DA:75,0
DA:76,0
DA:78,0
DA:79,0
DA:80,0
DA:81,0
DA:83,0
DA:84,0
DA:88,0
DA:89,0
DA:91,0
DA:92,0
DA:94,0
DA:95,0
DA:97,0
DA:98,0
DA:101,0
DA:102,0
DA:103,0
DA:104,0
DA:107,0
DA:109,0
DA:110,0
DA:111,0
DA:113,0
DA:115,0
DA:119,0
DA:123,0
DA:124,0
DA:126,0
DA:127,0
DA:129,0
DA:130,0
DA:132,0
DA:133,0
DA:135,0
DA:141,0
DA:144,0
DA:147,0
DA:148,0
DA:150,0
DA:151,0
DA:153,0
DA:154,0
DA:156,0
DA:157,0
DA:159,0
DA:160,0
DA:162,0
DA:163,0
DA:164,0
DA:165,0
DA:168,0
DA:170,0
DA:171,0
DA:172,0
DA:173,0
DA:175,0
DA:177,0
DA:178,0
DA:179,0
DA:180,0
DA:183,0
DA:185,0
DA:186,0
DA:187,0
DA:189,0
DA:193,0
DA:195,0
DA:196,0
DA:200,0
DA:201,0
DA:203,0
DA:204,0
DA:212,0
LF:92
LH:2
BRDA:26,1,0,0
BRDA:26,1,1,0
BRDA:28,2,0,0
BRDA:28,2,1,0
BRDA:66,3,0,0
BRDA:66,3,1,0
BRDA:75,4,0,0
BRDA:75,4,1,0
BRDA:79,5,0,0
BRDA:79,5,1,0
BRDA:79,6,0,0
BRDA:79,6,1,0
BRDA:83,7,0,0
BRDA:83,7,1,0
BRDA:85,8,0,0
BRDA:85,8,1,0
BRDA:85,8,2,0
BRDA:85,8,3,0
BRDA:85,8,4,0
BRDA:85,8,5,0
BRDA:85,8,6,0
BRDA:85,8,7,0
BRDA:85,8,8,0
BRDA:103,9,0,0
BRDA:103,9,1,0
BRDA:110,10,0,0
BRDA:110,10,1,0
BRDA:120,11,0,0
BRDA:120,11,1,0
BRDA:120,11,2,0
BRDA:120,11,3,0
BRDA:120,11,4,0
BRDA:120,11,5,0
BRDA:120,11,6,0
BRDA:147,12,0,0
BRDA:147,12,1,0
BRDA:149,13,0,0
BRDA:149,13,1,0
BRDA:149,13,2,0
BRDA:149,13,3,0
BRDA:149,13,4,0
BRDA:149,13,5,0
BRDA:164,14,0,0
BRDA:164,14,1,0
BRDA:170,15,0,0
BRDA:170,15,1,0
BRDA:172,16,0,0
BRDA:172,16,1,0
BRDA:179,17,0,0
BRDA:179,17,1,0
BRDA:186,18,0,0
BRDA:186,18,1,0
BRDA:194,19,0,0
BRDA:194,19,1,0
BRDA:194,19,2,0
BRDA:194,19,3,0
BRDA:194,19,4,0
BRF:57
BRH:0
end_of_record
TN:
SF:/home/ubuntu/jThree/lib/Base/JThreeObjectEEWithID.js
FN:6,(anonymous_5)
FN:7,JThreeObjectEEWithID
FN:11,applyMixins
FN:12,(anonymous_8)
FN:13,(anonymous_9)
FNF:5
FNH:5
FNDA:3,(anonymous_5)
FNDA:7,JThreeObjectEEWithID
FNDA:3,applyMixins
FNDA:3,(anonymous_8)
FNDA:42,(anonymous_9)
DA:1,3
DA:2,3
DA:7,3
DA:11,3
DA:12,3
DA:13,3
DA:14,42
DA:18,3
LF:8
LH:8
BRF:0
BRH:0
end_of_record
TN:
SF:/home/ubuntu/jThree/lib/Core/Materials/Base/MaterialPass.js
FN:8,(anonymous_8)
FN:9,MaterialPass
FN:20,(anonymous_11)
FN:24,(anonymous_12)
FN:25,(anonymous_13)
FN:26,(anonymous_14)
FN:43,(anonymous_16)
FNF:7
FNH:1
FNDA:1,(anonymous_8)
FNDA:0,MaterialPass
FNDA:0,(anonymous_11)
FNDA:0,(anonymous_12)
FNDA:0,(anonymous_13)
FNDA:0,(anonymous_14)
FNDA:0,(anonymous_16)
DA:1,1
DA:2,1
DA:3,1
DA:4,1
DA:5,1
DA:6,1
DA:7,1
DA:9,1
DA:11,0
DA:12,0
DA:13,0
DA:14,0
DA:15,0
DA:16,0
DA:19,0
DA:20,0
DA:21,0
DA:22,0
DA:23,0
DA:25,0
DA:27,0
DA:30,0
DA:31,0
DA:32,0
DA:34,0
DA:35,0
DA:36,0
DA:37,0
DA:44,0
DA:46,0
DA:52,0
DA:53,0
DA:54,0
DA:55,0
DA:58,0
DA:59,0
DA:60,0
DA:62,0
DA:68,0
DA:71,0
DA:72,0
DA:73,0
DA:74,0
DA:75,0
DA:76,0
DA:79,0
LF:46
LH:8
BRDA:31,1,0,0
BRDA:31,1,1,0
BRDA:54,2,0,0
BRDA:54,2,1,0
BRF:4
BRH:0
end_of_record
TN:
SF:/home/ubuntu/jThree/lib/Core/Materials/Base/DefaultValuePreProcessor.js
FN:11,(anonymous_6)
FN:19,(anonymous_10)
FN:22,(anonymous_11)
FN:25,(anonymous_12)
FN:28,(anonymous_13)
FN:31,(anonymous_14)
FN:41,(anonymous_15)
FN:44,(anonymous_16)
FN:47,(anonymous_17)
FN:50,(anonymous_18)
FN:53,(anonymous_19)
FN:62,(anonymous_21)
FN:201,(anonymous_31)
FN:206,(anonymous_32)
FNF:14
FNH:11
FNDA:2,(anonymous_6)
FNDA:2,(anonymous_10)
FNDA:4,(anonymous_11)
FNDA:4,(anonymous_12)
FNDA:4,(anonymous_13)
FNDA:3,(anonymous_14)
FNDA:3,(anonymous_15)
FNDA:3,(anonymous_16)
FNDA:3,(anonymous_17)
FNDA:3,(anonymous_18)
FNDA:0,(anonymous_19)
FNDA:29,(anonymous_21)
FNDA:0,(anonymous_31)
FNDA:0,(anonymous_32)
DA:1,2
DA:2,2
DA:3,2
DA:4,2
DA:5,2
DA:6,2
DA:7,2
DA:8,2
DA:9,2
DA:10,2
DA:13,30
DA:14,30
DA:15,29
DA:16,29
DA:17,17
DA:19,2
DA:20,2
DA:22,4
DA:23,4
DA:25,4
DA:26,4
DA:28,4
DA:29,4
DA:31,3
DA:32,3
DA:34,0
DA:39,12
DA:41,3
DA:42,3
DA:44,3
DA:45,3
DA:47,3
DA:48,3
DA:50,3
DA:51,3
DA:53,0
DA:54,0
DA:58,30
DA:61,29
DA:62,29
DA:63,29
DA:64,29
DA:67,8
DA:69,29
DA:71,29
DA:74,2
DA:75,1
DA:79,3
DA:80,3
DA:81,2
DA:82,1
DA:84,1
DA:87,1
DA:88,1
DA:89,3
DA:94,9
DA:95,9
DA:96,9
DA:97,9
DA:98,6
DA:99,3
DA:100,9
DA:104,3
DA:105,27
DA:110,3
DA:113,6
DA:116,4
DA:117,4
DA:118,4
DA:119,3
DA:120,1
DA:122,2
DA:123,2
DA:126,0
DA:130,1
DA:134,4
DA:135,4
DA:136,4
DA:137,3
DA:138,1
DA:140,2
DA:141,2
DA:144,0
DA:148,1
DA:152,4
DA:153,4
DA:154,4
DA:155,3
DA:156,1
DA:158,2
DA:159,2
DA:162,0
DA:166,1
DA:170,3
DA:171,3
DA:172,3
DA:173,2
DA:174,2
DA:175,1
DA:177,1
DA:180,0
DA:184,1
DA:188,0
DA:189,0
DA:190,0
DA:191,0
DA:192,0
DA:193,0
DA:199,0
DA:200,0
DA:201,0
DA:202,0
DA:206,0
DA:207,0
DA:212,0
LF:115
LH:95
BRDA:16,1,0,17
BRDA:16,1,1,12
BRDA:18,2,0,2
BRDA:18,2,1,4
BRDA:18,2,2,4
BRDA:18,2,3,4
BRDA:18,2,4,3
BRDA:18,2,5,0
BRDA:40,3,0,3
BRDA:40,3,1,3
BRDA:40,3,2,3
BRDA:40,3,3,3
BRDA:40,3,4,0
BRDA:74,4,0,1
BRDA:74,4,1,1
BRDA:80,5,0,2
BRDA:80,5,1,1
BRDA:81,6,0,1
BRDA:81,6,1,1
BRDA:96,7,0,9
BRDA:96,7,1,0
BRDA:97,8,0,6
BRDA:97,8,1,3
BRDA:98,9,0,3
BRDA:98,9,1,3
BRDA:118,10,0,3
BRDA:118,10,1,1
BRDA:119,11,0,1
BRDA:119,11,1,2
BRDA:122,12,0,2
BRDA:122,12,1,0
BRDA:136,13,0,3
BRDA:136,13,1,1
BRDA:137,14,0,1
BRDA:137,14,1,2
BRDA:140,15,0,2
BRDA:140,15,1,0
BRDA:154,16,0,3
BRDA:154,16,1,1
BRDA:155,17,0,1
BRDA:155,17,1,2
BRDA:158,18,0,2
BRDA:158,18,1,0
BRDA:172,19,0,2
BRDA:172,19,1,1
BRDA:173,20,0,2
BRDA:173,20,1,0
BRDA:174,21,0,1
BRDA:174,21,1,1
BRDA:190,22,0,0
BRDA:190,22,1,0
BRDA:191,23,0,0
BRDA:191,23,1,0
BRDA:200,24,0,0
BRDA:200,24,1,0
BRF:55
BRH:42
end_of_record
TN:
SF:/home/ubuntu/jThree/lib/Math/MatrixArray.js
FN:2,(anonymous_6)
FN:3,MatrixArray
FNF:2
FNH:1
FNDA:2,(anonymous_6)
FNDA:0,MatrixArray
DA:1,2
DA:3,2
DA:4,0
DA:7,0
DA:8,0
DA:9,0
DA:10,0
DA:11,0
DA:15,0
DA:18,0
DA:19,0
DA:22,0
DA:23,0
LF:13
LH:2
BRDA:11,1,0,0
BRDA:11,1,1,0
BRF:2
BRH:0
end_of_record
TN:
SF:/home/ubuntu/jThree/lib/Math/Matrix.js
FN:5,(anonymous_8)
FN:6,Matrix
FNF:2
FNH:2
FNDA:5,(anonymous_8)
FNDA:81,Matrix
DA:1,5
DA:2,5
DA:3,5
DA:4,5
DA:6,5
DA:8,81
DA:9,81
DA:12,0
DA:16,3
DA:19,5
DA:22,2
DA:25,1
DA:28,26
DA:31,2
DA:32,2
DA:33,32
DA:35,2
DA:38,1
DA:41,4
DA:42,4
DA:43,4
DA:46,2
DA:47,2
DA:50,1
DA:51,1
DA:52,1
DA:53,1
DA:54,1
DA:57,2
DA:60,2
DA:61,2
DA:64,1
DA:65,1
DA:66,1
DA:69,1
DA:70,1
DA:71,1
DA:72,1
DA:73,1
DA:74,1
DA:75,1
DA:76,1
DA:79,1
DA:80,1
DA:81,1
DA:82,1
DA:83,1
DA:84,1
DA:85,1
DA:86,1
DA:92,1
DA:98,1
DA:99,1
DA:105,4
DA:106,4
DA:107,4
DA:113,2
DA:114,2
DA:115,2
DA:118,1
DA:119,1
DA:120,1
DA:123,1
DA:124,1
DA:125,1
DA:128,1
DA:129,1
DA:130,1
DA:133,2
DA:134,2
DA:135,2
DA:136,2
DA:137,2
DA:140,1
DA:141,1
DA:142,1
DA:145,1
DA:146,1
DA:147,1
DA:150,1
DA:151,1
DA:152,1
DA:155,1
DA:156,1
DA:157,1
DA:160,2
DA:163,1
DA:166,865
DA:169,1
DA:176,1
DA:179,1
DA:182,2
DA:185,0
DA:191,0
DA:196,1
DA:197,79
DA:198,79
LF:97
LH:94
BRDA:8,1,0,81
BRDA:8,1,1,0
BRF:2
BRH:1
end_of_record
TN:
SF:/home/ubuntu/jThree/lib/Math/MatrixBase.js
FN:1,(anonymous_5)
FNF:1
FNH:1
FNDA:5,(anonymous_5)
DA:3,26
DA:4,0
DA:6,26
DA:7,26
DA:8,416
DA:9,0
DA:12,26
DA:15,0
DA:18,0
DA:21,0
DA:24,0
LF:11
LH:5
BRDA:3,1,0,0
BRDA:3,1,1,26
BRDA:3,2,0,26
BRDA:3,2,1,26
BRDA:8,3,0,0
BRDA:8,3,1,416
BRF:6
BRH:4
end_of_record
TN:
SF:/home/ubuntu/jThree/lib/Math/Vector3.js
FN:3,(anonymous_8)
FN:4,Vector3
FN:63,(anonymous_41)
FN:66,(anonymous_43)
FNF:4
FNH:4
FNDA:7,(anonymous_8)
FNDA:195,Vector3
FNDA:3,(anonymous_41)
FNDA:3,(anonymous_43)
DA:1,7
DA:2,7
DA:4,7
DA:6,195
DA:7,42
DA:8,42
DA:10,153
DA:13,14
DA:16,14
DA:19,14
DA:22,1
DA:25,1
DA:28,1
DA:31,3
DA:34,2
DA:35,2
DA:38,2
DA:39,2
DA:42,10
DA:43,10
DA:46,6
DA:49,42
DA:52,4
DA:55,7
DA:56,7
DA:59,2
DA:60,2
DA:63,1
DA:66,1
DA:69,1
DA:72,13
DA:73,11
DA:74,11
DA:75,0
DA:77,11
DA:78,11
DA:79,0
DA:82,11
DA:84,11
DA:85,4
DA:87,11
DA:88,0
DA:90,11
DA:91,4
DA:93,11
DA:96,1
DA:99,2
DA:102,49
DA:105,49
DA:108,49
DA:111,1
DA:114,1
DA:117,1
DA:120,5
DA:123,1
DA:126,1
DA:129,1
DA:132,3
DA:135,5
DA:138,37
DA:141,3
DA:144,1
DA:147,2
DA:150,1
DA:152,287
LF:65
LH:62
BRDA:6,1,0,42
BRDA:6,1,1,153
BRDA:74,2,0,0
BRDA:74,2,1,11
BRDA:74,3,0,11
BRDA:74,3,1,11
BRDA:74,3,2,11
BRDA:78,4,0,0
BRDA:78,4,1,11
BRDA:84,5,0,4
BRDA:84,5,1,7
BRDA:87,6,0,0
BRDA:87,6,1,11
BRDA:90,7,0,4
BRDA:90,7,1,7
BRF:15
BRH:12
end_of_record
TN:
SF:/home/ubuntu/jThree/lib/Math/VectorArray.js
FN:7,(anonymous_6)
FN:8,VectorArray
FN:86,(anonymous_14)
FNF:3
FNH:2
FNDA:2,(anonymous_6)
FNDA:15,VectorArray
FNDA:0,(anonymous_14)
DA:1,2
DA:2,2
DA:3,2
DA:8,2
DA:9,15
DA:10,15
DA:13,0
DA:23,9
DA:24,9
DA:25,81
DA:27,9
DA:28,9
DA:31,6
DA:32,6
DA:33,6
DA:34,54
DA:36,6
DA:39,6
DA:40,0
DA:42,6
DA:43,54
DA:44,0
DA:47,6
DA:50,6
DA:53,0
DA:54,0
DA:57,0
DA:58,0
DA:59,0
DA:61,0
DA:64,9
DA:65,27
DA:67,9
DA:70,0
DA:72,0
DA:74,0
DA:76,0
DA:78,0
DA:82,0
DA:83,0
DA:85,0
DA:86,0
DA:87,0
DA:88,0
DA:90,0
DA:91,0
DA:94,0
DA:97,0
DA:98,0
DA:100,0
DA:101,0
DA:102,0
DA:104,0
DA:107,0
DA:110,0
DA:111,0
DA:113,0
DA:114,0
LF:58
LH:24
BRDA:9,1,0,15
BRDA:9,1,1,0
BRDA:65,2,0,27
BRDA:65,2,1,0
BRDA:71,3,0,0
BRDA:71,3,1,0
BRDA:71,3,2,0
BRDA:71,3,3,0
BRDA:81,4,0,0
BRDA:81,4,1,0
BRDA:81,5,0,0
BRDA:81,5,1,0
BRDA:82,6,0,0
BRDA:82,6,1,0
BRDA:87,7,0,0
BRDA:87,7,1,0
BRDA:97,8,0,0
BRDA:97,8,1,0
BRDA:110,9,0,0
BRDA:110,9,1,0
BRDA:110,10,0,0
BRDA:110,10,1,0
BRDA:113,11,0,0
BRDA:113,11,1,0
BRDA:39,12,0,0
BRDA:39,12,1,6
BRDA:39,13,0,6
BRDA:39,13,1,6
BRDA:43,14,0,0
BRDA:43,14,1,54
BRF:30
BRH:6
end_of_record
TN:
SF:/home/ubuntu/jThree/lib/Math/Vector2.js
FN:3,(anonymous_8)
FN:4,Vector2
FN:95,(anonymous_38)
FN:98,(anonymous_40)
FNF:4
FNH:4
FNDA:5,(anonymous_8)
FNDA:92,Vector2
FNDA:2,(anonymous_38)
FNDA:2,(anonymous_40)
DA:1,5
DA:2,5
DA:4,5
DA:6,92
DA:7,15
DA:8,15
DA:10,77
DA:13,1
DA:16,1
DA:19,1
DA:22,1
DA:25,1
DA:28,2
DA:29,1
DA:30,1
DA:31,0
DA:33,1
DA:34,1
DA:35,0
DA:38,1
DA:40,1
DA:41,0
DA:43,1
DA:44,0
DA:46,1
DA:47,0
DA:49,1
DA:52,2
DA:55,5
DA:58,5
DA:61,1
DA:64,1
DA:67,3
DA:70,2
DA:71,2
DA:74,2
DA:75,2
DA:78,6
DA:79,6
DA:82,2
DA:85,24
DA:88,4
DA:91,3
DA:92,3
DA:95,1
DA:98,1
DA:101,1
DA:104,1
DA:107,1
DA:110,1
DA:113,3
DA:116,1
DA:119,23
DA:122,3
DA:125,1
DA:128,2
DA:131,1
DA:133,153
DA:135,1
LF:59
LH:54
BRDA:6,1,0,15
BRDA:6,1,1,77
BRDA:30,2,0,0
BRDA:30,2,1,1
BRDA:30,3,0,1
BRDA:30,3,1,1
BRDA:34,4,0,0
BRDA:34,4,1,1
BRDA:40,5,0,0
BRDA:40,5,1,1
BRDA:43,6,0,0
BRDA:43,6,1,1
BRDA:46,7,0,0
BRDA:46,7,1,1
BRF:14
BRH:9
end_of_record
TN:
SF:/home/ubuntu/jThree/lib/Core/Materials/Base/ShaderParser.js
FN:12,(anonymous_6)
FN:16,(anonymous_10)
FN:50,(anonymous_12)
FN:53,(anonymous_13)
FN:56,(anonymous_14)
FN:57,(anonymous_15)
FN:65,(anonymous_16)
FN:77,(anonymous_17)
FN:89,(anonymous_18)
FN:101,(anonymous_19)
FN:113,(anonymous_20)
FN:125,(anonymous_21)
FN:136,(anonymous_22)
FN:147,(anonymous_23)
FN:158,(anonymous_24)
FN:169,(anonymous_25)
FN:180,(anonymous_26)
FN:196,(anonymous_27)
FN:244,(anonymous_30)
FNF:19
FNH:1
FNDA:1,(anonymous_6)
FNDA:0,(anonymous_10)
FNDA:0,(anonymous_12)
FNDA:0,(anonymous_13)
FNDA:0,(anonymous_14)
FNDA:0,(anonymous_15)
FNDA:0,(anonymous_16)
FNDA:0,(anonymous_17)
FNDA:0,(anonymous_18)
FNDA:0,(anonymous_19)
FNDA:0,(anonymous_20)
FNDA:0,(anonymous_21)
FNDA:0,(anonymous_22)
FNDA:0,(anonymous_23)
FNDA:0,(anonymous_24)
FNDA:0,(anonymous_25)
FNDA:0,(anonymous_26)
FNDA:0,(anonymous_27)
FNDA:0,(anonymous_30)
DA:1,1
DA:2,1
DA:3,1
DA:4,1
DA:5,1
DA:6,1
DA:7,1
DA:14,0
DA:15,0
DA:16,0
DA:17,0
DA:18,0
DA:19,0
DA:20,0
DA:33,0
DA:34,0
DA:35,0
DA:36,0
DA:37,0
DA:40,0
DA:48,0
DA:49,0
DA:50,0
DA:51,0
DA:53,0
DA:54,0
DA:56,0
DA:57,0
DA:58,0
DA:65,0
DA:66,0
DA:67,0
DA:77,0
DA:78,0
DA:79,0
DA:89,0
DA:90,0
DA:91,0
DA:101,0
DA:102,0
DA:103,0
DA:113,0
DA:114,0
DA:115,0
DA:125,0
DA:126,0
DA:136,0
DA:137,0
DA:147,0
DA:148,0
DA:158,0
DA:159,0
DA:169,0
DA:170,0
DA:180,0
DA:181,0
DA:190,0
DA:191,0
DA:192,0
DA:194,0
DA:196,0
DA:226,0
DA:227,0
DA:228,0
DA:229,0
DA:230,0
DA:231,0
DA:233,0
DA:235,0
DA:244,0
DA:245,0
DA:246,0
DA:247,0
DA:248,0
DA:250,0
DA:251,0
DA:252,0
DA:253,0
DA:254,0
DA:256,0
DA:258,0
DA:262,0
DA:263,0
DA:264,0
DA:265,0
DA:267,0
DA:268,0
DA:269,0
DA:270,0
DA:271,0
DA:273,0
DA:275,0
DA:278,0
DA:279,0
DA:280,0
DA:281,0
DA:282,0
DA:283,0
DA:284,0
DA:285,0
DA:288,0
DA:289,0
DA:290,0
DA:291,0
DA:292,0
DA:293,0
DA:294,0
DA:295,0
DA:296,0
DA:303,0
DA:304,0
DA:305,0
DA:312,0
DA:319,0
DA:322,0
DA:326,0
DA:329,0
DA:330,0
DA:331,0
DA:332,0
DA:333,0
DA:334,0
DA:335,0
DA:336,0
DA:337,0
DA:346,0
DA:350,0
DA:351,0
DA:352,0
DA:354,0
DA:357,0
DA:358,0
DA:359,0
DA:360,0
DA:361,0
DA:362,0
DA:364,0
DA:365,0
DA:367,0
DA:370,0
DA:371,0
DA:372,0
DA:373,0
DA:375,0
DA:376,0
DA:377,0
DA:379,0
DA:380,0
DA:382,0
DA:384,0
DA:388,0
DA:389,0
DA:390,0
DA:391,0
DA:392,0
DA:394,0
DA:395,0
DA:396,0
DA:397,0
DA:399,0
DA:400,0
DA:402,0
DA:403,0
DA:404,0
DA:405,0
DA:407,0
DA:408,0
DA:409,0
DA:410,0
DA:413,0
DA:414,0
DA:415,0
DA:418,0
DA:421,0
DA:422,0
DA:423,0
DA:424,0
DA:425,0
DA:427,0
DA:428,0
DA:430,0
DA:432,0
DA:433,0
DA:435,0
DA:437,0
DA:440,0
DA:441,0
DA:442,0
DA:443,0
DA:444,0
DA:446,0
DA:448,0
DA:449,0
DA:451,0
DA:452,0
DA:454,0
DA:456,0
DA:459,0
DA:462,0
DA:463,0
DA:464,0
DA:465,0
DA:466,0
DA:467,0
DA:469,0
DA:471,0
DA:474,0
DA:475,0
DA:476,0
DA:477,0
DA:478,0
DA:480,0
DA:482,0
LF:213
LH:7
BRDA:22,1,0,0
BRDA:22,1,1,0
BRDA:23,2,0,0
BRDA:23,2,1,0
BRDA:190,3,0,0
BRDA:190,3,1,0
BRDA:230,4,0,0
BRDA:230,4,1,0
BRDA:247,5,0,0
BRDA:247,5,1,0
BRDA:252,6,0,0
BRDA:252,6,1,0
BRDA:264,7,0,0
BRDA:264,7,1,0
BRDA:269,8,0,0
BRDA:269,8,1,0
BRDA:281,9,0,0
BRDA:281,9,1,0
BRDA:287,10,0,0
BRDA:287,10,1,0
BRDA:292,11,0,0
BRDA:292,11,1,0
BRDA:341,12,0,0
BRDA:341,12,1,0
BRDA:343,13,0,0
BRDA:343,13,1,0
BRDA:361,14,0,0
BRDA:361,14,1,0
BRDA:372,15,0,0
BRDA:372,15,1,0
BRDA:377,16,0,0
BRDA:377,16,1,0
BRDA:391,17,0,0
BRDA:391,17,1,0
BRDA:397,18,0,0
BRDA:397,18,1,0
BRDA:402,19,0,0
BRDA:402,19,1,0
BRDA:407,20,0,0
BRDA:407,20,1,0
BRDA:424,21,0,0
BRDA:424,21,1,0
BRDA:430,22,0,0
BRDA:430,22,1,0
BRDA:443,23,0,0
BRDA:443,23,1,0
BRDA:449,24,0,0
BRDA:449,24,1,0
BRDA:466,25,0,0
BRDA:466,25,1,0
BRDA:477,26,0,0
BRDA:477,26,1,0
BRF:52
BRH:0
end_of_record
TN:
SF:/home/ubuntu/jThree/lib/Core/Materials/Base/ShaderTransformers/ProgramTransformer.js
FN:1,(anonymous_5)
FN:2,ProgramTransformer
FNF:2
FNH:1
FNDA:1,(anonymous_5)
FNDA:0,ProgramTransformer
DA:2,1
DA:3,0
DA:4,0
DA:7,0
LF:4
LH:1
BRF:0
BRH:0
end_of_record
TN:
SF:/home/ubuntu/jThree/lib/Core/Materials/Base/ShaderTransformers/StringTransformer.js
FN:1,(anonymous_5)
FN:2,StringTransformer
FNF:2
FNH:1
FNDA:1,(anonymous_5)
FNDA:0,StringTransformer
DA:2,1
DA:3,0
DA:4,0
DA:7,0
DA:12,0
LF:5
LH:1
BRF:0
BRH:0
end_of_record
TN:
SF:/home/ubuntu/jThree/lib/Core/Materials/Base/ShaderTransformers/DescriptionTransformer.js
FN:1,(anonymous_5)
FN:2,DescriptionTransformer
FNF:2
FNH:1
FNDA:1,(anonymous_5)
FNDA:0,DescriptionTransformer
DA:2,1
DA:3,0
DA:4,0
DA:7,0
DA:8,0
DA:13,0
LF:6
LH:1
BRF:0
BRH:0
end_of_record
TN:
SF:/home/ubuntu/jThree/lib/Core/Renderers/RenderStages/RenderStageBase.js
FN:4,(anonymous_8)
FN:5,RenderStageBase
FNF:2
FNH:1
FNDA:1,(anonymous_8)
FNDA:0,RenderStageBase
DA:1,1
DA:2,1
DA:3,1
DA:5,1
DA:7,0
DA:8,0
DA:11,0
DA:29,0
DA:32,0
DA:35,0
DA:38,0
DA:44,0
DA:50,0
DA:53,0
DA:56,0
DA:59,0
DA:62,0
DA:63,0
DA:65,0
DA:66,0
DA:67,0
DA:71,0
DA:72,0
DA:74,0
DA:75,0
DA:76,0
DA:88,0
DA:89,0
DA:90,0
DA:92,0
DA:99,0
DA:100,0
LF:32
LH:4
BRDA:62,1,0,0
BRDA:62,1,1,0
BRDA:71,2,0,0
BRDA:71,2,1,0
BRDA:71,3,0,0
BRDA:71,3,1,0
BRDA:71,3,2,0
BRDA:71,3,3,0
BRDA:88,4,0,0
BRDA:88,4,1,0
BRF:10
BRH:0
end_of_record
TN:
SF:/home/ubuntu/jThree/lib/Core/Geometries/Base/PrimitiveRegistory.js
FN:7,(anonymous_6)
FN:8,PrimitiveRegistory
FNF:2
FNH:1
FNDA:1,(anonymous_6)
FNDA:0,PrimitiveRegistory
DA:1,1
DA:2,1
DA:3,1
DA:4,1
DA:5,1
DA:6,1
DA:8,1
DA:12,0
DA:15,0
DA:18,0
DA:19,0
DA:20,0
DA:21,0
DA:22,0
DA:25,0
DA:28,0
DA:31,0
LF:17
LH:7
BRF:0
BRH:0
end_of_record
TN:
SF:/home/ubuntu/jThree/lib/Core/Geometries/ConeGeometry.js
FN:5,(anonymous_8)
FN:6,ConeGeometry
FNF:2
FNH:1
FNDA:1,(anonymous_8)
FNDA:0,ConeGeometry
DA:1,1
DA:2,1
DA:3,1
DA:4,1
DA:6,1
DA:8,0
DA:9,0
DA:10,0
DA:11,0
DA:12,0
DA:13,0
DA:14,0
DA:17,0
DA:20,0
DA:21,0
DA:24,0
DA:25,0
DA:26,0
DA:27,0
DA:28,0
DA:29,0
DA:30,0
DA:31,0
DA:32,0
LF:24
LH:5
BRF:0
BRH:0
end_of_record
TN:
SF:/home/ubuntu/jThree/lib/Core/Geometries/Base/GeometryBuilder.js
FN:2,(anonymous_6)
FNF:1
FNH:1
FNDA:1,(anonymous_6)
DA:1,1
DA:4,0
DA:5,0
DA:6,0
DA:7,0
DA:8,0
DA:9,0
DA:10,0
DA:11,0
DA:12,0
DA:13,0
DA:16,0
DA:17,0
DA:18,0
DA:19,0
DA:20,0
DA:21,0
DA:22,0
DA:27,0
DA:28,0
DA:29,0
DA:30,0
DA:31,0
DA:32,0
DA:33,0
DA:34,0
DA:35,0
DA:36,0
DA:39,0
DA:40,0
DA:41,0
DA:42,0
DA:43,0
DA:44,0
DA:45,0
DA:46,0
DA:47,0
DA:49,0
DA:50,0
DA:51,0
DA:52,0
DA:56,0
DA:57,0
DA:58,0
DA:59,0
DA:60,0
DA:61,0
DA:62,0
DA:63,0
DA:64,0
DA:65,0
DA:66,0
DA:67,0
DA:68,0
DA:69,0
DA:70,0
DA:71,0
DA:72,0
DA:73,0
DA:74,0
DA:78,0
DA:79,0
DA:80,0
DA:81,0
DA:82,0
DA:83,0
DA:84,0
DA:85,0
DA:86,0
DA:87,0
DA:88,0
DA:89,0
DA:90,0
DA:91,0
DA:92,0
DA:93,0
DA:94,0
DA:95,0
DA:96,0
DA:97,0
DA:98,0
DA:99,0
DA:104,0
DA:105,0
DA:107,0
DA:108,0
DA:109,0
DA:110,0
DA:113,0
DA:114,0
DA:119,0
DA:120,0
DA:121,0
DA:122,0
DA:123,0
DA:124,0
DA:126,0
DA:129,0
DA:130,0
DA:131,0
DA:132,0
DA:133,0
DA:134,0
DA:135,0
DA:136,0
DA:137,0
DA:138,0
DA:139,0
DA:140,0
DA:141,0
DA:142,0
DA:143,0
DA:144,0
DA:145,0
DA:146,0
DA:147,0
DA:150,0
DA:151,0
DA:152,0
DA:155,0
DA:156,0
DA:158,0
DA:159,0
DA:162,0
DA:163,0
LF:125
LH:1
BRDA:95,1,0,0
BRDA:95,1,1,0
BRDA:96,2,0,0
BRDA:96,2,1,0
BRDA:98,3,0,0
BRDA:98,3,1,0
BRDA:104,4,0,0
BRDA:104,4,1,0
BRDA:107,5,0,0
BRDA:107,5,1,0
BRDA:145,6,0,0
BRDA:145,6,1,0
BRDA:155,7,0,0
BRDA:155,7,1,0
BRDA:163,8,0,0
BRDA:163,8,1,0
BRF:16
BRH:0
end_of_record
TN:
SF:/home/ubuntu/jThree/lib/Core/Geometries/Base/BasicGeometry.js
FN:8,(anonymous_8)
FNF:1
FNH:1
FNDA:1,(anonymous_8)
DA:1,1
DA:10,0
DA:11,0
DA:12,0
LF:4
LH:1
BRF:0
BRH:0
end_of_record
TN:
SF:/home/ubuntu/jThree/lib/Core/Geometries/Base/IndexedGeometry.js
FN:7,(anonymous_8)
FNF:1
FNH:1
FNDA:1,(anonymous_8)
DA:1,1
DA:15,0
DA:25,0
DA:26,0
DA:34,0
DA:35,0
DA:36,0
DA:37,0
DA:38,0
DA:40,0
DA:41,0
DA:43,0
DA:44,0
DA:45,0
DA:47,0
DA:49,0
DA:59,0
LF:17
LH:1
BRDA:39,1,0,0
BRDA:39,1,1,0
BRDA:40,2,0,0
BRDA:40,2,1,0
BRF:4
BRH:0
end_of_record
TN:
SF:/home/ubuntu/jThree/lib/Core/Geometries/Base/Geometry.js
FN:5,(anonymous_8)
FN:6,Geometry
FNF:2
FNH:1
FNDA:1,(anonymous_8)
FNDA:0,Geometry
DA:1,1
DA:6,1
DA:8,0
DA:11,0
DA:14,0
DA:15,0
LF:6
LH:2
BRDA:14,1,0,0
BRDA:14,1,1,0
BRF:2
BRH:0
end_of_record
TN:
SF:/home/ubuntu/jThree/lib/Core/Geometries/CylinderGeometry.js
FN:6,(anonymous_8)
FN:7,CylinderGeometry
FNF:2
FNH:1
FNDA:1,(anonymous_8)
FNDA:0,CylinderGeometry
DA:1,1
DA:2,1
DA:3,1
DA:4,1
DA:5,1
DA:7,1
DA:9,0
DA:10,0
DA:11,0
DA:12,0
DA:13,0
DA:14,0
DA:15,0
DA:18,0
DA:21,0
DA:22,0
DA:25,0
DA:26,0
DA:27,0
DA:28,0
DA:29,0
DA:30,0
DA:31,0
DA:32,0
DA:33,0
LF:25
LH:6
BRF:0
BRH:0
end_of_record
TN:
SF:/home/ubuntu/jThree/lib/Core/Geometries/CubeGeometry.js
FN:6,(anonymous_8)
FN:7,CubeGeometry
FNF:2
FNH:1
FNDA:1,(anonymous_8)
FNDA:0,CubeGeometry
DA:1,1
DA:2,1
DA:3,1
DA:4,1
DA:5,1
DA:7,1
DA:9,0
DA:10,0
DA:11,0
DA:12,0
DA:13,0
DA:14,0
DA:17,0
DA:18,0
DA:19,0
DA:20,0
DA:21,0
DA:22,0
DA:23,0
DA:24,0
DA:25,0
DA:26,0
DA:27,0
DA:28,0
DA:29,0
DA:30,0
LF:26
LH:6
BRF:0
BRH:0
end_of_record
TN:
SF:/home/ubuntu/jThree/lib/Core/Geometries/SphereGeometry.js
FN:6,(anonymous_8)
FN:7,SphereGeometry
FNF:2
FNH:1
FNDA:1,(anonymous_8)
FNDA:0,SphereGeometry
DA:1,1
DA:2,1
DA:3,1
DA:4,1
DA:5,1
DA:7,1
DA:9,0
DA:10,0
DA:11,0
DA:12,0
DA:13,0
DA:14,0
DA:15,0
DA:18,0
DA:21,0
DA:22,0
DA:24,0
DA:25,0
DA:26,0
DA:27,0
DA:28,0
DA:29,0
DA:32,0
DA:33,0
DA:34,0
LF:25
LH:6
BRF:0
BRH:0
end_of_record
TN:
SF:/home/ubuntu/jThree/lib/Core/Geometries/QuadGeometry.js
FN:5,(anonymous_8)
FN:6,QuadGeometry
FNF:2
FNH:1
FNDA:1,(anonymous_8)
FNDA:0,QuadGeometry
DA:1,1
DA:2,1
DA:3,1
DA:4,1
DA:6,1
DA:8,0
DA:9,0
DA:10,0
DA:11,0
DA:12,0
DA:13,0
DA:14,0
DA:15,0
DA:18,0
DA:19,0
DA:22,0
DA:23,0
DA:26,0
DA:27,0
DA:28,0
DA:29,0
DA:30,0
DA:31,0
DA:32,0
DA:33,0
DA:34,0
LF:26
LH:5
BRF:0
BRH:0
end_of_record
TN:
SF:/home/ubuntu/jThree/lib/Core/Materials/Base/MaterialManager.js
FN:14,(anonymous_6)
FN:15,MaterialManager
FN:44,(anonymous_11)
FN:100,(anonymous_20)
FN:105,(anonymous_21)
FN:107,(anonymous_22)
FN:111,(anonymous_23)
FNF:7
FNH:1
FNDA:1,(anonymous_6)
FNDA:0,MaterialManager
FNDA:0,(anonymous_11)
FNDA:0,(anonymous_20)
FNDA:0,(anonymous_21)
FNDA:0,(anonymous_22)
FNDA:0,(anonymous_23)
DA:1,1
DA:2,1
DA:3,1
DA:4,1
DA:5,1
DA:6,1
DA:7,1
DA:8,1
DA:9,1
DA:15,1
DA:16,0
DA:17,0
DA:18,0
DA:19,0
DA:20,0
DA:21,0
DA:22,0
DA:23,0
DA:24,0
DA:25,0
DA:28,0
DA:29,0
DA:30,0
DA:33,0
DA:41,0
DA:44,0
DA:52,0
DA:55,0
DA:58,0
DA:66,0
DA:67,0
DA:68,0
DA:69,0
DA:70,0
DA:73,0
DA:75,0
DA:81,0
DA:90,0
DA:91,0
DA:93,0
DA:96,0
DA:100,0
DA:101,0
DA:102,0
DA:103,0
DA:104,0
DA:105,0
DA:106,0
DA:107,0
DA:108,0
DA:111,0
DA:112,0
DA:114,0
DA:115,0
LF:54
LH:10
BRDA:69,1,0,0
BRDA:69,1,1,0
BRDA:91,2,0,0
BRDA:91,2,1,0
BRF:4
BRH:0
end_of_record
TN:
SF:/home/ubuntu/jThree/lib/Core/Materials/Base/Registerer/BasicRegisterer.js
FN:4,(anonymous_8)
FNF:1
FNH:1
FNDA:1,(anonymous_8)
DA:1,1
DA:2,1
DA:3,1
DA:6,0
DA:9,0
DA:10,0
DA:12,0
DA:13,0
DA:15,0
DA:16,0
DA:18,0
DA:19,0
DA:21,0
DA:22,0
DA:24,0
DA:25,0
DA:27,0
DA:28,0
DA:30,0
DA:31,0
DA:33,0
DA:34,0
DA:36,0
DA:37,0
DA:39,0
DA:40,0
DA:41,0
LF:27
LH:3
BRDA:9,1,0,0
BRDA:9,1,1,0
BRDA:12,2,0,0
BRDA:12,2,1,0
BRDA:15,3,0,0
BRDA:15,3,1,0
BRDA:18,4,0,0
BRDA:18,4,1,0
BRDA:21,5,0,0
BRDA:21,5,1,0
BRDA:24,6,0,0
BRDA:24,6,1,0
BRDA:27,7,0,0
BRDA:27,7,1,0
BRDA:30,8,0,0
BRDA:30,8,1,0
BRDA:33,9,0,0
BRDA:33,9,1,0
BRDA:36,10,0,0
BRDA:36,10,1,0
BRDA:39,11,0,0
BRDA:39,11,1,0
BRF:22
BRH:0
end_of_record
TN:
SF:/home/ubuntu/jThree/lib/Core/Materials/Base/Registerer/RegistererBase.js
FN:7,(anonymous_6)
FN:16,(anonymous_9)
FNF:2
FNH:1
FNDA:1,(anonymous_6)
FNDA:0,(anonymous_9)
DA:1,1
DA:15,0
DA:16,0
DA:17,0
DA:19,0
LF:5
LH:1
BRF:0
BRH:0
end_of_record
TN:
SF:/home/ubuntu/jThree/lib/Core/Materials/Base/Registerer/StageDescriptionRegisterer.js
FN:2,(anonymous_8)
FNF:1
FNH:1
FNDA:1,(anonymous_8)
DA:1,1
DA:4,0
DA:7,0
DA:8,0
DA:10,0
DA:11,0
DA:13,0
DA:14,0
DA:16,0
DA:17,0
LF:10
LH:1
BRDA:7,1,0,0
BRDA:7,1,1,0
BRDA:10,2,0,0
BRDA:10,2,1,0
BRDA:13,3,0,0
BRDA:13,3,1,0
BRDA:16,4,0,0
BRDA:16,4,1,0
BRF:8
BRH:0
end_of_record
TN:
SF:/home/ubuntu/jThree/lib/Core/Materials/Base/Registerer/BufferRegisterer.js
FN:3,(anonymous_8)
FNF:1
FNH:1
FNDA:1,(anonymous_8)
DA:1,1
DA:2,1
DA:5,0
DA:8,0
DA:9,0
DA:10,0
DA:11,0
DA:13,0
DA:14,0
DA:15,0
DA:16,0
DA:18,0
DA:19,0
DA:20,0
DA:22,0
DA:23,0
DA:25,0
LF:17
LH:2
BRDA:10,1,0,0
BRDA:10,1,1,0
BRDA:10,2,0,0
BRDA:10,2,1,0
BRDA:13,3,0,0
BRDA:13,3,1,0
BRDA:15,4,0,0
BRDA:15,4,1,0
BRDA:15,5,0,0
BRDA:15,5,1,0
BRDA:19,6,0,0
BRDA:19,6,1,0
BRDA:22,7,0,0
BRDA:22,7,1,0
BRF:14
BRH:0
end_of_record
TN:
SF:/home/ubuntu/jThree/lib/Core/Resources/RBO/RBO.js
FN:3,(anonymous_8)
FN:4,RBO
FN:27,(anonymous_12)
FNF:3
FNH:1
FNDA:1,(anonymous_8)
FNDA:0,RBO
FNDA:0,(anonymous_12)
DA:1,1
DA:2,1
DA:4,1
DA:6,0
DA:7,0
DA:8,0
DA:9,0
DA:12,0
DA:15,0
DA:18,0
DA:21,0
DA:24,0
DA:25,0
DA:26,0
DA:27,0
LF:15
LH:3
BRDA:4,1,0,0
BRDA:4,1,1,0
BRDA:4,2,0,0
BRDA:4,2,1,0
BRDA:24,3,0,0
BRDA:24,3,1,0
BRDA:24,4,0,0
BRDA:24,4,1,0
BRF:8
BRH:0
end_of_record
TN:
SF:/home/ubuntu/jThree/lib/Core/Resources/RBO/RBOWrapper.js
FN:6,(anonymous_8)
FN:7,RBOWrapper
FNF:2
FNH:1
FNDA:1,(anonymous_8)
FNDA:0,RBOWrapper
DA:1,1
DA:7,1
DA:9,0
DA:12,0
DA:15,0
DA:16,0
DA:18,0
DA:19,0
DA:20,0
DA:21,0
DA:24,0
DA:27,0
DA:28,0
DA:29,0
DA:33,0
DA:34,0
DA:35,0
DA:36,0
LF:18
LH:2
BRDA:15,1,0,0
BRDA:15,1,1,0
BRDA:27,2,0,0
BRDA:27,2,1,0
BRDA:33,3,0,0
BRDA:33,3,1,0
BRF:6
BRH:0
end_of_record
TN:
SF:/home/ubuntu/jThree/lib/Core/Resources/ResourceWrapper.js
FN:3,(anonymous_8)
FN:4,ResourceWrapper
FNF:2
FNH:1
FNDA:1,(anonymous_8)
FNDA:0,ResourceWrapper
DA:1,1
DA:2,1
DA:4,1
DA:6,0
DA:7,0
DA:10,0
DA:16,0
DA:22,0
DA:25,0
DA:31,0
DA:37,0
DA:40,0
DA:43,0
DA:44,0
DA:46,0
DA:47,0
DA:49,0
DA:50,0
LF:18
LH:3
BRDA:43,1,0,0
BRDA:43,1,1,0
BRDA:46,2,0,0
BRDA:46,2,1,0
BRF:4
BRH:0
end_of_record
TN:
SF:/home/ubuntu/jThree/lib/Core/Materials/Base/Registerer/TimeRegisterer.js
FN:5,(anonymous_8)
FNF:1
FNH:1
FNDA:1,(anonymous_8)
DA:1,1
DA:2,1
DA:3,1
DA:4,1
DA:7,0
DA:10,0
DA:11,0
DA:12,0
DA:13,0
DA:15,0
DA:16,0
DA:17,0
DA:20,0
DA:21,0
DA:22,0
DA:23,0
DA:25,0
DA:26,0
DA:27,0
DA:30,0
DA:31,0
DA:32,0
DA:33,0
DA:34,0
DA:36,0
DA:37,0
DA:38,0
LF:27
LH:4
BRDA:10,1,0,0
BRDA:10,1,1,0
BRDA:12,2,0,0
BRDA:12,2,1,0
BRDA:15,3,0,0
BRDA:15,3,1,0
BRDA:20,4,0,0
BRDA:20,4,1,0
BRDA:22,5,0,0
BRDA:22,5,1,0
BRDA:25,6,0,0
BRDA:25,6,1,0
BRDA:30,7,0,0
BRDA:30,7,1,0
BRDA:32,8,0,0
BRDA:32,8,1,0
BRDA:36,9,0,0
BRDA:36,9,1,0
BRF:18
BRH:0
end_of_record
TN:
SF:/home/ubuntu/jThree/lib/Core/Resources/AsyncLoader.js
FN:3,(anonymous_8)
FN:4,AsyncLoader
FN:37,(anonymous_14)
FN:42,(anonymous_15)
FN:46,(anonymous_16)
FNF:5
FNH:2
FNDA:1,(anonymous_8)
FNDA:4,AsyncLoader
FNDA:0,(anonymous_14)
FNDA:0,(anonymous_15)
FNDA:0,(anonymous_16)
DA:1,1
DA:2,1
DA:4,1
DA:5,4
DA:6,4
DA:7,4
DA:10,0
DA:11,0
DA:12,0
DA:15,0
DA:16,0
DA:17,0
DA:20,0
DA:21,0
DA:22,0
DA:25,0
DA:29,0
DA:30,0
DA:31,0
DA:34,0
DA:35,0
DA:36,0
DA:37,0
DA:38,0
DA:42,0
DA:43,0
DA:44,0
DA:45,0
DA:47,0
DA:48,0
DA:50,0
DA:51,0
DA:53,0
LF:33
LH:6
BRDA:21,1,0,0
BRDA:21,1,1,0
BRDA:30,2,0,0
BRDA:30,2,1,0
BRDA:36,3,0,0
BRDA:36,3,1,0
BRF:6
BRH:0
end_of_record
TN:
SF:/home/ubuntu/jThree/lib/Core/Timer.js
FN:4,(anonymous_8)
FN:5,Timer
FN:13,(anonymous_10)
FNF:3
FNH:1
FNDA:1,(anonymous_8)
FNDA:0,Timer
FNDA:0,(anonymous_10)
DA:1,1
DA:2,1
DA:3,1
DA:5,1
DA:7,0
DA:8,0
DA:9,0
DA:10,0
DA:11,0
DA:12,0
DA:13,0
DA:16,0
DA:19,0
DA:20,0
DA:21,0
DA:22,0
LF:16
LH:4
BRF:0
BRH:0
end_of_record
TN:
SF:/home/ubuntu/jThree/lib/Interface/J3Object.js
FN:8,(anonymous_5)
FN:13,J3Object
FN:24,(anonymous_7)
FNF:3
FNH:1
FNDA:1,(anonymous_5)
FNDA:0,J3Object
FNDA:0,(anonymous_7)
DA:1,1
DA:2,1
DA:3,1
DA:4,1
DA:13,1
DA:15,0
DA:16,0
DA:17,0
DA:19,0
DA:20,0
DA:22,0
DA:23,0
DA:25,0
DA:26,0
DA:28,0
DA:30,0
DA:31,0
DA:33,0
DA:34,0
LF:19
LH:5
BRDA:18,1,0,0
BRDA:18,1,1,0
BRDA:18,1,2,0
BRDA:18,1,3,0
BRDA:24,2,0,0
BRDA:24,2,1,0
BRDA:30,3,0,0
BRDA:30,3,1,0
BRDA:33,4,0,0
BRDA:33,4,1,0
BRF:10
BRH:0
end_of_record
TN:
SF:/home/ubuntu/jThree/lib/Goml/GomlTreeNodeBase.js
FN:9,(anonymous_8)
FN:13,GomlTreeNodeBase
FN:36,(anonymous_10)
FN:39,(anonymous_11)
FN:44,(anonymous_12)
FNF:5
FNH:1
FNDA:1,(anonymous_8)
FNDA:0,GomlTreeNodeBase
FNDA:0,(anonymous_10)
FNDA:0,(anonymous_11)
FNDA:0,(anonymous_12)
DA:1,1
DA:2,1
DA:3,1
DA:4,1
DA:5,1
DA:13,1
DA:19,0
DA:34,0
DA:36,0
DA:37,0
DA:38,0
DA:39,0
DA:40,0
DA:44,0
DA:45,0
DA:55,0
DA:56,0
DA:57,0
DA:59,0
DA:60,0
DA:62,0
DA:69,0
DA:70,0
DA:82,0
DA:88,0
DA:89,0
DA:90,0
DA:92,0
DA:95,0
DA:98,0
LF:30
LH:6
BRDA:36,1,0,0
BRDA:36,1,1,0
BRDA:89,2,0,0
BRDA:89,2,1,0
BRDA:56,3,0,0
BRDA:56,3,1,0
BRDA:59,4,0,0
BRDA:59,4,1,0
BRF:8
BRH:0
end_of_record
TN:
SF:/home/ubuntu/jThree/lib/Goml/AttributeDictionary.js
FN:7,(anonymous_9)
FN:11,AttributeDictionary
FN:17,(anonymous_12)
FN:137,(anonymous_24)
FN:146,(anonymous_26)
FNF:5
FNH:1
FNDA:1,(anonymous_9)
FNDA:0,AttributeDictionary
FNDA:0,(anonymous_12)
FNDA:0,(anonymous_24)
FNDA:0,(anonymous_26)
DA:1,1
DA:2,1
DA:3,1
DA:11,1
DA:13,0
DA:14,0
DA:17,0
DA:18,0
DA:19,0
DA:21,0
DA:24,0
DA:25,0
DA:26,0
DA:29,0
DA:33,0
DA:34,0
DA:35,0
DA:38,0
DA:42,0
DA:43,0
DA:44,0
DA:47,0
DA:48,0
DA:49,0
DA:51,0
DA:55,0
DA:58,0
DA:61,0
DA:64,0
DA:65,0
DA:66,0
DA:69,0
DA:76,0
DA:86,0
DA:87,0
DA:88,0
DA:89,0
DA:90,0
DA:92,0
DA:93,0
DA:94,0
DA:96,0
DA:97,0
DA:98,0
DA:99,0
DA:100,0
DA:101,0
DA:104,0
DA:105,0
DA:109,0
DA:110,0
DA:113,0
DA:116,0
DA:118,0
DA:119,0
DA:129,0
DA:130,0
DA:131,0
DA:137,0
DA:138,0
DA:139,0
DA:140,0
DA:145,0
DA:146,0
DA:147,0
DA:148,0
DA:152,0
DA:153,0
LF:68
LH:4
BRDA:25,1,0,0
BRDA:25,1,1,0
BRDA:34,2,0,0
BRDA:34,2,1,0
BRDA:43,3,0,0
BRDA:43,3,1,0
BRDA:47,4,0,0
BRDA:47,4,1,0
BRDA:65,5,0,0
BRDA:65,5,1,0
BRDA:89,6,0,0
BRDA:89,6,1,0
BRDA:89,7,0,0
BRDA:89,7,1,0
BRDA:89,7,2,0
BRDA:94,8,0,0
BRDA:94,8,1,0
BRDA:94,9,0,0
BRDA:94,9,1,0
BRDA:105,10,0,0
BRDA:105,10,1,0
BRDA:109,11,0,0
BRDA:109,11,1,0
BRDA:118,12,0,0
BRDA:118,12,1,0
BRDA:118,13,0,0
BRDA:118,13,1,0
BRDA:139,14,0,0
BRDA:139,14,1,0
BRDA:145,15,0,0
BRDA:145,15,1,0
BRF:31
BRH:0
end_of_record
TN:
SF:/home/ubuntu/jThree/lib/Goml/GomlAttribute.js
FN:9,(anonymous_8)
FN:10,GomlAttribute
FNF:2
FNH:1
FNDA:1,(anonymous_8)
FNDA:0,GomlAttribute
DA:1,1
DA:2,1
DA:3,1
DA:4,1
DA:5,1
DA:10,1
DA:16,0
DA:28,0
DA:29,0
DA:30,0
DA:31,0
DA:32,0
DA:33,0
DA:34,0
DA:41,0
DA:42,0
DA:43,0
DA:51,0
DA:52,0
DA:54,0
DA:57,0
DA:58,0
DA:59,0
DA:60,0
DA:61,0
DA:63,0
DA:65,0
DA:74,0
DA:75,0
DA:76,0
DA:82,0
DA:85,0
DA:88,0
DA:90,0
DA:92,0
DA:93,0
DA:94,0
DA:96,0
DA:97,0
DA:100,0
DA:101,0
DA:104,0
DA:106,0
DA:110,0
DA:120,0
DA:123,0
DA:124,0
DA:127,0
DA:128,0
DA:129,0
DA:140,0
DA:141,0
DA:143,0
DA:144,0
DA:145,0
DA:146,0
DA:148,0
LF:57
LH:6
BRDA:31,1,0,0
BRDA:31,1,1,0
BRDA:32,2,0,0
BRDA:32,2,1,0
BRDA:42,3,0,0
BRDA:42,3,1,0
BRDA:41,4,0,0
BRDA:41,4,1,0
BRDA:54,5,0,0
BRDA:54,5,1,0
BRDA:54,6,0,0
BRDA:54,6,1,0
BRDA:74,7,0,0
BRDA:74,7,1,0
BRDA:140,8,0,0
BRDA:140,8,1,0
BRDA:143,9,0,0
BRDA:143,9,1,0
BRDA:143,10,0,0
BRDA:143,10,1,0
BRDA:144,11,0,0
BRDA:144,11,1,0
BRDA:92,12,0,0
BRDA:92,12,1,0
BRDA:92,13,0,0
BRDA:92,13,1,0
BRDA:96,14,0,0
BRDA:96,14,1,0
BRDA:90,15,0,0
BRDA:90,15,1,0
BRDA:88,16,0,0
BRDA:88,16,1,0
BRDA:120,17,0,0
BRDA:120,17,1,0
BRDA:123,18,0,0
BRDA:123,18,1,0
BRF:36
BRH:0
end_of_record
TN:
SF:/home/ubuntu/jThree/lib/Goml/Converter/StringAttributeConverter.js
FN:2,(anonymous_8)
FNF:1
FNH:1
FNDA:1,(anonymous_8)
DA:1,1
DA:4,0
DA:7,0
LF:3
LH:1
BRF:0
BRH:0
end_of_record
TN:
SF:/home/ubuntu/jThree/lib/Goml/Converter/AttributeConverterBase.js
FN:3,(anonymous_8)
FNF:1
FNH:1
FNDA:1,(anonymous_8)
DA:1,1
DA:2,1
DA:5,0
DA:8,0
DA:11,0
LF:5
LH:2
BRF:0
BRH:0
end_of_record
TN:
SF:/home/ubuntu/jThree/lib/Goml/TreeNodeBase.js
FN:16,(anonymous_8)
FN:17,TreeNodeBase
FN:28,(anonymous_10)
FN:34,(anonymous_11)
FN:40,(anonymous_12)
FN:46,(anonymous_13)
FN:59,(anonymous_15)
FN:69,(anonymous_17)
FN:91,(anonymous_27)
FN:98,(anonymous_28)
FNF:10
FNH:3
FNDA:2,(anonymous_8)
FNDA:5,TreeNodeBase
FNDA:0,(anonymous_10)
FNDA:0,(anonymous_11)
FNDA:5,(anonymous_12)
FNDA:0,(anonymous_13)
FNDA:0,(anonymous_15)
FNDA:0,(anonymous_17)
FNDA:0,(anonymous_27)
FNDA:0,(anonymous_28)
DA:1,2
DA:17,5
DA:22,5
DA:28,5
DA:29,0
DA:30,0
DA:31,0
DA:34,5
DA:35,0
DA:36,0
DA:37,0
DA:40,5
DA:41,5
DA:42,5
DA:43,5
DA:46,5
DA:47,0
DA:48,0
DA:49,0
DA:58,0
DA:59,0
DA:60,0
DA:67,0
DA:68,0
DA:69,0
DA:70,0
DA:72,0
DA:79,11
DA:86,5
DA:87,5
DA:88,5
DA:89,5
DA:90,5
DA:92,0
DA:95,0
DA:96,0
DA:97,0
DA:99,0
DA:108,0
DA:109,0
DA:110,0
DA:111,0
DA:112,0
DA:120,0
DA:121,0
DA:122,0
DA:123,0
DA:124,0
DA:125,0
DA:126,0
DA:127,0
DA:131,0
DA:139,0
DA:146,0
DA:154,0
DA:163,5
DA:172,0
LF:57
LH:17
BRDA:30,1,0,0
BRDA:30,1,1,0
BRDA:36,2,0,0
BRDA:36,2,1,0
BRDA:42,3,0,5
BRDA:42,3,1,0
BRDA:48,4,0,0
BRDA:48,4,1,0
BRDA:110,5,0,0
BRDA:110,5,1,0
BRDA:122,6,0,0
BRDA:122,6,1,0
BRDA:125,7,0,0
BRDA:125,7,1,0
BRDA:86,8,0,5
BRDA:86,8,1,0
BRDA:86,9,0,5
BRDA:86,9,1,5
BRDA:88,10,0,5
BRDA:88,10,1,0
BRF:20
BRH:5
end_of_record
TN:
SF:/home/ubuntu/jThree/lib/Goml/NodeProps.js
FN:2,(anonymous_8)
FN:3,NodeProps
FNF:2
FNH:1
FNDA:1,(anonymous_8)
FNDA:0,NodeProps
DA:1,1
DA:3,1
DA:5,0
DA:14,0
DA:15,0
DA:16,0
DA:27,0
DA:28,0
DA:29,0
DA:31,0
DA:42,0
LF:11
LH:2
BRDA:28,1,0,0
BRDA:28,1,1,0
BRDA:28,2,0,0
BRDA:28,2,1,0
BRF:4
BRH:0
end_of_record
TN:
SF:/home/ubuntu/jThree/lib/Interface/J3ObjectBase.js
FN:1,(anonymous_5)
FN:2,J3ObjectBase
FN:10,(anonymous_9)
FNF:3
FNH:1
FNDA:1,(anonymous_5)
FNDA:0,J3ObjectBase
FNDA:0,(anonymous_9)
DA:2,1
DA:3,0
DA:6,0
DA:7,0
DA:10,0
LF:5
LH:1
BRF:0
BRH:0
end_of_record
TN:
SF:/home/ubuntu/jThree/lib/Interface/J3ObjectMixins.js
FN:8,J3ObjectMixins
FN:19,applyMixins
FN:20,(anonymous_4)
FN:21,(anonymous_5)
FN:34,applyStaticMixins
FN:35,(anonymous_7)
FN:36,(anonymous_8)
FNF:7
FNH:7
FNDA:1,J3ObjectMixins
FNDA:1,applyMixins
FNDA:4,(anonymous_4)
FNDA:11,(anonymous_5)
FNDA:1,applyStaticMixins
FNDA:2,(anonymous_7)
FNDA:8,(anonymous_8)
DA:1,1
DA:2,1
DA:3,1
DA:4,1
DA:5,1
DA:6,1
DA:7,1
DA:8,1
DA:9,1
DA:15,1
DA:19,1
DA:20,1
DA:21,4
DA:22,11
DA:23,7
DA:29,7
DA:34,1
DA:35,1
DA:36,2
DA:37,8
DA:38,2
DA:44,2
DA:49,1
DA:50,1
LF:24
LH:24
BRDA:22,1,0,7
BRDA:22,1,1,4
BRDA:37,2,0,2
BRDA:37,2,1,6
BRDA:37,3,0,8
BRDA:37,3,1,6
BRDA:37,3,2,4
BRDA:37,3,3,2
BRDA:37,3,4,2
BRF:9
BRH:9
end_of_record
TN:
SF:/home/ubuntu/jThree/lib/Interface/Miscellaneous/GomlNodeMethods.js
FN:5,(anonymous_8)
FN:22,(anonymous_12)
FNF:2
FNH:1
FNDA:1,(anonymous_8)
FNDA:0,(anonymous_12)
DA:1,1
DA:2,1
DA:3,1
DA:4,1
DA:7,0
DA:9,0
DA:11,0
DA:13,0
DA:17,0
DA:19,0
DA:20,0
DA:22,0
DA:23,0
DA:26,0
DA:30,0
LF:15
LH:4
BRDA:8,1,0,0
BRDA:8,1,1,0
BRDA:8,1,2,0
BRDA:18,2,0,0
BRDA:18,2,1,0
BRDA:18,2,2,0
BRDA:20,3,0,0
BRDA:20,3,1,0
BRDA:23,4,0,0
BRDA:23,4,1,0
BRF:10
BRH:0
end_of_record
TN:
SF:/home/ubuntu/jThree/lib/Goml/CoreRelatedNodeBase.js
FN:5,(anonymous_5)
FNF:1
FNH:1
FNDA:1,(anonymous_5)
DA:1,1
LF:1
LH:1
BRF:0
BRH:0
end_of_record
TN:
SF:/home/ubuntu/jThree/lib/Interface/Traversing/TreeTraversal.js
FN:5,(anonymous_8)
FN:10,(anonymous_11)
FNF:2
FNH:1
FNDA:1,(anonymous_8)
FNDA:0,(anonymous_11)
DA:1,1
DA:2,1
DA:3,1
DA:4,1
DA:7,0
DA:9,0
DA:10,0
DA:11,0
DA:13,0
DA:15,0
DA:17,0
DA:19,0
LF:12
LH:4
BRDA:8,1,0,0
BRDA:8,1,1,0
BRDA:8,1,2,0
BRDA:8,1,3,0
BRF:4
BRH:0
end_of_record
TN:
SF:/home/ubuntu/jThree/lib/Interface/Manipulation/GeneralAttributes.js
FN:7,(anonymous_8)
FN:31,(anonymous_11)
FN:38,(anonymous_12)
FN:56,(anonymous_14)
FN:63,(anonymous_15)
FN:14,(anonymous_17)
FNF:6
FNH:1
FNDA:1,(anonymous_8)
FNDA:0,(anonymous_11)
FNDA:0,(anonymous_12)
FNDA:0,(anonymous_14)
FNDA:0,(anonymous_15)
FNDA:0,(anonymous_17)
DA:1,1
DA:2,1
DA:3,1
DA:4,1
DA:5,1
DA:6,1
DA:9,0
DA:10,0
DA:13,0
DA:14,0
DA:15,0
DA:17,0
DA:21,0
DA:22,0
DA:24,0
DA:25,0
DA:27,0
DA:29,0
DA:31,0
DA:32,0
DA:34,0
DA:37,0
DA:38,0
DA:39,0
DA:41,0
DA:44,0
DA:48,0
DA:49,0
DA:51,0
DA:52,0
DA:54,0
DA:56,0
DA:57,0
DA:59,0
DA:62,0
DA:63,0
DA:64,0
DA:66,0
DA:69,0
LF:39
LH:6
BRDA:21,1,0,0
BRDA:21,1,1,0
BRDA:24,2,0,0
BRDA:24,2,1,0
BRDA:26,3,0,0
BRDA:26,3,1,0
BRDA:26,3,2,0
BRDA:37,4,0,0
BRDA:37,4,1,0
BRDA:48,5,0,0
BRDA:48,5,1,0
BRDA:51,6,0,0
BRDA:51,6,1,0
BRDA:53,7,0,0
BRDA:53,7,1,0
BRDA:62,8,0,0
BRDA:62,8,1,0
BRDA:9,9,0,0
BRDA:9,9,1,0
BRF:19
BRH:0
end_of_record
TN:
SF:/home/ubuntu/jThree/lib/Interface/Manipulation/CollectionManipulation.js
FN:3,(anonymous_8)
FN:6,(anonymous_11)
FNF:2
FNH:1
FNDA:1,(anonymous_8)
FNDA:0,(anonymous_11)
DA:1,1
DA:2,1
DA:5,0
DA:6,0
DA:7,0
DA:8,0
DA:9,0
DA:14,0
DA:15,0
DA:18,0
LF:10
LH:2
BRDA:8,1,0,0
BRDA:8,1,1,0
BRDA:14,2,0,0
BRDA:14,2,1,0
BRF:4
BRH:0
end_of_record
TN:
SF:/home/ubuntu/jThree/lib/Interface/Static/Utilities.js
FN:4,(anonymous_6)
FN:8,(anonymous_9)
FN:16,(anonymous_10)
FNF:3
FNH:1
FNDA:1,(anonymous_6)
FNDA:0,(anonymous_9)
FNDA:0,(anonymous_10)
DA:1,1
DA:2,1
DA:3,1
DA:6,0
DA:7,0
DA:8,0
DA:9,0
DA:10,0
DA:11,0
DA:16,0
DA:17,0
DA:18,0
DA:19,0
DA:20,0
DA:26,0
DA:27,0
DA:30,0
LF:17
LH:3
BRDA:7,1,0,0
BRDA:7,1,1,0
BRDA:7,2,0,0
BRDA:7,2,1,0
BRDA:10,3,0,0
BRDA:10,3,1,0
BRDA:19,4,0,0
BRDA:19,4,1,0
BRDA:26,5,0,0
BRDA:26,5,1,0
BRF:10
BRH:0
end_of_record
TN:
SF:/home/ubuntu/jThree/lib/Interface/Static/Find.js
FN:3,(anonymous_6)
FNF:1
FNH:1
FNDA:1,(anonymous_6)
DA:1,1
DA:2,1
DA:11,0
LF:3
LH:2
BRF:0
BRH:0
end_of_record
TN:
SF:/home/ubuntu/jThree/lib/Core/SceneManager.js
FN:7,(anonymous_8)
FN:8,SceneManager
FN:15,(anonymous_10)
FNF:3
FNH:1
FNDA:1,(anonymous_8)
FNDA:0,SceneManager
FNDA:0,(anonymous_10)
DA:1,1
DA:2,1
DA:3,1
DA:8,1
DA:13,0
DA:14,0
DA:15,0
DA:18,0
DA:24,0
DA:25,0
DA:26,0
DA:37,0
DA:38,0
DA:39,0
DA:41,0
DA:47,0
DA:48,0
DA:49,0
DA:62,0
DA:63,0
DA:64,0
DA:65,0
LF:22
LH:4
BRDA:24,1,0,0
BRDA:24,1,1,0
BRDA:47,2,0,0
BRDA:47,2,1,0
BRF:4
BRH:0
end_of_record
TN:
SF:/home/ubuntu/jThree/lib/Base/JThreeObjectEE.js
FN:6,(anonymous_5)
FN:7,JThreeObjectEE
FN:11,applyMixins
FN:12,(anonymous_8)
FN:13,(anonymous_9)
FNF:5
FNH:4
FNDA:1,(anonymous_5)
FNDA:0,JThreeObjectEE
FNDA:1,applyMixins
FNDA:1,(anonymous_8)
FNDA:14,(anonymous_9)
DA:1,1
DA:2,1
DA:7,1
DA:11,1
DA:12,1
DA:13,1
DA:14,14
DA:18,1
LF:8
LH:8
BRF:0
BRH:0
end_of_record
TN:
SF:/home/ubuntu/jThree/lib/Core/Canvas/CanvasManager.js
FN:10,(anonymous_6)
FN:11,CanvasManager
FN:23,(anonymous_8)
FN:24,(anonymous_9)
FN:63,(anonymous_14)
FN:67,(anonymous_16)
FNF:6
FNH:1
FNDA:1,(anonymous_6)
FNDA:0,CanvasManager
FNDA:0,(anonymous_8)
FNDA:0,(anonymous_9)
FNDA:0,(anonymous_14)
FNDA:0,(anonymous_16)
DA:1,1
DA:2,1
DA:3,1
DA:11,1
DA:16,0
DA:22,0
DA:23,0
DA:24,0
DA:30,0
DA:37,0
DA:38,0
DA:39,0
DA:49,0
DA:50,0
DA:51,0
DA:52,0
DA:53,0
DA:56,0
DA:63,0
DA:64,0
DA:67,0
DA:68,0
LF:22
LH:4
BRDA:37,1,0,0
BRDA:37,1,1,0
BRDA:49,2,0,0
BRDA:49,2,1,0
BRDA:51,3,0,0
BRDA:51,3,1,0
BRF:6
BRH:0
end_of_record
TN:
SF:/home/ubuntu/jThree/lib/Core/LoopManager.js
FN:8,(anonymous_6)
FN:12,LoopManager
FN:23,(anonymous_8)
FN:27,(anonymous_9)
FN:49,(anonymous_12)
FN:60,(anonymous_15)
FNF:6
FNH:1
FNDA:1,(anonymous_6)
FNDA:0,LoopManager
FNDA:0,(anonymous_8)
FNDA:0,(anonymous_9)
FNDA:0,(anonymous_12)
FNDA:0,(anonymous_15)
DA:1,1
DA:12,1
DA:19,0
DA:20,0
DA:24,0
DA:28,0
DA:35,0
DA:45,0
DA:49,0
DA:52,0
DA:60,0
DA:61,0
DA:63,0
LF:13
LH:2
BRDA:23,1,0,0
BRDA:23,1,1,0
BRF:2
BRH:0
end_of_record
TN:
SF:/home/ubuntu/jThree/lib/Core/ResourceManager.js
FN:18,(anonymous_8)
FN:19,ResourceManager
FN:34,(anonymous_12)
FN:38,(anonymous_13)
FN:41,(anonymous_14)
FN:56,(anonymous_16)
FN:65,(anonymous_17)
FN:72,(anonymous_19)
FN:80,(anonymous_22)
FN:91,(anonymous_26)
FN:99,(anonymous_29)
FN:101,(anonymous_30)
FN:109,(anonymous_33)
FN:111,(anonymous_34)
FN:116,(anonymous_36)
FN:118,(anonymous_37)
FN:126,(anonymous_40)
FN:128,(anonymous_41)
FN:136,(anonymous_44)
FN:138,(anonymous_45)
FNF:20
FNH:1
FNDA:1,(anonymous_8)
FNDA:0,ResourceManager
FNDA:0,(anonymous_12)
FNDA:0,(anonymous_13)
FNDA:0,(anonymous_14)
FNDA:0,(anonymous_16)
FNDA:0,(anonymous_17)
FNDA:0,(anonymous_19)
FNDA:0,(anonymous_22)
FNDA:0,(anonymous_26)
FNDA:0,(anonymous_29)
FNDA:0,(anonymous_30)
FNDA:0,(anonymous_33)
FNDA:0,(anonymous_34)
FNDA:0,(anonymous_36)
FNDA:0,(anonymous_37)
FNDA:0,(anonymous_40)
FNDA:0,(anonymous_41)
FNDA:0,(anonymous_44)
FNDA:0,(anonymous_45)
DA:1,1
DA:2,1
DA:3,1
DA:4,1
DA:5,1
DA:6,1
DA:7,1
DA:8,1
DA:9,1
DA:10,1
DA:11,1
DA:12,1
DA:13,1
DA:14,1
DA:19,1
DA:21,0
DA:22,0
DA:23,0
DA:24,0
DA:25,0
DA:26,0
DA:29,0
DA:32,0
DA:33,0
DA:34,0
DA:35,0
DA:38,0
DA:39,0
DA:40,0
DA:42,0
DA:43,0
DA:45,0
DA:48,0
DA:49,0
DA:50,0
DA:51,0
DA:52,0
DA:53,0
DA:55,0
DA:56,0
DA:57,0
DA:61,0
DA:62,0
DA:63,0
DA:65,0
DA:66,0
DA:69,0
DA:72,0
DA:73,0
DA:77,0
DA:80,0
DA:81,0
DA:85,0
DA:88,0
DA:91,0
DA:92,0
DA:96,0
DA:99,0
DA:100,0
DA:101,0
DA:106,0
DA:109,0
DA:110,0
DA:111,0
DA:112,0
DA:116,0
DA:117,0
DA:118,0
DA:119,0
DA:123,0
DA:126,0
DA:127,0
DA:128,0
DA:129,0
DA:133,0
DA:136,0
DA:137,0
DA:138,0
DA:139,0
LF:79
LH:15
BRDA:33,1,0,0
BRDA:33,1,1,0
BRDA:55,2,0,0
BRDA:55,2,1,0
BRDA:108,3,0,0
BRDA:108,3,1,0
BRDA:108,4,0,0
BRDA:108,4,1,0
BRDA:135,5,0,0
BRDA:135,5,1,0
BRDA:135,6,0,0
BRDA:135,6,1,0
BRDA:135,7,0,0
BRDA:135,7,1,0
BRDA:135,8,0,0
BRDA:135,8,1,0
BRF:16
BRH:0
end_of_record
TN:
SF:/home/ubuntu/jThree/lib/Core/Resources/ImageLoader.js
FN:3,(anonymous_6)
FN:5,(anonymous_9)
FN:8,(anonymous_10)
FN:11,(anonymous_11)
FNF:4
FNH:1
FNDA:1,(anonymous_6)
FNDA:0,(anonymous_9)
FNDA:0,(anonymous_10)
FNDA:0,(anonymous_11)
DA:1,1
DA:2,1
DA:5,0
DA:6,0
DA:7,0
DA:8,0
DA:9,0
DA:11,0
DA:12,0
DA:14,0
DA:15,0
DA:19,1
LF:12
LH:3
BRF:0
BRH:0
end_of_record
TN:
SF:/home/ubuntu/jThree/lib/Core/Resources/Buffer/Buffer.js
FN:6,(anonymous_8)
FN:7,Buffer
FN:88,(anonymous_11)
FNF:3
FNH:1
FNDA:1,(anonymous_8)
FNDA:0,Buffer
FNDA:0,(anonymous_11)
DA:1,1
DA:2,1
DA:7,1
DA:13,0
DA:14,0
DA:15,0
DA:20,0
DA:21,0
DA:22,0
DA:23,0
DA:24,0
DA:31,0
DA:38,0
DA:41,0
DA:48,0
DA:55,0
DA:58,0
DA:61,0
DA:64,0
DA:67,0
DA:74,0
DA:77,0
DA:83,0
DA:86,0
DA:87,0
DA:88,0
DA:91,0
LF:27
LH:3
BRF:0
BRH:0
end_of_record
TN:
SF:/home/ubuntu/jThree/lib/Core/Resources/Buffer/BufferWrapper.js
FN:5,(anonymous_8)
FN:6,BufferWrapper
FNF:2
FNH:1
FNDA:1,(anonymous_8)
FNDA:0,BufferWrapper
DA:1,1
DA:6,1
DA:8,0
DA:9,0
DA:10,0
DA:13,0
DA:14,0
DA:15,0
DA:16,0
DA:20,0
DA:23,0
DA:26,0
DA:29,0
DA:32,0
DA:35,0
DA:38,0
DA:39,0
DA:41,0
DA:42,0
DA:43,0
DA:44,0
DA:47,0
DA:48,0
DA:49,0
DA:53,0
DA:54,0
DA:57,0
DA:58,0
DA:59,0
DA:63,0
DA:64,0
LF:31
LH:2
BRDA:13,1,0,0
BRDA:13,1,1,0
BRDA:38,2,0,0
BRDA:38,2,1,0
BRDA:47,3,0,0
BRDA:47,3,1,0
BRDA:53,4,0,0
BRDA:53,4,1,0
BRDA:63,5,0,0
BRDA:63,5,1,0
BRF:10
BRH:0
end_of_record
TN:
SF:/home/ubuntu/jThree/lib/Core/Resources/Shader/Shader.js
FN:4,(anonymous_8)
FN:9,Shader
FN:40,(anonymous_11)
FN:53,(anonymous_14)
FNF:4
FNH:1
FNDA:1,(anonymous_8)
FNDA:0,Shader
FNDA:0,(anonymous_11)
FNDA:0,(anonymous_14)
DA:1,1
DA:2,1
DA:3,1
DA:9,1
DA:11,0
DA:12,0
DA:18,0
DA:19,0
DA:20,0
DA:21,0
DA:28,0
DA:34,0
DA:40,0
DA:41,0
DA:45,0
DA:52,0
DA:53,0
DA:54,0
DA:56,0
DA:63,0
LF:20
LH:4
BRF:0
BRH:0
end_of_record
TN:
SF:/home/ubuntu/jThree/lib/Core/Resources/Shader/ShaderWrapper.js
FN:3,(anonymous_8)
FN:4,ShaderWrapper
FNF:2
FNH:1
FNDA:1,(anonymous_8)
FNDA:0,ShaderWrapper
DA:1,1
DA:2,1
DA:4,1
DA:6,0
DA:7,0
DA:10,0
DA:11,0
DA:13,0
DA:16,0
DA:17,0
DA:18,0
DA:19,0
DA:20,0
DA:21,0
DA:25,0
DA:26,0
DA:27,0
DA:28,0
DA:35,0
DA:36,0
DA:37,0
DA:38,0
DA:41,0
DA:42,0
DA:43,0
LF:25
LH:3
BRDA:16,1,0,0
BRDA:16,1,1,0
BRDA:25,2,0,0
BRDA:25,2,1,0
BRDA:41,3,0,0
BRDA:41,3,1,0
BRDA:10,4,0,0
BRDA:10,4,1,0
BRF:8
BRH:0
end_of_record
TN:
SF:/home/ubuntu/jThree/lib/Base/JThreeLogger.js
FN:1,(anonymous_5)
FNF:1
FNH:1
FNDA:1,(anonymous_5)
DA:3,0
DA:6,0
DA:9,0
DA:12,0
DA:27,0
LF:5
LH:0
BRF:0
BRH:0
end_of_record
TN:
SF:/home/ubuntu/jThree/lib/Core/Resources/Program/Program.js
FN:3,(anonymous_8)
FN:4,Program
FN:19,(anonymous_11)
FN:33,(anonymous_15)
FNF:4
FNH:1
FNDA:1,(anonymous_8)
FNDA:0,Program
FNDA:0,(anonymous_11)
FNDA:0,(anonymous_15)
DA:1,1
DA:2,1
DA:4,1
DA:6,0
DA:7,0
DA:10,0
DA:11,0
DA:12,0
DA:15,0
DA:18,0
DA:19,0
DA:20,0
DA:24,0
DA:27,0
DA:28,0
DA:30,0
DA:33,0
DA:34,0
LF:18
LH:3
BRDA:27,1,0,0
BRDA:27,1,1,0
BRF:2
BRH:0
end_of_record
TN:
SF:/home/ubuntu/jThree/lib/Core/Resources/Program/ProgramWrapper.js
FN:2,(anonymous_8)
FN:3,ProgramWrapper
FN:18,(anonymous_11)
FN:60,(anonymous_17)
FNF:4
FNH:1
FNDA:1,(anonymous_8)
FNDA:0,ProgramWrapper
FNDA:0,(anonymous_11)
FNDA:0,(anonymous_17)
DA:1,1
DA:3,1
DA:5,0
DA:6,0
DA:7,0
DA:8,0
DA:9,0
DA:10,0
DA:13,0
DA:16,0
DA:17,0
DA:18,0
DA:19,0
DA:21,0
DA:25,0
DA:26,0
DA:27,0
DA:28,0
DA:29,0
DA:33,0
DA:34,0
DA:35,0
DA:36,0
DA:38,0
DA:42,0
DA:43,0
DA:45,0
DA:46,0
DA:48,0
DA:51,0
DA:52,0
DA:58,0
DA:59,0
DA:60,0
DA:61,0
DA:69,0
DA:70,0
DA:71,0
DA:72,0
DA:75,0
DA:76,0
DA:79,0
DA:80,0
DA:81,0
DA:83,0
DA:86,0
DA:87,0
DA:88,0
DA:90,0
DA:93,0
DA:94,0
DA:95,0
DA:97,0
DA:100,0
DA:101,0
DA:102,0
DA:104,0
DA:105,0
DA:107,0
DA:108,0
DA:110,0
DA:111,0
DA:113,0
DA:114,0
DA:116,0
DA:120,0
DA:121,0
DA:122,0
DA:124,0
DA:126,0
DA:127,0
DA:129,0
DA:130,0
DA:132,0
DA:133,0
DA:135,0
DA:139,0
DA:140,0
DA:141,0
DA:143,0
DA:146,0
DA:147,0
DA:148,0
DA:150,0
DA:153,0
DA:154,0
DA:155,0
DA:157,0
DA:160,0
DA:161,0
DA:162,0
DA:164,0
DA:167,0
DA:168,0
DA:169,0
DA:170,0
DA:172,0
DA:173,0
DA:174,0
DA:179,0
DA:180,0
DA:182,0
DA:185,0
DA:186,0
DA:187,0
DA:188,0
DA:191,0
LF:107
LH:2
BRDA:16,1,0,0
BRDA:16,1,1,0
BRDA:25,2,0,0
BRDA:25,2,1,0
BRDA:33,3,0,0
BRDA:33,3,1,0
BRDA:35,4,0,0
BRDA:35,4,1,0
BRDA:42,5,0,0
BRDA:42,5,1,0
BRDA:45,6,0,0
BRDA:45,6,1,0
BRDA:71,7,0,0
BRDA:71,7,1,0
BRDA:80,8,0,0
BRDA:80,8,1,0
BRDA:87,9,0,0
BRDA:87,9,1,0
BRDA:94,10,0,0
BRDA:94,10,1,0
BRDA:101,11,0,0
BRDA:101,11,1,0
BRDA:106,12,0,0
BRDA:106,12,1,0
BRDA:106,12,2,0
BRDA:106,12,3,0
BRDA:121,13,0,0
BRDA:121,13,1,0
BRDA:125,14,0,0
BRDA:125,14,1,0
BRDA:125,14,2,0
BRDA:125,14,3,0
BRDA:140,15,0,0
BRDA:140,15,1,0
BRDA:147,16,0,0
BRDA:147,16,1,0
BRDA:154,17,0,0
BRDA:154,17,1,0
BRDA:161,18,0,0
BRDA:161,18,1,0
BRDA:169,19,0,0
BRDA:169,19,1,0
BRDA:172,20,0,0
BRDA:172,20,1,0
BRDA:173,21,0,0
BRDA:173,21,1,0
BRDA:179,22,0,0
BRDA:179,22,1,0
BRDA:185,23,0,0
BRDA:185,23,1,0
BRDA:187,24,0,0
BRDA:187,24,1,0
BRF:52
BRH:0
end_of_record
TN:
SF:/home/ubuntu/jThree/lib/Core/Resources/Texture/Texture.js
FN:3,(anonymous_8)
FN:4,Texture
FN:14,(anonymous_13)
FNF:3
FNH:1
FNDA:1,(anonymous_8)
FNDA:0,Texture
FNDA:0,(anonymous_13)
DA:1,1
DA:2,1
DA:4,1
DA:6,0
DA:7,0
DA:10,0
DA:13,0
DA:14,0
DA:15,0
DA:18,0
DA:19,0
LF:11
LH:3
BRF:0
BRH:0
end_of_record
TN:
SF:/home/ubuntu/jThree/lib/Core/Resources/Texture/TextureWrapper.js
FN:2,(anonymous_8)
FN:3,TextureWrapper
FNF:2
FNH:1
FNDA:1,(anonymous_8)
FNDA:0,TextureWrapper
DA:1,1
DA:3,1
DA:7,0
DA:8,0
DA:10,0
DA:11,0
DA:13,0
DA:14,0
DA:15,0
DA:18,0
DA:19,0
DA:20,0
DA:21,0
DA:24,0
DA:25,0
LF:15
LH:2
BRDA:7,1,0,0
BRDA:7,1,1,0
BRDA:7,2,0,0
BRDA:7,2,1,0
BRDA:10,3,0,0
BRDA:10,3,1,0
BRDA:20,4,0,0
BRDA:20,4,1,0
BRF:8
BRH:0
end_of_record
TN:
SF:/home/ubuntu/jThree/lib/Core/Resources/Texture/TextureWrapperBase.js
FN:2,(anonymous_8)
FN:3,TextureWrapperBase
FN:95,transformFunc
FN:110,transformFunc
FN:125,transformFunc
FNF:5
FNH:1
FNDA:1,(anonymous_8)
FNDA:0,TextureWrapperBase
FNDA:0,transformFunc
FNDA:0,transformFunc
FNDA:0,transformFunc
DA:1,1
DA:3,1
DA:5,0
DA:6,0
DA:7,0
DA:10,0
DA:13,0
DA:16,0
DA:17,0
DA:20,0
DA:24,0
DA:25,0
DA:26,0
DA:27,0
DA:29,0
DA:30,0
DA:31,0
DA:34,0
DA:37,0
DA:38,0
DA:41,0
DA:45,0
DA:48,0
DA:49,0
DA:50,0
DA:51,0
DA:55,0
DA:56,0
DA:57,0
DA:58,0
DA:59,0
DA:60,0
DA:61,0
DA:64,0
DA:66,0
DA:67,0
DA:70,0
DA:71,0
DA:72,0
DA:73,0
DA:74,0
DA:75,0
DA:77,0
DA:78,0
DA:80,0
DA:81,0
DA:86,0
DA:87,0
DA:89,0
DA:90,0
DA:92,0
DA:94,0
DA:95,0
DA:96,0
DA:97,0
DA:98,0
DA:99,0
DA:100,0
DA:101,0
DA:102,0
DA:105,0
DA:107,0
DA:109,0
DA:110,0
DA:111,0
DA:112,0
DA:113,0
DA:114,0
DA:115,0
DA:116,0
DA:117,0
DA:120,0
DA:122,0
DA:124,0
DA:125,0
DA:126,0
DA:127,0
DA:128,0
DA:129,0
DA:130,0
DA:131,0
DA:132,0
DA:135,0
DA:137,0
DA:139,0
DA:140,0
DA:142,0
DA:145,0
DA:146,0
DA:149,0
DA:150,0
DA:151,0
DA:154,0
DA:155,0
DA:156,0
DA:157,0
DA:158,0
DA:164,0
DA:165,0
DA:167,0
DA:168,0
DA:169,0
DA:170,0
DA:171,0
DA:174,1
LF:105
LH:3
BRDA:16,1,0,0
BRDA:16,1,1,0
BRDA:24,2,0,0
BRDA:24,2,1,0
BRDA:37,3,0,0
BRDA:37,3,1,0
BRDA:48,4,0,0
BRDA:48,4,1,0
BRDA:76,5,0,0
BRDA:76,5,1,0
BRDA:76,5,2,0
BRDA:76,5,3,0
BRDA:76,5,4,0
BRDA:76,5,5,0
BRDA:76,5,6,0
BRDA:93,6,0,0
BRDA:93,6,1,0
BRDA:93,6,2,0
BRDA:93,6,3,0
BRDA:142,7,0,0
BRDA:142,7,1,0
BRDA:164,8,0,0
BRDA:164,8,1,0
BRF:23
BRH:0
end_of_record
TN:
SF:/home/ubuntu/jThree/lib/Core/Resources/ResourceArray.js
FN:2,(anonymous_8)
FN:3,ResourceArray
FN:19,(anonymous_11)
FNF:3
FNH:1
FNDA:1,(anonymous_8)
FNDA:0,ResourceArray
FNDA:0,(anonymous_11)
DA:1,1
DA:3,1
DA:5,0
DA:6,0
DA:9,0
DA:10,0
DA:11,0
DA:12,0
DA:15,0
DA:16,0
DA:17,0
DA:18,0
DA:19,0
DA:21,0
DA:25,0
DA:28,0
DA:31,0
DA:32,0
DA:35,0
DA:36,0
DA:39,0
LF:21
LH:2
BRDA:10,1,0,0
BRDA:10,1,1,0
BRDA:18,2,0,0
BRDA:18,2,1,0
BRDA:31,3,0,0
BRDA:31,3,1,0
BRDA:35,4,0,0
BRDA:35,4,1,0
BRF:8
BRH:0
end_of_record
TN:
SF:/home/ubuntu/jThree/lib/Core/Resources/FBO/FBO.js
FN:3,(anonymous_8)
FN:4,FBO
FNF:2
FNH:1
FNDA:1,(anonymous_8)
FNDA:0,FBO
DA:1,1
DA:2,1
DA:4,1
DA:6,0
DA:9,0
LF:5
LH:3
BRF:0
BRH:0
end_of_record
TN:
SF:/home/ubuntu/jThree/lib/Core/Resources/FBO/FBOWrapper.js
FN:2,(anonymous_8)
FN:3,FBOWrapper
FNF:2
FNH:1
FNDA:1,(anonymous_8)
FNDA:0,FBOWrapper
DA:1,1
DA:3,1
DA:5,0
DA:8,0
DA:9,0
DA:11,0
DA:14,0
DA:15,0
DA:16,0
DA:17,0
DA:21,0
DA:22,0
DA:24,0
DA:27,0
DA:34,0
DA:35,0
DA:37,0
DA:38,0
DA:39,0
DA:40,0
DA:42,0
DA:43,0
DA:44,0
DA:45,0
DA:46,0
DA:47,0
DA:48,0
DA:50,0
DA:53,0
DA:54,0
DA:56,0
DA:57,0
DA:58,0
DA:59,0
DA:61,0
DA:62,0
DA:65,0
DA:66,0
DA:67,0
DA:68,0
LF:40
LH:2
BRDA:14,1,0,0
BRDA:14,1,1,0
BRDA:21,2,0,0
BRDA:21,2,1,0
BRDA:34,3,0,0
BRDA:34,3,1,0
BRDA:38,4,0,0
BRDA:38,4,1,0
BRDA:47,5,0,0
BRDA:47,5,1,0
BRDA:53,6,0,0
BRDA:53,6,1,0
BRDA:57,7,0,0
BRDA:57,7,1,0
BRDA:65,8,0,0
BRDA:65,8,1,0
BRDA:8,9,0,0
BRDA:8,9,1,0
BRF:18
BRH:0
end_of_record
TN:
SF:/home/ubuntu/jThree/lib/Core/Resources/Texture/BufferTexture.js
FN:6,(anonymous_8)
FN:7,BufferTexture
FN:31,(anonymous_12)
FN:35,(anonymous_14)
FNF:4
FNH:1
FNDA:1,(anonymous_8)
FNDA:0,BufferTexture
FNDA:0,(anonymous_12)
FNDA:0,(anonymous_14)
DA:1,1
DA:2,1
DA:7,1
DA:9,0
DA:10,0
DA:11,0
DA:12,0
DA:13,0
DA:14,0
DA:15,0
DA:19,0
DA:22,0
DA:25,0
DA:28,0
DA:29,0
DA:30,0
DA:31,0
DA:35,0
DA:36,0
LF:19
LH:3
BRDA:13,1,0,0
BRDA:13,1,1,0
BRDA:28,2,0,0
BRDA:28,2,1,0
BRDA:28,3,0,0
BRDA:28,3,1,0
BRF:6
BRH:0
end_of_record
TN:
SF:/home/ubuntu/jThree/lib/Core/Resources/Texture/BufferTextureWrapper.js
FN:2,(anonymous_8)
FN:3,BufferTextureWrapper
FNF:2
FNH:1
FNDA:1,(anonymous_8)
FNDA:0,BufferTextureWrapper
DA:1,1
DA:3,1
DA:7,0
DA:8,0
DA:10,0
DA:11,0
DA:12,0
DA:13,0
DA:14,0
DA:18,0
DA:21,0
DA:22,0
DA:23,0
DA:24,0
DA:25,0
DA:29,0
DA:30,0
DA:31,0
DA:32,0
DA:33,0
DA:35,0
DA:38,0
DA:39,0
LF:23
LH:2
BRDA:7,1,0,0
BRDA:7,1,1,0
BRDA:22,2,0,0
BRDA:22,2,1,0
BRDA:30,3,0,0
BRDA:30,3,1,0
BRF:6
BRH:0
end_of_record
TN:
SF:/home/ubuntu/jThree/lib/Core/Resources/Texture/CubeTexture.js
FN:3,(anonymous_8)
FN:4,CubeTexture
FN:14,(anonymous_13)
FNF:3
FNH:1
FNDA:1,(anonymous_8)
FNDA:0,CubeTexture
FNDA:0,(anonymous_13)
DA:1,1
DA:2,1
DA:4,1
DA:6,0
DA:7,0
DA:10,0
DA:13,0
DA:14,0
DA:15,0
DA:18,0
DA:19,0
LF:11
LH:3
BRF:0
BRH:0
end_of_record
TN:
SF:/home/ubuntu/jThree/lib/Core/Resources/Texture/CubeTextureWrapper.js
FN:2,(anonymous_8)
FN:3,CubeTextureWrapper
FNF:2
FNH:1
FNDA:1,(anonymous_8)
FNDA:0,CubeTextureWrapper
DA:1,1
DA:3,1
DA:7,0
DA:8,0
DA:9,0
DA:11,0
DA:12,0
DA:14,0
DA:15,0
DA:16,0
DA:17,0
DA:21,0
DA:22,0
DA:23,0
DA:24,0
DA:28,0
DA:29,0
LF:17
LH:2
BRDA:8,1,0,0
BRDA:8,1,1,0
BRDA:8,2,0,0
BRDA:8,2,1,0
BRDA:11,3,0,0
BRDA:11,3,1,0
BRDA:15,4,0,0
BRDA:15,4,1,0
BRDA:23,5,0,0
BRDA:23,5,1,0
BRF:10
BRH:0
end_of_record
TN:
SF:/home/ubuntu/jThree/lib/Goml/NodeManager.js
FN:9,(anonymous_8)
FN:10,NodeManager
FN:23,(anonymous_10)
FN:32,(anonymous_13)
FNF:4
FNH:1
FNDA:1,(anonymous_8)
FNDA:0,NodeManager
FNDA:0,(anonymous_10)
FNDA:0,(anonymous_13)
DA:1,1
DA:2,1
DA:3,1
DA:4,1
DA:5,1
DA:6,1
DA:7,1
DA:8,1
DA:10,1
DA:12,0
DA:13,0
DA:14,0
DA:15,0
DA:16,0
DA:17,0
DA:22,0
DA:23,0
DA:26,0
DA:29,0
DA:30,0
DA:32,0
DA:33,0
DA:36,0
DA:39,0
DA:40,0
DA:43,0
DA:52,0
DA:53,0
DA:54,0
DA:55,0
DA:56,0
DA:57,0
DA:59,0
LF:33
LH:9
BRDA:29,1,0,0
BRDA:29,1,1,0
BRDA:53,2,0,0
BRDA:53,2,1,0
BRF:4
BRH:0
end_of_record
TN:
SF:/home/ubuntu/jThree/lib/Goml/GomlNodeDictionary.js
FN:5,(anonymous_8)
FN:6,GomlNodeDictionary
FN:45,(anonymous_11)
FN:54,(anonymous_12)
FN:57,(anonymous_13)
FN:59,(anonymous_14)
FN:62,(anonymous_15)
FN:64,(anonymous_16)
FNF:8
FNH:5
FNDA:2,(anonymous_8)
FNDA:5,GomlNodeDictionary
FNDA:1,(anonymous_11)
FNDA:0,(anonymous_12)
FNDA:3,(anonymous_13)
FNDA:2,(anonymous_14)
FNDA:0,(anonymous_15)
FNDA:0,(anonymous_16)
DA:1,2
DA:6,5
DA:12,5
DA:25,6
DA:26,6
DA:27,0
DA:32,4
DA:34,6
DA:35,5
DA:37,6
DA:38,6
DA:39,6
DA:42,1
DA:43,1
DA:45,1
DA:51,6
DA:52,6
DA:54,3
DA:57,3
DA:59,3
DA:62,6
DA:64,0
DA:73,5
DA:74,5
DA:75,0
DA:80,1
DA:82,5
DA:83,1
DA:87,5
DA:88,0
DA:91,5
LF:31
LH:27
BRDA:26,1,0,0
BRDA:26,1,1,6
BRDA:26,2,0,6
BRDA:26,2,1,6
BRDA:25,3,0,4
BRDA:25,3,1,2
BRDA:34,4,0,5
BRDA:34,4,1,1
BRDA:25,5,0,1
BRDA:25,5,1,5
BRDA:42,6,0,1
BRDA:42,6,1,0
BRDA:42,7,0,1
BRDA:42,7,1,1
BRDA:43,8,0,1
BRDA:43,8,1,0
BRDA:52,9,0,3
BRDA:52,9,1,3
BRDA:74,10,0,0
BRDA:74,10,1,5
BRDA:74,11,0,5
BRDA:74,11,1,5
BRDA:73,12,0,1
BRDA:73,12,1,4
BRDA:82,13,0,1
BRDA:82,13,1,4
BRDA:87,14,0,0
BRDA:87,14,1,5
BRDA:95,15,0,4
BRDA:95,15,1,1
BRDA:95,16,0,3
BRDA:95,16,1,1
BRF:32
BRH:27
end_of_record
TN:
SF:/home/ubuntu/jThree/lib/Goml/Behaviors/BehaviorRegistry.js
FN:5,(anonymous_10)
FN:6,BehaviorRegistry
FNF:2
FNH:1
FNDA:1,(anonymous_10)
FNDA:0,BehaviorRegistry
DA:1,1
DA:6,1
DA:8,0
DA:11,0
DA:12,0
DA:13,0
DA:17,0
DA:18,0
DA:19,0
DA:24,0
DA:27,0
DA:29,0
DA:32,0
DA:41,0
DA:42,0
DA:43,0
DA:44,0
DA:45,0
DA:46,0
DA:49,0
DA:52,0
LF:21
LH:2
BRDA:11,1,0,0
BRDA:11,1,1,0
BRDA:27,2,0,0
BRDA:27,2,1,0
BRDA:41,3,0,0
BRDA:41,3,1,0
BRDA:41,4,0,0
BRDA:41,4,1,0
BRDA:44,5,0,0
BRDA:44,5,1,0
BRF:10
BRH:0
end_of_record
TN:
SF:/home/ubuntu/jThree/lib/Goml/GomlConfigurator.js
FN:9,(anonymous_8)
FN:15,GomlConfigurator
FN:75,(anonymous_16)
FNF:3
FNH:1
FNDA:1,(anonymous_8)
FNDA:0,GomlConfigurator
FNDA:0,(anonymous_16)
DA:1,1
DA:2,1
DA:3,1
DA:4,1
DA:15,1
DA:20,0
DA:31,0
DA:32,0
DA:33,0
DA:36,0
DA:39,0
DA:48,0
DA:54,0
DA:55,0
DA:56,0
DA:57,0
DA:64,0
DA:65,0
DA:66,0
DA:67,0
DA:74,0
DA:75,0
DA:76,0
DA:77,0
DA:78,0
LF:25
LH:5
BRF:0
BRH:0
end_of_record
TN:
SF:/home/ubuntu/jThree/lib/Goml/EasingFunctionList.js
FNF:0
FNH:0
DA:6,1
DA:7,1
DA:8,1
LF:3
LH:3
BRF:0
BRH:0
end_of_record
TN:
SF:/home/ubuntu/jThree/lib/Goml/Easing/LinearEasingFunction.js
FN:2,(anonymous_8)
FNF:1
FNH:1
FNDA:1,(anonymous_8)
DA:1,1
DA:4,0
LF:2
LH:1
BRF:0
BRH:0
end_of_record
TN:
SF:/home/ubuntu/jThree/lib/Goml/Easing/EasingFunctionBase.js
FN:2,(anonymous_8)
FNF:1
FNH:1
FNDA:1,(anonymous_8)
DA:1,1
DA:4,0
LF:2
LH:1
BRF:0
BRH:0
end_of_record
TN:
SF:/home/ubuntu/jThree/lib/Goml/Easing/SwingEasingFunction.js
FN:2,(anonymous_8)
FNF:1
FNH:1
FNDA:1,(anonymous_8)
DA:1,1
DA:4,0
LF:2
LH:1
BRF:0
BRH:0
end_of_record
TN:
SF:/home/ubuntu/jThree/lib/Goml/GomlConverterList.js
FNF:0
FNH:0
DA:5,1
DA:6,1
DA:7,1
DA:8,1
DA:9,1
DA:10,1
DA:11,1
DA:12,1
DA:13,1
DA:14,1
LF:10
LH:10
BRF:0
BRH:0
end_of_record
TN:
SF:/home/ubuntu/jThree/lib/Goml/Converter/AngleAttributeConverter.js
FN:4,(anonymous_8)
FNF:1
FNH:1
FNDA:1,(anonymous_8)
DA:1,1
DA:2,1
DA:3,1
DA:6,0
DA:9,0
DA:11,0
DA:12,0
DA:13,0
DA:15,0
DA:16,0
LF:10
LH:3
BRDA:12,1,0,0
BRDA:12,1,1,0
BRDA:15,2,0,0
BRDA:15,2,1,0
BRF:4
BRH:0
end_of_record
TN:
SF:/home/ubuntu/jThree/lib/Goml/AttributeParser.js
FN:7,(anonymous_8)
FNF:1
FNH:1
FNDA:2,(anonymous_8)
DA:1,2
DA:2,2
DA:3,2
DA:16,40
DA:17,40
DA:18,40
DA:19,0
DA:21,40
DA:22,40
DA:23,13
DA:25,40
DA:26,40
DA:27,22
DA:29,40
DA:30,1
DA:32,39
DA:33,13
DA:35,26
DA:50,10
DA:51,10
DA:52,10
DA:53,10
DA:54,10
DA:55,6
DA:56,2
DA:58,4
DA:59,2
DA:61,2
DA:62,2
DA:65,4
DA:66,4
DA:67,2
DA:68,2
DA:69,2
DA:70,2
DA:71,2
DA:73,2
DA:74,2
DA:75,2
DA:77,0
LF:40
LH:38
BRDA:18,1,0,0
BRDA:18,1,1,40
BRDA:22,2,0,13
BRDA:22,2,1,27
BRDA:26,3,0,22
BRDA:26,3,1,18
BRDA:29,4,0,1
BRDA:29,4,1,39
BRDA:29,5,0,40
BRDA:29,5,1,40
BRDA:32,6,0,13
BRDA:32,6,1,26
BRDA:32,7,0,39
BRDA:32,7,1,27
BRDA:54,8,0,6
BRDA:54,8,1,4
BRDA:55,9,0,2
BRDA:55,9,1,4
BRDA:58,10,0,2
BRDA:58,10,1,2
BRDA:61,11,0,2
BRDA:61,11,1,0
BRDA:66,12,0,2
BRDA:66,12,1,2
BRDA:74,13,0,2
BRDA:74,13,1,0
BRF:26
BRH:23
end_of_record
TN:
SF:/home/ubuntu/jThree/lib/Math/Quaternion.js
FN:14,(anonymous_8)
FN:18,Quaternion
FNF:2
FNH:2
FNDA:4,(anonymous_8)
FNDA:86,Quaternion
DA:1,4
DA:2,4
DA:3,4
DA:4,4
DA:18,4
DA:20,86
DA:23,17
DA:24,68
DA:25,0
DA:28,17
DA:34,1
DA:35,1
DA:41,19
DA:42,19
DA:48,43
DA:49,43
DA:50,43
DA:51,43
DA:52,43
DA:53,43
DA:56,9
DA:59,0
DA:62,0
DA:63,0
DA:72,0
DA:73,0
DA:74,0
DA:77,0
DA:78,0
DA:79,0
DA:82,0
DA:83,0
DA:84,0
DA:85,0
DA:86,0
DA:87,0
DA:88,0
DA:89,0
DA:90,0
DA:91,0
DA:92,0
DA:93,0
DA:94,0
DA:95,0
DA:96,0
DA:97,0
DA:98,0
DA:100,0
DA:101,0
DA:102,0
DA:104,0
DA:105,0
DA:106,0
DA:108,0
DA:109,0
DA:112,1
DA:115,0
DA:116,0
DA:119,0
DA:125,2
DA:131,2
DA:137,2
DA:143,1
DA:150,1
DA:156,1
DA:157,1
DA:163,1
DA:166,10
DA:172,1
DA:173,1
DA:176,1
DA:177,1
DA:180,0
DA:181,0
DA:182,0
DA:183,0
DA:185,0
DA:186,0
DA:189,0
DA:193,0
DA:196,0
DA:197,0
DA:198,0
DA:199,0
DA:200,0
DA:201,0
DA:202,0
DA:205,0
DA:206,0
DA:207,0
DA:209,0
DA:212,0
DA:213,0
DA:214,0
DA:215,0
DA:216,0
DA:217,0
DA:218,0
DA:221,0
DA:222,0
DA:223,0
DA:225,0
LF:102
LH:34
BRDA:182,1,0,0
BRDA:182,1,1,0
BRDA:182,2,0,0
BRDA:182,2,1,0
BRDA:185,3,0,0
BRDA:185,3,1,0
BRDA:199,4,0,0
BRDA:199,4,1,0
BRDA:215,5,0,0
BRDA:215,5,1,0
BRDA:24,6,0,0
BRDA:24,6,1,68
BRDA:82,7,0,0
BRDA:82,7,1,0
BRDA:96,8,0,0
BRDA:96,8,1,0
BRDA:100,9,0,0
BRDA:100,9,1,0
BRDA:100,10,0,0
BRDA:100,10,1,0
BRDA:104,11,0,0
BRDA:104,11,1,0
BRF:22
BRH:1
end_of_record
TN:
SF:/home/ubuntu/jThree/lib/Goml/Converter/NumberAttributeConverter.js
FN:3,(anonymous_8)
FNF:1
FNH:1
FNDA:1,(anonymous_8)
DA:1,1
DA:2,1
DA:5,0
DA:8,0
DA:11,0
LF:5
LH:2
BRF:0
BRH:0
end_of_record
TN:
SF:/home/ubuntu/jThree/lib/Goml/Animater/NumberAnimater.js
FN:2,(anonymous_8)
FNF:1
FNH:1
FNDA:1,(anonymous_8)
DA:1,1
DA:4,0
LF:2
LH:1
BRF:0
BRH:0
end_of_record
TN:
SF:/home/ubuntu/jThree/lib/Goml/Animater/AnimaterBase.js
FN:2,(anonymous_8)
FN:3,AnimaterBase
FNF:2
FNH:1
FNDA:1,(anonymous_8)
FNDA:0,AnimaterBase
DA:1,1
DA:3,1
DA:5,0
DA:6,0
DA:7,0
DA:8,0
DA:9,0
DA:10,0
DA:11,0
DA:16,0
DA:17,0
DA:18,0
DA:19,0
DA:21,0
DA:22,0
DA:24,0
DA:31,0
LF:17
LH:2
BRDA:21,1,0,0
BRDA:21,1,1,0
BRDA:21,2,0,0
BRDA:21,2,1,0
BRF:4
BRH:0
end_of_record
TN:
SF:/home/ubuntu/jThree/lib/Goml/Converter/IntegerAttributeConverter.js
FN:3,(anonymous_8)
FNF:1
FNH:1
FNDA:1,(anonymous_8)
DA:1,1
DA:2,1
DA:5,0
DA:8,0
DA:11,0
LF:5
LH:2
BRF:0
BRH:0
end_of_record
TN:
SF:/home/ubuntu/jThree/lib/Goml/Animater/IntegerAnimater.js
FN:2,(anonymous_8)
FNF:1
FNH:1
FNDA:1,(anonymous_8)
DA:1,1
DA:4,0
DA:5,0
DA:6,0
DA:7,0
DA:8,0
DA:9,0
LF:7
LH:1
BRDA:8,1,0,0
BRDA:8,1,1,0
BRF:2
BRH:0
end_of_record
TN:
SF:/home/ubuntu/jThree/lib/Goml/Converter/Vector3AttributeConverter.js
FN:4,(anonymous_8)
FNF:1
FNH:1
FNDA:1,(anonymous_8)
DA:1,1
DA:2,1
DA:3,1
DA:6,0
DA:9,0
DA:12,0
LF:6
LH:3
BRF:0
BRH:0
end_of_record
TN:
SF:/home/ubuntu/jThree/lib/Goml/Animater/Vector3Animater.js
FN:3,(anonymous_8)
FNF:1
FNH:1
FNDA:1,(anonymous_8)
DA:1,1
DA:2,1
DA:5,0
DA:6,0
DA:7,0
DA:8,0
LF:6
LH:2
BRF:0
BRH:0
end_of_record
TN:
SF:/home/ubuntu/jThree/lib/Goml/Converter/RotationAttributeConverter.js
FN:4,(anonymous_8)
FNF:1
FNH:1
FNDA:1,(anonymous_8)
DA:1,1
DA:2,1
DA:3,1
DA:6,0
DA:9,0
DA:12,0
LF:6
LH:3
BRF:0
BRH:0
end_of_record
TN:
SF:/home/ubuntu/jThree/lib/Goml/Animater/RotationAnimater.js
FN:3,(anonymous_8)
FNF:1
FNH:1
FNDA:1,(anonymous_8)
DA:1,1
DA:2,1
DA:5,0
DA:6,0
DA:7,0
DA:8,0
LF:6
LH:2
BRF:0
BRH:0
end_of_record
TN:
SF:/home/ubuntu/jThree/lib/Goml/Converter/Color4AttributeConverter.js
FN:4,(anonymous_8)
FNF:1
FNH:1
FNDA:1,(anonymous_8)
DA:1,1
DA:2,1
DA:3,1
DA:6,0
DA:9,0
DA:12,0
LF:6
LH:3
BRF:0
BRH:0
end_of_record
TN:
SF:/home/ubuntu/jThree/lib/Math/Color4.js
FN:3,(anonymous_8)
FN:4,Color4
FNF:2
FNH:2
FNDA:3,(anonymous_8)
FNDA:14,Color4
DA:1,3
DA:2,3
DA:4,3
DA:6,14
DA:9,6
DA:10,9
DA:11,1
DA:13,8
DA:14,8
DA:15,5
DA:18,1
DA:19,1
DA:22,7
DA:23,4
DA:26,1
DA:27,1
DA:32,6
DA:33,4
DA:34,4
DA:38,2
DA:39,2
DA:40,1
DA:41,1
DA:44,1
DA:45,1
DA:46,0
DA:48,1
DA:49,1
DA:50,0
DA:51,0
DA:52,0
DA:54,1
DA:55,0
DA:57,1
DA:60,6
DA:63,5
DA:66,2
DA:69,2
DA:72,2
DA:75,0
DA:78,0
DA:81,35
DA:84,5
DA:87,0
DA:90,0
DA:91,0
DA:92,0
DA:93,0
DA:94,0
DA:95,0
DA:98,3
LF:51
LH:37
BRDA:10,1,0,1
BRDA:10,1,1,8
BRDA:10,2,0,9
BRDA:10,2,1,6
BRDA:14,3,0,5
BRDA:14,3,1,3
BRDA:14,4,0,1
BRDA:14,4,1,4
BRDA:22,5,0,4
BRDA:22,5,1,3
BRDA:22,6,0,1
BRDA:22,6,1,3
BRDA:32,7,0,4
BRDA:32,7,1,2
BRDA:9,8,0,2
BRDA:9,8,1,0
BRDA:39,9,0,1
BRDA:39,9,1,1
BRDA:45,10,0,0
BRDA:45,10,1,1
BRDA:45,11,0,1
BRDA:45,11,1,0
BRDA:49,12,0,0
BRDA:49,12,1,1
BRDA:49,13,0,1
BRDA:49,13,1,0
BRDA:51,14,0,0
BRDA:51,14,1,0
BRDA:54,15,0,0
BRDA:54,15,1,1
BRF:30
BRH:22
end_of_record
TN:
SF:/home/ubuntu/jThree/lib/Goml/Animater/Color4Animater.js
FN:3,(anonymous_8)
FNF:1
FNH:1
FNDA:1,(anonymous_8)
DA:1,1
DA:2,1
DA:5,0
DA:6,0
DA:7,0
DA:8,0
LF:6
LH:2
BRF:0
BRH:0
end_of_record
TN:
SF:/home/ubuntu/jThree/lib/Goml/Converter/Color3AttributeConverter.js
FN:4,(anonymous_8)
FNF:1
FNH:1
FNDA:1,(anonymous_8)
DA:1,1
DA:2,1
DA:3,1
DA:6,0
DA:9,0
DA:12,0
LF:6
LH:3
BRF:0
BRH:0
end_of_record
TN:
SF:/home/ubuntu/jThree/lib/Math/Color3.js
FN:5,(anonymous_8)
FN:6,Color3
FNF:2
FNH:2
FNDA:2,(anonymous_8)
FNDA:12,Color3
DA:1,2
DA:2,2
DA:3,2
DA:4,2
DA:6,2
DA:8,12
DA:11,2
DA:14,13
DA:17,9
DA:18,13
DA:19,2
DA:20,2
DA:22,11
DA:23,11
DA:24,11
DA:27,2
DA:28,2
DA:33,9
DA:34,2
DA:35,2
DA:37,7
DA:38,7
DA:39,0
DA:41,7
DA:42,6
DA:44,1
DA:47,6
DA:50,0
DA:53,0
DA:54,0
DA:56,0
DA:59,0
DA:62,0
DA:65,0
DA:68,36
DA:71,6
DA:74,0
DA:77,0
DA:78,0
DA:79,0
DA:80,0
DA:81,0
DA:84,2
LF:43
LH:29
BRDA:53,1,0,0
BRDA:53,1,1,0
BRDA:18,2,0,2
BRDA:18,2,1,11
BRDA:18,3,0,13
BRDA:18,3,1,13
BRDA:23,4,0,11
BRDA:23,4,1,0
BRDA:23,5,0,2
BRDA:23,5,1,9
BRDA:33,6,0,2
BRDA:33,6,1,7
BRDA:38,7,0,0
BRDA:38,7,1,7
BRDA:38,8,0,7
BRDA:38,8,1,0
BRDA:41,9,0,6
BRDA:41,9,1,1
BRF:18
BRH:13
end_of_record
TN:
SF:/home/ubuntu/jThree/lib/Goml/Animater/Color3Animater.js
FN:3,(anonymous_8)
FNF:1
FNH:1
FNDA:1,(anonymous_8)
DA:1,1
DA:2,1
DA:5,0
DA:6,0
DA:7,0
DA:8,0
LF:6
LH:2
BRF:0
BRH:0
end_of_record
TN:
SF:/home/ubuntu/jThree/lib/Goml/Converter/BooleanAttributeConverter.js
FN:2,(anonymous_8)
FNF:1
FNH:1
FNDA:1,(anonymous_8)
DA:1,1
DA:4,0
DA:7,0
LF:3
LH:1
BRF:0
BRH:0
end_of_record
TN:
SF:/home/ubuntu/jThree/lib/Goml/GomlNodeList.js
FNF:0
FNH:0
DA:1,1
DA:2,1
DA:3,1
DA:4,1
DA:5,1
DA:6,1
DA:7,1
DA:8,1
DA:9,1
DA:10,1
DA:11,1
DA:12,1
DA:13,1
DA:14,1
DA:15,1
DA:16,1
DA:17,1
DA:18,1
DA:19,1
DA:20,1
DA:21,1
DA:22,1
DA:23,1
DA:24,1
DA:25,1
DA:26,1
DA:27,1
DA:28,1
DA:29,1
DA:30,1
DA:31,1
DA:32,1
DA:33,1
DA:34,1
DA:35,1
DA:36,1
DA:37,1
DA:38,1
DA:39,1
DA:40,1
LF:40
LH:40
BRF:0
BRH:0
end_of_record
TN:
SF:/home/ubuntu/jThree/lib/Goml/GomlNodeListElement.js
FN:5,(anonymous_8)
FN:12,GomlNodeListElement
FNF:2
FNH:2
FNDA:1,(anonymous_8)
FNDA:13,GomlNodeListElement
DA:1,1
DA:12,1
DA:14,13
DA:15,13
DA:18,0
DA:21,0
LF:6
LH:4
BRF:0
BRH:0
end_of_record
TN:
SF:/home/ubuntu/jThree/lib/Goml/Nodes/TopLevel/CanvasesNode.js
FN:2,(anonymous_8)
FN:3,CanvasesNode
FNF:2
FNH:1
FNDA:1,(anonymous_8)
FNDA:0,CanvasesNode
DA:1,1
DA:3,1
DA:7,0
LF:3
LH:2
BRF:0
BRH:0
end_of_record
TN:
SF:/home/ubuntu/jThree/lib/Goml/Nodes/TopLevel/OrderedTopLevelNodeBase.js
FN:2,(anonymous_8)
FN:3,OrderedTopLevelNodeBase
FNF:2
FNH:1
FNDA:1,(anonymous_8)
FNDA:0,OrderedTopLevelNodeBase
DA:1,1
DA:3,1
DA:7,0
LF:3
LH:2
BRF:0
BRH:0
end_of_record
TN:
SF:/home/ubuntu/jThree/lib/Goml/Nodes/TopLevel/ResourcesNode.js
FN:2,(anonymous_8)
FN:3,ResourcesNode
FNF:2
FNH:1
FNDA:1,(anonymous_8)
FNDA:0,ResourcesNode
DA:1,1
DA:3,1
DA:5,0
DA:8,0
LF:4
LH:2
BRF:0
BRH:0
end_of_record
TN:
SF:/home/ubuntu/jThree/lib/Goml/Nodes/TopLevel/ScenesNode.js
FN:2,(anonymous_8)
FN:3,ScenesNode
FNF:2
FNH:1
FNDA:1,(anonymous_8)
FNDA:0,ScenesNode
DA:1,1
DA:3,1
DA:5,0
DA:8,0
LF:4
LH:2
BRF:0
BRH:0
end_of_record
TN:
SF:/home/ubuntu/jThree/lib/Goml/Nodes/TopLevel/TemplatesNode.js
FN:2,(anonymous_8)
FN:3,TemplatesNode
FNF:2
FNH:1
FNDA:1,(anonymous_8)
FNDA:0,TemplatesNode
DA:1,1
DA:3,1
DA:7,0
LF:3
LH:2
BRF:0
BRH:0
end_of_record
TN:
SF:/home/ubuntu/jThree/lib/Goml/Nodes/TopLevel/LoadersNode.js
FN:2,(anonymous_8)
FN:3,LoadersNode
FNF:2
FNH:1
FNDA:1,(anonymous_8)
FNDA:0,LoadersNode
DA:1,1
DA:3,1
DA:7,0
LF:3
LH:2
BRF:0
BRH:0
end_of_record
TN:
SF:/home/ubuntu/jThree/lib/Goml/Nodes/TopLevel/GomlNode.js
FN:2,(anonymous_9)
FN:3,GomlNode
FN:11,(anonymous_12)
FNF:3
FNH:1
FNDA:1,(anonymous_9)
FNDA:0,GomlNode
FNDA:0,(anonymous_12)
DA:1,1
DA:3,1
DA:10,0
DA:11,0
LF:4
LH:2
BRF:0
BRH:0
end_of_record
TN:
SF:/home/ubuntu/jThree/lib/Goml/Nodes/Geometries/TriangleGeometryNode.js
FN:4,(anonymous_9)
FN:5,GomlTreeTriNode
FNF:2
FNH:1
FNDA:1,(anonymous_9)
FNDA:0,GomlTreeTriNode
DA:1,1
DA:2,1
DA:3,1
DA:5,1
DA:7,0
DA:26,0
DA:29,0
DA:32,0
DA:33,0
DA:36,0
DA:37,0
DA:40,0
DA:41,0
LF:13
LH:4
BRF:0
BRH:0
end_of_record
TN:
SF:/home/ubuntu/jThree/lib/Goml/Nodes/Geometries/GeometryNodeBase.js
FN:7,(anonymous_9)
FN:8,GeometryNodeBase
FNF:2
FNH:1
FNDA:1,(anonymous_9)
FNDA:0,GeometryNodeBase
DA:1,1
DA:2,1
DA:3,1
DA:8,1
DA:10,0
DA:11,0
DA:12,0
DA:21,0
DA:24,0
DA:25,0
DA:26,0
DA:28,0
DA:29,0
DA:30,0
DA:32,0
DA:33,0
DA:34,0
DA:35,0
DA:36,0
DA:37,0
DA:40,0
LF:21
LH:4
BRDA:25,1,0,0
BRDA:25,1,1,0
BRDA:28,2,0,0
BRDA:28,2,1,0
BRDA:29,3,0,0
BRDA:29,3,1,0
BRDA:29,4,0,0
BRDA:29,4,1,0
BRDA:34,5,0,0
BRDA:34,5,1,0
BRF:10
BRH:0
end_of_record
TN:
SF:/home/ubuntu/jThree/lib/Core/Geometries/TriangleGeometry.js
FN:5,(anonymous_8)
FN:6,TriangleGeometry
FNF:2
FNH:1
FNDA:1,(anonymous_8)
FNDA:0,TriangleGeometry
DA:1,1
DA:2,1
DA:3,1
DA:4,1
DA:6,1
DA:8,0
DA:9,0
DA:10,0
DA:11,0
DA:12,0
DA:13,0
DA:14,0
DA:15,0
DA:16,0
DA:19,0
DA:20,0
DA:23,0
DA:24,0
DA:27,0
DA:28,0
DA:31,0
DA:34,0
DA:37,0
DA:40,0
DA:43,0
DA:44,0
DA:45,0
DA:46,0
LF:28
LH:5
BRF:0
BRH:0
end_of_record
TN:
SF:/home/ubuntu/jThree/lib/Goml/Nodes/Geometries/GridGeometryNode.js
FN:3,(anonymous_9)
FN:4,GridGeometryNode
FNF:2
FNH:1
FNDA:1,(anonymous_9)
FNDA:0,GridGeometryNode
DA:1,1
DA:2,1
DA:4,1
DA:6,0
DA:20,0
DA:23,0
DA:26,0
DA:27,0
DA:30,0
DA:31,0
LF:10
LH:3
BRF:0
BRH:0
end_of_record
TN:
SF:/home/ubuntu/jThree/lib/Core/Geometries/GridGeometry.js
FN:4,(anonymous_8)
FN:5,GridGeometry
FNF:2
FNH:1
FNDA:1,(anonymous_8)
FNDA:0,GridGeometry
DA:1,1
DA:2,1
DA:3,1
DA:5,1
DA:7,0
DA:8,0
DA:9,0
DA:10,0
DA:11,0
DA:12,0
DA:13,0
DA:14,0
DA:15,0
DA:18,0
DA:21,0
DA:24,0
DA:25,0
DA:28,0
DA:29,0
DA:32,0
DA:35,0
DA:36,0
DA:37,0
DA:38,0
DA:40,0
DA:41,0
DA:42,0
DA:44,0
DA:47,0
DA:50,0
DA:53,0
DA:54,0
DA:55,0
DA:57,0
DA:60,0
DA:61,0
DA:62,0
DA:63,0
LF:38
LH:4
BRF:0
BRH:0
end_of_record
TN:
SF:/home/ubuntu/jThree/lib/Goml/Nodes/Geometries/CubeGeometryNode.js
FN:3,(anonymous_9)
FN:4,CubeGeometryNode
FNF:2
FNH:1
FNDA:1,(anonymous_9)
FNDA:0,CubeGeometryNode
DA:1,1
DA:2,1
DA:4,1
DA:8,0
DA:11,0
LF:5
LH:3
BRF:0
BRH:0
end_of_record
TN:
SF:/home/ubuntu/jThree/lib/Goml/Nodes/Geometries/SphereGeometryNode.js
FN:3,(anonymous_9)
FN:4,CubeGeometryNode
FNF:2
FNH:1
FNDA:1,(anonymous_9)
FNDA:0,CubeGeometryNode
DA:1,1
DA:2,1
DA:4,1
DA:8,0
DA:11,0
LF:5
LH:3
BRF:0
BRH:0
end_of_record
TN:
SF:/home/ubuntu/jThree/lib/Goml/Nodes/Geometries/CircleGeometryNode.js
FN:3,(anonymous_9)
FN:4,CircleGeometryNode
FNF:2
FNH:1
FNDA:1,(anonymous_9)
FNDA:0,CircleGeometryNode
DA:1,1
DA:2,1
[...]
FNDA:1,(anonymous_27)
DA:2,1
DA:3,0
DA:4,0
DA:5,0
DA:6,0
DA:7,0
DA:10,0
DA:11,0
DA:13,0
DA:15,0
DA:17,0
DA:19,0
DA:21,0
DA:25,0
DA:27,0
DA:28,0
DA:30,0
DA:31,0
DA:35,0
DA:38,0
DA:39,0
DA:43,0
DA:46,0
DA:49,0
DA:50,0
DA:51,0
DA:52,0
DA:58,0
DA:61,0
DA:62,0
DA:63,0
DA:64,0
DA:65,0
DA:66,0
DA:72,0
DA:75,0
DA:76,0
DA:77,0
DA:78,0
DA:79,0
DA:80,0
DA:86,0
DA:87,0
DA:88,0
DA:89,0
DA:90,0
DA:91,0
DA:98,0
DA:99,0
DA:100,0
DA:101,0
DA:102,0
DA:103,0
DA:106,0
DA:108,0
DA:109,0
DA:110,0
DA:111,0
DA:112,0
DA:113,0
DA:114,0
DA:115,0
DA:116,0
DA:117,0
DA:118,0
DA:123,0
DA:124,0
LF:67
LH:1
BRDA:49,1,0,0
BRDA:49,1,1,0
BRDA:38,2,0,0
BRDA:38,2,1,0
BRDA:12,3,0,0
BRDA:12,3,1,0
BRDA:12,3,2,0
BRDA:12,3,3,0
BRDA:12,3,4,0
BRDA:26,4,0,0
BRDA:26,4,1,0
BRDA:90,5,0,0
BRDA:90,5,1,0
BRDA:102,6,0,0
BRDA:102,6,1,0
BRDA:110,7,0,0
BRDA:110,7,1,0
BRF:17
BRH:0
end_of_record
TN:
SF:/home/ubuntu/jThree/lib/PMX/Core/Materials/PMXShadowMapMaterial.js
FN:5,(anonymous_9)
FN:6,PMXShadowMapMaterial
FNF:2
FNH:1
FNDA:1,(anonymous_9)
FNDA:0,PMXShadowMapMaterial
DA:1,1
DA:6,1
DA:8,0
DA:9,0
DA:15,0
DA:21,0
DA:23,0
DA:24,0
DA:25,0
DA:37,0
DA:40,0
DA:43,0
LF:12
LH:2
BRDA:24,1,0,0
BRDA:24,1,1,0
BRDA:40,2,0,0
BRDA:40,2,1,0
BRF:4
BRH:0
end_of_record
TN:
SF:/home/ubuntu/jThree/lib/PMX/Core/PMXTextureManager.js
FN:5,(anonymous_6)
FN:6,PMXTextureManager
FN:23,(anonymous_10)
FN:30,(anonymous_11)
FN:31,(anonymous_12)
FN:40,(anonymous_13)
FN:41,(anonymous_14)
FNF:7
FNH:1
FNDA:1,(anonymous_6)
FNDA:0,PMXTextureManager
FNDA:0,(anonymous_10)
FNDA:0,(anonymous_11)
FNDA:0,(anonymous_12)
FNDA:0,(anonymous_13)
FNDA:0,(anonymous_14)
DA:1,1
DA:2,1
DA:3,1
DA:4,1
DA:6,1
DA:7,0
DA:10,0
DA:11,0
DA:14,0
DA:15,0
DA:16,0
DA:17,0
DA:21,0
DA:22,0
DA:23,0
DA:24,0
DA:26,0
DA:28,0
DA:29,0
DA:30,0
DA:31,0
DA:32,0
DA:33,0
DA:34,0
DA:35,0
DA:37,0
DA:39,0
DA:41,0
DA:42,0
DA:43,0
DA:44,0
DA:45,0
DA:47,0
DA:49,0
DA:53,1
DA:54,1
LF:36
LH:7
BRDA:10,1,0,0
BRDA:10,1,1,0
BRDA:22,2,0,0
BRDA:22,2,1,0
BRDA:34,3,0,0
BRDA:34,3,1,0
BRDA:44,4,0,0
BRDA:44,4,1,0
BRF:8
BRH:0
end_of_record
TN:
SF:/home/ubuntu/jThree/lib/Goml/Nodes/Texture/TextureNode.js
FN:7,(anonymous_8)
FN:8,TextureNode
FN:18,(anonymous_10)
FN:25,(anonymous_12)
FN:30,(anonymous_13)
FN:38,(anonymous_15)
FNF:6
FNH:1
FNDA:1,(anonymous_8)
FNDA:0,TextureNode
FNDA:0,(anonymous_10)
FNDA:0,(anonymous_12)
FNDA:0,(anonymous_13)
FNDA:0,(anonymous_15)
DA:1,1
DA:2,1
DA:3,1
DA:8,1
DA:10,0
DA:11,0
DA:18,0
DA:19,0
DA:23,0
DA:24,0
DA:25,0
DA:26,0
DA:30,0
DA:31,0
DA:34,0
DA:37,0
DA:38,0
DA:39,0
DA:41,0
LF:19
LH:4
BRDA:24,1,0,0
BRDA:24,1,1,0
BRDA:37,2,0,0
BRDA:37,2,1,0
BRF:4
BRH:0
end_of_record
TN:
SF:/home/ubuntu/jThree/lib/Goml/Nodes/Texture/TextureNodeBase.js
FN:8,(anonymous_9)
FN:9,TextureNodeBase
FN:20,onchanged
FN:30,onchanged
FN:40,onchanged
FN:50,onchanged
FN:58,(anonymous_15)
FN:69,(anonymous_17)
FNF:8
FNH:1
FNDA:1,(anonymous_9)
FNDA:0,TextureNodeBase
FNDA:0,onchanged
FNDA:0,onchanged
FNDA:0,onchanged
FNDA:0,onchanged
FNDA:0,(anonymous_15)
FNDA:0,(anonymous_17)
DA:1,1
DA:2,1
DA:3,1
DA:4,1
DA:9,1
DA:11,0
DA:21,0
DA:22,0
DA:23,0
DA:31,0
DA:32,0
DA:33,0
DA:41,0
DA:42,0
DA:43,0
DA:51,0
DA:52,0
DA:53,0
DA:58,0
DA:59,0
DA:60,0
DA:61,0
DA:62,0
DA:66,0
DA:67,0
DA:68,0
DA:69,0
DA:70,0
DA:71,0
DA:72,0
DA:76,0
DA:77,0
DA:78,0
DA:82,0
DA:83,0
DA:84,0
DA:88,0
DA:89,0
DA:90,0
DA:94,0
DA:95,0
DA:96,0
LF:42
LH:5
BRDA:21,1,0,0
BRDA:21,1,1,0
BRDA:31,2,0,0
BRDA:31,2,1,0
BRDA:41,3,0,0
BRDA:41,3,1,0
BRDA:51,4,0,0
BRDA:51,4,1,0
BRDA:76,5,0,0
BRDA:76,5,1,0
BRDA:82,6,0,0
BRDA:82,6,1,0
BRDA:88,7,0,0
BRDA:88,7,1,0
BRDA:94,8,0,0
BRDA:94,8,1,0
BRF:16
BRH:0
end_of_record
TN:
SF:/home/ubuntu/jThree/lib/Goml/Nodes/Texture/CubeTextureNode.js
FN:6,(anonymous_8)
FN:7,CubeTextureNode
FN:26,(anonymous_11)
FN:31,(anonymous_12)
FNF:4
FNH:1
FNDA:1,(anonymous_8)
FNDA:0,CubeTextureNode
FNDA:0,(anonymous_11)
FNDA:0,(anonymous_12)
DA:1,1
DA:2,1
DA:7,1
DA:9,0
DA:10,0
DA:22,0
DA:23,0
DA:24,0
DA:25,0
DA:26,0
DA:27,0
DA:31,0
DA:32,0
DA:35,0
LF:14
LH:3
BRDA:24,1,0,0
BRDA:24,1,1,0
BRF:2
BRH:0
end_of_record
TN:
SF:/home/ubuntu/jThree/lib/Goml/Nodes/Behaviors/BehaviorsNode.js
FN:2,(anonymous_9)
FN:3,BehaviorsNode
FNF:2
FNH:1
FNDA:1,(anonymous_9)
FNDA:0,BehaviorsNode
DA:1,1
DA:3,1
DA:7,0
DA:8,0
DA:11,0
LF:5
LH:2
BRF:0
BRH:0
end_of_record
TN:
SF:/home/ubuntu/jThree/lib/Goml/Nodes/Behaviors/BehaviorNode.js
FN:2,(anonymous_8)
FN:3,BehaviorNode
FN:9,(anonymous_10)
FN:10,(anonymous_11)
FN:11,(anonymous_12)
FN:12,(anonymous_13)
FN:13,(anonymous_14)
FN:154,get
FN:157,set
FNF:9
FNH:1
FNDA:1,(anonymous_8)
FNDA:0,BehaviorNode
FNDA:0,(anonymous_10)
FNDA:0,(anonymous_11)
FNDA:0,(anonymous_12)
FNDA:0,(anonymous_13)
FNDA:0,(anonymous_14)
FNDA:0,get
FNDA:0,set
DA:1,1
DA:3,1
DA:5,0
DA:6,0
DA:7,0
DA:8,0
DA:9,0
DA:10,0
DA:11,0
DA:12,0
DA:13,0
DA:14,0
DA:28,0
DA:31,0
DA:34,0
DA:37,0
DA:40,0
DA:43,0
DA:44,0
DA:46,0
DA:49,0
DA:50,0
DA:53,0
DA:54,0
DA:57,0
DA:60,0
DA:63,0
DA:64,0
DA:67,0
DA:68,0
DA:71,0
DA:72,0
DA:73,0
DA:75,0
DA:76,0
DA:78,0
DA:79,0
DA:82,0
DA:84,0
DA:87,0
DA:88,0
DA:89,0
DA:91,0
DA:92,0
DA:95,0
DA:96,0
DA:97,0
DA:100,0
DA:102,0
DA:103,0
DA:104,0
DA:106,0
DA:107,0
DA:109,0
DA:110,0
DA:112,0
DA:113,0
DA:115,0
DA:116,0
DA:119,0
DA:120,0
DA:121,0
DA:122,0
DA:123,0
DA:127,0
DA:128,0
DA:129,0
DA:131,0
DA:134,0
DA:138,0
DA:153,0
DA:155,0
DA:158,0
DA:163,1
LF:74
LH:3
BRDA:43,1,0,0
BRDA:43,1,1,0
BRDA:71,2,0,0
BRDA:71,2,1,0
BRDA:71,3,0,0
BRDA:71,3,1,0
BRDA:75,4,0,0
BRDA:75,4,1,0
BRDA:78,5,0,0
BRDA:78,5,1,0
BRDA:87,6,0,0
BRDA:87,6,1,0
BRDA:87,7,0,0
BRDA:87,7,1,0
BRDA:89,8,0,0
BRDA:89,8,1,0
BRDA:91,9,0,0
BRDA:91,9,1,0
BRDA:96,10,0,0
BRDA:96,10,1,0
BRDA:103,11,0,0
BRDA:103,11,1,0
BRDA:106,12,0,0
BRDA:106,12,1,0
BRDA:109,13,0,0
BRDA:109,13,1,0
BRDA:112,14,0,0
BRDA:112,14,1,0
BRDA:115,15,0,0
BRDA:115,15,1,0
BRDA:121,16,0,0
BRDA:121,16,1,0
BRDA:121,17,0,0
BRDA:121,17,1,0
BRF:34
BRH:0
end_of_record
TN:
SF:/home/ubuntu/jThree/lib/Goml/Nodes/Templates/TemplateNode.js
FN:2,(anonymous_8)
FN:3,TemplateNode
FNF:2
FNH:1
FNDA:1,(anonymous_8)
FNDA:0,TemplateNode
DA:1,1
DA:3,1
DA:7,0
DA:18,0
DA:45,0
LF:5
LH:2
BRF:0
BRH:0
end_of_record
TN:
SF:/home/ubuntu/jThree/lib/Goml/Nodes/Loaders/LoaderNode.js
FN:2,(anonymous_8)
FN:3,LoaderNode
FNF:2
FNH:1
FNDA:1,(anonymous_8)
FNDA:0,LoaderNode
DA:1,1
DA:3,1
DA:6,0
DA:16,0
DA:17,0
LF:5
LH:2
BRF:0
BRH:0
end_of_record
TN:
SF:/home/ubuntu/jThree/lib/VMD/Goml/VMDNode.js
FN:7,(anonymous_9)
FN:8,VMDNode
FN:27,onchanged
FN:35,onchanged
FN:45,(anonymous_14)
FN:71,(anonymous_17)
FNF:6
FNH:1
FNDA:1,(anonymous_9)
FNDA:0,VMDNode
FNDA:0,onchanged
FNDA:0,onchanged
FNDA:0,(anonymous_14)
FNDA:0,(anonymous_17)
DA:1,1
DA:2,1
DA:3,1
DA:4,1
DA:5,1
DA:6,1
DA:8,1
DA:10,0
DA:11,0
DA:12,0
DA:13,0
DA:28,0
DA:29,0
DA:36,0
DA:37,0
DA:43,0
DA:44,0
DA:45,0
DA:48,0
DA:49,0
DA:50,0
DA:51,0
DA:52,0
DA:55,0
DA:56,0
DA:57,0
DA:62,0
DA:63,0
DA:64,0
DA:66,0
DA:67,0
DA:68,0
DA:70,0
DA:71,0
DA:72,0
DA:73,0
DA:74,0
DA:75,0
DA:79,0
DA:80,0
DA:81,0
DA:82,0
DA:84,0
DA:85,0
DA:86,0
DA:87,0
DA:88,0
DA:89,0
DA:90,0
DA:93,0
DA:94,0
DA:95,0
DA:96,0
DA:97,0
DA:98,0
DA:102,0
DA:105,0
LF:57
LH:7
BRDA:48,1,0,0
BRDA:48,1,1,0
BRDA:48,2,0,0
BRDA:48,2,1,0
BRDA:50,3,0,0
BRDA:50,3,1,0
BRDA:62,4,0,0
BRDA:62,4,1,0
BRDA:62,5,0,0
BRDA:62,5,1,0
BRDA:66,6,0,0
BRDA:66,6,1,0
BRDA:80,7,0,0
BRDA:80,7,1,0
BRDA:84,8,0,0
BRDA:84,8,1,0
BRDA:84,9,0,0
BRDA:84,9,1,0
BRDA:87,10,0,0
BRDA:87,10,1,0
BRDA:95,11,0,0
BRDA:95,11,1,0
BRDA:97,12,0,0
BRDA:97,12,1,0
BRF:24
BRH:0
end_of_record
TN:
SF:/home/ubuntu/jThree/lib/VMD/Parser/VMDData.js
FN:5,(anonymous_6)
FN:6,VMDData
FN:111,(anonymous_12)
FN:129,(anonymous_14)
FN:14,(anonymous_26)
FN:20,(anonymous_27)
FN:24,(anonymous_28)
FNF:7
FNH:1
FNDA:1,(anonymous_6)
FNDA:0,VMDData
FNDA:0,(anonymous_12)
FNDA:0,(anonymous_14)
FNDA:0,(anonymous_26)
FNDA:0,(anonymous_27)
FNDA:0,(anonymous_28)
DA:1,1
DA:2,1
DA:3,1
DA:4,1
DA:6,1
DA:7,0
DA:8,0
DA:9,0
DA:10,0
DA:11,0
DA:14,0
DA:15,0
DA:16,0
DA:17,0
DA:18,0
DA:19,0
DA:20,0
DA:21,0
DA:22,0
DA:24,0
DA:25,0
DA:27,0
DA:28,0
DA:32,0
DA:35,0
DA:38,0
DA:39,0
DA:40,0
DA:43,0
DA:44,0
DA:45,0
DA:46,0
DA:47,0
DA:48,0
DA:55,0
DA:64,0
DA:65,0
DA:66,0
DA:69,0
DA:70,0
DA:71,0
DA:72,0
DA:73,0
DA:74,0
DA:80,0
DA:88,0
DA:95,0
DA:96,0
DA:97,0
DA:98,0
DA:99,0
DA:105,0
DA:106,0
DA:108,0
DA:110,0
DA:111,0
DA:115,0
DA:116,0
DA:117,0
DA:118,0
DA:119,0
DA:123,0
DA:124,0
DA:126,0
DA:128,0
DA:129,0
DA:133,0
DA:134,0
DA:135,0
DA:136,0
DA:137,0
DA:138,0
DA:140,0
DA:141,0
DA:144,0
DA:147,0
DA:148,0
DA:151,0
DA:152,0
DA:153,0
DA:154,0
DA:155,0
DA:158,0
DA:159,0
DA:160,0
DA:161,0
DA:165,0
DA:166,0
DA:167,0
DA:169,0
DA:172,0
DA:173,0
DA:174,0
DA:175,0
DA:176,0
DA:177,0
DA:179,0
DA:180,0
DA:181,0
DA:182,0
DA:183,0
DA:184,0
DA:186,0
DA:188,0
DA:189,0
DA:190,0
DA:191,0
DA:195,0
DA:198,0
DA:200,0
DA:201,0
DA:203,0
DA:205,0
DA:208,0
DA:209,0
DA:210,0
DA:213,0
DA:214,0
DA:215,0
DA:218,0
DA:219,0
DA:220,0
DA:223,1
LF:123
LH:6
BRDA:39,1,0,0
BRDA:39,1,1,0
BRDA:44,2,0,0
BRDA:44,2,1,0
BRDA:65,3,0,0
BRDA:65,3,1,0
BRDA:70,4,0,0
BRDA:70,4,1,0
BRDA:105,5,0,0
BRDA:105,5,1,0
BRDA:123,6,0,0
BRDA:123,6,1,0
BRDA:137,7,0,0
BRDA:137,7,1,0
BRDA:140,8,0,0
BRDA:140,8,1,0
BRDA:176,9,0,0
BRDA:176,9,1,0
BRDA:182,10,0,0
BRDA:182,10,1,0
BRDA:183,11,0,0
BRDA:183,11,1,0
BRDA:183,12,0,0
BRDA:183,12,1,0
BRDA:188,13,0,0
BRDA:188,13,1,0
BRDA:190,14,0,0
BRDA:190,14,1,0
BRDA:190,15,0,0
BRDA:190,15,1,0
BRF:30
BRH:0
end_of_record
TN:
SF:/home/ubuntu/jThree/lib/VMD/Parser/BezierCurve.js
FN:1,(anonymous_5)
FN:2,BezierCurve
FNF:2
FNH:1
FNDA:1,(anonymous_5)
FNDA:0,BezierCurve
DA:2,1
DA:3,0
DA:4,0
DA:5,0
DA:6,0
DA:10,0
DA:11,0
DA:12,0
DA:13,0
DA:14,0
DA:15,0
DA:17,0
DA:19,0
DA:23,0
DA:27,0
DA:31,0
DA:34,0
DA:37,1
LF:18
LH:2
BRDA:14,1,0,0
BRDA:14,1,1,0
BRF:2
BRH:0
end_of_record
TN:
SF:/home/ubuntu/jThree/lib/X/Goml/XNode.js
FN:3,(anonymous_9)
FN:4,XNode
FN:17,(anonymous_12)
FNF:3
FNH:1
FNDA:1,(anonymous_9)
FNDA:0,XNode
FNDA:0,(anonymous_12)
DA:1,1
DA:2,1
DA:4,1
DA:6,0
DA:15,0
DA:16,0
DA:18,0
LF:7
LH:3
BRF:0
BRH:0
end_of_record
TN:
SF:/home/ubuntu/jThree/lib/X/Core/XModel.js
FN:7,(anonymous_8)
FN:8,XModel
FN:12,(anonymous_10)
FN:19,(anonymous_12)
FNF:4
FNH:1
FNDA:1,(anonymous_8)
FNDA:0,XModel
FNDA:0,(anonymous_10)
FNDA:0,(anonymous_12)
DA:1,1
DA:2,1
DA:3,1
DA:4,1
DA:5,1
DA:6,1
DA:8,1
DA:10,0
DA:11,0
DA:12,0
DA:13,0
DA:14,0
DA:15,0
DA:19,0
DA:20,0
LF:15
LH:7
BRF:0
BRH:0
end_of_record
TN:
SF:/home/ubuntu/jThree/lib/X/Core/XPrimaryBufferMaterial.js
FN:2,(anonymous_8)
FN:3,XPrimaryMaterial
FNF:2
FNH:1
FNDA:1,(anonymous_8)
FNDA:0,XPrimaryMaterial
DA:1,1
DA:3,1
DA:5,0
DA:6,0
DA:11,0
DA:14,0
LF:6
LH:2
BRDA:11,1,0,0
BRDA:11,1,1,0
BRF:2
BRH:0
end_of_record
TN:
SF:/home/ubuntu/jThree/lib/X/Core/XMaterial.js
FN:4,(anonymous_8)
FN:5,XMaterial
FN:16,(anonymous_10)
FNF:3
FNH:1
FNDA:1,(anonymous_8)
FNDA:0,XMaterial
FNDA:0,(anonymous_10)
DA:1,1
DA:2,1
DA:3,1
DA:5,1
DA:7,0
DA:8,0
DA:14,0
DA:15,0
DA:16,0
DA:17,0
DA:18,0
DA:23,0
DA:26,0
LF:13
LH:4
BRDA:15,1,0,0
BRDA:15,1,1,0
BRDA:23,2,0,0
BRDA:23,2,1,0
BRF:4
BRH:0
end_of_record
TN:
SF:/home/ubuntu/jThree/lib/X/Core/XGeometry.js
FN:4,(anonymous_8)
FN:5,XGeometry
FNF:2
FNH:1
FNDA:1,(anonymous_8)
FNDA:0,XGeometry
DA:1,1
DA:2,1
DA:3,1
DA:5,1
DA:7,0
DA:8,0
DA:9,0
DA:10,0
DA:11,0
DA:12,0
DA:18,0
DA:19,0
DA:20,0
DA:21,0
LF:14
LH:4
BRF:0
BRH:0
end_of_record
TN:
SF:/home/ubuntu/jThree/lib/X/XFileData.js
FN:6,(anonymous_6)
FN:7,XFileData
FN:22,(anonymous_17)
FN:27,(anonymous_18)
FN:30,(anonymous_19)
FNF:5
FNH:1
FNDA:1,(anonymous_6)
FNDA:0,XFileData
FNDA:0,(anonymous_17)
FNDA:0,(anonymous_18)
FNDA:0,(anonymous_19)
DA:1,1
DA:2,1
DA:3,1
DA:4,1
DA:5,1
DA:7,1
DA:8,0
DA:9,0
DA:10,0
DA:11,0
DA:12,0
DA:13,0
DA:14,0
DA:15,0
DA:16,0
DA:17,0
DA:18,0
DA:21,0
DA:22,0
DA:23,0
DA:24,0
DA:25,0
DA:26,0
DA:27,0
DA:28,0
DA:30,0
DA:31,0
DA:33,0
DA:34,0
DA:38,0
DA:39,0
DA:40,0
DA:41,0
DA:43,0
DA:44,0
DA:46,0
DA:47,0
DA:48,0
DA:49,0
DA:50,0
DA:51,0
DA:52,0
DA:54,0
DA:56,0
DA:57,0
DA:59,0
DA:60,0
DA:61,0
DA:64,0
DA:65,0
DA:67,0
DA:68,0
DA:71,0
DA:74,0
DA:75,0
DA:76,0
DA:77,0
DA:78,0
DA:80,0
DA:82,0
DA:83,0
DA:84,0
DA:85,0
DA:86,0
DA:87,0
DA:88,0
DA:89,0
DA:90,0
DA:92,0
DA:93,0
DA:94,0
DA:95,0
DA:96,0
DA:97,0
DA:100,0
DA:105,0
DA:106,0
DA:107,0
DA:108,0
DA:113,0
DA:114,0
DA:115,0
DA:119,0
DA:120,0
DA:122,0
DA:125,0
DA:126,0
DA:127,0
DA:128,0
DA:129,0
DA:130,0
DA:131,0
DA:132,0
DA:134,0
DA:135,0
DA:136,0
DA:137,0
DA:138,0
DA:140,0
DA:149,0
DA:153,0
DA:154,0
DA:155,0
DA:156,0
DA:157,0
DA:159,0
DA:163,0
DA:164,0
DA:165,0
DA:170,0
DA:171,0
DA:172,0
DA:173,0
DA:174,0
DA:175,0
DA:176,0
DA:177,0
DA:178,0
DA:180,0
DA:183,0
DA:184,0
DA:185,0
DA:186,0
DA:187,0
DA:188,0
DA:189,0
DA:190,0
DA:191,0
DA:192,0
DA:195,0
DA:196,0
DA:197,0
DA:198,0
DA:199,0
DA:202,1
LF:135
LH:7
BRDA:43,1,0,0
BRDA:43,1,1,0
BRDA:51,2,0,0
BRDA:51,2,1,0
BRDA:51,3,0,0
BRDA:51,3,1,0
BRDA:54,4,0,0
BRDA:54,4,1,0
BRDA:59,5,0,0
BRDA:59,5,1,0
BRDA:67,6,0,0
BRDA:67,6,1,0
BRDA:95,7,0,0
BRDA:95,7,1,0
BRDA:105,8,0,0
BRDA:105,8,1,0
BRDA:136,9,0,0
BRDA:136,9,1,0
BRDA:145,10,0,0
BRDA:145,10,1,0
BRDA:164,11,0,0
BRDA:164,11,1,0
BRF:22
BRH:0
end_of_record
TN:
SF:/home/ubuntu/jThree/lib/Goml/Nodes/Imports/ImportNode.js
FN:4,(anonymous_9)
FN:5,ImportNode
FN:51,(anonymous_15)
FN:64,(anonymous_16)
FNF:4
FNH:1
FNDA:1,(anonymous_9)
FNDA:0,ImportNode
FNDA:0,(anonymous_15)
FNDA:0,(anonymous_16)
DA:1,1
DA:2,1
DA:3,1
DA:5,1
DA:7,0
DA:8,0
DA:20,0
DA:23,0
DA:26,0
DA:27,0
DA:28,0
DA:31,0
DA:35,0
DA:36,0
DA:37,0
DA:39,0
DA:40,0
DA:43,0
DA:44,0
DA:48,0
DA:49,0
DA:50,0
DA:51,0
DA:52,0
DA:53,0
DA:54,0
DA:56,0
DA:57,0
DA:58,0
DA:60,0
DA:62,0
DA:64,0
DA:65,0
DA:66,0
DA:68,0
LF:35
LH:4
BRDA:26,1,0,0
BRDA:26,1,1,0
BRDA:36,2,0,0
BRDA:36,2,1,0
BRDA:38,3,0,0
BRDA:43,4,0,0
BRDA:43,4,1,0
BRDA:52,5,0,0
BRDA:52,5,1,0
BRDA:55,6,0,0
BRF:10
BRH:0
end_of_record
TN:
SF:/home/ubuntu/jThree/lib/Goml/Nodes/TopLevel/ImportsNode.js
FN:2,(anonymous_8)
FN:3,CanvasesNode
FNF:2
FNH:1
FNDA:1,(anonymous_8)
FNDA:0,CanvasesNode
DA:1,1
DA:3,1
DA:5,0
DA:8,0
LF:4
LH:2
BRF:0
BRH:0
end_of_record
TN:
SF:/home/ubuntu/jThree/lib/Goml/Behaviors/BehaviorRunner.js
FN:7,(anonymous_8)
FN:8,BehaviorNodePair
FN:26,(anonymous_12)
FN:27,BehaviorRunner
FN:42,(anonymous_16)
FN:49,(anonymous_18)
FNF:6
FNH:2
FNDA:1,(anonymous_8)
FNDA:0,BehaviorNodePair
FNDA:1,(anonymous_12)
FNDA:0,BehaviorRunner
FNDA:0,(anonymous_16)
FNDA:0,(anonymous_18)
DA:1,1
DA:2,1
DA:3,1
DA:8,1
DA:10,0
DA:11,0
DA:17,0
DA:23,0
DA:27,1
DA:29,0
DA:30,0
DA:33,0
DA:34,0
DA:35,0
DA:36,0
DA:37,0
DA:38,0
DA:42,0
DA:43,0
DA:44,0
DA:49,0
LF:21
LH:5
BRDA:37,1,0,0
BRDA:37,1,1,0
BRDA:43,2,0,0
BRDA:43,2,1,0
BRF:4
BRH:0
end_of_record
TN:
SF:/home/ubuntu/jThree/lib/Goml/AttributePromiseRegistry.js
FN:2,(anonymous_8)
FN:3,AttributePromiseRegistry
FN:34,(anonymous_11)
FN:46,(anonymous_13)
FN:47,(anonymous_14)
FNF:5
FNH:1
FNDA:1,(anonymous_8)
FNDA:0,AttributePromiseRegistry
FNDA:0,(anonymous_11)
FNDA:0,(anonymous_13)
FNDA:0,(anonymous_14)
DA:1,1
DA:3,1
DA:8,0
DA:31,0
DA:32,0
DA:33,0
DA:34,0
DA:35,0
DA:44,0
DA:45,0
DA:46,0
DA:47,0
DA:48,0
DA:56,0
DA:57,0
DA:58,0
DA:59,0
DA:66,0
DA:67,0
DA:68,0
DA:71,0
DA:73,0
DA:74,0
DA:75,0
DA:76,0
LF:25
LH:2
BRDA:33,1,0,0
BRDA:33,1,1,0
BRDA:67,2,0,0
BRDA:67,2,1,0
BRDA:74,3,0,0
BRDA:74,3,1,0
BRF:6
BRH:0
end_of_record
TN:
SF:/home/ubuntu/jThree/lib/Debug/Debugger.js
FN:4,(anonymous_8)
FN:5,Debugger
FN:17,(anonymous_12)
FNF:3
FNH:1
FNDA:1,(anonymous_8)
FNDA:0,Debugger
FNDA:0,(anonymous_12)
DA:1,1
DA:2,1
DA:3,1
DA:5,1
DA:6,0
DA:7,0
DA:8,0
DA:9,0
DA:13,0
DA:16,0
DA:17,0
DA:18,0
DA:23,0
DA:24,0
DA:26,0
DA:27,0
DA:28,0
DA:29,0
DA:30,0
DA:32,0
DA:34,0
LF:21
LH:4
BRDA:8,1,0,0
BRDA:8,1,1,0
BRDA:16,2,0,0
BRDA:16,2,1,0
BRDA:23,3,0,0
BRDA:23,3,1,0
BRDA:26,4,0,0
BRDA:26,4,1,0
BRDA:26,5,0,0
BRDA:26,5,1,0
BRF:10
BRH:0
end_of_record
TN:
SF:/home/ubuntu/jThree/lib/Debug/Modules/SceneStructureDebugger.js
FN:4,(anonymous_8)
FN:6,(anonymous_11)
FN:9,(anonymous_12)
FNF:3
FNH:1
FNDA:1,(anonymous_8)
FNDA:0,(anonymous_11)
FNDA:0,(anonymous_12)
DA:1,1
DA:2,1
DA:3,1
DA:6,0
DA:7,0
DA:9,0
DA:10,0
LF:7
LH:3
BRDA:7,1,0,0
BRDA:7,1,1,0
BRF:2
BRH:0
end_of_record
TN:
SF:/home/ubuntu/jThree/lib/Debug/Modules/DebuggerModuleBase.js
FN:1,(anonymous_5)
FNF:1
FNH:1
FNDA:1,(anonymous_5)
DA:3,0
LF:1
LH:0
BRF:0
BRH:0
end_of_record
TN:
SF:/home/ubuntu/jThree/lib/Debug/Modules/RendererDebugger.js
FN:5,(anonymous_8)
FN:8,(anonymous_11)
FN:11,(anonymous_12)
FN:60,(anonymous_18)
FN:63,(anonymous_19)
FN:79,(anonymous_22)
FN:90,(anonymous_23)
FN:104,(anonymous_24)
FNF:8
FNH:1
FNDA:1,(anonymous_8)
FNDA:0,(anonymous_11)
FNDA:0,(anonymous_12)
FNDA:0,(anonymous_18)
FNDA:0,(anonymous_19)
FNDA:0,(anonymous_22)
FNDA:0,(anonymous_23)
FNDA:0,(anonymous_24)
DA:1,1
DA:2,1
DA:3,1
DA:4,1
DA:7,0
DA:8,0
DA:9,0
DA:11,0
DA:12,0
DA:13,0
DA:20,0
DA:21,0
DA:26,0
DA:29,0
DA:30,0
DA:36,0
DA:39,0
DA:40,0
DA:46,0
DA:49,0
DA:50,0
DA:57,0
DA:60,0
DA:61,0
DA:63,0
DA:64,0
DA:65,0
DA:72,0
DA:73,0
DA:74,0
DA:75,0
DA:78,0
DA:79,0
DA:80,0
DA:81,0
DA:82,0
DA:83,0
DA:84,0
DA:86,0
DA:87,0
DA:90,0
DA:91,0
DA:93,0
DA:95,0
DA:96,0
DA:97,0
DA:99,0
DA:100,0
DA:101,0
DA:104,0
DA:105,0
DA:106,0
DA:107,0
DA:108,0
DA:109,0
DA:111,0
DA:114,0
DA:116,0
DA:117,0
DA:123,0
DA:124,0
DA:125,0
DA:126,0
DA:128,0
LF:64
LH:4
BRDA:12,1,0,0
BRDA:12,1,1,0
BRDA:64,2,0,0
BRDA:64,2,1,0
BRDA:80,3,0,0
BRDA:80,3,1,0
BRDA:80,4,0,0
BRDA:80,4,1,0
BRDA:81,5,0,0
BRDA:81,5,1,0
BRDA:91,6,0,0
BRDA:91,6,1,0
BRDA:91,7,0,0
BRDA:91,7,1,0
BRDA:95,8,0,0
BRDA:95,8,1,0
BRDA:95,9,0,0
BRDA:95,9,1,0
BRDA:99,10,0,0
BRDA:99,10,1,0
BRDA:99,11,0,0
BRDA:99,11,1,0
BRDA:106,12,0,0
BRDA:106,12,1,0
BRDA:106,13,0,0
BRDA:106,13,1,0
BRDA:109,14,0,0
BRDA:109,14,1,0
BRDA:123,15,0,0
BRDA:123,15,1,0
BRDA:123,16,0,0
BRDA:123,16,1,0
BRDA:123,16,2,0
BRF:33
BRH:0
end_of_record
TN:
SF:/home/ubuntu/jThree/lib/Goml/GomlLoader.js
FN:10,(anonymous_8)
FN:19,GomlLoader
FN:26,(anonymous_10)
FN:28,(anonymous_11)
FN:57,(anonymous_14)
FN:78,(anonymous_16)
FN:113,(anonymous_18)
FNF:7
FNH:1
FNDA:1,(anonymous_8)
FNDA:0,GomlLoader
FNDA:0,(anonymous_10)
FNDA:0,(anonymous_11)
FNDA:0,(anonymous_14)
FNDA:0,(anonymous_16)
FNDA:0,(anonymous_18)
DA:1,1
DA:2,1
DA:3,1
DA:4,1
DA:5,1
DA:6,1
DA:19,1
DA:22,0
DA:23,0
DA:24,0
DA:25,0
DA:26,0
DA:27,0
DA:35,0
DA:36,0
DA:41,0
DA:42,0
DA:52,0
DA:53,0
DA:54,0
DA:56,0
DA:57,0
DA:58,0
DA:60,0
DA:61,0
DA:62,0
DA:75,0
DA:76,0
DA:78,0
DA:79,0
DA:81,0
DA:82,0
DA:83,0
DA:86,0
DA:87,0
DA:88,0
DA:89,0
DA:99,0
DA:100,0
DA:106,0
DA:108,0
DA:109,0
DA:110,0
DA:111,0
DA:112,0
DA:113,0
DA:115,0
DA:116,0
LF:48
LH:7
BRDA:53,1,0,0
BRDA:53,1,1,0
BRDA:76,2,0,0
BRDA:76,2,1,0
BRDA:88,3,0,0
BRDA:88,3,1,0
BRDA:99,4,0,0
BRDA:99,4,1,0
BRDA:105,5,0,0
BRDA:105,5,1,0
BRF:10
BRH:0
end_of_record
TN:
SF:/home/ubuntu/jThree/lib/Goml/GomlParser.js
FN:5,(anonymous_5)
FN:71,(anonymous_10)
FN:79,(anonymous_11)
FN:90,(anonymous_12)
FNF:4
FNH:1
FNDA:1,(anonymous_5)
FNDA:0,(anonymous_10)
FNDA:0,(anonymous_11)
FNDA:0,(anonymous_12)
DA:11,0
DA:13,0
DA:15,0
DA:16,0
DA:18,0
DA:20,0
DA:21,0
DA:22,0
DA:23,0
DA:24,0
DA:28,0
DA:29,0
DA:30,0
DA:39,0
DA:40,0
DA:51,0
DA:53,0
DA:61,0
DA:63,0
DA:72,0
DA:74,0
DA:77,0
DA:78,0
DA:79,0
DA:80,0
DA:81,0
DA:82,0
DA:85,0
DA:88,0
DA:90,0
DA:91,0
DA:95,0
DA:96,0
LF:33
LH:0
BRDA:13,1,0,0
BRDA:13,1,1,0
BRDA:21,2,0,0
BRDA:21,2,1,0
BRDA:21,3,0,0
BRDA:21,3,1,0
BRDA:23,4,0,0
BRDA:23,4,1,0
BRDA:29,5,0,0
BRDA:29,5,1,0
BRDA:51,6,0,0
BRDA:51,6,1,0
BRDA:72,7,0,0
BRDA:72,7,1,0
BRDA:79,8,0,0
BRDA:79,8,1,0
BRF:16
BRH:0
end_of_record
TN:
SF:/home/ubuntu/jThree/lib/Core/ResourceLoader.js
FN:3,(anonymous_6)
FN:4,ResourceLoader
FN:33,(anonymous_11)
FN:37,(anonymous_12)
FN:41,(anonymous_13)
FNF:5
FNH:1
FNDA:1,(anonymous_6)
FNDA:0,ResourceLoader
FNDA:0,(anonymous_11)
FNDA:0,(anonymous_12)
FNDA:0,(anonymous_13)
DA:1,1
DA:2,1
DA:4,1
DA:5,0
DA:6,0
DA:7,0
DA:8,0
DA:9,0
DA:10,0
DA:13,0
DA:16,0
DA:19,0
DA:20,0
DA:21,0
DA:22,0
DA:25,0
DA:33,0
DA:34,0
DA:35,0
DA:36,0
DA:38,0
DA:39,0
DA:40,0
DA:42,0
DA:49,0
DA:50,0
DA:58,0
DA:61,0
LF:28
LH:3
BRDA:49,1,0,0
BRDA:49,1,1,0
BRF:2
BRH:0
end_of_record
TN:
SF:/home/ubuntu/jThree/lib/Goml/VectorColorCombinedParser.js
FN:5,(anonymous_6)
FNF:1
FNH:1
FNDA:1,(anonymous_6)
DA:1,1
DA:2,1
DA:3,1
DA:4,1
DA:7,9
DA:8,9
DA:9,3
DA:11,6
DA:14,0
DA:15,0
DA:16,0
DA:18,0
LF:12
LH:8
BRDA:8,1,0,3
BRDA:8,1,1,6
BRDA:15,2,0,0
BRDA:15,2,1,0
BRF:4
BRH:2
end_of_record
