TN:
SF:/home/ubuntu/jThree/lib/Math/Quaternion.js
FN:14,(anonymous_8)
FN:18,Quaternion
FNF:2
FNH:2
FNDA:1,(anonymous_8)
FNDA:40,Quaternion
DA:1,1
DA:2,1
DA:3,1
DA:4,1
DA:18,1
DA:20,40
DA:23,7
DA:24,28
DA:25,0
DA:28,7
DA:34,1
DA:35,1
DA:41,7
DA:42,7
DA:48,9
DA:49,9
DA:50,9
DA:51,9
DA:52,9
DA:53,9
DA:56,3
DA:59,0
DA:62,0
DA:63,0
DA:72,0
DA:73,0
DA:74,0
DA:77,0
DA:78,0
DA:79,0
DA:82,0
DA:83,0
DA:84,0
DA:85,0
DA:86,0
DA:87,0
DA:88,0
DA:89,0
DA:90,0
DA:91,0
DA:92,0
DA:93,0
DA:94,0
DA:95,0
DA:96,0
DA:97,0
DA:98,0
DA:100,0
DA:101,0
DA:102,0
DA:104,0
DA:105,0
DA:106,0
DA:108,0
DA:109,0
DA:112,1
DA:115,0
DA:116,0
DA:119,0
DA:125,2
DA:131,2
DA:137,2
DA:143,1
DA:150,1
DA:156,1
DA:157,1
DA:163,1
DA:166,0
DA:172,1
DA:173,1
DA:176,1
DA:177,1
DA:180,0
DA:181,0
DA:182,0
DA:183,0
DA:185,0
DA:186,0
DA:189,0
DA:193,0
DA:196,0
DA:197,0
DA:198,0
DA:199,0
DA:200,0
DA:201,0
DA:202,0
DA:205,0
DA:206,0
DA:207,0
DA:209,0
DA:212,0
DA:213,0
DA:214,0
DA:215,0
DA:216,0
DA:217,0
DA:218,0
DA:221,0
DA:222,0
DA:223,0
DA:225,0
LF:102
LH:33
BRDA:182,1,0,0
BRDA:182,1,1,0
BRDA:182,2,0,0
BRDA:182,2,1,0
BRDA:185,3,0,0
BRDA:185,3,1,0
BRDA:199,4,0,0
BRDA:199,4,1,0
BRDA:215,5,0,0
BRDA:215,5,1,0
BRDA:24,6,0,0
BRDA:24,6,1,28
BRDA:82,7,0,0
BRDA:82,7,1,0
BRDA:96,8,0,0
BRDA:96,8,1,0
BRDA:100,9,0,0
BRDA:100,9,1,0
BRDA:100,10,0,0
BRDA:100,10,1,0
BRDA:104,11,0,0
BRDA:104,11,1,0
BRF:22
BRH:1
end_of_record
TN:
SF:/home/ubuntu/jThree/lib/Base/JThreeObject.js
FN:6,(anonymous_6)
FNF:1
FNH:1
FNDA:5,(anonymous_6)
DA:1,5
DA:13,0
DA:20,0
LF:3
LH:1
BRF:0
BRH:0
end_of_record
TN:
SF:/home/ubuntu/jThree/lib/Base/JsHack.js
FN:4,(anonymous_5)
FNF:1
FNH:1
FNDA:5,(anonymous_5)
DA:11,0
DA:12,0
DA:13,0
LF:3
LH:0
BRDA:13,1,0,0
BRDA:13,1,1,0
BRDA:13,2,0,0
BRDA:13,2,1,0
BRF:4
BRH:0
end_of_record
TN:
SF:/home/ubuntu/jThree/lib/Math/Vector3.js
FN:3,(anonymous_8)
FN:4,Vector3
FN:63,(anonymous_41)
FN:66,(anonymous_43)
FNF:4
FNH:4
FNDA:3,(anonymous_8)
FNDA:110,Vector3
FNDA:3,(anonymous_41)
FNDA:3,(anonymous_43)
DA:1,3
DA:2,3
DA:4,3
DA:6,110
DA:7,18
DA:8,18
DA:10,92
DA:13,4
DA:16,4
DA:19,4
DA:22,1
DA:25,1
DA:28,1
DA:31,3
DA:34,2
DA:35,2
DA:38,2
DA:39,2
DA:42,6
DA:43,6
DA:46,2
DA:49,26
DA:52,4
DA:55,3
DA:56,3
DA:59,2
DA:60,2
DA:63,1
DA:66,1
DA:69,1
DA:72,0
DA:73,0
DA:74,0
DA:75,0
DA:77,0
DA:78,0
DA:79,0
DA:82,0
DA:84,0
DA:85,0
DA:87,0
DA:88,0
DA:90,0
DA:91,0
DA:93,0
DA:96,1
DA:99,2
DA:102,14
DA:105,14
DA:108,14
DA:111,1
DA:114,1
DA:117,1
DA:120,1
DA:123,1
DA:126,1
DA:129,1
DA:132,3
DA:135,1
DA:138,24
DA:141,3
DA:144,1
DA:147,2
DA:150,1
DA:152,197
LF:65
LH:50
BRDA:6,1,0,18
BRDA:6,1,1,92
BRDA:74,2,0,0
BRDA:74,2,1,0
BRDA:74,3,0,0
BRDA:74,3,1,0
BRDA:74,3,2,0
BRDA:78,4,0,0
BRDA:78,4,1,0
BRDA:84,5,0,0
BRDA:84,5,1,0
BRDA:87,6,0,0
BRDA:87,6,1,0
BRDA:90,7,0,0
BRDA:90,7,1,0
BRF:15
BRH:2
end_of_record
TN:
SF:/home/ubuntu/jThree/lib/Math/VectorBase.js
FN:2,(anonymous_5)
FN:3,VectorBase
FNF:2
FNH:2
FNDA:5,(anonymous_5)
FNDA:292,VectorBase
DA:1,5
DA:3,5
DA:4,292
DA:5,292
DA:8,9
DA:9,9
DA:11,9
DA:14,0
DA:17,12
DA:18,12
DA:19,12
DA:20,12
DA:21,36
DA:23,12
DA:25,12
DA:28,72
DA:29,0
DA:31,72
DA:32,217
DA:33,3
DA:36,69
DA:39,12
DA:40,0
DA:42,12
DA:43,12
DA:44,36
DA:45,0
DA:48,12
DA:51,6
DA:52,6
DA:53,18
DA:55,6
DA:58,0
DA:59,0
DA:60,0
DA:61,0
DA:62,0
DA:64,0
DA:73,0
DA:82,0
DA:83,0
DA:84,0
DA:85,0
DA:86,0
DA:87,0
DA:90,0
LF:46
LH:28
BRDA:8,1,0,9
BRDA:8,1,1,0
BRDA:17,2,0,12
BRDA:17,2,1,0
BRDA:28,3,0,0
BRDA:28,3,1,72
BRDA:32,4,0,3
BRDA:32,4,1,214
BRDA:39,5,0,0
BRDA:39,5,1,12
BRDA:44,6,0,0
BRDA:44,6,1,36
BRDA:60,7,0,0
BRDA:60,7,1,0
BRDA:61,8,0,0
BRDA:61,8,1,0
BRDA:86,9,0,0
BRDA:86,9,1,0
BRF:18
BRH:7
end_of_record
TN:
SF:/home/ubuntu/jThree/lib/Exceptions.js
FN:5,(anonymous_9)
FN:6,JThreeException
FN:15,(anonymous_12)
FN:16,InvalidArgumentException
FN:20,(anonymous_14)
FN:21,InvalidStringException
FN:25,(anonymous_16)
FN:26,SingularMatrixException
FN:30,(anonymous_18)
FN:31,AbstractClassMethodCalledException
FN:35,(anonymous_20)
FN:36,WebGLNotSupportedException
FNF:12
FNH:6
FNDA:5,(anonymous_9)
FNDA:0,JThreeException
FNDA:5,(anonymous_12)
FNDA:0,InvalidArgumentException
FNDA:5,(anonymous_14)
FNDA:0,InvalidStringException
FNDA:5,(anonymous_16)
FNDA:0,SingularMatrixException
FNDA:5,(anonymous_18)
FNDA:0,AbstractClassMethodCalledException
FNDA:5,(anonymous_20)
FNDA:0,WebGLNotSupportedException
DA:1,5
DA:6,5
DA:8,0
DA:9,0
DA:12,0
DA:16,5
DA:21,5
DA:26,5
DA:31,5
DA:36,5
LF:10
LH:7
BRF:0
BRH:0
end_of_record
TN:
SF:/home/ubuntu/jThree/lib/Math/Matrix.js
FN:5,(anonymous_8)
FN:6,Matrix
FNF:2
FNH:2
FNDA:1,(anonymous_8)
FNDA:2,Matrix
DA:1,1
DA:2,1
DA:3,1
DA:4,1
DA:6,1
DA:8,2
DA:9,2
DA:12,0
DA:16,0
DA:19,1
DA:22,0
DA:25,0
DA:28,1
DA:31,0
DA:32,0
DA:33,0
DA:35,0
DA:38,0
DA:41,0
DA:42,0
DA:43,0
DA:46,0
DA:47,0
DA:50,0
DA:51,0
DA:52,0
DA:53,0
DA:54,0
DA:57,0
DA:60,0
DA:61,0
DA:64,0
DA:65,0
DA:66,0
DA:69,0
DA:70,0
DA:71,0
DA:72,0
DA:73,0
DA:74,0
DA:75,0
DA:76,0
DA:79,0
DA:80,0
DA:81,0
DA:82,0
DA:83,0
DA:84,0
DA:85,0
DA:86,0
DA:92,0
DA:98,0
DA:99,0
DA:105,0
DA:106,0
DA:107,0
DA:113,0
DA:114,0
DA:115,0
DA:118,0
DA:119,0
DA:120,0
DA:123,0
DA:124,0
DA:125,0
DA:128,0
DA:129,0
DA:130,0
DA:133,1
DA:134,1
DA:135,1
DA:136,1
DA:137,1
DA:140,0
DA:141,0
DA:142,0
DA:145,0
DA:146,0
DA:147,0
DA:150,0
DA:151,0
DA:152,0
DA:155,0
DA:156,0
DA:157,0
DA:160,0
DA:163,0
DA:166,32
DA:169,0
DA:176,0
DA:179,0
DA:182,0
DA:188,0
DA:193,0
DA:194,3
DA:195,3
LF:96
LH:17
BRDA:8,1,0,2
BRDA:8,1,1,0
BRF:2
BRH:1
end_of_record
TN:
SF:/home/ubuntu/jThree/lib/Math/MatrixBase.js
FN:1,(anonymous_5)
FNF:1
FNH:1
FNDA:1,(anonymous_5)
DA:3,1
DA:4,0
DA:6,1
DA:7,1
DA:8,16
DA:9,0
DA:12,1
DA:15,0
DA:18,0
DA:21,0
DA:24,0
LF:11
LH:5
BRDA:3,1,0,0
BRDA:3,1,1,1
BRDA:3,2,0,1
BRDA:3,2,1,1
BRDA:8,3,0,0
BRDA:8,3,1,16
BRF:6
BRH:4
end_of_record
TN:
SF:/home/ubuntu/jThree/lib/Math/Vector4.js
FN:3,(anonymous_8)
FN:4,Vector4
FN:89,(anonymous_41)
FN:92,(anonymous_43)
FNF:4
FNH:4
FNDA:3,(anonymous_8)
FNDA:96,Vector4
FNDA:4,(anonymous_41)
FNDA:4,(anonymous_43)
DA:1,3
DA:2,3
DA:4,3
DA:6,96
DA:7,15
DA:8,15
DA:10,81
DA:13,2
DA:16,5
DA:19,5
DA:22,5
DA:25,5
DA:28,1
DA:31,1
DA:34,1
DA:37,1
DA:40,1
DA:43,1
DA:46,1
DA:49,1
DA:52,1
DA:55,1
DA:58,1
DA:61,3
DA:64,2
DA:65,2
DA:68,2
DA:69,2
DA:72,6
DA:73,6
DA:76,2
DA:79,25
DA:82,4
DA:85,3
DA:86,3
DA:89,1
DA:92,1
DA:95,1
DA:98,0
DA:99,0
DA:100,0
DA:101,0
DA:103,0
DA:104,0
DA:105,0
DA:108,0
DA:110,0
DA:111,0
DA:113,0
DA:114,0
DA:116,0
DA:117,0
DA:119,0
DA:122,1
DA:125,1
DA:128,1
DA:131,1
DA:134,3
DA:137,1
DA:140,24
DA:143,3
DA:145,224
DA:147,2
DA:150,1
DA:153,1
LF:65
LH:50
BRDA:6,1,0,15
BRDA:6,1,1,81
BRDA:100,2,0,0
BRDA:100,2,1,0
BRDA:100,3,0,0
BRDA:100,3,1,0
BRDA:100,3,2,0
BRDA:104,4,0,0
BRDA:104,4,1,0
BRDA:110,5,0,0
BRDA:110,5,1,0
BRDA:113,6,0,0
BRDA:113,6,1,0
BRDA:116,7,0,0
BRDA:116,7,1,0
BRF:15
BRH:2
end_of_record
TN:
SF:/home/ubuntu/jThree/lib/Math/Vector2.js
FN:3,(anonymous_8)
FN:4,Vector2
FN:95,(anonymous_38)
FN:98,(anonymous_40)
FNF:4
FNH:4
FNDA:2,(anonymous_8)
FNDA:86,Vector2
FNDA:2,(anonymous_38)
FNDA:2,(anonymous_40)
DA:1,2
DA:2,2
DA:4,2
DA:6,86
DA:7,15
DA:8,15
DA:10,71
DA:13,1
DA:16,1
DA:19,1
DA:22,1
DA:25,1
DA:28,0
DA:29,0
DA:30,0
DA:31,0
DA:33,0
DA:34,0
DA:35,0
DA:38,0
DA:40,0
DA:41,0
DA:43,0
DA:44,0
DA:46,0
DA:47,0
DA:49,0
DA:52,2
DA:55,5
DA:58,5
DA:61,1
DA:64,1
DA:67,3
DA:70,2
DA:71,2
DA:74,2
DA:75,2
DA:78,6
DA:79,6
DA:82,2
DA:85,21
DA:88,4
DA:91,3
DA:92,3
DA:95,1
DA:98,1
DA:101,1
DA:104,1
DA:107,1
DA:110,1
DA:113,3
DA:116,1
DA:119,20
DA:122,3
DA:125,1
DA:128,2
DA:131,1
DA:133,138
DA:135,1
LF:59
LH:44
BRDA:6,1,0,15
BRDA:6,1,1,71
BRDA:30,2,0,0
BRDA:30,2,1,0
BRDA:30,3,0,0
BRDA:30,3,1,0
BRDA:34,4,0,0
BRDA:34,4,1,0
BRDA:40,5,0,0
BRDA:40,5,1,0
BRDA:43,6,0,0
BRDA:43,6,1,0
BRDA:46,7,0,0
BRDA:46,7,1,0
BRF:14
BRH:2
end_of_record
